ERROR - 2023-02-21 14:23:39 --> Table 'db_ppdb.pendaftar' doesn't exist
CRITICAL - 2023-02-21 14:23:39 --> Table 'db_ppdb.pendaftar' doesn't exist
in SYSTEMPATH\Database\MySQLi\Connection.php on line 292.
 1 SYSTEMPATH\Database\MySQLi\Connection.php(292): mysqli->query('SELECT 1
FROM `pendaftar`
WHERE `nisn` = \'1234567890\'
 LIMIT 1', 0)
 2 SYSTEMPATH\Database\BaseConnection.php(695): CodeIgniter\Database\MySQLi\Connection->execute('SELECT 1
FROM `pendaftar`
WHERE `nisn` = \'1234567890\'
 LIMIT 1')
 3 SYSTEMPATH\Database\BaseConnection.php(609): CodeIgniter\Database\BaseConnection->simpleQuery('SELECT 1
FROM `pendaftar`
WHERE `nisn` = \'1234567890\'
 LIMIT 1')
 4 SYSTEMPATH\Database\BaseBuilder.php(1585): CodeIgniter\Database\BaseConnection->query('SELECT 1
FROM `pendaftar`
WHERE `nisn` = :nisn:
 LIMIT 1', [...], false)
 5 SYSTEMPATH\Validation\Rules.php(142): CodeIgniter\Database\BaseBuilder->get()
 6 SYSTEMPATH\Validation\Validation.php(306): CodeIgniter\Validation\Rules->is_unique('1234567890', 'nisn', [...], null)
 7 SYSTEMPATH\Validation\Validation.php(173): CodeIgniter\Validation\Validation->processRules('nisn', 'nisn', '1234567890', [...], [...])
 8 APPPATH\Controllers\Formulir.php(96): CodeIgniter\Validation\Validation->run()
 9 SYSTEMPATH\CodeIgniter.php(896): App\Controllers\Formulir->add_zonasi('4')
10 SYSTEMPATH\CodeIgniter.php(466): CodeIgniter\CodeIgniter->runController(Object(App\Controllers\Formulir))
11 SYSTEMPATH\CodeIgniter.php(349): CodeIgniter\CodeIgniter->handleRequest(null, Object(Config\Cache), false)
12 FCPATH\index.php(55): CodeIgniter\CodeIgniter->run()
13 SYSTEMPATH\Commands\Server\rewrite.php(43): require_once('FCPATH\\index.php')
ERROR - 2023-02-21 14:25:30 --> Unknown column 'nik_ayah' in 'where clause'
CRITICAL - 2023-02-21 14:25:30 --> Unknown column 'nik_ayah' in 'where clause'
in SYSTEMPATH\Database\MySQLi\Connection.php on line 292.
 1 SYSTEMPATH\Database\MySQLi\Connection.php(292): mysqli->query('SELECT 1
FROM `data_orang_tua`
WHERE `nik_ayah` = \'1231231231231232\'
 LIMIT 1', 0)
 2 SYSTEMPATH\Database\BaseConnection.php(695): CodeIgniter\Database\MySQLi\Connection->execute('SELECT 1
FROM `data_orang_tua`
WHERE `nik_ayah` = \'1231231231231232\'
 LIMIT 1')
 3 SYSTEMPATH\Database\BaseConnection.php(609): CodeIgniter\Database\BaseConnection->simpleQuery('SELECT 1
FROM `data_orang_tua`
WHERE `nik_ayah` = \'1231231231231232\'
 LIMIT 1')
 4 SYSTEMPATH\Database\BaseBuilder.php(1585): CodeIgniter\Database\BaseConnection->query('SELECT 1
FROM `data_orang_tua`
WHERE `nik_ayah` = :nik_ayah:
 LIMIT 1', [...], false)
 5 SYSTEMPATH\Validation\Rules.php(142): CodeIgniter\Database\BaseBuilder->get()
 6 SYSTEMPATH\Validation\Validation.php(306): CodeIgniter\Validation\Rules->is_unique('1231231231231232', 'nik_ayah', [...], null)
 7 SYSTEMPATH\Validation\Validation.php(173): CodeIgniter\Validation\Validation->processRules('nik_ayah', 'nik_ayah', '1231231231231232', [...], [...])
 8 APPPATH\Controllers\Formulir.php(96): CodeIgniter\Validation\Validation->run()
 9 SYSTEMPATH\CodeIgniter.php(896): App\Controllers\Formulir->add_zonasi('4')
10 SYSTEMPATH\CodeIgniter.php(466): CodeIgniter\CodeIgniter->runController(Object(App\Controllers\Formulir))
11 SYSTEMPATH\CodeIgniter.php(349): CodeIgniter\CodeIgniter->handleRequest(null, Object(Config\Cache), false)
12 FCPATH\index.php(55): CodeIgniter\CodeIgniter->run()
13 SYSTEMPATH\Commands\Server\rewrite.php(43): require_once('FCPATH\\index.php')
ERROR - 2023-02-21 14:31:16 --> Unknown column 'nik_ayah' in 'where clause'
CRITICAL - 2023-02-21 14:31:16 --> Unknown column 'nik_ayah' in 'where clause'
in SYSTEMPATH\Database\MySQLi\Connection.php on line 292.
 1 SYSTEMPATH\Database\MySQLi\Connection.php(292): mysqli->query('SELECT 1
FROM `data_orang_tua`
WHERE `nik_ayah` = \'1231231231231232\'
 LIMIT 1', 0)
 2 SYSTEMPATH\Database\BaseConnection.php(695): CodeIgniter\Database\MySQLi\Connection->execute('SELECT 1
FROM `data_orang_tua`
WHERE `nik_ayah` = \'1231231231231232\'
 LIMIT 1')
 3 SYSTEMPATH\Database\BaseConnection.php(609): CodeIgniter\Database\BaseConnection->simpleQuery('SELECT 1
FROM `data_orang_tua`
WHERE `nik_ayah` = \'1231231231231232\'
 LIMIT 1')
 4 SYSTEMPATH\Database\BaseBuilder.php(1585): CodeIgniter\Database\BaseConnection->query('SELECT 1
FROM `data_orang_tua`
WHERE `nik_ayah` = :nik_ayah:
 LIMIT 1', [...], false)
 5 SYSTEMPATH\Validation\Rules.php(142): CodeIgniter\Database\BaseBuilder->get()
 6 SYSTEMPATH\Validation\Validation.php(306): CodeIgniter\Validation\Rules->is_unique('1231231231231232', 'nik_ayah', [...], null)
 7 SYSTEMPATH\Validation\Validation.php(173): CodeIgniter\Validation\Validation->processRules('nik_ayah', 'nik_ayah', '1231231231231232', [...], [...])
 8 APPPATH\Controllers\Formulir.php(89): CodeIgniter\Validation\Validation->run()
 9 SYSTEMPATH\CodeIgniter.php(896): App\Controllers\Formulir->add_zonasi('4')
10 SYSTEMPATH\CodeIgniter.php(466): CodeIgniter\CodeIgniter->runController(Object(App\Controllers\Formulir))
11 SYSTEMPATH\CodeIgniter.php(349): CodeIgniter\CodeIgniter->handleRequest(null, Object(Config\Cache), false)
12 FCPATH\index.php(55): CodeIgniter\CodeIgniter->run()
13 SYSTEMPATH\Commands\Server\rewrite.php(43): require_once('FCPATH\\index.php')
CRITICAL - 2023-02-21 15:46:34 --> Undefined variable $opsi_jalur
in APPPATH\Views\Admin\index.php on line 116.
 1 APPPATH\Views\Admin\index.php(116): CodeIgniter\Debug\Exceptions->errorHandler(2, 'Undefined variable $opsi_jalur', 'APPPATH\\Views\\Admin\\index.php', 116)
 2 SYSTEMPATH\View\View.php(213): include('APPPATH\\Views\\Admin\\index.php')
 3 SYSTEMPATH\View\View.php(216): CodeIgniter\View\View->CodeIgniter\View\{closure}()
 4 SYSTEMPATH\View\View.php(229): CodeIgniter\View\View->render('Admin/index.php', [], true)
 5 SYSTEMPATH\Common.php(1135): CodeIgniter\View\View->render('Admin/kategori_kode', [], true)
 6 APPPATH\Controllers\Admin.php(47): view('Admin/kategori_kode', [...])
 7 SYSTEMPATH\CodeIgniter.php(896): App\Controllers\Admin->kategori_kode()
 8 SYSTEMPATH\CodeIgniter.php(466): CodeIgniter\CodeIgniter->runController(Object(App\Controllers\Admin))
 9 SYSTEMPATH\CodeIgniter.php(349): CodeIgniter\CodeIgniter->handleRequest(null, Object(Config\Cache), false)
10 FCPATH\index.php(55): CodeIgniter\CodeIgniter->run()
11 SYSTEMPATH\Commands\Server\rewrite.php(43): require_once('FCPATH\\index.php')
CRITICAL - 2023-02-21 15:48:03 --> Undefined variable $opsi_jalur
in APPPATH\Views\Admin\index.php on line 116.
 1 APPPATH\Views\Admin\index.php(116): CodeIgniter\Debug\Exceptions->errorHandler(2, 'Undefined variable $opsi_jalur', 'APPPATH\\Views\\Admin\\index.php', 116)
 2 SYSTEMPATH\View\View.php(213): include('APPPATH\\Views\\Admin\\index.php')
 3 SYSTEMPATH\View\View.php(216): CodeIgniter\View\View->CodeIgniter\View\{closure}()
 4 SYSTEMPATH\View\View.php(229): CodeIgniter\View\View->render('Admin/index.php', [], true)
 5 SYSTEMPATH\Common.php(1135): CodeIgniter\View\View->render('Admin/dashboard', [], true)
 6 APPPATH\Controllers\Admin.php(14): view('Admin/dashboard')
 7 SYSTEMPATH\CodeIgniter.php(896): App\Controllers\Admin->dashboard()
 8 SYSTEMPATH\CodeIgniter.php(466): CodeIgniter\CodeIgniter->runController(Object(App\Controllers\Admin))
 9 SYSTEMPATH\CodeIgniter.php(349): CodeIgniter\CodeIgniter->handleRequest(null, Object(Config\Cache), false)
10 FCPATH\index.php(55): CodeIgniter\CodeIgniter->run()
11 SYSTEMPATH\Commands\Server\rewrite.php(43): require_once('FCPATH\\index.php')
CRITICAL - 2023-02-21 16:10:07 --> Object of class stdClass could not be converted to string
in APPPATH\Views\User\pendaftaran_berhasil.php on line 18.
 1 SYSTEMPATH\View\View.php(213): include()
 2 SYSTEMPATH\View\View.php(216): CodeIgniter\View\View->CodeIgniter\View\{closure}()
 3 SYSTEMPATH\Common.php(1135): CodeIgniter\View\View->render('User/pendaftaran_berhasil', [], true)
 4 APPPATH\Controllers\User.php(38): view('User/pendaftaran_berhasil', [...])
 5 SYSTEMPATH\CodeIgniter.php(896): App\Controllers\User->pendaftaran_berhasil('3')
 6 SYSTEMPATH\CodeIgniter.php(466): CodeIgniter\CodeIgniter->runController(Object(App\Controllers\User))
 7 SYSTEMPATH\CodeIgniter.php(349): CodeIgniter\CodeIgniter->handleRequest(null, Object(Config\Cache), false)
 8 FCPATH\index.php(55): CodeIgniter\CodeIgniter->run()
 9 SYSTEMPATH\Commands\Server\rewrite.php(43): require_once('FCPATH\\index.php')
CRITICAL - 2023-02-21 17:01:49 --> Attempt to read property "id_ref" on null
in APPPATH\Controllers\User.php on line 164.
 1 APPPATH\Controllers\User.php(164): CodeIgniter\Debug\Exceptions->errorHandler(2, 'Attempt to read property "id_ref" on null', 'APPPATH\\Controllers\\User.php', 164)
 2 SYSTEMPATH\CodeIgniter.php(896): App\Controllers\User->action()
 3 SYSTEMPATH\CodeIgniter.php(466): CodeIgniter\CodeIgniter->runController(Object(App\Controllers\User))
 4 SYSTEMPATH\CodeIgniter.php(349): CodeIgniter\CodeIgniter->handleRequest(null, Object(Config\Cache), false)
 5 FCPATH\index.php(55): CodeIgniter\CodeIgniter->run()
 6 SYSTEMPATH\Commands\Server\rewrite.php(43): require_once('FCPATH\\index.php')
CRITICAL - 2023-02-21 17:01:50 --> Attempt to read property "id_ref" on null
in APPPATH\Controllers\User.php on line 164.
 1 APPPATH\Controllers\User.php(164): CodeIgniter\Debug\Exceptions->errorHandler(2, 'Attempt to read property "id_ref" on null', 'APPPATH\\Controllers\\User.php', 164)
 2 SYSTEMPATH\CodeIgniter.php(896): App\Controllers\User->action()
 3 SYSTEMPATH\CodeIgniter.php(466): CodeIgniter\CodeIgniter->runController(Object(App\Controllers\User))
 4 SYSTEMPATH\CodeIgniter.php(349): CodeIgniter\CodeIgniter->handleRequest(null, Object(Config\Cache), false)
 5 FCPATH\index.php(55): CodeIgniter\CodeIgniter->run()
 6 SYSTEMPATH\Commands\Server\rewrite.php(43): require_once('FCPATH\\index.php')
CRITICAL - 2023-02-21 17:01:50 --> Attempt to read property "id_ref" on null
in APPPATH\Controllers\User.php on line 164.
 1 APPPATH\Controllers\User.php(164): CodeIgniter\Debug\Exceptions->errorHandler(2, 'Attempt to read property "id_ref" on null', 'APPPATH\\Controllers\\User.php', 164)
 2 SYSTEMPATH\CodeIgniter.php(896): App\Controllers\User->action()
 3 SYSTEMPATH\CodeIgniter.php(466): CodeIgniter\CodeIgniter->runController(Object(App\Controllers\User))
 4 SYSTEMPATH\CodeIgniter.php(349): CodeIgniter\CodeIgniter->handleRequest(null, Object(Config\Cache), false)
 5 FCPATH\index.php(55): CodeIgniter\CodeIgniter->run()
 6 SYSTEMPATH\Commands\Server\rewrite.php(43): require_once('FCPATH\\index.php')
CRITICAL - 2023-02-21 17:02:50 --> Attempt to read property "id_ref" on null
in APPPATH\Controllers\User.php on line 164.
 1 APPPATH\Controllers\User.php(164): CodeIgniter\Debug\Exceptions->errorHandler(2, 'Attempt to read property "id_ref" on null', 'APPPATH\\Controllers\\User.php', 164)
 2 SYSTEMPATH\CodeIgniter.php(896): App\Controllers\User->action()
 3 SYSTEMPATH\CodeIgniter.php(466): CodeIgniter\CodeIgniter->runController(Object(App\Controllers\User))
 4 SYSTEMPATH\CodeIgniter.php(349): CodeIgniter\CodeIgniter->handleRequest(null, Object(Config\Cache), false)
 5 FCPATH\index.php(55): CodeIgniter\CodeIgniter->run()
 6 SYSTEMPATH\Commands\Server\rewrite.php(43): require_once('FCPATH\\index.php')
CRITICAL - 2023-02-21 17:02:51 --> Attempt to read property "id_ref" on null
in APPPATH\Controllers\User.php on line 164.
 1 APPPATH\Controllers\User.php(164): CodeIgniter\Debug\Exceptions->errorHandler(2, 'Attempt to read property "id_ref" on null', 'APPPATH\\Controllers\\User.php', 164)
 2 SYSTEMPATH\CodeIgniter.php(896): App\Controllers\User->action()
 3 SYSTEMPATH\CodeIgniter.php(466): CodeIgniter\CodeIgniter->runController(Object(App\Controllers\User))
 4 SYSTEMPATH\CodeIgniter.php(349): CodeIgniter\CodeIgniter->handleRequest(null, Object(Config\Cache), false)
 5 FCPATH\index.php(55): CodeIgniter\CodeIgniter->run()
 6 SYSTEMPATH\Commands\Server\rewrite.php(43): require_once('FCPATH\\index.php')
CRITICAL - 2023-02-21 17:02:51 --> Attempt to read property "id_ref" on null
in APPPATH\Controllers\User.php on line 164.
 1 APPPATH\Controllers\User.php(164): CodeIgniter\Debug\Exceptions->errorHandler(2, 'Attempt to read property "id_ref" on null', 'APPPATH\\Controllers\\User.php', 164)
 2 SYSTEMPATH\CodeIgniter.php(896): App\Controllers\User->action()
 3 SYSTEMPATH\CodeIgniter.php(466): CodeIgniter\CodeIgniter->runController(Object(App\Controllers\User))
 4 SYSTEMPATH\CodeIgniter.php(349): CodeIgniter\CodeIgniter->handleRequest(null, Object(Config\Cache), false)
 5 FCPATH\index.php(55): CodeIgniter\CodeIgniter->run()
 6 SYSTEMPATH\Commands\Server\rewrite.php(43): require_once('FCPATH\\index.php')
CRITICAL - 2023-02-21 17:02:51 --> Attempt to read property "id_ref" on null
in APPPATH\Controllers\User.php on line 164.
 1 APPPATH\Controllers\User.php(164): CodeIgniter\Debug\Exceptions->errorHandler(2, 'Attempt to read property "id_ref" on null', 'APPPATH\\Controllers\\User.php', 164)
 2 SYSTEMPATH\CodeIgniter.php(896): App\Controllers\User->action()
 3 SYSTEMPATH\CodeIgniter.php(466): CodeIgniter\CodeIgniter->runController(Object(App\Controllers\User))
 4 SYSTEMPATH\CodeIgniter.php(349): CodeIgniter\CodeIgniter->handleRequest(null, Object(Config\Cache), false)
 5 FCPATH\index.php(55): CodeIgniter\CodeIgniter->run()
 6 SYSTEMPATH\Commands\Server\rewrite.php(43): require_once('FCPATH\\index.php')
CRITICAL - 2023-02-21 17:02:51 --> Attempt to read property "id_ref" on null
in APPPATH\Controllers\User.php on line 164.
 1 APPPATH\Controllers\User.php(164): CodeIgniter\Debug\Exceptions->errorHandler(2, 'Attempt to read property "id_ref" on null', 'APPPATH\\Controllers\\User.php', 164)
 2 SYSTEMPATH\CodeIgniter.php(896): App\Controllers\User->action()
 3 SYSTEMPATH\CodeIgniter.php(466): CodeIgniter\CodeIgniter->runController(Object(App\Controllers\User))
 4 SYSTEMPATH\CodeIgniter.php(349): CodeIgniter\CodeIgniter->handleRequest(null, Object(Config\Cache), false)
 5 FCPATH\index.php(55): CodeIgniter\CodeIgniter->run()
 6 SYSTEMPATH\Commands\Server\rewrite.php(43): require_once('FCPATH\\index.php')
CRITICAL - 2023-02-21 17:02:52 --> Attempt to read property "id_ref" on null
in APPPATH\Controllers\User.php on line 164.
 1 APPPATH\Controllers\User.php(164): CodeIgniter\Debug\Exceptions->errorHandler(2, 'Attempt to read property "id_ref" on null', 'APPPATH\\Controllers\\User.php', 164)
 2 SYSTEMPATH\CodeIgniter.php(896): App\Controllers\User->action()
 3 SYSTEMPATH\CodeIgniter.php(466): CodeIgniter\CodeIgniter->runController(Object(App\Controllers\User))
 4 SYSTEMPATH\CodeIgniter.php(349): CodeIgniter\CodeIgniter->handleRequest(null, Object(Config\Cache), false)
 5 FCPATH\index.php(55): CodeIgniter\CodeIgniter->run()
 6 SYSTEMPATH\Commands\Server\rewrite.php(43): require_once('FCPATH\\index.php')
CRITICAL - 2023-02-21 17:02:52 --> Attempt to read property "id_ref" on null
in APPPATH\Controllers\User.php on line 164.
 1 APPPATH\Controllers\User.php(164): CodeIgniter\Debug\Exceptions->errorHandler(2, 'Attempt to read property "id_ref" on null', 'APPPATH\\Controllers\\User.php', 164)
 2 SYSTEMPATH\CodeIgniter.php(896): App\Controllers\User->action()
 3 SYSTEMPATH\CodeIgniter.php(466): CodeIgniter\CodeIgniter->runController(Object(App\Controllers\User))
 4 SYSTEMPATH\CodeIgniter.php(349): CodeIgniter\CodeIgniter->handleRequest(null, Object(Config\Cache), false)
 5 FCPATH\index.php(55): CodeIgniter\CodeIgniter->run()
 6 SYSTEMPATH\Commands\Server\rewrite.php(43): require_once('FCPATH\\index.php')
CRITICAL - 2023-02-21 17:05:51 --> Attempt to read property "id_ref" on null
in APPPATH\Controllers\User.php on line 168.
 1 APPPATH\Controllers\User.php(168): CodeIgniter\Debug\Exceptions->errorHandler(2, 'Attempt to read property "id_ref" on null', 'APPPATH\\Controllers\\User.php', 168)
 2 SYSTEMPATH\CodeIgniter.php(896): App\Controllers\User->action()
 3 SYSTEMPATH\CodeIgniter.php(466): CodeIgniter\CodeIgniter->runController(Object(App\Controllers\User))
 4 SYSTEMPATH\CodeIgniter.php(349): CodeIgniter\CodeIgniter->handleRequest(null, Object(Config\Cache), false)
 5 FCPATH\index.php(55): CodeIgniter\CodeIgniter->run()
 6 SYSTEMPATH\Commands\Server\rewrite.php(43): require_once('FCPATH\\index.php')
CRITICAL - 2023-02-21 17:05:51 --> Attempt to read property "id_ref" on null
in APPPATH\Controllers\User.php on line 168.
 1 APPPATH\Controllers\User.php(168): CodeIgniter\Debug\Exceptions->errorHandler(2, 'Attempt to read property "id_ref" on null', 'APPPATH\\Controllers\\User.php', 168)
 2 SYSTEMPATH\CodeIgniter.php(896): App\Controllers\User->action()
 3 SYSTEMPATH\CodeIgniter.php(466): CodeIgniter\CodeIgniter->runController(Object(App\Controllers\User))
 4 SYSTEMPATH\CodeIgniter.php(349): CodeIgniter\CodeIgniter->handleRequest(null, Object(Config\Cache), false)
 5 FCPATH\index.php(55): CodeIgniter\CodeIgniter->run()
 6 SYSTEMPATH\Commands\Server\rewrite.php(43): require_once('FCPATH\\index.php')
CRITICAL - 2023-02-21 17:05:52 --> Attempt to read property "id_ref" on null
in APPPATH\Controllers\User.php on line 168.
 1 APPPATH\Controllers\User.php(168): CodeIgniter\Debug\Exceptions->errorHandler(2, 'Attempt to read property "id_ref" on null', 'APPPATH\\Controllers\\User.php', 168)
 2 SYSTEMPATH\CodeIgniter.php(896): App\Controllers\User->action()
 3 SYSTEMPATH\CodeIgniter.php(466): CodeIgniter\CodeIgniter->runController(Object(App\Controllers\User))
 4 SYSTEMPATH\CodeIgniter.php(349): CodeIgniter\CodeIgniter->handleRequest(null, Object(Config\Cache), false)
 5 FCPATH\index.php(55): CodeIgniter\CodeIgniter->run()
 6 SYSTEMPATH\Commands\Server\rewrite.php(43): require_once('FCPATH\\index.php')
CRITICAL - 2023-02-21 17:05:52 --> Attempt to read property "id_ref" on null
in APPPATH\Controllers\User.php on line 168.
 1 APPPATH\Controllers\User.php(168): CodeIgniter\Debug\Exceptions->errorHandler(2, 'Attempt to read property "id_ref" on null', 'APPPATH\\Controllers\\User.php', 168)
 2 SYSTEMPATH\CodeIgniter.php(896): App\Controllers\User->action()
 3 SYSTEMPATH\CodeIgniter.php(466): CodeIgniter\CodeIgniter->runController(Object(App\Controllers\User))
 4 SYSTEMPATH\CodeIgniter.php(349): CodeIgniter\CodeIgniter->handleRequest(null, Object(Config\Cache), false)
 5 FCPATH\index.php(55): CodeIgniter\CodeIgniter->run()
 6 SYSTEMPATH\Commands\Server\rewrite.php(43): require_once('FCPATH\\index.php')
CRITICAL - 2023-02-21 17:05:52 --> Attempt to read property "id_ref" on null
in APPPATH\Controllers\User.php on line 168.
 1 APPPATH\Controllers\User.php(168): CodeIgniter\Debug\Exceptions->errorHandler(2, 'Attempt to read property "id_ref" on null', 'APPPATH\\Controllers\\User.php', 168)
 2 SYSTEMPATH\CodeIgniter.php(896): App\Controllers\User->action()
 3 SYSTEMPATH\CodeIgniter.php(466): CodeIgniter\CodeIgniter->runController(Object(App\Controllers\User))
 4 SYSTEMPATH\CodeIgniter.php(349): CodeIgniter\CodeIgniter->handleRequest(null, Object(Config\Cache), false)
 5 FCPATH\index.php(55): CodeIgniter\CodeIgniter->run()
 6 SYSTEMPATH\Commands\Server\rewrite.php(43): require_once('FCPATH\\index.php')
CRITICAL - 2023-02-21 17:05:52 --> Attempt to read property "id_ref" on null
in APPPATH\Controllers\User.php on line 168.
 1 APPPATH\Controllers\User.php(168): CodeIgniter\Debug\Exceptions->errorHandler(2, 'Attempt to read property "id_ref" on null', 'APPPATH\\Controllers\\User.php', 168)
 2 SYSTEMPATH\CodeIgniter.php(896): App\Controllers\User->action()
 3 SYSTEMPATH\CodeIgniter.php(466): CodeIgniter\CodeIgniter->runController(Object(App\Controllers\User))
 4 SYSTEMPATH\CodeIgniter.php(349): CodeIgniter\CodeIgniter->handleRequest(null, Object(Config\Cache), false)
 5 FCPATH\index.php(55): CodeIgniter\CodeIgniter->run()
 6 SYSTEMPATH\Commands\Server\rewrite.php(43): require_once('FCPATH\\index.php')
CRITICAL - 2023-02-21 17:05:52 --> Attempt to read property "id_ref" on null
in APPPATH\Controllers\User.php on line 168.
 1 APPPATH\Controllers\User.php(168): CodeIgniter\Debug\Exceptions->errorHandler(2, 'Attempt to read property "id_ref" on null', 'APPPATH\\Controllers\\User.php', 168)
 2 SYSTEMPATH\CodeIgniter.php(896): App\Controllers\User->action()
 3 SYSTEMPATH\CodeIgniter.php(466): CodeIgniter\CodeIgniter->runController(Object(App\Controllers\User))
 4 SYSTEMPATH\CodeIgniter.php(349): CodeIgniter\CodeIgniter->handleRequest(null, Object(Config\Cache), false)
 5 FCPATH\index.php(55): CodeIgniter\CodeIgniter->run()
 6 SYSTEMPATH\Commands\Server\rewrite.php(43): require_once('FCPATH\\index.php')
CRITICAL - 2023-02-21 17:05:52 --> Attempt to read property "id_ref" on null
in APPPATH\Controllers\User.php on line 168.
 1 APPPATH\Controllers\User.php(168): CodeIgniter\Debug\Exceptions->errorHandler(2, 'Attempt to read property "id_ref" on null', 'APPPATH\\Controllers\\User.php', 168)
 2 SYSTEMPATH\CodeIgniter.php(896): App\Controllers\User->action()
 3 SYSTEMPATH\CodeIgniter.php(466): CodeIgniter\CodeIgniter->runController(Object(App\Controllers\User))
 4 SYSTEMPATH\CodeIgniter.php(349): CodeIgniter\CodeIgniter->handleRequest(null, Object(Config\Cache), false)
 5 FCPATH\index.php(55): CodeIgniter\CodeIgniter->run()
 6 SYSTEMPATH\Commands\Server\rewrite.php(43): require_once('FCPATH\\index.php')
CRITICAL - 2023-02-21 17:05:53 --> Attempt to read property "id_ref" on null
in APPPATH\Controllers\User.php on line 168.
 1 APPPATH\Controllers\User.php(168): CodeIgniter\Debug\Exceptions->errorHandler(2, 'Attempt to read property "id_ref" on null', 'APPPATH\\Controllers\\User.php', 168)
 2 SYSTEMPATH\CodeIgniter.php(896): App\Controllers\User->action()
 3 SYSTEMPATH\CodeIgniter.php(466): CodeIgniter\CodeIgniter->runController(Object(App\Controllers\User))
 4 SYSTEMPATH\CodeIgniter.php(349): CodeIgniter\CodeIgniter->handleRequest(null, Object(Config\Cache), false)
 5 FCPATH\index.php(55): CodeIgniter\CodeIgniter->run()
 6 SYSTEMPATH\Commands\Server\rewrite.php(43): require_once('FCPATH\\index.php')
CRITICAL - 2023-02-21 17:05:53 --> Attempt to read property "id_ref" on null
in APPPATH\Controllers\User.php on line 168.
 1 APPPATH\Controllers\User.php(168): CodeIgniter\Debug\Exceptions->errorHandler(2, 'Attempt to read property "id_ref" on null', 'APPPATH\\Controllers\\User.php', 168)
 2 SYSTEMPATH\CodeIgniter.php(896): App\Controllers\User->action()
 3 SYSTEMPATH\CodeIgniter.php(466): CodeIgniter\CodeIgniter->runController(Object(App\Controllers\User))
 4 SYSTEMPATH\CodeIgniter.php(349): CodeIgniter\CodeIgniter->handleRequest(null, Object(Config\Cache), false)
 5 FCPATH\index.php(55): CodeIgniter\CodeIgniter->run()
 6 SYSTEMPATH\Commands\Server\rewrite.php(43): require_once('FCPATH\\index.php')
CRITICAL - 2023-02-21 17:05:54 --> Attempt to read property "id_ref" on null
in APPPATH\Controllers\User.php on line 168.
 1 APPPATH\Controllers\User.php(168): CodeIgniter\Debug\Exceptions->errorHandler(2, 'Attempt to read property "id_ref" on null', 'APPPATH\\Controllers\\User.php', 168)
 2 SYSTEMPATH\CodeIgniter.php(896): App\Controllers\User->action()
 3 SYSTEMPATH\CodeIgniter.php(466): CodeIgniter\CodeIgniter->runController(Object(App\Controllers\User))
 4 SYSTEMPATH\CodeIgniter.php(349): CodeIgniter\CodeIgniter->handleRequest(null, Object(Config\Cache), false)
 5 FCPATH\index.php(55): CodeIgniter\CodeIgniter->run()
 6 SYSTEMPATH\Commands\Server\rewrite.php(43): require_once('FCPATH\\index.php')
CRITICAL - 2023-02-21 17:05:55 --> Attempt to read property "id_ref" on null
in APPPATH\Controllers\User.php on line 168.
 1 APPPATH\Controllers\User.php(168): CodeIgniter\Debug\Exceptions->errorHandler(2, 'Attempt to read property "id_ref" on null', 'APPPATH\\Controllers\\User.php', 168)
 2 SYSTEMPATH\CodeIgniter.php(896): App\Controllers\User->action()
 3 SYSTEMPATH\CodeIgniter.php(466): CodeIgniter\CodeIgniter->runController(Object(App\Controllers\User))
 4 SYSTEMPATH\CodeIgniter.php(349): CodeIgniter\CodeIgniter->handleRequest(null, Object(Config\Cache), false)
 5 FCPATH\index.php(55): CodeIgniter\CodeIgniter->run()
 6 SYSTEMPATH\Commands\Server\rewrite.php(43): require_once('FCPATH\\index.php')
CRITICAL - 2023-02-21 17:05:55 --> Attempt to read property "id_ref" on null
in APPPATH\Controllers\User.php on line 168.
 1 APPPATH\Controllers\User.php(168): CodeIgniter\Debug\Exceptions->errorHandler(2, 'Attempt to read property "id_ref" on null', 'APPPATH\\Controllers\\User.php', 168)
 2 SYSTEMPATH\CodeIgniter.php(896): App\Controllers\User->action()
 3 SYSTEMPATH\CodeIgniter.php(466): CodeIgniter\CodeIgniter->runController(Object(App\Controllers\User))
 4 SYSTEMPATH\CodeIgniter.php(349): CodeIgniter\CodeIgniter->handleRequest(null, Object(Config\Cache), false)
 5 FCPATH\index.php(55): CodeIgniter\CodeIgniter->run()
 6 SYSTEMPATH\Commands\Server\rewrite.php(43): require_once('FCPATH\\index.php')
CRITICAL - 2023-02-21 17:05:55 --> Attempt to read property "id_ref" on null
in APPPATH\Controllers\User.php on line 168.
 1 APPPATH\Controllers\User.php(168): CodeIgniter\Debug\Exceptions->errorHandler(2, 'Attempt to read property "id_ref" on null', 'APPPATH\\Controllers\\User.php', 168)
 2 SYSTEMPATH\CodeIgniter.php(896): App\Controllers\User->action()
 3 SYSTEMPATH\CodeIgniter.php(466): CodeIgniter\CodeIgniter->runController(Object(App\Controllers\User))
 4 SYSTEMPATH\CodeIgniter.php(349): CodeIgniter\CodeIgniter->handleRequest(null, Object(Config\Cache), false)
 5 FCPATH\index.php(55): CodeIgniter\CodeIgniter->run()
 6 SYSTEMPATH\Commands\Server\rewrite.php(43): require_once('FCPATH\\index.php')
CRITICAL - 2023-02-21 17:05:55 --> Attempt to read property "id_ref" on null
in APPPATH\Controllers\User.php on line 168.
 1 APPPATH\Controllers\User.php(168): CodeIgniter\Debug\Exceptions->errorHandler(2, 'Attempt to read property "id_ref" on null', 'APPPATH\\Controllers\\User.php', 168)
 2 SYSTEMPATH\CodeIgniter.php(896): App\Controllers\User->action()
 3 SYSTEMPATH\CodeIgniter.php(466): CodeIgniter\CodeIgniter->runController(Object(App\Controllers\User))
 4 SYSTEMPATH\CodeIgniter.php(349): CodeIgniter\CodeIgniter->handleRequest(null, Object(Config\Cache), false)
 5 FCPATH\index.php(55): CodeIgniter\CodeIgniter->run()
 6 SYSTEMPATH\Commands\Server\rewrite.php(43): require_once('FCPATH\\index.php')
CRITICAL - 2023-02-21 17:08:23 --> Attempt to read property "id_ref" on null
in APPPATH\Controllers\User.php on line 168.
 1 APPPATH\Controllers\User.php(168): CodeIgniter\Debug\Exceptions->errorHandler(2, 'Attempt to read property "id_ref" on null', 'APPPATH\\Controllers\\User.php', 168)
 2 SYSTEMPATH\CodeIgniter.php(896): App\Controllers\User->action()
 3 SYSTEMPATH\CodeIgniter.php(466): CodeIgniter\CodeIgniter->runController(Object(App\Controllers\User))
 4 SYSTEMPATH\CodeIgniter.php(349): CodeIgniter\CodeIgniter->handleRequest(null, Object(Config\Cache), false)
 5 FCPATH\index.php(55): CodeIgniter\CodeIgniter->run()
 6 SYSTEMPATH\Commands\Server\rewrite.php(43): require_once('FCPATH\\index.php')
CRITICAL - 2023-02-21 17:13:28 --> Attempt to read property "id_ref" on null
in APPPATH\Controllers\Dynamic_dependent.php on line 72.
 1 APPPATH\Controllers\Dynamic_dependent.php(72): CodeIgniter\Debug\Exceptions->errorHandler(2, 'Attempt to read property "id_ref" on null', 'APPPATH\\Controllers\\Dynamic_dependent.php', 72)
 2 SYSTEMPATH\CodeIgniter.php(896): App\Controllers\Dynamic_dependent->action()
 3 SYSTEMPATH\CodeIgniter.php(466): CodeIgniter\CodeIgniter->runController(Object(App\Controllers\Dynamic_dependent))
 4 SYSTEMPATH\CodeIgniter.php(349): CodeIgniter\CodeIgniter->handleRequest(null, Object(Config\Cache), false)
 5 FCPATH\index.php(55): CodeIgniter\CodeIgniter->run()
 6 SYSTEMPATH\Commands\Server\rewrite.php(43): require_once('FCPATH\\index.php')
CRITICAL - 2023-02-21 17:13:29 --> Attempt to read property "id_ref" on null
in APPPATH\Controllers\Dynamic_dependent.php on line 72.
 1 APPPATH\Controllers\Dynamic_dependent.php(72): CodeIgniter\Debug\Exceptions->errorHandler(2, 'Attempt to read property "id_ref" on null', 'APPPATH\\Controllers\\Dynamic_dependent.php', 72)
 2 SYSTEMPATH\CodeIgniter.php(896): App\Controllers\Dynamic_dependent->action()
 3 SYSTEMPATH\CodeIgniter.php(466): CodeIgniter\CodeIgniter->runController(Object(App\Controllers\Dynamic_dependent))
 4 SYSTEMPATH\CodeIgniter.php(349): CodeIgniter\CodeIgniter->handleRequest(null, Object(Config\Cache), false)
 5 FCPATH\index.php(55): CodeIgniter\CodeIgniter->run()
 6 SYSTEMPATH\Commands\Server\rewrite.php(43): require_once('FCPATH\\index.php')
CRITICAL - 2023-02-21 17:13:29 --> Attempt to read property "id_ref" on null
in APPPATH\Controllers\Dynamic_dependent.php on line 72.
 1 APPPATH\Controllers\Dynamic_dependent.php(72): CodeIgniter\Debug\Exceptions->errorHandler(2, 'Attempt to read property "id_ref" on null', 'APPPATH\\Controllers\\Dynamic_dependent.php', 72)
 2 SYSTEMPATH\CodeIgniter.php(896): App\Controllers\Dynamic_dependent->action()
 3 SYSTEMPATH\CodeIgniter.php(466): CodeIgniter\CodeIgniter->runController(Object(App\Controllers\Dynamic_dependent))
 4 SYSTEMPATH\CodeIgniter.php(349): CodeIgniter\CodeIgniter->handleRequest(null, Object(Config\Cache), false)
 5 FCPATH\index.php(55): CodeIgniter\CodeIgniter->run()
 6 SYSTEMPATH\Commands\Server\rewrite.php(43): require_once('FCPATH\\index.php')
CRITICAL - 2023-02-21 17:13:31 --> Attempt to read property "id_ref" on null
in APPPATH\Controllers\Dynamic_dependent.php on line 72.
 1 APPPATH\Controllers\Dynamic_dependent.php(72): CodeIgniter\Debug\Exceptions->errorHandler(2, 'Attempt to read property "id_ref" on null', 'APPPATH\\Controllers\\Dynamic_dependent.php', 72)
 2 SYSTEMPATH\CodeIgniter.php(896): App\Controllers\Dynamic_dependent->action()
 3 SYSTEMPATH\CodeIgniter.php(466): CodeIgniter\CodeIgniter->runController(Object(App\Controllers\Dynamic_dependent))
 4 SYSTEMPATH\CodeIgniter.php(349): CodeIgniter\CodeIgniter->handleRequest(null, Object(Config\Cache), false)
 5 FCPATH\index.php(55): CodeIgniter\CodeIgniter->run()
 6 SYSTEMPATH\Commands\Server\rewrite.php(43): require_once('FCPATH\\index.php')
CRITICAL - 2023-02-21 17:13:31 --> Attempt to read property "id_ref" on null
in APPPATH\Controllers\Dynamic_dependent.php on line 72.
 1 APPPATH\Controllers\Dynamic_dependent.php(72): CodeIgniter\Debug\Exceptions->errorHandler(2, 'Attempt to read property "id_ref" on null', 'APPPATH\\Controllers\\Dynamic_dependent.php', 72)
 2 SYSTEMPATH\CodeIgniter.php(896): App\Controllers\Dynamic_dependent->action()
 3 SYSTEMPATH\CodeIgniter.php(466): CodeIgniter\CodeIgniter->runController(Object(App\Controllers\Dynamic_dependent))
 4 SYSTEMPATH\CodeIgniter.php(349): CodeIgniter\CodeIgniter->handleRequest(null, Object(Config\Cache), false)
 5 FCPATH\index.php(55): CodeIgniter\CodeIgniter->run()
 6 SYSTEMPATH\Commands\Server\rewrite.php(43): require_once('FCPATH\\index.php')
CRITICAL - 2023-02-21 17:13:32 --> Attempt to read property "id_ref" on null
in APPPATH\Controllers\Dynamic_dependent.php on line 72.
 1 APPPATH\Controllers\Dynamic_dependent.php(72): CodeIgniter\Debug\Exceptions->errorHandler(2, 'Attempt to read property "id_ref" on null', 'APPPATH\\Controllers\\Dynamic_dependent.php', 72)
 2 SYSTEMPATH\CodeIgniter.php(896): App\Controllers\Dynamic_dependent->action()
 3 SYSTEMPATH\CodeIgniter.php(466): CodeIgniter\CodeIgniter->runController(Object(App\Controllers\Dynamic_dependent))
 4 SYSTEMPATH\CodeIgniter.php(349): CodeIgniter\CodeIgniter->handleRequest(null, Object(Config\Cache), false)
 5 FCPATH\index.php(55): CodeIgniter\CodeIgniter->run()
 6 SYSTEMPATH\Commands\Server\rewrite.php(43): require_once('FCPATH\\index.php')
CRITICAL - 2023-02-21 17:13:32 --> Attempt to read property "id_ref" on null
in APPPATH\Controllers\Dynamic_dependent.php on line 72.
 1 APPPATH\Controllers\Dynamic_dependent.php(72): CodeIgniter\Debug\Exceptions->errorHandler(2, 'Attempt to read property "id_ref" on null', 'APPPATH\\Controllers\\Dynamic_dependent.php', 72)
 2 SYSTEMPATH\CodeIgniter.php(896): App\Controllers\Dynamic_dependent->action()
 3 SYSTEMPATH\CodeIgniter.php(466): CodeIgniter\CodeIgniter->runController(Object(App\Controllers\Dynamic_dependent))
 4 SYSTEMPATH\CodeIgniter.php(349): CodeIgniter\CodeIgniter->handleRequest(null, Object(Config\Cache), false)
 5 FCPATH\index.php(55): CodeIgniter\CodeIgniter->run()
 6 SYSTEMPATH\Commands\Server\rewrite.php(43): require_once('FCPATH\\index.php')
CRITICAL - 2023-02-21 17:13:32 --> Attempt to read property "id_ref" on null
in APPPATH\Controllers\Dynamic_dependent.php on line 72.
 1 APPPATH\Controllers\Dynamic_dependent.php(72): CodeIgniter\Debug\Exceptions->errorHandler(2, 'Attempt to read property "id_ref" on null', 'APPPATH\\Controllers\\Dynamic_dependent.php', 72)
 2 SYSTEMPATH\CodeIgniter.php(896): App\Controllers\Dynamic_dependent->action()
 3 SYSTEMPATH\CodeIgniter.php(466): CodeIgniter\CodeIgniter->runController(Object(App\Controllers\Dynamic_dependent))
 4 SYSTEMPATH\CodeIgniter.php(349): CodeIgniter\CodeIgniter->handleRequest(null, Object(Config\Cache), false)
 5 FCPATH\index.php(55): CodeIgniter\CodeIgniter->run()
 6 SYSTEMPATH\Commands\Server\rewrite.php(43): require_once('FCPATH\\index.php')
CRITICAL - 2023-02-21 17:13:32 --> Attempt to read property "id_ref" on null
in APPPATH\Controllers\Dynamic_dependent.php on line 72.
 1 APPPATH\Controllers\Dynamic_dependent.php(72): CodeIgniter\Debug\Exceptions->errorHandler(2, 'Attempt to read property "id_ref" on null', 'APPPATH\\Controllers\\Dynamic_dependent.php', 72)
 2 SYSTEMPATH\CodeIgniter.php(896): App\Controllers\Dynamic_dependent->action()
 3 SYSTEMPATH\CodeIgniter.php(466): CodeIgniter\CodeIgniter->runController(Object(App\Controllers\Dynamic_dependent))
 4 SYSTEMPATH\CodeIgniter.php(349): CodeIgniter\CodeIgniter->handleRequest(null, Object(Config\Cache), false)
 5 FCPATH\index.php(55): CodeIgniter\CodeIgniter->run()
 6 SYSTEMPATH\Commands\Server\rewrite.php(43): require_once('FCPATH\\index.php')
CRITICAL - 2023-02-21 17:13:32 --> Attempt to read property "id_ref" on null
in APPPATH\Controllers\Dynamic_dependent.php on line 72.
 1 APPPATH\Controllers\Dynamic_dependent.php(72): CodeIgniter\Debug\Exceptions->errorHandler(2, 'Attempt to read property "id_ref" on null', 'APPPATH\\Controllers\\Dynamic_dependent.php', 72)
 2 SYSTEMPATH\CodeIgniter.php(896): App\Controllers\Dynamic_dependent->action()
 3 SYSTEMPATH\CodeIgniter.php(466): CodeIgniter\CodeIgniter->runController(Object(App\Controllers\Dynamic_dependent))
 4 SYSTEMPATH\CodeIgniter.php(349): CodeIgniter\CodeIgniter->handleRequest(null, Object(Config\Cache), false)
 5 FCPATH\index.php(55): CodeIgniter\CodeIgniter->run()
 6 SYSTEMPATH\Commands\Server\rewrite.php(43): require_once('FCPATH\\index.php')
CRITICAL - 2023-02-21 17:13:32 --> Attempt to read property "id_ref" on null
in APPPATH\Controllers\Dynamic_dependent.php on line 72.
 1 APPPATH\Controllers\Dynamic_dependent.php(72): CodeIgniter\Debug\Exceptions->errorHandler(2, 'Attempt to read property "id_ref" on null', 'APPPATH\\Controllers\\Dynamic_dependent.php', 72)
 2 SYSTEMPATH\CodeIgniter.php(896): App\Controllers\Dynamic_dependent->action()
 3 SYSTEMPATH\CodeIgniter.php(466): CodeIgniter\CodeIgniter->runController(Object(App\Controllers\Dynamic_dependent))
 4 SYSTEMPATH\CodeIgniter.php(349): CodeIgniter\CodeIgniter->handleRequest(null, Object(Config\Cache), false)
 5 FCPATH\index.php(55): CodeIgniter\CodeIgniter->run()
 6 SYSTEMPATH\Commands\Server\rewrite.php(43): require_once('FCPATH\\index.php')
CRITICAL - 2023-02-21 17:13:33 --> Attempt to read property "id_ref" on null
in APPPATH\Controllers\Dynamic_dependent.php on line 72.
 1 APPPATH\Controllers\Dynamic_dependent.php(72): CodeIgniter\Debug\Exceptions->errorHandler(2, 'Attempt to read property "id_ref" on null', 'APPPATH\\Controllers\\Dynamic_dependent.php', 72)
 2 SYSTEMPATH\CodeIgniter.php(896): App\Controllers\Dynamic_dependent->action()
 3 SYSTEMPATH\CodeIgniter.php(466): CodeIgniter\CodeIgniter->runController(Object(App\Controllers\Dynamic_dependent))
 4 SYSTEMPATH\CodeIgniter.php(349): CodeIgniter\CodeIgniter->handleRequest(null, Object(Config\Cache), false)
 5 FCPATH\index.php(55): CodeIgniter\CodeIgniter->run()
 6 SYSTEMPATH\Commands\Server\rewrite.php(43): require_once('FCPATH\\index.php')
CRITICAL - 2023-02-21 17:13:33 --> Attempt to read property "id_ref" on null
in APPPATH\Controllers\Dynamic_dependent.php on line 72.
 1 APPPATH\Controllers\Dynamic_dependent.php(72): CodeIgniter\Debug\Exceptions->errorHandler(2, 'Attempt to read property "id_ref" on null', 'APPPATH\\Controllers\\Dynamic_dependent.php', 72)
 2 SYSTEMPATH\CodeIgniter.php(896): App\Controllers\Dynamic_dependent->action()
 3 SYSTEMPATH\CodeIgniter.php(466): CodeIgniter\CodeIgniter->runController(Object(App\Controllers\Dynamic_dependent))
 4 SYSTEMPATH\CodeIgniter.php(349): CodeIgniter\CodeIgniter->handleRequest(null, Object(Config\Cache), false)
 5 FCPATH\index.php(55): CodeIgniter\CodeIgniter->run()
 6 SYSTEMPATH\Commands\Server\rewrite.php(43): require_once('FCPATH\\index.php')
CRITICAL - 2023-02-21 17:13:38 --> Attempt to read property "id_ref" on null
in APPPATH\Controllers\Dynamic_dependent.php on line 72.
 1 APPPATH\Controllers\Dynamic_dependent.php(72): CodeIgniter\Debug\Exceptions->errorHandler(2, 'Attempt to read property "id_ref" on null', 'APPPATH\\Controllers\\Dynamic_dependent.php', 72)
 2 SYSTEMPATH\CodeIgniter.php(896): App\Controllers\Dynamic_dependent->action()
 3 SYSTEMPATH\CodeIgniter.php(466): CodeIgniter\CodeIgniter->runController(Object(App\Controllers\Dynamic_dependent))
 4 SYSTEMPATH\CodeIgniter.php(349): CodeIgniter\CodeIgniter->handleRequest(null, Object(Config\Cache), false)
 5 FCPATH\index.php(55): CodeIgniter\CodeIgniter->run()
 6 SYSTEMPATH\Commands\Server\rewrite.php(43): require_once('FCPATH\\index.php')
