CRITICAL - 2023-10-08 08:52:08 --> syntax error, unexpected ',', expecting ']'
in APPPATH\Controllers\Admin.php on line 47.
 1 SYSTEMPATH\Autoloader\Autoloader.php(261): CodeIgniter\Autoloader\Autoloader->includeFile('APPPATH\\Controllers\\Admin.php')
 2 SYSTEMPATH\Autoloader\Autoloader.php(239): CodeIgniter\Autoloader\Autoloader->loadInNamespace('App\\Controllers\\Admin')
 3 [internal function]: CodeIgniter\Autoloader\Autoloader->loadClass('App\\Controllers\\Admin')
 4 [internal function]: spl_autoload_call('App\\Controllers\\Admin')
 5 SYSTEMPATH\CodeIgniter.php(846): class_exists('\\App\\Controllers\\Admin', true)
 6 SYSTEMPATH\CodeIgniter.php(453): CodeIgniter\CodeIgniter->startController()
 7 SYSTEMPATH\CodeIgniter.php(349): CodeIgniter\CodeIgniter->handleRequest(null, Object(Config\Cache), false)
 8 FCPATH\index.php(55): CodeIgniter\CodeIgniter->run()
 9 SYSTEMPATH\Commands\Server\rewrite.php(43): require_once('FCPATH\\index.php')
CRITICAL - 2023-10-08 08:59:02 --> Trying to get property 'nama_tahap' of non-object
in APPPATH\Views\Admin\dashboard.php on line 11.
 1 APPPATH\Views\Admin\dashboard.php(11): CodeIgniter\Debug\Exceptions->errorHandler(8, 'Trying to get property \'nama_tahap\' of non-object', 'APPPATH\\Views\\Admin\\dashboard.php', 11, [...])
 2 SYSTEMPATH\View\View.php(213): include('APPPATH\\Views\\Admin\\dashboard.php')
 3 SYSTEMPATH\View\View.php(216): CodeIgniter\View\View->CodeIgniter\View\{closure}()
 4 SYSTEMPATH\Common.php(1135): CodeIgniter\View\View->render('Admin/dashboard', [], true)
 5 APPPATH\Controllers\Admin.php(86): view('Admin/dashboard', [...])
 6 SYSTEMPATH\CodeIgniter.php(896): App\Controllers\Admin->dashboard()
 7 SYSTEMPATH\CodeIgniter.php(466): CodeIgniter\CodeIgniter->runController(Object(App\Controllers\Admin))
 8 SYSTEMPATH\CodeIgniter.php(349): CodeIgniter\CodeIgniter->handleRequest(null, Object(Config\Cache), false)
 9 FCPATH\index.php(55): CodeIgniter\CodeIgniter->run()
10 SYSTEMPATH\Commands\Server\rewrite.php(43): require_once('FCPATH\\index.php')
CRITICAL - 2023-10-08 09:00:00 --> Undefined property: stdClass::$nama_tahap
in APPPATH\Views\Admin\dashboard.php on line 11.
 1 APPPATH\Views\Admin\dashboard.php(11): CodeIgniter\Debug\Exceptions->errorHandler(8, 'Undefined property: stdClass::$nama_tahap', 'APPPATH\\Views\\Admin\\dashboard.php', 11, [...])
 2 SYSTEMPATH\View\View.php(213): include('APPPATH\\Views\\Admin\\dashboard.php')
 3 SYSTEMPATH\View\View.php(216): CodeIgniter\View\View->CodeIgniter\View\{closure}()
 4 SYSTEMPATH\Common.php(1135): CodeIgniter\View\View->render('Admin/dashboard', [], true)
 5 APPPATH\Controllers\Admin.php(86): view('Admin/dashboard', [...])
 6 SYSTEMPATH\CodeIgniter.php(896): App\Controllers\Admin->dashboard()
 7 SYSTEMPATH\CodeIgniter.php(466): CodeIgniter\CodeIgniter->runController(Object(App\Controllers\Admin))
 8 SYSTEMPATH\CodeIgniter.php(349): CodeIgniter\CodeIgniter->handleRequest(null, Object(Config\Cache), false)
 9 FCPATH\index.php(55): CodeIgniter\CodeIgniter->run()
10 SYSTEMPATH\Commands\Server\rewrite.php(43): require_once('FCPATH\\index.php')
ERROR - 2023-10-08 09:00:47 --> Unknown column 'total' in 'field list'
CRITICAL - 2023-10-08 09:00:47 --> Unknown column 'total' in 'field list'
in SYSTEMPATH\Database\MySQLi\Connection.php on line 292.
 1 SYSTEMPATH\Database\MySQLi\Connection.php(292): mysqli->query('SELECT COUNT(`total`) AS `total`
FROM `pendaftaran`
JOIN `tahap` ON `tahap`.`id` = `pendaftaran`.`tahap`
WHERE `pendaftaran`.`periode` = 2
GROUP BY `id`', 0)
 2 SYSTEMPATH\Database\BaseConnection.php(695): CodeIgniter\Database\MySQLi\Connection->execute('SELECT COUNT(`total`) AS `total`
FROM `pendaftaran`
JOIN `tahap` ON `tahap`.`id` = `pendaftaran`.`tahap`
WHERE `pendaftaran`.`periode` = 2
GROUP BY `id`')
 3 SYSTEMPATH\Database\BaseConnection.php(609): CodeIgniter\Database\BaseConnection->simpleQuery('SELECT COUNT(`total`) AS `total`
FROM `pendaftaran`
JOIN `tahap` ON `tahap`.`id` = `pendaftaran`.`tahap`
WHERE `pendaftaran`.`periode` = 2
GROUP BY `id`')
 4 SYSTEMPATH\Database\BaseBuilder.php(1585): CodeIgniter\Database\BaseConnection->query('SELECT COUNT(`total`) AS `total`
FROM `pendaftaran`
JOIN `tahap` ON `tahap`.`id` = `pendaftaran`.`tahap`
WHERE `pendaftaran`.`periode` = :pendaftaran.periode:
GROUP BY `id`', [...], false)
 5 SYSTEMPATH\Model.php(222): CodeIgniter\Database\BaseBuilder->get()
 6 SYSTEMPATH\BaseModel.php(584): CodeIgniter\Model->doFindAll(0, 0)
 7 APPPATH\Controllers\Admin.php(47): CodeIgniter\BaseModel->findAll()
 8 SYSTEMPATH\CodeIgniter.php(896): App\Controllers\Admin->dashboard()
 9 SYSTEMPATH\CodeIgniter.php(466): CodeIgniter\CodeIgniter->runController(Object(App\Controllers\Admin))
10 SYSTEMPATH\CodeIgniter.php(349): CodeIgniter\CodeIgniter->handleRequest(null, Object(Config\Cache), false)
11 FCPATH\index.php(55): CodeIgniter\CodeIgniter->run()
12 SYSTEMPATH\Commands\Server\rewrite.php(43): require_once('FCPATH\\index.php')
ERROR - 2023-10-08 09:20:29 --> Unknown column 'total' in 'field list'
CRITICAL - 2023-10-08 09:20:29 --> Unknown column 'total' in 'field list'
in SYSTEMPATH\Database\MySQLi\Connection.php on line 292.
 1 SYSTEMPATH\Database\MySQLi\Connection.php(292): mysqli->query('SELECT COUNT(`total`) AS `total`
FROM `pendaftaran`
JOIN `tahap` ON `tahap`.`id` = `pendaftaran`.`tahap`
WHERE `pendaftaran`.`periode` = 2
GROUP BY `id`', 0)
 2 SYSTEMPATH\Database\BaseConnection.php(695): CodeIgniter\Database\MySQLi\Connection->execute('SELECT COUNT(`total`) AS `total`
FROM `pendaftaran`
JOIN `tahap` ON `tahap`.`id` = `pendaftaran`.`tahap`
WHERE `pendaftaran`.`periode` = 2
GROUP BY `id`')
 3 SYSTEMPATH\Database\BaseConnection.php(609): CodeIgniter\Database\BaseConnection->simpleQuery('SELECT COUNT(`total`) AS `total`
FROM `pendaftaran`
JOIN `tahap` ON `tahap`.`id` = `pendaftaran`.`tahap`
WHERE `pendaftaran`.`periode` = 2
GROUP BY `id`')
 4 SYSTEMPATH\Database\BaseBuilder.php(1585): CodeIgniter\Database\BaseConnection->query('SELECT COUNT(`total`) AS `total`
FROM `pendaftaran`
JOIN `tahap` ON `tahap`.`id` = `pendaftaran`.`tahap`
WHERE `pendaftaran`.`periode` = :pendaftaran.periode:
GROUP BY `id`', [...], false)
 5 SYSTEMPATH\Model.php(222): CodeIgniter\Database\BaseBuilder->get()
 6 SYSTEMPATH\BaseModel.php(584): CodeIgniter\Model->doFindAll(0, 0)
 7 APPPATH\Controllers\Admin.php(47): CodeIgniter\BaseModel->findAll()
 8 SYSTEMPATH\CodeIgniter.php(896): App\Controllers\Admin->dashboard()
 9 SYSTEMPATH\CodeIgniter.php(466): CodeIgniter\CodeIgniter->runController(Object(App\Controllers\Admin))
10 SYSTEMPATH\CodeIgniter.php(349): CodeIgniter\CodeIgniter->handleRequest(null, Object(Config\Cache), false)
11 FCPATH\index.php(55): CodeIgniter\CodeIgniter->run()
12 SYSTEMPATH\Commands\Server\rewrite.php(43): require_once('FCPATH\\index.php')
ERROR - 2023-10-08 09:35:44 --> Error connecting to the database: Unknown database 'db_ppb'
CRITICAL - 2023-10-08 09:35:44 --> Unable to connect to the database.
Main connection [MySQLi]: Unknown database 'db_ppb'
in SYSTEMPATH\Database\BaseConnection.php on line 416.
 1 SYSTEMPATH\Database\BaseConnection.php(586): CodeIgniter\Database\BaseConnection->initialize()
 2 SYSTEMPATH\Database\BaseBuilder.php(1585): CodeIgniter\Database\BaseConnection->query('SELECT *
FROM `jurusan`', [], false)
 3 SYSTEMPATH\Model.php(222): CodeIgniter\Database\BaseBuilder->get()
 4 SYSTEMPATH\BaseModel.php(584): CodeIgniter\Model->doFindAll(0, 0)
 5 APPPATH\Controllers\Admin.php(397): CodeIgniter\BaseModel->findAll()
 6 SYSTEMPATH\CodeIgniter.php(896): App\Controllers\Admin->data_jurusan()
 7 SYSTEMPATH\CodeIgniter.php(466): CodeIgniter\CodeIgniter->runController(Object(App\Controllers\Admin))
 8 SYSTEMPATH\CodeIgniter.php(349): CodeIgniter\CodeIgniter->handleRequest(null, Object(Config\Cache), false)
 9 FCPATH\index.php(55): CodeIgniter\CodeIgniter->run()
10 SYSTEMPATH\Commands\Server\rewrite.php(43): require_once('FCPATH\\index.php')
ERROR - 2023-10-08 11:02:42 --> Unknown column 'total' in 'field list'
CRITICAL - 2023-10-08 11:02:42 --> Unknown column 'total' in 'field list'
in SYSTEMPATH\Database\MySQLi\Connection.php on line 292.
 1 SYSTEMPATH\Database\MySQLi\Connection.php(292): mysqli->query('SELECT COUNT(`total`) AS `total`
FROM `pendaftaran`
JOIN `tahap` ON `tahap`.`id` = `pendaftaran`.`tahap`
WHERE `pendaftaran`.`periode` = 2
GROUP BY `id`', 0)
 2 SYSTEMPATH\Database\BaseConnection.php(695): CodeIgniter\Database\MySQLi\Connection->execute('SELECT COUNT(`total`) AS `total`
FROM `pendaftaran`
JOIN `tahap` ON `tahap`.`id` = `pendaftaran`.`tahap`
WHERE `pendaftaran`.`periode` = 2
GROUP BY `id`')
 3 SYSTEMPATH\Database\BaseConnection.php(609): CodeIgniter\Database\BaseConnection->simpleQuery('SELECT COUNT(`total`) AS `total`
FROM `pendaftaran`
JOIN `tahap` ON `tahap`.`id` = `pendaftaran`.`tahap`
WHERE `pendaftaran`.`periode` = 2
GROUP BY `id`')
 4 SYSTEMPATH\Database\BaseBuilder.php(1585): CodeIgniter\Database\BaseConnection->query('SELECT COUNT(`total`) AS `total`
FROM `pendaftaran`
JOIN `tahap` ON `tahap`.`id` = `pendaftaran`.`tahap`
WHERE `pendaftaran`.`periode` = :pendaftaran.periode:
GROUP BY `id`', [...], false)
 5 SYSTEMPATH\Model.php(222): CodeIgniter\Database\BaseBuilder->get()
 6 SYSTEMPATH\BaseModel.php(584): CodeIgniter\Model->doFindAll(0, 0)
 7 APPPATH\Controllers\Admin.php(48): CodeIgniter\BaseModel->findAll()
 8 SYSTEMPATH\CodeIgniter.php(896): App\Controllers\Admin->dashboard()
 9 SYSTEMPATH\CodeIgniter.php(466): CodeIgniter\CodeIgniter->runController(Object(App\Controllers\Admin))
10 SYSTEMPATH\CodeIgniter.php(349): CodeIgniter\CodeIgniter->handleRequest(null, Object(Config\Cache), false)
11 FCPATH\index.php(55): CodeIgniter\CodeIgniter->run()
12 SYSTEMPATH\Commands\Server\rewrite.php(43): require_once('FCPATH\\index.php')
ERROR - 2023-10-08 11:03:13 --> Unknown column 'total' in 'field list'
CRITICAL - 2023-10-08 11:03:13 --> Unknown column 'total' in 'field list'
in SYSTEMPATH\Database\MySQLi\Connection.php on line 292.
 1 SYSTEMPATH\Database\MySQLi\Connection.php(292): mysqli->query('SELECT COUNT(`total`) AS `total`
FROM `pendaftaran`
JOIN `tahap` ON `tahap`.`id` = `pendaftaran`.`tahap`
WHERE `pendaftaran`.`periode` = 2
GROUP BY `id`', 0)
 2 SYSTEMPATH\Database\BaseConnection.php(695): CodeIgniter\Database\MySQLi\Connection->execute('SELECT COUNT(`total`) AS `total`
FROM `pendaftaran`
JOIN `tahap` ON `tahap`.`id` = `pendaftaran`.`tahap`
WHERE `pendaftaran`.`periode` = 2
GROUP BY `id`')
 3 SYSTEMPATH\Database\BaseConnection.php(609): CodeIgniter\Database\BaseConnection->simpleQuery('SELECT COUNT(`total`) AS `total`
FROM `pendaftaran`
JOIN `tahap` ON `tahap`.`id` = `pendaftaran`.`tahap`
WHERE `pendaftaran`.`periode` = 2
GROUP BY `id`')
 4 SYSTEMPATH\Database\BaseBuilder.php(1585): CodeIgniter\Database\BaseConnection->query('SELECT COUNT(`total`) AS `total`
FROM `pendaftaran`
JOIN `tahap` ON `tahap`.`id` = `pendaftaran`.`tahap`
WHERE `pendaftaran`.`periode` = :pendaftaran.periode:
GROUP BY `id`', [...], false)
 5 SYSTEMPATH\Model.php(222): CodeIgniter\Database\BaseBuilder->get()
 6 SYSTEMPATH\BaseModel.php(584): CodeIgniter\Model->doFindAll(0, 0)
 7 APPPATH\Controllers\Admin.php(48): CodeIgniter\BaseModel->findAll()
 8 SYSTEMPATH\CodeIgniter.php(896): App\Controllers\Admin->dashboard()
 9 SYSTEMPATH\CodeIgniter.php(466): CodeIgniter\CodeIgniter->runController(Object(App\Controllers\Admin))
10 SYSTEMPATH\CodeIgniter.php(349): CodeIgniter\CodeIgniter->handleRequest(null, Object(Config\Cache), false)
11 FCPATH\index.php(55): CodeIgniter\CodeIgniter->run()
12 SYSTEMPATH\Commands\Server\rewrite.php(43): require_once('FCPATH\\index.php')
CRITICAL - 2023-10-08 11:03:29 --> Undefined property: App\Controllers\Admin::$db
in APPPATH\Controllers\Admin.php on line 57.
 1 APPPATH\Controllers\Admin.php(57): CodeIgniter\Debug\Exceptions->errorHandler(8, 'Undefined property: App\\Controllers\\Admin::$db', 'APPPATH\\Controllers\\Admin.php', 57, [...])
 2 SYSTEMPATH\CodeIgniter.php(896): App\Controllers\Admin->dashboard()
 3 SYSTEMPATH\CodeIgniter.php(466): CodeIgniter\CodeIgniter->runController(Object(App\Controllers\Admin))
 4 SYSTEMPATH\CodeIgniter.php(349): CodeIgniter\CodeIgniter->handleRequest(null, Object(Config\Cache), false)
 5 FCPATH\index.php(55): CodeIgniter\CodeIgniter->run()
 6 SYSTEMPATH\Commands\Server\rewrite.php(43): require_once('FCPATH\\index.php')
CRITICAL - 2023-10-08 11:04:11 --> Undefined property: App\Controllers\Admin::$db
in APPPATH\Controllers\Admin.php on line 57.
 1 APPPATH\Controllers\Admin.php(57): CodeIgniter\Debug\Exceptions->errorHandler(8, 'Undefined property: App\\Controllers\\Admin::$db', 'APPPATH\\Controllers\\Admin.php', 57, [...])
 2 SYSTEMPATH\CodeIgniter.php(896): App\Controllers\Admin->dashboard()
 3 SYSTEMPATH\CodeIgniter.php(466): CodeIgniter\CodeIgniter->runController(Object(App\Controllers\Admin))
 4 SYSTEMPATH\CodeIgniter.php(349): CodeIgniter\CodeIgniter->handleRequest(null, Object(Config\Cache), false)
 5 FCPATH\index.php(55): CodeIgniter\CodeIgniter->run()
 6 SYSTEMPATH\Commands\Server\rewrite.php(43): require_once('FCPATH\\index.php')
ERROR - 2023-10-08 11:04:22 --> Unknown column 'pendaftaran.id' in 'on clause'
CRITICAL - 2023-10-08 11:04:22 --> Unknown column 'pendaftaran.id' in 'on clause'
in SYSTEMPATH\Database\MySQLi\Connection.php on line 292.
 1 SYSTEMPATH\Database\MySQLi\Connection.php(292): mysqli->query('SELECT `pendaftaran`.`id_pendaftar`, `tahap`.`nama_tahap`, `id_pendaftar`
FROM `pendaftaran`
JOIN `tahap` ON `tahap`.`id` = `pendaftaran`.`id`
WHERE `pendaftaran`.`periode` = 2
GROUP BY `id_pendaftar`', 0)
 2 SYSTEMPATH\Database\BaseConnection.php(695): CodeIgniter\Database\MySQLi\Connection->execute('SELECT `pendaftaran`.`id_pendaftar`, `tahap`.`nama_tahap`, `id_pendaftar`
FROM `pendaftaran`
JOIN `tahap` ON `tahap`.`id` = `pendaftaran`.`id`
WHERE `pendaftaran`.`periode` = 2
GROUP BY `id_pendaftar`')
 3 SYSTEMPATH\Database\BaseConnection.php(609): CodeIgniter\Database\BaseConnection->simpleQuery('SELECT `pendaftaran`.`id_pendaftar`, `tahap`.`nama_tahap`, `id_pendaftar`
FROM `pendaftaran`
JOIN `tahap` ON `tahap`.`id` = `pendaftaran`.`id`
WHERE `pendaftaran`.`periode` = 2
GROUP BY `id_pendaftar`')
 4 SYSTEMPATH\Database\BaseBuilder.php(1585): CodeIgniter\Database\BaseConnection->query('SELECT `pendaftaran`.`id_pendaftar`, `tahap`.`nama_tahap`, `id_pendaftar`
FROM `pendaftaran`
JOIN `tahap` ON `tahap`.`id` = `pendaftaran`.`id`
WHERE `pendaftaran`.`periode` = :pendaftaran.periode:
GROUP BY `id_pendaftar`', [...], false)
 5 APPPATH\Controllers\Admin.php(62): CodeIgniter\Database\BaseBuilder->get()
 6 SYSTEMPATH\CodeIgniter.php(896): App\Controllers\Admin->dashboard()
 7 SYSTEMPATH\CodeIgniter.php(466): CodeIgniter\CodeIgniter->runController(Object(App\Controllers\Admin))
 8 SYSTEMPATH\CodeIgniter.php(349): CodeIgniter\CodeIgniter->handleRequest(null, Object(Config\Cache), false)
 9 FCPATH\index.php(55): CodeIgniter\CodeIgniter->run()
10 SYSTEMPATH\Commands\Server\rewrite.php(43): require_once('FCPATH\\index.php')
CRITICAL - 2023-10-08 11:04:50 --> syntax error, unexpected '}', expecting end of file
in APPPATH\Views\Admin\dashboard.php on line 12.
 1 SYSTEMPATH\View\View.php(216): CodeIgniter\View\View->CodeIgniter\View\{closure}()
 2 SYSTEMPATH\Common.php(1135): CodeIgniter\View\View->render('Admin/dashboard', [], true)
 3 APPPATH\Controllers\Admin.php(94): view('Admin/dashboard', [...])
 4 SYSTEMPATH\CodeIgniter.php(896): App\Controllers\Admin->dashboard()
 5 SYSTEMPATH\CodeIgniter.php(466): CodeIgniter\CodeIgniter->runController(Object(App\Controllers\Admin))
 6 SYSTEMPATH\CodeIgniter.php(349): CodeIgniter\CodeIgniter->handleRequest(null, Object(Config\Cache), false)
 7 FCPATH\index.php(55): CodeIgniter\CodeIgniter->run()
 8 SYSTEMPATH\Commands\Server\rewrite.php(43): require_once('FCPATH\\index.php')
CRITICAL - 2023-10-08 11:05:41 --> Undefined property: mysqli::$nama_tahap
in APPPATH\Views\Admin\dashboard.php on line 11.
 1 APPPATH\Views\Admin\dashboard.php(11): CodeIgniter\Debug\Exceptions->errorHandler(8, 'Undefined property: mysqli::$nama_tahap', 'APPPATH\\Views\\Admin\\dashboard.php', 11, [...])
 2 SYSTEMPATH\View\View.php(213): include('APPPATH\\Views\\Admin\\dashboard.php')
 3 SYSTEMPATH\View\View.php(216): CodeIgniter\View\View->CodeIgniter\View\{closure}()
 4 SYSTEMPATH\Common.php(1135): CodeIgniter\View\View->render('Admin/dashboard', [], true)
 5 APPPATH\Controllers\Admin.php(94): view('Admin/dashboard', [...])
 6 SYSTEMPATH\CodeIgniter.php(896): App\Controllers\Admin->dashboard()
 7 SYSTEMPATH\CodeIgniter.php(466): CodeIgniter\CodeIgniter->runController(Object(App\Controllers\Admin))
 8 SYSTEMPATH\CodeIgniter.php(349): CodeIgniter\CodeIgniter->handleRequest(null, Object(Config\Cache), false)
 9 FCPATH\index.php(55): CodeIgniter\CodeIgniter->run()
10 SYSTEMPATH\Commands\Server\rewrite.php(43): require_once('FCPATH\\index.php')
CRITICAL - 2023-10-08 11:06:20 --> Object of class CodeIgniter\Database\MySQLi\Result could not be converted to string
in APPPATH\Views\Admin\dashboard.php on line 11.
 1 SYSTEMPATH\View\View.php(213): include()
 2 SYSTEMPATH\View\View.php(216): CodeIgniter\View\View->CodeIgniter\View\{closure}()
 3 SYSTEMPATH\Common.php(1135): CodeIgniter\View\View->render('Admin/dashboard', [], true)
 4 APPPATH\Controllers\Admin.php(94): view('Admin/dashboard', [...])
 5 SYSTEMPATH\CodeIgniter.php(896): App\Controllers\Admin->dashboard()
 6 SYSTEMPATH\CodeIgniter.php(466): CodeIgniter\CodeIgniter->runController(Object(App\Controllers\Admin))
 7 SYSTEMPATH\CodeIgniter.php(349): CodeIgniter\CodeIgniter->handleRequest(null, Object(Config\Cache), false)
 8 FCPATH\index.php(55): CodeIgniter\CodeIgniter->run()
 9 SYSTEMPATH\Commands\Server\rewrite.php(43): require_once('FCPATH\\index.php')
CRITICAL - 2023-10-08 11:06:36 --> Undefined property: CodeIgniter\Database\MySQLi\Result::$nama_tahap
in APPPATH\Views\Admin\dashboard.php on line 11.
 1 APPPATH\Views\Admin\dashboard.php(11): CodeIgniter\Debug\Exceptions->errorHandler(8, 'Undefined property: CodeIgniter\\Database\\MySQLi\\Result::$nama_tahap', 'APPPATH\\Views\\Admin\\dashboard.php', 11, [...])
 2 SYSTEMPATH\View\View.php(213): include('APPPATH\\Views\\Admin\\dashboard.php')
 3 SYSTEMPATH\View\View.php(216): CodeIgniter\View\View->CodeIgniter\View\{closure}()
 4 SYSTEMPATH\Common.php(1135): CodeIgniter\View\View->render('Admin/dashboard', [], true)
 5 APPPATH\Controllers\Admin.php(94): view('Admin/dashboard', [...])
 6 SYSTEMPATH\CodeIgniter.php(896): App\Controllers\Admin->dashboard()
 7 SYSTEMPATH\CodeIgniter.php(466): CodeIgniter\CodeIgniter->runController(Object(App\Controllers\Admin))
 8 SYSTEMPATH\CodeIgniter.php(349): CodeIgniter\CodeIgniter->handleRequest(null, Object(Config\Cache), false)
 9 FCPATH\index.php(55): CodeIgniter\CodeIgniter->run()
10 SYSTEMPATH\Commands\Server\rewrite.php(43): require_once('FCPATH\\index.php')
CRITICAL - 2023-10-08 11:11:38 --> Undefined property: mysqli::$nama_tahap
in APPPATH\Views\Admin\dashboard.php on line 11.
 1 APPPATH\Views\Admin\dashboard.php(11): CodeIgniter\Debug\Exceptions->errorHandler(8, 'Undefined property: mysqli::$nama_tahap', 'APPPATH\\Views\\Admin\\dashboard.php', 11, [...])
 2 SYSTEMPATH\View\View.php(213): include('APPPATH\\Views\\Admin\\dashboard.php')
 3 SYSTEMPATH\View\View.php(216): CodeIgniter\View\View->CodeIgniter\View\{closure}()
 4 SYSTEMPATH\Common.php(1135): CodeIgniter\View\View->render('Admin/dashboard', [], true)
 5 APPPATH\Controllers\Admin.php(94): view('Admin/dashboard', [...])
 6 SYSTEMPATH\CodeIgniter.php(896): App\Controllers\Admin->dashboard()
 7 SYSTEMPATH\CodeIgniter.php(466): CodeIgniter\CodeIgniter->runController(Object(App\Controllers\Admin))
 8 SYSTEMPATH\CodeIgniter.php(349): CodeIgniter\CodeIgniter->handleRequest(null, Object(Config\Cache), false)
 9 FCPATH\index.php(55): CodeIgniter\CodeIgniter->run()
10 SYSTEMPATH\Commands\Server\rewrite.php(43): require_once('FCPATH\\index.php')
CRITICAL - 2023-10-08 11:13:24 --> Undefined property: mysqli::$nama_tahap
in APPPATH\Views\Admin\dashboard.php on line 11.
 1 APPPATH\Views\Admin\dashboard.php(11): CodeIgniter\Debug\Exceptions->errorHandler(8, 'Undefined property: mysqli::$nama_tahap', 'APPPATH\\Views\\Admin\\dashboard.php', 11, [...])
 2 SYSTEMPATH\View\View.php(213): include('APPPATH\\Views\\Admin\\dashboard.php')
 3 SYSTEMPATH\View\View.php(216): CodeIgniter\View\View->CodeIgniter\View\{closure}()
 4 SYSTEMPATH\Common.php(1135): CodeIgniter\View\View->render('Admin/dashboard', [], true)
 5 APPPATH\Controllers\Admin.php(94): view('Admin/dashboard', [...])
 6 SYSTEMPATH\CodeIgniter.php(896): App\Controllers\Admin->dashboard()
 7 SYSTEMPATH\CodeIgniter.php(466): CodeIgniter\CodeIgniter->runController(Object(App\Controllers\Admin))
 8 SYSTEMPATH\CodeIgniter.php(349): CodeIgniter\CodeIgniter->handleRequest(null, Object(Config\Cache), false)
 9 FCPATH\index.php(55): CodeIgniter\CodeIgniter->run()
10 SYSTEMPATH\Commands\Server\rewrite.php(43): require_once('FCPATH\\index.php')
CRITICAL - 2023-10-08 11:15:40 --> Undefined property: mysqli::$nama_tahap
in APPPATH\Views\Admin\dashboard.php on line 11.
 1 APPPATH\Views\Admin\dashboard.php(11): CodeIgniter\Debug\Exceptions->errorHandler(8, 'Undefined property: mysqli::$nama_tahap', 'APPPATH\\Views\\Admin\\dashboard.php', 11, [...])
 2 SYSTEMPATH\View\View.php(213): include('APPPATH\\Views\\Admin\\dashboard.php')
 3 SYSTEMPATH\View\View.php(216): CodeIgniter\View\View->CodeIgniter\View\{closure}()
 4 SYSTEMPATH\Common.php(1135): CodeIgniter\View\View->render('Admin/dashboard', [], true)
 5 APPPATH\Controllers\Admin.php(94): view('Admin/dashboard', [...])
 6 SYSTEMPATH\CodeIgniter.php(896): App\Controllers\Admin->dashboard()
 7 SYSTEMPATH\CodeIgniter.php(466): CodeIgniter\CodeIgniter->runController(Object(App\Controllers\Admin))
 8 SYSTEMPATH\CodeIgniter.php(349): CodeIgniter\CodeIgniter->handleRequest(null, Object(Config\Cache), false)
 9 FCPATH\index.php(55): CodeIgniter\CodeIgniter->run()
10 SYSTEMPATH\Commands\Server\rewrite.php(43): require_once('FCPATH\\index.php')
ERROR - 2023-10-08 11:21:52 --> Unknown column 'total' in 'field list'
CRITICAL - 2023-10-08 11:21:52 --> Unknown column 'total' in 'field list'
in SYSTEMPATH\Database\MySQLi\Connection.php on line 292.
 1 SYSTEMPATH\Database\MySQLi\Connection.php(292): mysqli->query('SELECT COUNT(`total`) AS `total`
FROM `pendaftaran`
JOIN `tahap` ON `tahap`.`id` = `pendaftaran`.`tahap`
WHERE `pendaftaran`.`periode` = 2
GROUP BY `id`', 0)
 2 SYSTEMPATH\Database\BaseConnection.php(695): CodeIgniter\Database\MySQLi\Connection->execute('SELECT COUNT(`total`) AS `total`
FROM `pendaftaran`
JOIN `tahap` ON `tahap`.`id` = `pendaftaran`.`tahap`
WHERE `pendaftaran`.`periode` = 2
GROUP BY `id`')
 3 SYSTEMPATH\Database\BaseConnection.php(609): CodeIgniter\Database\BaseConnection->simpleQuery('SELECT COUNT(`total`) AS `total`
FROM `pendaftaran`
JOIN `tahap` ON `tahap`.`id` = `pendaftaran`.`tahap`
WHERE `pendaftaran`.`periode` = 2
GROUP BY `id`')
 4 SYSTEMPATH\Database\BaseBuilder.php(1585): CodeIgniter\Database\BaseConnection->query('SELECT COUNT(`total`) AS `total`
FROM `pendaftaran`
JOIN `tahap` ON `tahap`.`id` = `pendaftaran`.`tahap`
WHERE `pendaftaran`.`periode` = :pendaftaran.periode:
GROUP BY `id`', [...], false)
 5 SYSTEMPATH\Model.php(222): CodeIgniter\Database\BaseBuilder->get()
 6 SYSTEMPATH\BaseModel.php(584): CodeIgniter\Model->doFindAll(0, 0)
 7 APPPATH\Controllers\Admin.php(48): CodeIgniter\BaseModel->findAll()
 8 SYSTEMPATH\CodeIgniter.php(896): App\Controllers\Admin->dashboard()
 9 SYSTEMPATH\CodeIgniter.php(466): CodeIgniter\CodeIgniter->runController(Object(App\Controllers\Admin))
10 SYSTEMPATH\CodeIgniter.php(349): CodeIgniter\CodeIgniter->handleRequest(null, Object(Config\Cache), false)
11 FCPATH\index.php(55): CodeIgniter\CodeIgniter->run()
12 SYSTEMPATH\Commands\Server\rewrite.php(43): require_once('FCPATH\\index.php')
CRITICAL - 2023-10-08 11:22:17 --> Call to undefined method CodeIgniter\Database\MySQLi\Builder::findAll()
in APPPATH\Controllers\Admin.php on line 62.
 1 SYSTEMPATH\CodeIgniter.php(896): App\Controllers\Admin->dashboard()
 2 SYSTEMPATH\CodeIgniter.php(466): CodeIgniter\CodeIgniter->runController(Object(App\Controllers\Admin))
 3 SYSTEMPATH\CodeIgniter.php(349): CodeIgniter\CodeIgniter->handleRequest(null, Object(Config\Cache), false)
 4 FCPATH\index.php(55): CodeIgniter\CodeIgniter->run()
 5 SYSTEMPATH\Commands\Server\rewrite.php(43): require_once('FCPATH\\index.php')
CRITICAL - 2023-10-08 11:25:01 --> Undefined property: mysqli::$nama_tahap
in APPPATH\Views\Admin\dashboard.php on line 11.
 1 APPPATH\Views\Admin\dashboard.php(11): CodeIgniter\Debug\Exceptions->errorHandler(8, 'Undefined property: mysqli::$nama_tahap', 'APPPATH\\Views\\Admin\\dashboard.php', 11, [...])
 2 SYSTEMPATH\View\View.php(213): include('APPPATH\\Views\\Admin\\dashboard.php')
 3 SYSTEMPATH\View\View.php(216): CodeIgniter\View\View->CodeIgniter\View\{closure}()
 4 SYSTEMPATH\Common.php(1135): CodeIgniter\View\View->render('Admin/dashboard', [], true)
 5 APPPATH\Controllers\Admin.php(93): view('Admin/dashboard', [...])
 6 SYSTEMPATH\CodeIgniter.php(896): App\Controllers\Admin->dashboard()
 7 SYSTEMPATH\CodeIgniter.php(466): CodeIgniter\CodeIgniter->runController(Object(App\Controllers\Admin))
 8 SYSTEMPATH\CodeIgniter.php(349): CodeIgniter\CodeIgniter->handleRequest(null, Object(Config\Cache), false)
 9 FCPATH\index.php(55): CodeIgniter\CodeIgniter->run()
10 SYSTEMPATH\Commands\Server\rewrite.php(43): require_once('FCPATH\\index.php')
CRITICAL - 2023-10-08 11:25:30 --> Undefined variable: builder
in APPPATH\Controllers\Admin.php on line 57.
 1 APPPATH\Controllers\Admin.php(57): CodeIgniter\Debug\Exceptions->errorHandler(8, 'Undefined variable: builder', 'APPPATH\\Controllers\\Admin.php', 57, [...])
 2 SYSTEMPATH\CodeIgniter.php(896): App\Controllers\Admin->dashboard()
 3 SYSTEMPATH\CodeIgniter.php(466): CodeIgniter\CodeIgniter->runController(Object(App\Controllers\Admin))
 4 SYSTEMPATH\CodeIgniter.php(349): CodeIgniter\CodeIgniter->handleRequest(null, Object(Config\Cache), false)
 5 FCPATH\index.php(55): CodeIgniter\CodeIgniter->run()
 6 SYSTEMPATH\Commands\Server\rewrite.php(43): require_once('FCPATH\\index.php')
CRITICAL - 2023-10-08 11:25:50 --> Undefined property: mysqli::$nama_tahap
in APPPATH\Views\Admin\dashboard.php on line 11.
 1 APPPATH\Views\Admin\dashboard.php(11): CodeIgniter\Debug\Exceptions->errorHandler(8, 'Undefined property: mysqli::$nama_tahap', 'APPPATH\\Views\\Admin\\dashboard.php', 11, [...])
 2 SYSTEMPATH\View\View.php(213): include('APPPATH\\Views\\Admin\\dashboard.php')
 3 SYSTEMPATH\View\View.php(216): CodeIgniter\View\View->CodeIgniter\View\{closure}()
 4 SYSTEMPATH\Common.php(1135): CodeIgniter\View\View->render('Admin/dashboard', [], true)
 5 APPPATH\Controllers\Admin.php(96): view('Admin/dashboard', [...])
 6 SYSTEMPATH\CodeIgniter.php(896): App\Controllers\Admin->dashboard()
 7 SYSTEMPATH\CodeIgniter.php(466): CodeIgniter\CodeIgniter->runController(Object(App\Controllers\Admin))
 8 SYSTEMPATH\CodeIgniter.php(349): CodeIgniter\CodeIgniter->handleRequest(null, Object(Config\Cache), false)
 9 FCPATH\index.php(55): CodeIgniter\CodeIgniter->run()
10 SYSTEMPATH\Commands\Server\rewrite.php(43): require_once('FCPATH\\index.php')
CRITICAL - 2023-10-08 11:31:57 --> Undefined property: mysqli::$nama_tahap
in APPPATH\Views\Admin\dashboard.php on line 11.
 1 APPPATH\Views\Admin\dashboard.php(11): CodeIgniter\Debug\Exceptions->errorHandler(8, 'Undefined property: mysqli::$nama_tahap', 'APPPATH\\Views\\Admin\\dashboard.php', 11, [...])
 2 SYSTEMPATH\View\View.php(213): include('APPPATH\\Views\\Admin\\dashboard.php')
 3 SYSTEMPATH\View\View.php(216): CodeIgniter\View\View->CodeIgniter\View\{closure}()
 4 SYSTEMPATH\Common.php(1135): CodeIgniter\View\View->render('Admin/dashboard', [], true)
 5 APPPATH\Controllers\Admin.php(95): view('Admin/dashboard', [...])
 6 SYSTEMPATH\CodeIgniter.php(896): App\Controllers\Admin->dashboard()
 7 SYSTEMPATH\CodeIgniter.php(466): CodeIgniter\CodeIgniter->runController(Object(App\Controllers\Admin))
 8 SYSTEMPATH\CodeIgniter.php(349): CodeIgniter\CodeIgniter->handleRequest(null, Object(Config\Cache), false)
 9 FCPATH\index.php(55): CodeIgniter\CodeIgniter->run()
10 SYSTEMPATH\Commands\Server\rewrite.php(43): require_once('FCPATH\\index.php')
CRITICAL - 2023-10-08 11:35:18 --> Undefined property: mysqli::$nama_tahap
in APPPATH\Views\Admin\dashboard.php on line 11.
 1 APPPATH\Views\Admin\dashboard.php(11): CodeIgniter\Debug\Exceptions->errorHandler(8, 'Undefined property: mysqli::$nama_tahap', 'APPPATH\\Views\\Admin\\dashboard.php', 11, [...])
 2 SYSTEMPATH\View\View.php(213): include('APPPATH\\Views\\Admin\\dashboard.php')
 3 SYSTEMPATH\View\View.php(216): CodeIgniter\View\View->CodeIgniter\View\{closure}()
 4 SYSTEMPATH\Common.php(1135): CodeIgniter\View\View->render('Admin/dashboard', [], true)
 5 APPPATH\Controllers\Admin.php(93): view('Admin/dashboard', [...])
 6 SYSTEMPATH\CodeIgniter.php(896): App\Controllers\Admin->dashboard()
 7 SYSTEMPATH\CodeIgniter.php(466): CodeIgniter\CodeIgniter->runController(Object(App\Controllers\Admin))
 8 SYSTEMPATH\CodeIgniter.php(349): CodeIgniter\CodeIgniter->handleRequest(null, Object(Config\Cache), false)
 9 FCPATH\index.php(55): CodeIgniter\CodeIgniter->run()
10 SYSTEMPATH\Commands\Server\rewrite.php(43): require_once('FCPATH\\index.php')
CRITICAL - 2023-10-08 11:35:51 --> Undefined property: mysqli::$nama_tahap
in APPPATH\Views\Admin\dashboard.php on line 11.
 1 APPPATH\Views\Admin\dashboard.php(11): CodeIgniter\Debug\Exceptions->errorHandler(8, 'Undefined property: mysqli::$nama_tahap', 'APPPATH\\Views\\Admin\\dashboard.php', 11, [...])
 2 SYSTEMPATH\View\View.php(213): include('APPPATH\\Views\\Admin\\dashboard.php')
 3 SYSTEMPATH\View\View.php(216): CodeIgniter\View\View->CodeIgniter\View\{closure}()
 4 SYSTEMPATH\Common.php(1135): CodeIgniter\View\View->render('Admin/dashboard', [], true)
 5 APPPATH\Controllers\Admin.php(93): view('Admin/dashboard', [...])
 6 SYSTEMPATH\CodeIgniter.php(896): App\Controllers\Admin->dashboard()
 7 SYSTEMPATH\CodeIgniter.php(466): CodeIgniter\CodeIgniter->runController(Object(App\Controllers\Admin))
 8 SYSTEMPATH\CodeIgniter.php(349): CodeIgniter\CodeIgniter->handleRequest(null, Object(Config\Cache), false)
 9 FCPATH\index.php(55): CodeIgniter\CodeIgniter->run()
10 SYSTEMPATH\Commands\Server\rewrite.php(43): require_once('FCPATH\\index.php')
ERROR - 2023-10-08 11:36:26 --> You have an error in your SQL syntax; check the manual that corresponds to your MariaDB server version for the right syntax to use near 'SELECT pendaftaran.id_pendaftar, tahap.nama_tahap, id, COUNT( * ) as total FR...' at line 1
CRITICAL - 2023-10-08 11:36:26 --> You have an error in your SQL syntax; check the manual that corresponds to your MariaDB server version for the right syntax to use near 'SELECT pendaftaran.id_pendaftar, tahap.nama_tahap, id, COUNT( * ) as total FR...' at line 1
in SYSTEMPATH\Database\MySQLi\Connection.php on line 292.
 1 SYSTEMPATH\Database\MySQLi\Connection.php(292): mysqli->query('SELECT SELECT pendaftaran.id_pendaftar, tahap.nama_tahap, id, COUNT( * ) as total FROM pendaftaran JOIN tahap ON tahap.id = pendaftaran.tahap where pendaftaran.periode = 2 GROUP BY id
FROM `pendaftaran`', 0)
 2 SYSTEMPATH\Database\BaseConnection.php(695): CodeIgniter\Database\MySQLi\Connection->execute('SELECT SELECT pendaftaran.id_pendaftar, tahap.nama_tahap, id, COUNT( * ) as total FROM pendaftaran JOIN tahap ON tahap.id = pendaftaran.tahap where pendaftaran.periode = 2 GROUP BY id
FROM `pendaftaran`')
 3 SYSTEMPATH\Database\BaseConnection.php(609): CodeIgniter\Database\BaseConnection->simpleQuery('SELECT SELECT pendaftaran.id_pendaftar, tahap.nama_tahap, id, COUNT( * ) as total FROM pendaftaran JOIN tahap ON tahap.id = pendaftaran.tahap where pendaftaran.periode = 2 GROUP BY id
FROM `pendaftaran`')
 4 SYSTEMPATH\Database\BaseBuilder.php(1585): CodeIgniter\Database\BaseConnection->query('SELECT SELECT pendaftaran.id_pendaftar, tahap.nama_tahap, id, COUNT( * ) as total FROM pendaftaran JOIN tahap ON tahap.id = pendaftaran.tahap where pendaftaran.periode = 2 GROUP BY id
FROM `pendaftaran`', [], false)
 5 APPPATH\Controllers\Admin.php(61): CodeIgniter\Database\BaseBuilder->get()
 6 SYSTEMPATH\CodeIgniter.php(896): App\Controllers\Admin->dashboard()
 7 SYSTEMPATH\CodeIgniter.php(466): CodeIgniter\CodeIgniter->runController(Object(App\Controllers\Admin))
 8 SYSTEMPATH\CodeIgniter.php(349): CodeIgniter\CodeIgniter->handleRequest(null, Object(Config\Cache), false)
 9 FCPATH\index.php(55): CodeIgniter\CodeIgniter->run()
10 SYSTEMPATH\Commands\Server\rewrite.php(43): require_once('FCPATH\\index.php')
CRITICAL - 2023-10-08 11:42:45 --> Undefined property: stdClass::$nama_tahap
in APPPATH\Views\Admin\dashboard.php on line 11.
 1 APPPATH\Views\Admin\dashboard.php(11): CodeIgniter\Debug\Exceptions->errorHandler(8, 'Undefined property: stdClass::$nama_tahap', 'APPPATH\\Views\\Admin\\dashboard.php', 11, [...])
 2 SYSTEMPATH\View\View.php(213): include('APPPATH\\Views\\Admin\\dashboard.php')
 3 SYSTEMPATH\View\View.php(216): CodeIgniter\View\View->CodeIgniter\View\{closure}()
 4 SYSTEMPATH\Common.php(1135): CodeIgniter\View\View->render('Admin/dashboard', [], true)
 5 APPPATH\Controllers\Admin.php(93): view('Admin/dashboard', [...])
 6 SYSTEMPATH\CodeIgniter.php(896): App\Controllers\Admin->dashboard()
 7 SYSTEMPATH\CodeIgniter.php(466): CodeIgniter\CodeIgniter->runController(Object(App\Controllers\Admin))
 8 SYSTEMPATH\CodeIgniter.php(349): CodeIgniter\CodeIgniter->handleRequest(null, Object(Config\Cache), false)
 9 FCPATH\index.php(55): CodeIgniter\CodeIgniter->run()
10 SYSTEMPATH\Commands\Server\rewrite.php(43): require_once('FCPATH\\index.php')
CRITICAL - 2023-10-08 11:43:28 --> Undefined property: stdClass::$nama_tahap
in APPPATH\Views\Admin\dashboard.php on line 11.
 1 APPPATH\Views\Admin\dashboard.php(11): CodeIgniter\Debug\Exceptions->errorHandler(8, 'Undefined property: stdClass::$nama_tahap', 'APPPATH\\Views\\Admin\\dashboard.php', 11, [...])
 2 SYSTEMPATH\View\View.php(213): include('APPPATH\\Views\\Admin\\dashboard.php')
 3 SYSTEMPATH\View\View.php(216): CodeIgniter\View\View->CodeIgniter\View\{closure}()
 4 SYSTEMPATH\Common.php(1135): CodeIgniter\View\View->render('Admin/dashboard', [], true)
 5 APPPATH\Controllers\Admin.php(93): view('Admin/dashboard', [...])
 6 SYSTEMPATH\CodeIgniter.php(896): App\Controllers\Admin->dashboard()
 7 SYSTEMPATH\CodeIgniter.php(466): CodeIgniter\CodeIgniter->runController(Object(App\Controllers\Admin))
 8 SYSTEMPATH\CodeIgniter.php(349): CodeIgniter\CodeIgniter->handleRequest(null, Object(Config\Cache), false)
 9 FCPATH\index.php(55): CodeIgniter\CodeIgniter->run()
10 SYSTEMPATH\Commands\Server\rewrite.php(43): require_once('FCPATH\\index.php')
CRITICAL - 2023-10-08 11:46:16 --> Undefined property: stdClass::$nama_tahap
in APPPATH\Views\Admin\dashboard.php on line 11.
 1 APPPATH\Views\Admin\dashboard.php(11): CodeIgniter\Debug\Exceptions->errorHandler(8, 'Undefined property: stdClass::$nama_tahap', 'APPPATH\\Views\\Admin\\dashboard.php', 11, [...])
 2 SYSTEMPATH\View\View.php(213): include('APPPATH\\Views\\Admin\\dashboard.php')
 3 SYSTEMPATH\View\View.php(216): CodeIgniter\View\View->CodeIgniter\View\{closure}()
 4 SYSTEMPATH\Common.php(1135): CodeIgniter\View\View->render('Admin/dashboard', [], true)
 5 APPPATH\Controllers\Admin.php(93): view('Admin/dashboard', [...])
 6 SYSTEMPATH\CodeIgniter.php(896): App\Controllers\Admin->dashboard()
 7 SYSTEMPATH\CodeIgniter.php(466): CodeIgniter\CodeIgniter->runController(Object(App\Controllers\Admin))
 8 SYSTEMPATH\CodeIgniter.php(349): CodeIgniter\CodeIgniter->handleRequest(null, Object(Config\Cache), false)
 9 FCPATH\index.php(55): CodeIgniter\CodeIgniter->run()
10 SYSTEMPATH\Commands\Server\rewrite.php(43): require_once('FCPATH\\index.php')
CRITICAL - 2023-10-08 11:48:00 --> Call to undefined method CodeIgniter\Database\MySQLi\Builder::getResult()
in APPPATH\Controllers\Admin.php on line 61.
 1 SYSTEMPATH\CodeIgniter.php(896): App\Controllers\Admin->dashboard()
 2 SYSTEMPATH\CodeIgniter.php(466): CodeIgniter\CodeIgniter->runController(Object(App\Controllers\Admin))
 3 SYSTEMPATH\CodeIgniter.php(349): CodeIgniter\CodeIgniter->handleRequest(null, Object(Config\Cache), false)
 4 FCPATH\index.php(55): CodeIgniter\CodeIgniter->run()
 5 SYSTEMPATH\Commands\Server\rewrite.php(43): require_once('FCPATH\\index.php')
CRITICAL - 2023-10-08 11:50:35 --> Undefined property: stdClass::$nama_tahap
in APPPATH\Views\Admin\dashboard.php on line 11.
 1 APPPATH\Views\Admin\dashboard.php(11): CodeIgniter\Debug\Exceptions->errorHandler(8, 'Undefined property: stdClass::$nama_tahap', 'APPPATH\\Views\\Admin\\dashboard.php', 11, [...])
 2 SYSTEMPATH\View\View.php(213): include('APPPATH\\Views\\Admin\\dashboard.php')
 3 SYSTEMPATH\View\View.php(216): CodeIgniter\View\View->CodeIgniter\View\{closure}()
 4 SYSTEMPATH\Common.php(1135): CodeIgniter\View\View->render('Admin/dashboard', [], true)
 5 APPPATH\Controllers\Admin.php(93): view('Admin/dashboard', [...])
 6 SYSTEMPATH\CodeIgniter.php(896): App\Controllers\Admin->dashboard()
 7 SYSTEMPATH\CodeIgniter.php(466): CodeIgniter\CodeIgniter->runController(Object(App\Controllers\Admin))
 8 SYSTEMPATH\CodeIgniter.php(349): CodeIgniter\CodeIgniter->handleRequest(null, Object(Config\Cache), false)
 9 FCPATH\index.php(55): CodeIgniter\CodeIgniter->run()
10 SYSTEMPATH\Commands\Server\rewrite.php(43): require_once('FCPATH\\index.php')
ERROR - 2023-10-08 11:54:31 --> You have an error in your SQL syntax; check the manual that corresponds to your MariaDB server version for the right syntax to use near 'FROM `pendaftaran`' at line 2
CRITICAL - 2023-10-08 11:54:31 --> You have an error in your SQL syntax; check the manual that corresponds to your MariaDB server version for the right syntax to use near 'FROM `pendaftaran`' at line 2
in SYSTEMPATH\Database\MySQLi\Connection.php on line 292.
 1 SYSTEMPATH\Database\MySQLi\Connection.php(292): mysqli->query('SELECT pendaftaran.id_pendaftar, tahap.nama_tahap, id, COUNT( * ) as total FROM pendaftaran JOIN tahap ON tahap.id = pendaftaran.tahap where pendaftaran.periode = 2 GROUP BY id
FROM `pendaftaran`', 0)
 2 SYSTEMPATH\Database\BaseConnection.php(695): CodeIgniter\Database\MySQLi\Connection->execute('SELECT pendaftaran.id_pendaftar, tahap.nama_tahap, id, COUNT( * ) as total FROM pendaftaran JOIN tahap ON tahap.id = pendaftaran.tahap where pendaftaran.periode = 2 GROUP BY id
FROM `pendaftaran`')
 3 SYSTEMPATH\Database\BaseConnection.php(609): CodeIgniter\Database\BaseConnection->simpleQuery('SELECT pendaftaran.id_pendaftar, tahap.nama_tahap, id, COUNT( * ) as total FROM pendaftaran JOIN tahap ON tahap.id = pendaftaran.tahap where pendaftaran.periode = 2 GROUP BY id
FROM `pendaftaran`')
 4 SYSTEMPATH\Database\BaseBuilder.php(1585): CodeIgniter\Database\BaseConnection->query('SELECT pendaftaran.id_pendaftar, tahap.nama_tahap, id, COUNT( * ) as total FROM pendaftaran JOIN tahap ON tahap.id = pendaftaran.tahap where pendaftaran.periode = 2 GROUP BY id
FROM `pendaftaran`', [], false)
 5 APPPATH\Controllers\Admin.php(61): CodeIgniter\Database\BaseBuilder->get()
 6 SYSTEMPATH\CodeIgniter.php(896): App\Controllers\Admin->dashboard()
 7 SYSTEMPATH\CodeIgniter.php(466): CodeIgniter\CodeIgniter->runController(Object(App\Controllers\Admin))
 8 SYSTEMPATH\CodeIgniter.php(349): CodeIgniter\CodeIgniter->handleRequest(null, Object(Config\Cache), false)
 9 FCPATH\index.php(55): CodeIgniter\CodeIgniter->run()
10 SYSTEMPATH\Commands\Server\rewrite.php(43): require_once('FCPATH\\index.php')
ERROR - 2023-10-08 11:56:06 --> You have an error in your SQL syntax; check the manual that corresponds to your MariaDB server version for the right syntax to use near 'FROM `pendaftaran`' at line 2
CRITICAL - 2023-10-08 11:56:06 --> You have an error in your SQL syntax; check the manual that corresponds to your MariaDB server version for the right syntax to use near 'FROM `pendaftaran`' at line 2
in SYSTEMPATH\Database\MySQLi\Connection.php on line 292.
 1 SYSTEMPATH\Database\MySQLi\Connection.php(292): mysqli->query('SELECT `pendaftaran`.`id_pendaftar`, `tahap`.`nama_tahap`, `id`, COUNT( * ) as total FROM pendaftaran JOIN tahap ON tahap.id = pendaftaran.tahap where pendaftaran.periode = 2 GROUP BY id
FROM `pendaftaran`', 0)
 2 SYSTEMPATH\Database\BaseConnection.php(695): CodeIgniter\Database\MySQLi\Connection->execute('SELECT `pendaftaran`.`id_pendaftar`, `tahap`.`nama_tahap`, `id`, COUNT( * ) as total FROM pendaftaran JOIN tahap ON tahap.id = pendaftaran.tahap where pendaftaran.periode = 2 GROUP BY id
FROM `pendaftaran`')
 3 SYSTEMPATH\Database\BaseConnection.php(609): CodeIgniter\Database\BaseConnection->simpleQuery('SELECT `pendaftaran`.`id_pendaftar`, `tahap`.`nama_tahap`, `id`, COUNT( * ) as total FROM pendaftaran JOIN tahap ON tahap.id = pendaftaran.tahap where pendaftaran.periode = 2 GROUP BY id
FROM `pendaftaran`')
 4 SYSTEMPATH\Database\BaseBuilder.php(1585): CodeIgniter\Database\BaseConnection->query('SELECT `pendaftaran`.`id_pendaftar`, `tahap`.`nama_tahap`, `id`, COUNT( * ) as total FROM pendaftaran JOIN tahap ON tahap.id = pendaftaran.tahap where pendaftaran.periode = 2 GROUP BY id
FROM `pendaftaran`', [], false)
 5 APPPATH\Controllers\Admin.php(61): CodeIgniter\Database\BaseBuilder->get()
 6 SYSTEMPATH\CodeIgniter.php(896): App\Controllers\Admin->dashboard()
 7 SYSTEMPATH\CodeIgniter.php(466): CodeIgniter\CodeIgniter->runController(Object(App\Controllers\Admin))
 8 SYSTEMPATH\CodeIgniter.php(349): CodeIgniter\CodeIgniter->handleRequest(null, Object(Config\Cache), false)
 9 FCPATH\index.php(55): CodeIgniter\CodeIgniter->run()
10 SYSTEMPATH\Commands\Server\rewrite.php(43): require_once('FCPATH\\index.php')
ERROR - 2023-10-08 11:56:29 --> You have an error in your SQL syntax; check the manual that corresponds to your MariaDB server version for the right syntax to use near 'FROM `pendaftaran`' at line 2
CRITICAL - 2023-10-08 11:56:29 --> You have an error in your SQL syntax; check the manual that corresponds to your MariaDB server version for the right syntax to use near 'FROM `pendaftaran`' at line 2
in SYSTEMPATH\Database\MySQLi\Connection.php on line 292.
 1 SYSTEMPATH\Database\MySQLi\Connection.php(292): mysqli->query('SELECT pendaftaran.id_pendaftar, tahap.nama_tahap, id, COUNT( * ) as total FROM pendaftaran JOIN tahap ON tahap.id = pendaftaran.tahap where pendaftaran.periode = 2 GROUP BY id
FROM `pendaftaran`', 0)
 2 SYSTEMPATH\Database\BaseConnection.php(695): CodeIgniter\Database\MySQLi\Connection->execute('SELECT pendaftaran.id_pendaftar, tahap.nama_tahap, id, COUNT( * ) as total FROM pendaftaran JOIN tahap ON tahap.id = pendaftaran.tahap where pendaftaran.periode = 2 GROUP BY id
FROM `pendaftaran`')
 3 SYSTEMPATH\Database\BaseConnection.php(609): CodeIgniter\Database\BaseConnection->simpleQuery('SELECT pendaftaran.id_pendaftar, tahap.nama_tahap, id, COUNT( * ) as total FROM pendaftaran JOIN tahap ON tahap.id = pendaftaran.tahap where pendaftaran.periode = 2 GROUP BY id
FROM `pendaftaran`')
 4 SYSTEMPATH\Database\BaseBuilder.php(1585): CodeIgniter\Database\BaseConnection->query('SELECT pendaftaran.id_pendaftar, tahap.nama_tahap, id, COUNT( * ) as total FROM pendaftaran JOIN tahap ON tahap.id = pendaftaran.tahap where pendaftaran.periode = 2 GROUP BY id
FROM `pendaftaran`', [], false)
 5 APPPATH\Controllers\Admin.php(61): CodeIgniter\Database\BaseBuilder->get()
 6 SYSTEMPATH\CodeIgniter.php(896): App\Controllers\Admin->dashboard()
 7 SYSTEMPATH\CodeIgniter.php(466): CodeIgniter\CodeIgniter->runController(Object(App\Controllers\Admin))
 8 SYSTEMPATH\CodeIgniter.php(349): CodeIgniter\CodeIgniter->handleRequest(null, Object(Config\Cache), false)
 9 FCPATH\index.php(55): CodeIgniter\CodeIgniter->run()
10 SYSTEMPATH\Commands\Server\rewrite.php(43): require_once('FCPATH\\index.php')
CRITICAL - 2023-10-08 11:57:05 --> Call to undefined method CodeIgniter\Database\MySQLi\Builder::getResult()
in APPPATH\Controllers\Admin.php on line 61.
 1 SYSTEMPATH\CodeIgniter.php(896): App\Controllers\Admin->dashboard()
 2 SYSTEMPATH\CodeIgniter.php(466): CodeIgniter\CodeIgniter->runController(Object(App\Controllers\Admin))
 3 SYSTEMPATH\CodeIgniter.php(349): CodeIgniter\CodeIgniter->handleRequest(null, Object(Config\Cache), false)
 4 FCPATH\index.php(55): CodeIgniter\CodeIgniter->run()
 5 SYSTEMPATH\Commands\Server\rewrite.php(43): require_once('FCPATH\\index.php')
CRITICAL - 2023-10-08 11:58:57 --> Call to undefined method CodeIgniter\Database\MySQLi\Connection::select()
in APPPATH\Controllers\Admin.php on line 60.
 1 SYSTEMPATH\CodeIgniter.php(896): App\Controllers\Admin->dashboard()
 2 SYSTEMPATH\CodeIgniter.php(466): CodeIgniter\CodeIgniter->runController(Object(App\Controllers\Admin))
 3 SYSTEMPATH\CodeIgniter.php(349): CodeIgniter\CodeIgniter->handleRequest(null, Object(Config\Cache), false)
 4 FCPATH\index.php(55): CodeIgniter\CodeIgniter->run()
 5 SYSTEMPATH\Commands\Server\rewrite.php(43): require_once('FCPATH\\index.php')
CRITICAL - 2023-10-08 12:01:21 --> Trying to get property 'nama_tahap' of non-object
in APPPATH\Views\Admin\dashboard.php on line 11.
 1 APPPATH\Views\Admin\dashboard.php(11): CodeIgniter\Debug\Exceptions->errorHandler(8, 'Trying to get property \'nama_tahap\' of non-object', 'APPPATH\\Views\\Admin\\dashboard.php', 11, [...])
 2 SYSTEMPATH\View\View.php(213): include('APPPATH\\Views\\Admin\\dashboard.php')
 3 SYSTEMPATH\View\View.php(216): CodeIgniter\View\View->CodeIgniter\View\{closure}()
 4 SYSTEMPATH\Common.php(1135): CodeIgniter\View\View->render('Admin/dashboard', [], true)
 5 APPPATH\Controllers\Admin.php(93): view('Admin/dashboard', [...])
 6 SYSTEMPATH\CodeIgniter.php(896): App\Controllers\Admin->dashboard()
 7 SYSTEMPATH\CodeIgniter.php(466): CodeIgniter\CodeIgniter->runController(Object(App\Controllers\Admin))
 8 SYSTEMPATH\CodeIgniter.php(349): CodeIgniter\CodeIgniter->handleRequest(null, Object(Config\Cache), false)
 9 FCPATH\index.php(55): CodeIgniter\CodeIgniter->run()
10 SYSTEMPATH\Commands\Server\rewrite.php(43): require_once('FCPATH\\index.php')
CRITICAL - 2023-10-08 12:03:03 --> Call to undefined method CodeIgniter\Database\MySQLi\Builder::getResult()
in APPPATH\Views\Admin\dashboard.php on line 10.
 1 SYSTEMPATH\View\View.php(213): include()
 2 SYSTEMPATH\View\View.php(216): CodeIgniter\View\View->CodeIgniter\View\{closure}()
 3 SYSTEMPATH\Common.php(1135): CodeIgniter\View\View->render('Admin/dashboard', [], true)
 4 APPPATH\Controllers\Admin.php(93): view('Admin/dashboard', [...])
 5 SYSTEMPATH\CodeIgniter.php(896): App\Controllers\Admin->dashboard()
 6 SYSTEMPATH\CodeIgniter.php(466): CodeIgniter\CodeIgniter->runController(Object(App\Controllers\Admin))
 7 SYSTEMPATH\CodeIgniter.php(349): CodeIgniter\CodeIgniter->handleRequest(null, Object(Config\Cache), false)
 8 FCPATH\index.php(55): CodeIgniter\CodeIgniter->run()
 9 SYSTEMPATH\Commands\Server\rewrite.php(43): require_once('FCPATH\\index.php')
ERROR - 2023-10-08 12:03:41 --> You have an error in your SQL syntax; check the manual that corresponds to your MariaDB server version for the right syntax to use near 'JOIN tahap ON tahap.id = pendaftaran.tahap where pendaftaran.periode = 2 GROU...' at line 1
CRITICAL - 2023-10-08 12:03:41 --> You have an error in your SQL syntax; check the manual that corresponds to your MariaDB server version for the right syntax to use near 'JOIN tahap ON tahap.id = pendaftaran.tahap where pendaftaran.periode = 2 GROU...' at line 1
in SYSTEMPATH\Database\MySQLi\Connection.php on line 292.
 1 SYSTEMPATH\Database\MySQLi\Connection.php(292): mysqli->query('SELECT pendaftaran.id_pendaftar, tahap.nama_tahap, id, COUNT( * ) as total JOIN tahap ON tahap.id = pendaftaran.tahap where pendaftaran.periode = 2 GROUP BY id
FROM `pendaftaran`', 0)
 2 SYSTEMPATH\Database\BaseConnection.php(695): CodeIgniter\Database\MySQLi\Connection->execute('SELECT pendaftaran.id_pendaftar, tahap.nama_tahap, id, COUNT( * ) as total JOIN tahap ON tahap.id = pendaftaran.tahap where pendaftaran.periode = 2 GROUP BY id
FROM `pendaftaran`')
 3 SYSTEMPATH\Database\BaseConnection.php(609): CodeIgniter\Database\BaseConnection->simpleQuery('SELECT pendaftaran.id_pendaftar, tahap.nama_tahap, id, COUNT( * ) as total JOIN tahap ON tahap.id = pendaftaran.tahap where pendaftaran.periode = 2 GROUP BY id
FROM `pendaftaran`')
 4 SYSTEMPATH\Database\BaseBuilder.php(1585): CodeIgniter\Database\BaseConnection->query('SELECT pendaftaran.id_pendaftar, tahap.nama_tahap, id, COUNT( * ) as total JOIN tahap ON tahap.id = pendaftaran.tahap where pendaftaran.periode = 2 GROUP BY id
FROM `pendaftaran`', [], false)
 5 APPPATH\Controllers\Admin.php(61): CodeIgniter\Database\BaseBuilder->get()
 6 SYSTEMPATH\CodeIgniter.php(896): App\Controllers\Admin->dashboard()
 7 SYSTEMPATH\CodeIgniter.php(466): CodeIgniter\CodeIgniter->runController(Object(App\Controllers\Admin))
 8 SYSTEMPATH\CodeIgniter.php(349): CodeIgniter\CodeIgniter->handleRequest(null, Object(Config\Cache), false)
 9 FCPATH\index.php(55): CodeIgniter\CodeIgniter->run()
10 SYSTEMPATH\Commands\Server\rewrite.php(43): require_once('FCPATH\\index.php')
CRITICAL - 2023-10-08 12:07:19 --> Undefined variable: builder
in APPPATH\Controllers\Admin.php on line 60.
 1 APPPATH\Controllers\Admin.php(60): CodeIgniter\Debug\Exceptions->errorHandler(8, 'Undefined variable: builder', 'APPPATH\\Controllers\\Admin.php', 60, [...])
 2 SYSTEMPATH\CodeIgniter.php(896): App\Controllers\Admin->dashboard()
 3 SYSTEMPATH\CodeIgniter.php(466): CodeIgniter\CodeIgniter->runController(Object(App\Controllers\Admin))
 4 SYSTEMPATH\CodeIgniter.php(349): CodeIgniter\CodeIgniter->handleRequest(null, Object(Config\Cache), false)
 5 FCPATH\index.php(55): CodeIgniter\CodeIgniter->run()
 6 SYSTEMPATH\Commands\Server\rewrite.php(43): require_once('FCPATH\\index.php')
CRITICAL - 2023-10-08 12:08:36 --> Call to undefined method CodeIgniter\Database\MySQLi\Connection::select()
in APPPATH\Controllers\Admin.php on line 60.
 1 SYSTEMPATH\CodeIgniter.php(896): App\Controllers\Admin->dashboard()
 2 SYSTEMPATH\CodeIgniter.php(466): CodeIgniter\CodeIgniter->runController(Object(App\Controllers\Admin))
 3 SYSTEMPATH\CodeIgniter.php(349): CodeIgniter\CodeIgniter->handleRequest(null, Object(Config\Cache), false)
 4 FCPATH\index.php(55): CodeIgniter\CodeIgniter->run()
 5 SYSTEMPATH\Commands\Server\rewrite.php(43): require_once('FCPATH\\index.php')
ERROR - 2023-10-08 12:08:53 --> You have an error in your SQL syntax; check the manual that corresponds to your MariaDB server version for the right syntax to use near 'FROM `pendaftaran`' at line 2
CRITICAL - 2023-10-08 12:08:53 --> You have an error in your SQL syntax; check the manual that corresponds to your MariaDB server version for the right syntax to use near 'FROM `pendaftaran`' at line 2
in SYSTEMPATH\Database\MySQLi\Connection.php on line 292.
 1 SYSTEMPATH\Database\MySQLi\Connection.php(292): mysqli->query('SELECT pendaftaran.id_pendaftar, tahap.nama_tahap, id, COUNT( * ) as total FROM pendaftaran JOIN tahap ON tahap.id = pendaftaran.tahap where pendaftaran.periode = 2 GROUP BY id
FROM `pendaftaran`', 0)
 2 SYSTEMPATH\Database\BaseConnection.php(695): CodeIgniter\Database\MySQLi\Connection->execute('SELECT pendaftaran.id_pendaftar, tahap.nama_tahap, id, COUNT( * ) as total FROM pendaftaran JOIN tahap ON tahap.id = pendaftaran.tahap where pendaftaran.periode = 2 GROUP BY id
FROM `pendaftaran`')
 3 SYSTEMPATH\Database\BaseConnection.php(609): CodeIgniter\Database\BaseConnection->simpleQuery('SELECT pendaftaran.id_pendaftar, tahap.nama_tahap, id, COUNT( * ) as total FROM pendaftaran JOIN tahap ON tahap.id = pendaftaran.tahap where pendaftaran.periode = 2 GROUP BY id
FROM `pendaftaran`')
 4 SYSTEMPATH\Database\BaseBuilder.php(1585): CodeIgniter\Database\BaseConnection->query('SELECT pendaftaran.id_pendaftar, tahap.nama_tahap, id, COUNT( * ) as total FROM pendaftaran JOIN tahap ON tahap.id = pendaftaran.tahap where pendaftaran.periode = 2 GROUP BY id
FROM `pendaftaran`', [], false)
 5 APPPATH\Controllers\Admin.php(61): CodeIgniter\Database\BaseBuilder->get()
 6 SYSTEMPATH\CodeIgniter.php(896): App\Controllers\Admin->dashboard()
 7 SYSTEMPATH\CodeIgniter.php(466): CodeIgniter\CodeIgniter->runController(Object(App\Controllers\Admin))
 8 SYSTEMPATH\CodeIgniter.php(349): CodeIgniter\CodeIgniter->handleRequest(null, Object(Config\Cache), false)
 9 FCPATH\index.php(55): CodeIgniter\CodeIgniter->run()
10 SYSTEMPATH\Commands\Server\rewrite.php(43): require_once('FCPATH\\index.php')
ERROR - 2023-10-08 12:09:12 --> You have an error in your SQL syntax; check the manual that corresponds to your MariaDB server version for the right syntax to use near 'FROM `pendaftaran`' at line 2
CRITICAL - 2023-10-08 12:09:12 --> You have an error in your SQL syntax; check the manual that corresponds to your MariaDB server version for the right syntax to use near 'FROM `pendaftaran`' at line 2
in SYSTEMPATH\Database\MySQLi\Connection.php on line 292.
 1 SYSTEMPATH\Database\MySQLi\Connection.php(292): mysqli->query('SELECT pendaftaran.id_pendaftar, tahap.nama_tahap, id, COUNT( * ) as total FROM pendaftaran JOIN tahap ON tahap.id = pendaftaran.tahap where pendaftaran.periode = 2 GROUP BY id
FROM `pendaftaran`', 0)
 2 SYSTEMPATH\Database\BaseConnection.php(695): CodeIgniter\Database\MySQLi\Connection->execute('SELECT pendaftaran.id_pendaftar, tahap.nama_tahap, id, COUNT( * ) as total FROM pendaftaran JOIN tahap ON tahap.id = pendaftaran.tahap where pendaftaran.periode = 2 GROUP BY id
FROM `pendaftaran`')
 3 SYSTEMPATH\Database\BaseConnection.php(609): CodeIgniter\Database\BaseConnection->simpleQuery('SELECT pendaftaran.id_pendaftar, tahap.nama_tahap, id, COUNT( * ) as total FROM pendaftaran JOIN tahap ON tahap.id = pendaftaran.tahap where pendaftaran.periode = 2 GROUP BY id
FROM `pendaftaran`')
 4 SYSTEMPATH\Database\BaseBuilder.php(1585): CodeIgniter\Database\BaseConnection->query('SELECT pendaftaran.id_pendaftar, tahap.nama_tahap, id, COUNT( * ) as total FROM pendaftaran JOIN tahap ON tahap.id = pendaftaran.tahap where pendaftaran.periode = 2 GROUP BY id
FROM `pendaftaran`', [], false)
 5 APPPATH\Controllers\Admin.php(61): CodeIgniter\Database\BaseBuilder->get()
 6 SYSTEMPATH\CodeIgniter.php(896): App\Controllers\Admin->dashboard()
 7 SYSTEMPATH\CodeIgniter.php(466): CodeIgniter\CodeIgniter->runController(Object(App\Controllers\Admin))
 8 SYSTEMPATH\CodeIgniter.php(349): CodeIgniter\CodeIgniter->handleRequest(null, Object(Config\Cache), false)
 9 FCPATH\index.php(55): CodeIgniter\CodeIgniter->run()
10 SYSTEMPATH\Commands\Server\rewrite.php(43): require_once('FCPATH\\index.php')
ERROR - 2023-10-08 12:09:42 --> You have an error in your SQL syntax; check the manual that corresponds to your MariaDB server version for the right syntax to use near 'FROM `pendaftaran`' at line 2
CRITICAL - 2023-10-08 12:09:42 --> You have an error in your SQL syntax; check the manual that corresponds to your MariaDB server version for the right syntax to use near 'FROM `pendaftaran`' at line 2
in SYSTEMPATH\Database\MySQLi\Connection.php on line 292.
 1 SYSTEMPATH\Database\MySQLi\Connection.php(292): mysqli->query('SELECT `pendaftaran`.`id_pendaftar`, `tahap`.`nama_tahap`, `id`, COUNT( * ) as total FROM pendaftaran JOIN tahap ON tahap.id = pendaftaran.tahap where pendaftaran.periode = 2 GROUP BY id
FROM `pendaftaran`', 0)
 2 SYSTEMPATH\Database\BaseConnection.php(695): CodeIgniter\Database\MySQLi\Connection->execute('SELECT `pendaftaran`.`id_pendaftar`, `tahap`.`nama_tahap`, `id`, COUNT( * ) as total FROM pendaftaran JOIN tahap ON tahap.id = pendaftaran.tahap where pendaftaran.periode = 2 GROUP BY id
FROM `pendaftaran`')
 3 SYSTEMPATH\Database\BaseConnection.php(609): CodeIgniter\Database\BaseConnection->simpleQuery('SELECT `pendaftaran`.`id_pendaftar`, `tahap`.`nama_tahap`, `id`, COUNT( * ) as total FROM pendaftaran JOIN tahap ON tahap.id = pendaftaran.tahap where pendaftaran.periode = 2 GROUP BY id
FROM `pendaftaran`')
 4 SYSTEMPATH\Database\BaseBuilder.php(1585): CodeIgniter\Database\BaseConnection->query('SELECT `pendaftaran`.`id_pendaftar`, `tahap`.`nama_tahap`, `id`, COUNT( * ) as total FROM pendaftaran JOIN tahap ON tahap.id = pendaftaran.tahap where pendaftaran.periode = 2 GROUP BY id
FROM `pendaftaran`', [], false)
 5 APPPATH\Controllers\Admin.php(61): CodeIgniter\Database\BaseBuilder->get()
 6 SYSTEMPATH\CodeIgniter.php(896): App\Controllers\Admin->dashboard()
 7 SYSTEMPATH\CodeIgniter.php(466): CodeIgniter\CodeIgniter->runController(Object(App\Controllers\Admin))
 8 SYSTEMPATH\CodeIgniter.php(349): CodeIgniter\CodeIgniter->handleRequest(null, Object(Config\Cache), false)
 9 FCPATH\index.php(55): CodeIgniter\CodeIgniter->run()
10 SYSTEMPATH\Commands\Server\rewrite.php(43): require_once('FCPATH\\index.php')
CRITICAL - 2023-10-08 12:10:19 --> Call to undefined method CodeIgniter\Database\MySQLi\Builder::getResult()
in APPPATH\Views\Admin\dashboard.php on line 10.
 1 SYSTEMPATH\View\View.php(213): include()
 2 SYSTEMPATH\View\View.php(216): CodeIgniter\View\View->CodeIgniter\View\{closure}()
 3 SYSTEMPATH\Common.php(1135): CodeIgniter\View\View->render('Admin/dashboard', [], true)
 4 APPPATH\Controllers\Admin.php(93): view('Admin/dashboard', [...])
 5 SYSTEMPATH\CodeIgniter.php(896): App\Controllers\Admin->dashboard()
 6 SYSTEMPATH\CodeIgniter.php(466): CodeIgniter\CodeIgniter->runController(Object(App\Controllers\Admin))
 7 SYSTEMPATH\CodeIgniter.php(349): CodeIgniter\CodeIgniter->handleRequest(null, Object(Config\Cache), false)
 8 FCPATH\index.php(55): CodeIgniter\CodeIgniter->run()
 9 SYSTEMPATH\Commands\Server\rewrite.php(43): require_once('FCPATH\\index.php')
CRITICAL - 2023-10-08 12:10:32 --> Trying to get property 'nama_tahap' of non-object
in APPPATH\Views\Admin\dashboard.php on line 11.
 1 APPPATH\Views\Admin\dashboard.php(11): CodeIgniter\Debug\Exceptions->errorHandler(8, 'Trying to get property \'nama_tahap\' of non-object', 'APPPATH\\Views\\Admin\\dashboard.php', 11, [...])
 2 SYSTEMPATH\View\View.php(213): include('APPPATH\\Views\\Admin\\dashboard.php')
 3 SYSTEMPATH\View\View.php(216): CodeIgniter\View\View->CodeIgniter\View\{closure}()
 4 SYSTEMPATH\Common.php(1135): CodeIgniter\View\View->render('Admin/dashboard', [], true)
 5 APPPATH\Controllers\Admin.php(93): view('Admin/dashboard', [...])
 6 SYSTEMPATH\CodeIgniter.php(896): App\Controllers\Admin->dashboard()
 7 SYSTEMPATH\CodeIgniter.php(466): CodeIgniter\CodeIgniter->runController(Object(App\Controllers\Admin))
 8 SYSTEMPATH\CodeIgniter.php(349): CodeIgniter\CodeIgniter->handleRequest(null, Object(Config\Cache), false)
 9 FCPATH\index.php(55): CodeIgniter\CodeIgniter->run()
10 SYSTEMPATH\Commands\Server\rewrite.php(43): require_once('FCPATH\\index.php')
CRITICAL - 2023-10-08 12:12:10 --> Call to undefined method CodeIgniter\Database\MySQLi\Builder::getResult()
in APPPATH\Views\Admin\dashboard.php on line 10.
 1 SYSTEMPATH\View\View.php(213): include()
 2 SYSTEMPATH\View\View.php(216): CodeIgniter\View\View->CodeIgniter\View\{closure}()
 3 SYSTEMPATH\Common.php(1135): CodeIgniter\View\View->render('Admin/dashboard', [], true)
 4 APPPATH\Controllers\Admin.php(93): view('Admin/dashboard', [...])
 5 SYSTEMPATH\CodeIgniter.php(896): App\Controllers\Admin->dashboard()
 6 SYSTEMPATH\CodeIgniter.php(466): CodeIgniter\CodeIgniter->runController(Object(App\Controllers\Admin))
 7 SYSTEMPATH\CodeIgniter.php(349): CodeIgniter\CodeIgniter->handleRequest(null, Object(Config\Cache), false)
 8 FCPATH\index.php(55): CodeIgniter\CodeIgniter->run()
 9 SYSTEMPATH\Commands\Server\rewrite.php(43): require_once('FCPATH\\index.php')
CRITICAL - 2023-10-08 12:12:25 --> Trying to get property 'nama_tahap' of non-object
in APPPATH\Views\Admin\dashboard.php on line 11.
 1 APPPATH\Views\Admin\dashboard.php(11): CodeIgniter\Debug\Exceptions->errorHandler(8, 'Trying to get property \'nama_tahap\' of non-object', 'APPPATH\\Views\\Admin\\dashboard.php', 11, [...])
 2 SYSTEMPATH\View\View.php(213): include('APPPATH\\Views\\Admin\\dashboard.php')
 3 SYSTEMPATH\View\View.php(216): CodeIgniter\View\View->CodeIgniter\View\{closure}()
 4 SYSTEMPATH\Common.php(1135): CodeIgniter\View\View->render('Admin/dashboard', [], true)
 5 APPPATH\Controllers\Admin.php(93): view('Admin/dashboard', [...])
 6 SYSTEMPATH\CodeIgniter.php(896): App\Controllers\Admin->dashboard()
 7 SYSTEMPATH\CodeIgniter.php(466): CodeIgniter\CodeIgniter->runController(Object(App\Controllers\Admin))
 8 SYSTEMPATH\CodeIgniter.php(349): CodeIgniter\CodeIgniter->handleRequest(null, Object(Config\Cache), false)
 9 FCPATH\index.php(55): CodeIgniter\CodeIgniter->run()
10 SYSTEMPATH\Commands\Server\rewrite.php(43): require_once('FCPATH\\index.php')
ERROR - 2023-10-08 12:17:33 --> You have an error in your SQL syntax; check the manual that corresponds to your MariaDB server version for the right syntax to use near 'FROM `pendaftaran`
JOIN `tahap` ON `tahap`.`id` = `pendaftaran`.`tahap`
WHERE...' at line 2
CRITICAL - 2023-10-08 12:17:33 --> You have an error in your SQL syntax; check the manual that corresponds to your MariaDB server version for the right syntax to use near 'FROM `pendaftaran`
JOIN `tahap` ON `tahap`.`id` = `pendaftaran`.`tahap`
WHERE...' at line 2
in SYSTEMPATH\Database\MySQLi\Connection.php on line 292.
 1 SYSTEMPATH\Database\MySQLi\Connection.php(292): mysqli->query('SELECT `pendaftaran`.`id_pendaftar`, `tahap`.`nama_tahap`, `id`, COUNT( * ) as total FROM pendaftaran
FROM `pendaftaran`
JOIN `tahap` ON `tahap`.`id` = `pendaftaran`.`tahap`
WHERE `pendaftaran`.`periode` = 2
GROUP BY `id`', 0)
 2 SYSTEMPATH\Database\BaseConnection.php(695): CodeIgniter\Database\MySQLi\Connection->execute('SELECT `pendaftaran`.`id_pendaftar`, `tahap`.`nama_tahap`, `id`, COUNT( * ) as total FROM pendaftaran
FROM `pendaftaran`
JOIN `tahap` ON `tahap`.`id` = `pendaftaran`.`tahap`
WHERE `pendaftaran`.`periode` = 2
GROUP BY `id`')
 3 SYSTEMPATH\Database\BaseConnection.php(609): CodeIgniter\Database\BaseConnection->simpleQuery('SELECT `pendaftaran`.`id_pendaftar`, `tahap`.`nama_tahap`, `id`, COUNT( * ) as total FROM pendaftaran
FROM `pendaftaran`
JOIN `tahap` ON `tahap`.`id` = `pendaftaran`.`tahap`
WHERE `pendaftaran`.`periode` = 2
GROUP BY `id`')
 4 SYSTEMPATH\Database\BaseBuilder.php(1585): CodeIgniter\Database\BaseConnection->query('SELECT `pendaftaran`.`id_pendaftar`, `tahap`.`nama_tahap`, `id`, COUNT( * ) as total FROM pendaftaran
FROM `pendaftaran`
JOIN `tahap` ON `tahap`.`id` = `pendaftaran`.`tahap`
WHERE `pendaftaran`.`periode` = :pendaftaran.periode:
GROUP BY `id`', [...], false)
 5 SYSTEMPATH\Model.php(222): CodeIgniter\Database\BaseBuilder->get()
 6 SYSTEMPATH\BaseModel.php(584): CodeIgniter\Model->doFindAll(0, 0)
 7 APPPATH\Controllers\Admin.php(51): CodeIgniter\BaseModel->findAll()
 8 SYSTEMPATH\CodeIgniter.php(896): App\Controllers\Admin->dashboard()
 9 SYSTEMPATH\CodeIgniter.php(466): CodeIgniter\CodeIgniter->runController(Object(App\Controllers\Admin))
10 SYSTEMPATH\CodeIgniter.php(349): CodeIgniter\CodeIgniter->handleRequest(null, Object(Config\Cache), false)
11 FCPATH\index.php(55): CodeIgniter\CodeIgniter->run()
12 SYSTEMPATH\Commands\Server\rewrite.php(43): require_once('FCPATH\\index.php')
CRITICAL - 2023-10-08 12:20:19 --> Trying to get property 'nama_tahap' of non-object
in APPPATH\Views\Admin\dashboard.php on line 11.
 1 APPPATH\Views\Admin\dashboard.php(11): CodeIgniter\Debug\Exceptions->errorHandler(8, 'Trying to get property \'nama_tahap\' of non-object', 'APPPATH\\Views\\Admin\\dashboard.php', 11, [...])
 2 SYSTEMPATH\View\View.php(213): include('APPPATH\\Views\\Admin\\dashboard.php')
 3 SYSTEMPATH\View\View.php(216): CodeIgniter\View\View->CodeIgniter\View\{closure}()
 4 SYSTEMPATH\Common.php(1135): CodeIgniter\View\View->render('Admin/dashboard', [], true)
 5 APPPATH\Controllers\Admin.php(94): view('Admin/dashboard', [...])
 6 SYSTEMPATH\CodeIgniter.php(896): App\Controllers\Admin->dashboard()
 7 SYSTEMPATH\CodeIgniter.php(466): CodeIgniter\CodeIgniter->runController(Object(App\Controllers\Admin))
 8 SYSTEMPATH\CodeIgniter.php(349): CodeIgniter\CodeIgniter->handleRequest(null, Object(Config\Cache), false)
 9 FCPATH\index.php(55): CodeIgniter\CodeIgniter->run()
10 SYSTEMPATH\Commands\Server\rewrite.php(43): require_once('FCPATH\\index.php')
CRITICAL - 2023-10-08 12:22:40 --> Trying to get property 'nama_tahap' of non-object
in APPPATH\Views\Admin\dashboard.php on line 11.
 1 APPPATH\Views\Admin\dashboard.php(11): CodeIgniter\Debug\Exceptions->errorHandler(8, 'Trying to get property \'nama_tahap\' of non-object', 'APPPATH\\Views\\Admin\\dashboard.php', 11, [...])
 2 SYSTEMPATH\View\View.php(213): include('APPPATH\\Views\\Admin\\dashboard.php')
 3 SYSTEMPATH\View\View.php(216): CodeIgniter\View\View->CodeIgniter\View\{closure}()
 4 SYSTEMPATH\Common.php(1135): CodeIgniter\View\View->render('Admin/dashboard', [], true)
 5 APPPATH\Controllers\Admin.php(97): view('Admin/dashboard', [...])
 6 SYSTEMPATH\CodeIgniter.php(896): App\Controllers\Admin->dashboard()
 7 SYSTEMPATH\CodeIgniter.php(466): CodeIgniter\CodeIgniter->runController(Object(App\Controllers\Admin))
 8 SYSTEMPATH\CodeIgniter.php(349): CodeIgniter\CodeIgniter->handleRequest(null, Object(Config\Cache), false)
 9 FCPATH\index.php(55): CodeIgniter\CodeIgniter->run()
10 SYSTEMPATH\Commands\Server\rewrite.php(43): require_once('FCPATH\\index.php')
CRITICAL - 2023-10-08 12:24:19 --> Trying to get property 'nama_tahap' of non-object
in APPPATH\Views\Admin\dashboard.php on line 11.
 1 APPPATH\Views\Admin\dashboard.php(11): CodeIgniter\Debug\Exceptions->errorHandler(8, 'Trying to get property \'nama_tahap\' of non-object', 'APPPATH\\Views\\Admin\\dashboard.php', 11, [...])
 2 SYSTEMPATH\View\View.php(213): include('APPPATH\\Views\\Admin\\dashboard.php')
 3 SYSTEMPATH\View\View.php(216): CodeIgniter\View\View->CodeIgniter\View\{closure}()
 4 SYSTEMPATH\Common.php(1135): CodeIgniter\View\View->render('Admin/dashboard', [], true)
 5 APPPATH\Controllers\Admin.php(97): view('Admin/dashboard', [...])
 6 SYSTEMPATH\CodeIgniter.php(896): App\Controllers\Admin->dashboard()
 7 SYSTEMPATH\CodeIgniter.php(466): CodeIgniter\CodeIgniter->runController(Object(App\Controllers\Admin))
 8 SYSTEMPATH\CodeIgniter.php(349): CodeIgniter\CodeIgniter->handleRequest(null, Object(Config\Cache), false)
 9 FCPATH\index.php(55): CodeIgniter\CodeIgniter->run()
10 SYSTEMPATH\Commands\Server\rewrite.php(43): require_once('FCPATH\\index.php')
CRITICAL - 2023-10-08 12:46:52 --> Trying to get property 'nama_tahap' of non-object
in APPPATH\Views\Admin\dashboard.php on line 11.
 1 APPPATH\Views\Admin\dashboard.php(11): CodeIgniter\Debug\Exceptions->errorHandler(8, 'Trying to get property \'nama_tahap\' of non-object', 'APPPATH\\Views\\Admin\\dashboard.php', 11, [...])
 2 SYSTEMPATH\View\View.php(213): include('APPPATH\\Views\\Admin\\dashboard.php')
 3 SYSTEMPATH\View\View.php(216): CodeIgniter\View\View->CodeIgniter\View\{closure}()
 4 SYSTEMPATH\Common.php(1135): CodeIgniter\View\View->render('Admin/dashboard', [], true)
 5 APPPATH\Controllers\Admin.php(97): view('Admin/dashboard', [...])
 6 SYSTEMPATH\CodeIgniter.php(896): App\Controllers\Admin->dashboard()
 7 SYSTEMPATH\CodeIgniter.php(466): CodeIgniter\CodeIgniter->runController(Object(App\Controllers\Admin))
 8 SYSTEMPATH\CodeIgniter.php(349): CodeIgniter\CodeIgniter->handleRequest(null, Object(Config\Cache), false)
 9 FCPATH\index.php(55): CodeIgniter\CodeIgniter->run()
10 SYSTEMPATH\Commands\Server\rewrite.php(43): require_once('FCPATH\\index.php')
CRITICAL - 2023-10-08 12:50:54 --> Undefined property: stdClass::$nama_tahap
in APPPATH\Views\Admin\dashboard.php on line 11.
 1 APPPATH\Views\Admin\dashboard.php(11): CodeIgniter\Debug\Exceptions->errorHandler(8, 'Undefined property: stdClass::$nama_tahap', 'APPPATH\\Views\\Admin\\dashboard.php', 11, [...])
 2 SYSTEMPATH\View\View.php(213): include('APPPATH\\Views\\Admin\\dashboard.php')
 3 SYSTEMPATH\View\View.php(216): CodeIgniter\View\View->CodeIgniter\View\{closure}()
 4 SYSTEMPATH\Common.php(1135): CodeIgniter\View\View->render('Admin/dashboard', [], true)
 5 APPPATH\Controllers\Admin.php(97): view('Admin/dashboard', [...])
 6 SYSTEMPATH\CodeIgniter.php(896): App\Controllers\Admin->dashboard()
 7 SYSTEMPATH\CodeIgniter.php(466): CodeIgniter\CodeIgniter->runController(Object(App\Controllers\Admin))
 8 SYSTEMPATH\CodeIgniter.php(349): CodeIgniter\CodeIgniter->handleRequest(null, Object(Config\Cache), false)
 9 FCPATH\index.php(55): CodeIgniter\CodeIgniter->run()
10 SYSTEMPATH\Commands\Server\rewrite.php(43): require_once('FCPATH\\index.php')
CRITICAL - 2023-10-08 18:17:56 --> syntax error, unexpected '}', expecting ';' or ','
in APPPATH\Views\Admin\dashboard.php on line 46.
 1 SYSTEMPATH\View\View.php(216): CodeIgniter\View\View->CodeIgniter\View\{closure}()
 2 SYSTEMPATH\Common.php(1135): CodeIgniter\View\View->render('Admin/dashboard', [], true)
 3 APPPATH\Controllers\Admin.php(100): view('Admin/dashboard', [...])
 4 SYSTEMPATH\CodeIgniter.php(896): App\Controllers\Admin->dashboard()
 5 SYSTEMPATH\CodeIgniter.php(466): CodeIgniter\CodeIgniter->runController(Object(App\Controllers\Admin))
 6 SYSTEMPATH\CodeIgniter.php(349): CodeIgniter\CodeIgniter->handleRequest(null, Object(Config\Cache), false)
 7 FCPATH\index.php(55): CodeIgniter\CodeIgniter->run()
 8 SYSTEMPATH\Commands\Server\rewrite.php(43): require_once('FCPATH\\index.php')
CRITICAL - 2023-10-08 18:18:31 --> syntax error, unexpected '}', expecting ';' or ','
in APPPATH\Views\Admin\dashboard.php on line 46.
 1 SYSTEMPATH\View\View.php(216): CodeIgniter\View\View->CodeIgniter\View\{closure}()
 2 SYSTEMPATH\Common.php(1135): CodeIgniter\View\View->render('Admin/dashboard', [], true)
 3 APPPATH\Controllers\Admin.php(100): view('Admin/dashboard', [...])
 4 SYSTEMPATH\CodeIgniter.php(896): App\Controllers\Admin->dashboard()
 5 SYSTEMPATH\CodeIgniter.php(466): CodeIgniter\CodeIgniter->runController(Object(App\Controllers\Admin))
 6 SYSTEMPATH\CodeIgniter.php(349): CodeIgniter\CodeIgniter->handleRequest(null, Object(Config\Cache), false)
 7 FCPATH\index.php(55): CodeIgniter\CodeIgniter->run()
 8 SYSTEMPATH\Commands\Server\rewrite.php(43): require_once('FCPATH\\index.php')
CRITICAL - 2023-10-08 18:25:31 --> Undefined variable: row
in APPPATH\Views\Admin\dashboard.php on line 12.
 1 APPPATH\Views\Admin\dashboard.php(12): CodeIgniter\Debug\Exceptions->errorHandler(8, 'Undefined variable: row', 'APPPATH\\Views\\Admin\\dashboard.php', 12, [...])
 2 SYSTEMPATH\View\View.php(213): include('APPPATH\\Views\\Admin\\dashboard.php')
 3 SYSTEMPATH\View\View.php(216): CodeIgniter\View\View->CodeIgniter\View\{closure}()
 4 SYSTEMPATH\Common.php(1135): CodeIgniter\View\View->render('Admin/dashboard', [], true)
 5 APPPATH\Controllers\Admin.php(100): view('Admin/dashboard', [...])
 6 SYSTEMPATH\CodeIgniter.php(896): App\Controllers\Admin->dashboard()
 7 SYSTEMPATH\CodeIgniter.php(466): CodeIgniter\CodeIgniter->runController(Object(App\Controllers\Admin))
 8 SYSTEMPATH\CodeIgniter.php(349): CodeIgniter\CodeIgniter->handleRequest(null, Object(Config\Cache), false)
 9 FCPATH\index.php(55): CodeIgniter\CodeIgniter->run()
10 SYSTEMPATH\Commands\Server\rewrite.php(43): require_once('FCPATH\\index.php')
CRITICAL - 2023-10-08 19:08:29 --> Undefined variable: get_periodes
in APPPATH\Views\Admin\dashboard.php on line 54.
 1 APPPATH\Views\Admin\dashboard.php(54): CodeIgniter\Debug\Exceptions->errorHandler(8, 'Undefined variable: get_periodes', 'APPPATH\\Views\\Admin\\dashboard.php', 54, [...])
 2 SYSTEMPATH\View\View.php(213): include('APPPATH\\Views\\Admin\\dashboard.php')
 3 SYSTEMPATH\View\View.php(216): CodeIgniter\View\View->CodeIgniter\View\{closure}()
 4 SYSTEMPATH\Common.php(1135): CodeIgniter\View\View->render('Admin/dashboard', [], true)
 5 APPPATH\Controllers\Admin.php(100): view('Admin/dashboard', [...])
 6 SYSTEMPATH\CodeIgniter.php(896): App\Controllers\Admin->dashboard()
 7 SYSTEMPATH\CodeIgniter.php(466): CodeIgniter\CodeIgniter->runController(Object(App\Controllers\Admin))
 8 SYSTEMPATH\CodeIgniter.php(349): CodeIgniter\CodeIgniter->handleRequest(null, Object(Config\Cache), false)
 9 FCPATH\index.php(55): CodeIgniter\CodeIgniter->run()
10 SYSTEMPATH\Commands\Server\rewrite.php(43): require_once('FCPATH\\index.php')
CRITICAL - 2023-10-08 19:59:10 --> Undefined variable: k
in APPPATH\Views\Admin\profil_siswa.php on line 384.
 1 APPPATH\Views\Admin\profil_siswa.php(384): CodeIgniter\Debug\Exceptions->errorHandler(8, 'Undefined variable: k', 'APPPATH\\Views\\Admin\\profil_siswa.php', 384, [...])
 2 SYSTEMPATH\View\View.php(213): include('APPPATH\\Views\\Admin\\profil_siswa.php')
 3 SYSTEMPATH\View\View.php(216): CodeIgniter\View\View->CodeIgniter\View\{closure}()
 4 SYSTEMPATH\Common.php(1135): CodeIgniter\View\View->render('Admin/profil_siswa', [], true)
 5 APPPATH\Controllers\Pendaftar.php(100): view('Admin/profil_siswa', [...])
 6 SYSTEMPATH\CodeIgniter.php(896): App\Controllers\Pendaftar->edit_profil('9')
 7 SYSTEMPATH\CodeIgniter.php(466): CodeIgniter\CodeIgniter->runController(Object(App\Controllers\Pendaftar))
 8 SYSTEMPATH\CodeIgniter.php(349): CodeIgniter\CodeIgniter->handleRequest(null, Object(Config\Cache), false)
 9 FCPATH\index.php(55): CodeIgniter\CodeIgniter->run()
10 SYSTEMPATH\Commands\Server\rewrite.php(43): require_once('FCPATH\\index.php')
CRITICAL - 2023-10-08 20:06:09 --> Trying to get property 'asal_sekolah' of non-object
in APPPATH\Views\Admin\index.php on line 190.
 1 APPPATH\Views\Admin\index.php(190): CodeIgniter\Debug\Exceptions->errorHandler(8, 'Trying to get property \'asal_sekolah\' of non-object', 'APPPATH\\Views\\Admin\\index.php', 190, [...])
 2 SYSTEMPATH\View\View.php(213): include('APPPATH\\Views\\Admin\\index.php')
 3 SYSTEMPATH\View\View.php(216): CodeIgniter\View\View->CodeIgniter\View\{closure}()
 4 SYSTEMPATH\View\View.php(229): CodeIgniter\View\View->render('Admin/index.php', [], true)
 5 SYSTEMPATH\Common.php(1135): CodeIgniter\View\View->render('Admin/data_pendaftar', [], true)
 6 APPPATH\Controllers\Admin.php(185): view('Admin/data_pendaftar', [...])
 7 SYSTEMPATH\CodeIgniter.php(896): App\Controllers\Admin->data_pendaftar('9')
 8 SYSTEMPATH\CodeIgniter.php(466): CodeIgniter\CodeIgniter->runController(Object(App\Controllers\Admin))
 9 SYSTEMPATH\CodeIgniter.php(349): CodeIgniter\CodeIgniter->handleRequest(null, Object(Config\Cache), false)
10 FCPATH\index.php(55): CodeIgniter\CodeIgniter->run()
11 SYSTEMPATH\Commands\Server\rewrite.php(43): require_once('FCPATH\\index.php')
CRITICAL - 2023-10-08 20:07:24 --> Trying to get property 'asal_sekolah' of non-object
in APPPATH\Views\Admin\index.php on line 190.
 1 APPPATH\Views\Admin\index.php(190): CodeIgniter\Debug\Exceptions->errorHandler(8, 'Trying to get property \'asal_sekolah\' of non-object', 'APPPATH\\Views\\Admin\\index.php', 190, [...])
 2 SYSTEMPATH\View\View.php(213): include('APPPATH\\Views\\Admin\\index.php')
 3 SYSTEMPATH\View\View.php(216): CodeIgniter\View\View->CodeIgniter\View\{closure}()
 4 SYSTEMPATH\View\View.php(229): CodeIgniter\View\View->render('Admin/index.php', [], true)
 5 SYSTEMPATH\Common.php(1135): CodeIgniter\View\View->render('Admin/data_pendaftar', [], true)
 6 APPPATH\Controllers\Admin.php(185): view('Admin/data_pendaftar', [...])
 7 SYSTEMPATH\CodeIgniter.php(896): App\Controllers\Admin->data_pendaftar('9')
 8 SYSTEMPATH\CodeIgniter.php(466): CodeIgniter\CodeIgniter->runController(Object(App\Controllers\Admin))
 9 SYSTEMPATH\CodeIgniter.php(349): CodeIgniter\CodeIgniter->handleRequest(null, Object(Config\Cache), false)
10 FCPATH\index.php(55): CodeIgniter\CodeIgniter->run()
11 SYSTEMPATH\Commands\Server\rewrite.php(43): require_once('FCPATH\\index.php')
CRITICAL - 2023-10-08 22:07:09 --> syntax error, unexpected '$row' (T_VARIABLE), expecting ';' or ','
in APPPATH\Views\Admin\profil_siswa.php on line 449.
 1 SYSTEMPATH\View\View.php(216): CodeIgniter\View\View->CodeIgniter\View\{closure}()
 2 SYSTEMPATH\Common.php(1135): CodeIgniter\View\View->render('Admin/profil_siswa', [], true)
 3 APPPATH\Controllers\Pendaftar.php(100): view('Admin/profil_siswa', [...])
 4 SYSTEMPATH\CodeIgniter.php(896): App\Controllers\Pendaftar->edit_profil('9')
 5 SYSTEMPATH\CodeIgniter.php(466): CodeIgniter\CodeIgniter->runController(Object(App\Controllers\Pendaftar))
 6 SYSTEMPATH\CodeIgniter.php(349): CodeIgniter\CodeIgniter->handleRequest(null, Object(Config\Cache), false)
 7 FCPATH\index.php(55): CodeIgniter\CodeIgniter->run()
 8 SYSTEMPATH\Commands\Server\rewrite.php(43): require_once('FCPATH\\index.php')
CRITICAL - 2023-10-08 22:19:40 --> Trying to get property 'id' of non-object
in APPPATH\Controllers\Admin.php on line 155.
 1 APPPATH\Controllers\Admin.php(155): CodeIgniter\Debug\Exceptions->errorHandler(8, 'Trying to get property \'id\' of non-object', 'APPPATH\\Controllers\\Admin.php', 155, [...])
 2 SYSTEMPATH\CodeIgniter.php(896): App\Controllers\Admin->data_pendaftar('15')
 3 SYSTEMPATH\CodeIgniter.php(466): CodeIgniter\CodeIgniter->runController(Object(App\Controllers\Admin))
 4 SYSTEMPATH\CodeIgniter.php(349): CodeIgniter\CodeIgniter->handleRequest(null, Object(Config\Cache), false)
 5 FCPATH\index.php(55): CodeIgniter\CodeIgniter->run()
 6 SYSTEMPATH\Commands\Server\rewrite.php(43): require_once('FCPATH\\index.php')
CRITICAL - 2023-10-08 22:28:18 --> Trying to get property 'id' of non-object
in APPPATH\Controllers\Admin.php on line 155.
 1 APPPATH\Controllers\Admin.php(155): CodeIgniter\Debug\Exceptions->errorHandler(8, 'Trying to get property \'id\' of non-object', 'APPPATH\\Controllers\\Admin.php', 155, [...])
 2 SYSTEMPATH\CodeIgniter.php(896): App\Controllers\Admin->data_pendaftar('15')
 3 SYSTEMPATH\CodeIgniter.php(466): CodeIgniter\CodeIgniter->runController(Object(App\Controllers\Admin))
 4 SYSTEMPATH\CodeIgniter.php(349): CodeIgniter\CodeIgniter->handleRequest(null, Object(Config\Cache), false)
 5 FCPATH\index.php(55): CodeIgniter\CodeIgniter->run()
 6 SYSTEMPATH\Commands\Server\rewrite.php(43): require_once('FCPATH\\index.php')
CRITICAL - 2023-10-08 22:58:54 --> Trying to get property 'nama_sekolah' of non-object
in APPPATH\Controllers\Worksheet.php on line 269.
 1 APPPATH\Controllers\Worksheet.php(269): CodeIgniter\Debug\Exceptions->errorHandler(8, 'Trying to get property \'nama_sekolah\' of non-object', 'APPPATH\\Controllers\\Worksheet.php', 269, [...])
 2 SYSTEMPATH\CodeIgniter.php(896): App\Controllers\Worksheet->import('12')
 3 SYSTEMPATH\CodeIgniter.php(466): CodeIgniter\CodeIgniter->runController(Object(App\Controllers\Worksheet))
 4 SYSTEMPATH\CodeIgniter.php(349): CodeIgniter\CodeIgniter->handleRequest(null, Object(Config\Cache), false)
 5 FCPATH\index.php(55): CodeIgniter\CodeIgniter->run()
 6 SYSTEMPATH\Commands\Server\rewrite.php(43): require_once('FCPATH\\index.php')
CRITICAL - 2023-10-08 23:02:00 --> Trying to get property 'id' of non-object
in APPPATH\Controllers\Pendaftar.php on line 715.
 1 APPPATH\Controllers\Pendaftar.php(715): CodeIgniter\Debug\Exceptions->errorHandler(8, 'Trying to get property \'id\' of non-object', 'APPPATH\\Controllers\\Pendaftar.php', 715, [...])
 2 SYSTEMPATH\CodeIgniter.php(896): App\Controllers\Pendaftar->delete_pendaftar('15')
 3 SYSTEMPATH\CodeIgniter.php(466): CodeIgniter\CodeIgniter->runController(Object(App\Controllers\Pendaftar))
 4 SYSTEMPATH\CodeIgniter.php(349): CodeIgniter\CodeIgniter->handleRequest(null, Object(Config\Cache), false)
 5 FCPATH\index.php(55): CodeIgniter\CodeIgniter->run()
 6 SYSTEMPATH\Commands\Server\rewrite.php(43): require_once('FCPATH\\index.php')
