CRITICAL - 2023-08-10 11:25:14 --> Undefined variable: html3
in APPPATH\Controllers\Home.php on line 36.
 1 APPPATH\Controllers\Home.php(36): CodeIgniter\Debug\Exceptions->errorHandler(8, 'Undefined variable: html3', 'APPPATH\\Controllers\\Home.php', 36, [...])
 2 SYSTEMPATH\CodeIgniter.php(896): App\Controllers\Home->index()
 3 SYSTEMPATH\CodeIgniter.php(466): CodeIgniter\CodeIgniter->runController(Object(App\Controllers\Home))
 4 SYSTEMPATH\CodeIgniter.php(349): CodeIgniter\CodeIgniter->handleRequest(null, Object(Config\Cache), false)
 5 FCPATH\index.php(55): CodeIgniter\CodeIgniter->run()
 6 SYSTEMPATH\Commands\Server\rewrite.php(43): require_once('FCPATH\\index.php')
CRITICAL - 2023-08-10 11:26:32 --> Trying to get property 'id' of non-object
in APPPATH\Controllers\Home.php on line 37.
 1 APPPATH\Controllers\Home.php(37): CodeIgniter\Debug\Exceptions->errorHandler(8, 'Trying to get property \'id\' of non-object', 'APPPATH\\Controllers\\Home.php', 37, [...])
 2 SYSTEMPATH\CodeIgniter.php(896): App\Controllers\Home->index()
 3 SYSTEMPATH\CodeIgniter.php(466): CodeIgniter\CodeIgniter->runController(Object(App\Controllers\Home))
 4 SYSTEMPATH\CodeIgniter.php(349): CodeIgniter\CodeIgniter->handleRequest(null, Object(Config\Cache), false)
 5 FCPATH\index.php(55): CodeIgniter\CodeIgniter->run()
 6 SYSTEMPATH\Commands\Server\rewrite.php(43): require_once('FCPATH\\index.php')
CRITICAL - 2023-08-10 11:27:03 --> Trying to get property 'id' of non-object
in APPPATH\Controllers\Home.php on line 37.
 1 APPPATH\Controllers\Home.php(37): CodeIgniter\Debug\Exceptions->errorHandler(8, 'Trying to get property \'id\' of non-object', 'APPPATH\\Controllers\\Home.php', 37, [...])
 2 SYSTEMPATH\CodeIgniter.php(896): App\Controllers\Home->index()
 3 SYSTEMPATH\CodeIgniter.php(466): CodeIgniter\CodeIgniter->runController(Object(App\Controllers\Home))
 4 SYSTEMPATH\CodeIgniter.php(349): CodeIgniter\CodeIgniter->handleRequest(null, Object(Config\Cache), false)
 5 FCPATH\index.php(55): CodeIgniter\CodeIgniter->run()
 6 SYSTEMPATH\Commands\Server\rewrite.php(43): require_once('FCPATH\\index.php')
CRITICAL - 2023-08-10 11:29:02 --> Undefined variable: html3
in APPPATH\Controllers\User.php on line 124.
 1 APPPATH\Controllers\User.php(124): CodeIgniter\Debug\Exceptions->errorHandler(8, 'Undefined variable: html3', 'APPPATH\\Controllers\\User.php', 124, [...])
 2 SYSTEMPATH\CodeIgniter.php(896): App\Controllers\User->login()
 3 SYSTEMPATH\CodeIgniter.php(466): CodeIgniter\CodeIgniter->runController(Object(App\Controllers\User))
 4 SYSTEMPATH\CodeIgniter.php(349): CodeIgniter\CodeIgniter->handleRequest(null, Object(Config\Cache), false)
 5 FCPATH\index.php(55): CodeIgniter\CodeIgniter->run()
 6 SYSTEMPATH\Commands\Server\rewrite.php(43): require_once('FCPATH\\index.php')
CRITICAL - 2023-08-10 11:29:42 --> Trying to get property 'id' of non-object
in APPPATH\Controllers\User.php on line 125.
 1 APPPATH\Controllers\User.php(125): CodeIgniter\Debug\Exceptions->errorHandler(8, 'Trying to get property \'id\' of non-object', 'APPPATH\\Controllers\\User.php', 125, [...])
 2 SYSTEMPATH\CodeIgniter.php(896): App\Controllers\User->login()
 3 SYSTEMPATH\CodeIgniter.php(466): CodeIgniter\CodeIgniter->runController(Object(App\Controllers\User))
 4 SYSTEMPATH\CodeIgniter.php(349): CodeIgniter\CodeIgniter->handleRequest(null, Object(Config\Cache), false)
 5 FCPATH\index.php(55): CodeIgniter\CodeIgniter->run()
 6 SYSTEMPATH\Commands\Server\rewrite.php(43): require_once('FCPATH\\index.php')
CRITICAL - 2023-08-10 11:32:04 --> Undefined variable: daftar_nav
in APPPATH\Views\User\navbar.php on line 32.
 1 APPPATH\Views\User\navbar.php(32): CodeIgniter\Debug\Exceptions->errorHandler(8, 'Undefined variable: daftar_nav', 'APPPATH\\Views\\User\\navbar.php', 32, [...])
 2 SYSTEMPATH\View\View.php(213): include('APPPATH\\Views\\User\\navbar.php')
 3 SYSTEMPATH\View\View.php(216): CodeIgniter\View\View->CodeIgniter\View\{closure}()
 4 SYSTEMPATH\View\View.php(429): CodeIgniter\View\View->render('User/navbar', null, true)
 5 APPPATH\Views\User\index.php(17): CodeIgniter\View\View->include('User/navbar')
 6 SYSTEMPATH\View\View.php(213): include('APPPATH\\Views\\User\\index.php')
 7 SYSTEMPATH\View\View.php(216): CodeIgniter\View\View->CodeIgniter\View\{closure}()
 8 SYSTEMPATH\View\View.php(229): CodeIgniter\View\View->render('User/index.php', [], true)
 9 SYSTEMPATH\Common.php(1135): CodeIgniter\View\View->render('login', [], true)
10 APPPATH\Controllers\User.php(139): view('login', [...])
11 SYSTEMPATH\CodeIgniter.php(896): App\Controllers\User->login()
12 SYSTEMPATH\CodeIgniter.php(466): CodeIgniter\CodeIgniter->runController(Object(App\Controllers\User))
13 SYSTEMPATH\CodeIgniter.php(349): CodeIgniter\CodeIgniter->handleRequest(null, Object(Config\Cache), false)
14 FCPATH\index.php(55): CodeIgniter\CodeIgniter->run()
15 SYSTEMPATH\Commands\Server\rewrite.php(43): require_once('FCPATH\\index.php')
CRITICAL - 2023-08-10 11:33:20 --> Undefined variable: daftar_nav
in APPPATH\Views\User\navbar.php on line 32.
 1 APPPATH\Views\User\navbar.php(32): CodeIgniter\Debug\Exceptions->errorHandler(8, 'Undefined variable: daftar_nav', 'APPPATH\\Views\\User\\navbar.php', 32, [...])
 2 SYSTEMPATH\View\View.php(213): include('APPPATH\\Views\\User\\navbar.php')
 3 SYSTEMPATH\View\View.php(216): CodeIgniter\View\View->CodeIgniter\View\{closure}()
 4 SYSTEMPATH\View\View.php(429): CodeIgniter\View\View->render('User/navbar', null, true)
 5 APPPATH\Views\User\index.php(17): CodeIgniter\View\View->include('User/navbar')
 6 SYSTEMPATH\View\View.php(213): include('APPPATH\\Views\\User\\index.php')
 7 SYSTEMPATH\View\View.php(216): CodeIgniter\View\View->CodeIgniter\View\{closure}()
 8 SYSTEMPATH\View\View.php(229): CodeIgniter\View\View->render('User/index.php', [], true)
 9 SYSTEMPATH\Common.php(1135): CodeIgniter\View\View->render('login', [], true)
10 APPPATH\Controllers\User.php(139): view('login', [...])
11 SYSTEMPATH\CodeIgniter.php(896): App\Controllers\User->login()
12 SYSTEMPATH\CodeIgniter.php(466): CodeIgniter\CodeIgniter->runController(Object(App\Controllers\User))
13 SYSTEMPATH\CodeIgniter.php(349): CodeIgniter\CodeIgniter->handleRequest(null, Object(Config\Cache), false)
14 FCPATH\index.php(55): CodeIgniter\CodeIgniter->run()
15 SYSTEMPATH\Commands\Server\rewrite.php(43): require_once('FCPATH\\index.php')
CRITICAL - 2023-08-10 11:33:35 --> Undefined variable: daftar_nav
in APPPATH\Views\User\navbar.php on line 32.
 1 APPPATH\Views\User\navbar.php(32): CodeIgniter\Debug\Exceptions->errorHandler(8, 'Undefined variable: daftar_nav', 'APPPATH\\Views\\User\\navbar.php', 32, [...])
 2 SYSTEMPATH\View\View.php(213): include('APPPATH\\Views\\User\\navbar.php')
 3 SYSTEMPATH\View\View.php(216): CodeIgniter\View\View->CodeIgniter\View\{closure}()
 4 SYSTEMPATH\View\View.php(429): CodeIgniter\View\View->render('User/navbar', null, true)
 5 APPPATH\Views\User\index.php(17): CodeIgniter\View\View->include('User/navbar')
 6 SYSTEMPATH\View\View.php(213): include('APPPATH\\Views\\User\\index.php')
 7 SYSTEMPATH\View\View.php(216): CodeIgniter\View\View->CodeIgniter\View\{closure}()
 8 SYSTEMPATH\View\View.php(229): CodeIgniter\View\View->render('User/index.php', [], true)
 9 SYSTEMPATH\Common.php(1135): CodeIgniter\View\View->render('login', [], true)
10 APPPATH\Controllers\User.php(139): view('login', [...])
11 SYSTEMPATH\CodeIgniter.php(896): App\Controllers\User->login()
12 SYSTEMPATH\CodeIgniter.php(466): CodeIgniter\CodeIgniter->runController(Object(App\Controllers\User))
13 SYSTEMPATH\CodeIgniter.php(349): CodeIgniter\CodeIgniter->handleRequest(null, Object(Config\Cache), false)
14 FCPATH\index.php(55): CodeIgniter\CodeIgniter->run()
15 SYSTEMPATH\Commands\Server\rewrite.php(43): require_once('FCPATH\\index.php')
CRITICAL - 2023-08-10 11:33:42 --> Undefined variable: jalur
in APPPATH\Views\User\home.php on line 146.
 1 APPPATH\Views\User\home.php(146): CodeIgniter\Debug\Exceptions->errorHandler(8, 'Undefined variable: jalur', 'APPPATH\\Views\\User\\home.php', 146, [...])
 2 SYSTEMPATH\View\View.php(213): include('APPPATH\\Views\\User\\home.php')
 3 SYSTEMPATH\View\View.php(216): CodeIgniter\View\View->CodeIgniter\View\{closure}()
 4 SYSTEMPATH\Common.php(1135): CodeIgniter\View\View->render('User/home', [], true)
 5 APPPATH\Controllers\Home.php(49): view('User/home', [...])
 6 SYSTEMPATH\CodeIgniter.php(896): App\Controllers\Home->index()
 7 SYSTEMPATH\CodeIgniter.php(466): CodeIgniter\CodeIgniter->runController(Object(App\Controllers\Home))
 8 SYSTEMPATH\CodeIgniter.php(349): CodeIgniter\CodeIgniter->handleRequest(null, Object(Config\Cache), false)
 9 FCPATH\index.php(55): CodeIgniter\CodeIgniter->run()
10 SYSTEMPATH\Commands\Server\rewrite.php(43): require_once('FCPATH\\index.php')
