CRITICAL - 2023-02-20 09:13:45 --> Undefined array key "periode"
in APPPATH\Controllers\User.php on line 66.
 1 APPPATH\Controllers\User.php(66): CodeIgniter\Debug\Exceptions->errorHandler(2, 'Undefined array key "periode"', 'APPPATH\\Controllers\\User.php', 66)
 2 SYSTEMPATH\CodeIgniter.php(896): App\Controllers\User->formulir_pendaftaran_zonasi('4')
 3 SYSTEMPATH\CodeIgniter.php(466): CodeIgniter\CodeIgniter->runController(Object(App\Controllers\User))
 4 SYSTEMPATH\CodeIgniter.php(349): CodeIgniter\CodeIgniter->handleRequest(null, Object(Config\Cache), false)
 5 FCPATH\index.php(55): CodeIgniter\CodeIgniter->run()
 6 SYSTEMPATH\Commands\Server\rewrite.php(43): require_once('FCPATH\\index.php')
CRITICAL - 2023-02-20 09:14:13 --> Attempt to read property "id" on null
in APPPATH\Views\User\formulir_pendaftaran_zonasi.php on line 20.
 1 APPPATH\Views\User\formulir_pendaftaran_zonasi.php(20): CodeIgniter\Debug\Exceptions->errorHandler(2, 'Attempt to read property "id" on null', 'APPPATH\\Views\\User\\formulir_pendaftaran_zonasi.php', 20)
 2 SYSTEMPATH\View\View.php(213): include('APPPATH\\Views\\User\\formulir_pendaftaran_zonasi.php')
 3 SYSTEMPATH\View\View.php(216): CodeIgniter\View\View->CodeIgniter\View\{closure}()
 4 SYSTEMPATH\Common.php(1135): CodeIgniter\View\View->render('User/formulir_pendaftaran_zonasi', [], true)
 5 APPPATH\Controllers\User.php(70): view('User/formulir_pendaftaran_zonasi', [...])
 6 SYSTEMPATH\CodeIgniter.php(896): App\Controllers\User->formulir_pendaftaran_zonasi('4')
 7 SYSTEMPATH\CodeIgniter.php(466): CodeIgniter\CodeIgniter->runController(Object(App\Controllers\User))
 8 SYSTEMPATH\CodeIgniter.php(349): CodeIgniter\CodeIgniter->handleRequest(null, Object(Config\Cache), false)
 9 FCPATH\index.php(55): CodeIgniter\CodeIgniter->run()
10 SYSTEMPATH\Commands\Server\rewrite.php(43): require_once('FCPATH\\index.php')
CRITICAL - 2023-02-20 09:16:42 --> Attempt to read property "id" on string
in APPPATH\Views\User\formulir_pendaftaran_zonasi.php on line 20.
 1 APPPATH\Views\User\formulir_pendaftaran_zonasi.php(20): CodeIgniter\Debug\Exceptions->errorHandler(2, 'Attempt to read property "id" on string', 'APPPATH\\Views\\User\\formulir_pendaftaran_zonasi.php', 20)
 2 SYSTEMPATH\View\View.php(213): include('APPPATH\\Views\\User\\formulir_pendaftaran_zonasi.php')
 3 SYSTEMPATH\View\View.php(216): CodeIgniter\View\View->CodeIgniter\View\{closure}()
 4 SYSTEMPATH\Common.php(1135): CodeIgniter\View\View->render('User/formulir_pendaftaran_zonasi', [], true)
 5 APPPATH\Controllers\User.php(70): view('User/formulir_pendaftaran_zonasi', [...])
 6 SYSTEMPATH\CodeIgniter.php(896): App\Controllers\User->formulir_pendaftaran_zonasi('4')
 7 SYSTEMPATH\CodeIgniter.php(466): CodeIgniter\CodeIgniter->runController(Object(App\Controllers\User))
 8 SYSTEMPATH\CodeIgniter.php(349): CodeIgniter\CodeIgniter->handleRequest(null, Object(Config\Cache), false)
 9 FCPATH\index.php(55): CodeIgniter\CodeIgniter->run()
10 SYSTEMPATH\Commands\Server\rewrite.php(43): require_once('FCPATH\\index.php')
CRITICAL - 2023-02-20 09:17:41 --> Attempt to read property "nama_periode" on string
in APPPATH\Views\User\formulir_pendaftaran_zonasi.php on line 21.
 1 APPPATH\Views\User\formulir_pendaftaran_zonasi.php(21): CodeIgniter\Debug\Exceptions->errorHandler(2, 'Attempt to read property "nama_periode" on string', 'APPPATH\\Views\\User\\formulir_pendaftaran_zonasi.php', 21)
 2 SYSTEMPATH\View\View.php(213): include('APPPATH\\Views\\User\\formulir_pendaftaran_zonasi.php')
 3 SYSTEMPATH\View\View.php(216): CodeIgniter\View\View->CodeIgniter\View\{closure}()
 4 SYSTEMPATH\Common.php(1135): CodeIgniter\View\View->render('User/formulir_pendaftaran_zonasi', [], true)
 5 APPPATH\Controllers\User.php(70): view('User/formulir_pendaftaran_zonasi', [...])
 6 SYSTEMPATH\CodeIgniter.php(896): App\Controllers\User->formulir_pendaftaran_zonasi('4')
 7 SYSTEMPATH\CodeIgniter.php(466): CodeIgniter\CodeIgniter->runController(Object(App\Controllers\User))
 8 SYSTEMPATH\CodeIgniter.php(349): CodeIgniter\CodeIgniter->handleRequest(null, Object(Config\Cache), false)
 9 FCPATH\index.php(55): CodeIgniter\CodeIgniter->run()
10 SYSTEMPATH\Commands\Server\rewrite.php(43): require_once('FCPATH\\index.php')
CRITICAL - 2023-02-20 09:17:56 --> Undefined property: stdClass::$nama_jalur
in APPPATH\Views\User\formulir_pendaftaran_zonasi.php on line 39.
 1 APPPATH\Views\User\formulir_pendaftaran_zonasi.php(39): CodeIgniter\Debug\Exceptions->errorHandler(2, 'Undefined property: stdClass::$nama_jalur', 'APPPATH\\Views\\User\\formulir_pendaftaran_zonasi.php', 39)
 2 SYSTEMPATH\View\View.php(213): include('APPPATH\\Views\\User\\formulir_pendaftaran_zonasi.php')
 3 SYSTEMPATH\View\View.php(216): CodeIgniter\View\View->CodeIgniter\View\{closure}()
 4 SYSTEMPATH\Common.php(1135): CodeIgniter\View\View->render('User/formulir_pendaftaran_zonasi', [], true)
 5 APPPATH\Controllers\User.php(70): view('User/formulir_pendaftaran_zonasi', [...])
 6 SYSTEMPATH\CodeIgniter.php(896): App\Controllers\User->formulir_pendaftaran_zonasi('4')
 7 SYSTEMPATH\CodeIgniter.php(466): CodeIgniter\CodeIgniter->runController(Object(App\Controllers\User))
 8 SYSTEMPATH\CodeIgniter.php(349): CodeIgniter\CodeIgniter->handleRequest(null, Object(Config\Cache), false)
 9 FCPATH\index.php(55): CodeIgniter\CodeIgniter->run()
10 SYSTEMPATH\Commands\Server\rewrite.php(43): require_once('FCPATH\\index.php')
CRITICAL - 2023-02-20 09:20:16 --> Undefined variable $peridoe
in APPPATH\Views\User\formulir_pendaftaran_zonasi.php on line 20.
 1 APPPATH\Views\User\formulir_pendaftaran_zonasi.php(20): CodeIgniter\Debug\Exceptions->errorHandler(2, 'Undefined variable $peridoe', 'APPPATH\\Views\\User\\formulir_pendaftaran_zonasi.php', 20)
 2 SYSTEMPATH\View\View.php(213): include('APPPATH\\Views\\User\\formulir_pendaftaran_zonasi.php')
 3 SYSTEMPATH\View\View.php(216): CodeIgniter\View\View->CodeIgniter\View\{closure}()
 4 SYSTEMPATH\Common.php(1135): CodeIgniter\View\View->render('User/formulir_pendaftaran_zonasi', [], true)
 5 APPPATH\Controllers\User.php(70): view('User/formulir_pendaftaran_zonasi', [...])
 6 SYSTEMPATH\CodeIgniter.php(896): App\Controllers\User->formulir_pendaftaran_zonasi('4')
 7 SYSTEMPATH\CodeIgniter.php(466): CodeIgniter\CodeIgniter->runController(Object(App\Controllers\User))
 8 SYSTEMPATH\CodeIgniter.php(349): CodeIgniter\CodeIgniter->handleRequest(null, Object(Config\Cache), false)
 9 FCPATH\index.php(55): CodeIgniter\CodeIgniter->run()
10 SYSTEMPATH\Commands\Server\rewrite.php(43): require_once('FCPATH\\index.php')
CRITICAL - 2023-02-20 15:24:16 --> Undefined variable $nomor_pendaftar
in APPPATH\Views\User\formulir_pendaftaran_zonasi.php on line 661.
 1 APPPATH\Views\User\formulir_pendaftaran_zonasi.php(661): CodeIgniter\Debug\Exceptions->errorHandler(2, 'Undefined variable $nomor_pendaftar', 'APPPATH\\Views\\User\\formulir_pendaftaran_zonasi.php', 661)
 2 SYSTEMPATH\View\View.php(213): include('APPPATH\\Views\\User\\formulir_pendaftaran_zonasi.php')
 3 SYSTEMPATH\View\View.php(216): CodeIgniter\View\View->CodeIgniter\View\{closure}()
 4 SYSTEMPATH\Common.php(1135): CodeIgniter\View\View->render('User/formulir_pendaftaran_zonasi', [], true)
 5 APPPATH\Controllers\User.php(88): view('User/formulir_pendaftaran_zonasi', [...])
 6 SYSTEMPATH\CodeIgniter.php(896): App\Controllers\User->formulir_pendaftaran_zonasi('4')
 7 SYSTEMPATH\CodeIgniter.php(466): CodeIgniter\CodeIgniter->runController(Object(App\Controllers\User))
 8 SYSTEMPATH\CodeIgniter.php(349): CodeIgniter\CodeIgniter->handleRequest(null, Object(Config\Cache), false)
 9 FCPATH\index.php(55): CodeIgniter\CodeIgniter->run()
10 SYSTEMPATH\Commands\Server\rewrite.php(43): require_once('FCPATH\\index.php')
