CRITICAL - 2023-02-24 05:40:28 --> Object of class stdClass could not be converted to string
in APPPATH\Views\Admin\navbar.php on line 31.
 1 SYSTEMPATH\View\View.php(213): include()
 2 SYSTEMPATH\View\View.php(216): CodeIgniter\View\View->CodeIgniter\View\{closure}()
 3 SYSTEMPATH\View\View.php(429): CodeIgniter\View\View->render('Admin/navbar', null, true)
 4 APPPATH\Views\Admin\index.php(17): CodeIgniter\View\View->include('Admin/navbar')
 5 SYSTEMPATH\View\View.php(213): include('APPPATH\\Views\\Admin\\index.php')
 6 SYSTEMPATH\View\View.php(216): CodeIgniter\View\View->CodeIgniter\View\{closure}()
 7 SYSTEMPATH\View\View.php(229): CodeIgniter\View\View->render('Admin/index.php', [], true)
 8 SYSTEMPATH\Common.php(1135): CodeIgniter\View\View->render('Admin/dashboard', [], true)
 9 APPPATH\Controllers\Admin.php(19): view('Admin/dashboard', [...])
10 SYSTEMPATH\CodeIgniter.php(896): App\Controllers\Admin->dashboard()
11 SYSTEMPATH\CodeIgniter.php(466): CodeIgniter\CodeIgniter->runController(Object(App\Controllers\Admin))
12 SYSTEMPATH\CodeIgniter.php(349): CodeIgniter\CodeIgniter->handleRequest(null, Object(Config\Cache), false)
13 FCPATH\index.php(55): CodeIgniter\CodeIgniter->run()
14 SYSTEMPATH\Commands\Server\rewrite.php(43): require_once('FCPATH\\index.php')
CRITICAL - 2023-02-24 05:41:10 --> Object of class stdClass could not be converted to string
in APPPATH\Views\Admin\navbar.php on line 31.
 1 SYSTEMPATH\View\View.php(213): include()
 2 SYSTEMPATH\View\View.php(216): CodeIgniter\View\View->CodeIgniter\View\{closure}()
 3 SYSTEMPATH\View\View.php(429): CodeIgniter\View\View->render('Admin/navbar', null, true)
 4 APPPATH\Views\Admin\index.php(17): CodeIgniter\View\View->include('Admin/navbar')
 5 SYSTEMPATH\View\View.php(213): include('APPPATH\\Views\\Admin\\index.php')
 6 SYSTEMPATH\View\View.php(216): CodeIgniter\View\View->CodeIgniter\View\{closure}()
 7 SYSTEMPATH\View\View.php(229): CodeIgniter\View\View->render('Admin/index.php', [], true)
 8 SYSTEMPATH\Common.php(1135): CodeIgniter\View\View->render('Admin/dashboard', [], true)
 9 APPPATH\Controllers\Admin.php(19): view('Admin/dashboard', [...])
10 SYSTEMPATH\CodeIgniter.php(896): App\Controllers\Admin->dashboard()
11 SYSTEMPATH\CodeIgniter.php(466): CodeIgniter\CodeIgniter->runController(Object(App\Controllers\Admin))
12 SYSTEMPATH\CodeIgniter.php(349): CodeIgniter\CodeIgniter->handleRequest(null, Object(Config\Cache), false)
13 FCPATH\index.php(55): CodeIgniter\CodeIgniter->run()
14 SYSTEMPATH\Commands\Server\rewrite.php(43): require_once('FCPATH\\index.php')
CRITICAL - 2023-02-24 05:42:34 --> Object of class stdClass could not be converted to string
in APPPATH\Views\Admin\navbar.php on line 31.
 1 SYSTEMPATH\View\View.php(213): include()
 2 SYSTEMPATH\View\View.php(216): CodeIgniter\View\View->CodeIgniter\View\{closure}()
 3 SYSTEMPATH\View\View.php(429): CodeIgniter\View\View->render('Admin/navbar', null, true)
 4 APPPATH\Views\Admin\index.php(17): CodeIgniter\View\View->include('Admin/navbar')
 5 SYSTEMPATH\View\View.php(213): include('APPPATH\\Views\\Admin\\index.php')
 6 SYSTEMPATH\View\View.php(216): CodeIgniter\View\View->CodeIgniter\View\{closure}()
 7 SYSTEMPATH\View\View.php(229): CodeIgniter\View\View->render('Admin/index.php', [], true)
 8 SYSTEMPATH\Common.php(1135): CodeIgniter\View\View->render('Admin/dashboard', [], true)
 9 APPPATH\Controllers\Admin.php(19): view('Admin/dashboard', [...])
10 SYSTEMPATH\CodeIgniter.php(896): App\Controllers\Admin->dashboard()
11 SYSTEMPATH\CodeIgniter.php(466): CodeIgniter\CodeIgniter->runController(Object(App\Controllers\Admin))
12 SYSTEMPATH\CodeIgniter.php(349): CodeIgniter\CodeIgniter->handleRequest(null, Object(Config\Cache), false)
13 FCPATH\index.php(55): CodeIgniter\CodeIgniter->run()
14 SYSTEMPATH\Commands\Server\rewrite.php(43): require_once('FCPATH\\index.php')
CRITICAL - 2023-02-24 05:51:32 --> Undefined variable $pendaftar
in APPPATH\Controllers\Admin.php on line 33.
 1 APPPATH\Controllers\Admin.php(33): CodeIgniter\Debug\Exceptions->errorHandler(2, 'Undefined variable $pendaftar', 'APPPATH\\Controllers\\Admin.php', 33)
 2 SYSTEMPATH\CodeIgniter.php(896): App\Controllers\Admin->data_pendaftar('2')
 3 SYSTEMPATH\CodeIgniter.php(466): CodeIgniter\CodeIgniter->runController(Object(App\Controllers\Admin))
 4 SYSTEMPATH\CodeIgniter.php(349): CodeIgniter\CodeIgniter->handleRequest(null, Object(Config\Cache), false)
 5 FCPATH\index.php(55): CodeIgniter\CodeIgniter->run()
 6 SYSTEMPATH\Commands\Server\rewrite.php(43): require_once('FCPATH\\index.php')
ERROR - 2023-02-24 06:10:22 --> Unknown column 'id_periode' in 'where clause'
CRITICAL - 2023-02-24 06:10:22 --> Unknown column 'id_periode' in 'where clause'
in SYSTEMPATH\Database\MySQLi\Connection.php on line 292.
 1 SYSTEMPATH\Database\MySQLi\Connection.php(292): mysqli->query('SELECT *
FROM `jalur`
WHERE `id_periode` = \'3\'', 0)
 2 SYSTEMPATH\Database\BaseConnection.php(695): CodeIgniter\Database\MySQLi\Connection->execute('SELECT *
FROM `jalur`
WHERE `id_periode` = \'3\'')
 3 SYSTEMPATH\Database\BaseConnection.php(609): CodeIgniter\Database\BaseConnection->simpleQuery('SELECT *
FROM `jalur`
WHERE `id_periode` = \'3\'')
 4 SYSTEMPATH\Database\BaseBuilder.php(1585): CodeIgniter\Database\BaseConnection->query('SELECT *
FROM `jalur`
WHERE `id_periode` = :id_periode:', [...], false)
 5 SYSTEMPATH\Model.php(222): CodeIgniter\Database\BaseBuilder->get()
 6 SYSTEMPATH\BaseModel.php(584): CodeIgniter\Model->doFindAll(0, 0)
 7 APPPATH\Controllers\Admin.php(42): CodeIgniter\BaseModel->findAll()
 8 SYSTEMPATH\CodeIgniter.php(896): App\Controllers\Admin->data_pendaftar('3')
 9 SYSTEMPATH\CodeIgniter.php(466): CodeIgniter\CodeIgniter->runController(Object(App\Controllers\Admin))
10 SYSTEMPATH\CodeIgniter.php(349): CodeIgniter\CodeIgniter->handleRequest(null, Object(Config\Cache), false)
11 FCPATH\index.php(55): CodeIgniter\CodeIgniter->run()
12 SYSTEMPATH\Commands\Server\rewrite.php(43): require_once('FCPATH\\index.php')
CRITICAL - 2023-02-24 06:32:56 --> Unclosed '{' on line 30
in APPPATH\Views\Admin\data_pendaftar.php on line 45.
 1 SYSTEMPATH\View\View.php(216): CodeIgniter\View\View->CodeIgniter\View\{closure}()
 2 SYSTEMPATH\Common.php(1135): CodeIgniter\View\View->render('Admin/data_pendaftar', [], true)
 3 APPPATH\Controllers\Admin.php(46): view('Admin/data_pendaftar', [...])
 4 SYSTEMPATH\CodeIgniter.php(896): App\Controllers\Admin->data_pendaftar('4')
 5 SYSTEMPATH\CodeIgniter.php(466): CodeIgniter\CodeIgniter->runController(Object(App\Controllers\Admin))
 6 SYSTEMPATH\CodeIgniter.php(349): CodeIgniter\CodeIgniter->handleRequest(null, Object(Config\Cache), false)
 7 FCPATH\index.php(55): CodeIgniter\CodeIgniter->run()
 8 SYSTEMPATH\Commands\Server\rewrite.php(43): require_once('FCPATH\\index.php')
CRITICAL - 2023-02-24 06:33:32 --> Unclosed '{' on line 30
in APPPATH\Views\Admin\data_pendaftar.php on line 48.
 1 SYSTEMPATH\View\View.php(216): CodeIgniter\View\View->CodeIgniter\View\{closure}()
 2 SYSTEMPATH\Common.php(1135): CodeIgniter\View\View->render('Admin/data_pendaftar', [], true)
 3 APPPATH\Controllers\Admin.php(46): view('Admin/data_pendaftar', [...])
 4 SYSTEMPATH\CodeIgniter.php(896): App\Controllers\Admin->data_pendaftar('4')
 5 SYSTEMPATH\CodeIgniter.php(466): CodeIgniter\CodeIgniter->runController(Object(App\Controllers\Admin))
 6 SYSTEMPATH\CodeIgniter.php(349): CodeIgniter\CodeIgniter->handleRequest(null, Object(Config\Cache), false)
 7 FCPATH\index.php(55): CodeIgniter\CodeIgniter->run()
 8 SYSTEMPATH\Commands\Server\rewrite.php(43): require_once('FCPATH\\index.php')
CRITICAL - 2023-02-24 06:34:24 --> Unclosed '{' on line 30
in APPPATH\Views\Admin\data_pendaftar.php on line 47.
 1 SYSTEMPATH\View\View.php(216): CodeIgniter\View\View->CodeIgniter\View\{closure}()
 2 SYSTEMPATH\Common.php(1135): CodeIgniter\View\View->render('Admin/data_pendaftar', [], true)
 3 APPPATH\Controllers\Admin.php(46): view('Admin/data_pendaftar', [...])
 4 SYSTEMPATH\CodeIgniter.php(896): App\Controllers\Admin->data_pendaftar('4')
 5 SYSTEMPATH\CodeIgniter.php(466): CodeIgniter\CodeIgniter->runController(Object(App\Controllers\Admin))
 6 SYSTEMPATH\CodeIgniter.php(349): CodeIgniter\CodeIgniter->handleRequest(null, Object(Config\Cache), false)
 7 FCPATH\index.php(55): CodeIgniter\CodeIgniter->run()
 8 SYSTEMPATH\Commands\Server\rewrite.php(43): require_once('FCPATH\\index.php')
CRITICAL - 2023-02-24 06:35:57 --> Unclosed '{' on line 30
in APPPATH\Views\Admin\data_pendaftar.php on line 47.
 1 SYSTEMPATH\View\View.php(216): CodeIgniter\View\View->CodeIgniter\View\{closure}()
 2 SYSTEMPATH\Common.php(1135): CodeIgniter\View\View->render('Admin/data_pendaftar', [], true)
 3 APPPATH\Controllers\Admin.php(46): view('Admin/data_pendaftar', [...])
 4 SYSTEMPATH\CodeIgniter.php(896): App\Controllers\Admin->data_pendaftar('4')
 5 SYSTEMPATH\CodeIgniter.php(466): CodeIgniter\CodeIgniter->runController(Object(App\Controllers\Admin))
 6 SYSTEMPATH\CodeIgniter.php(349): CodeIgniter\CodeIgniter->handleRequest(null, Object(Config\Cache), false)
 7 FCPATH\index.php(55): CodeIgniter\CodeIgniter->run()
 8 SYSTEMPATH\Commands\Server\rewrite.php(43): require_once('FCPATH\\index.php')
CRITICAL - 2023-02-24 06:36:24 --> Unclosed '{' on line 29
in APPPATH\Views\Admin\data_pendaftar.php on line 46.
 1 SYSTEMPATH\View\View.php(216): CodeIgniter\View\View->CodeIgniter\View\{closure}()
 2 SYSTEMPATH\Common.php(1135): CodeIgniter\View\View->render('Admin/data_pendaftar', [], true)
 3 APPPATH\Controllers\Admin.php(46): view('Admin/data_pendaftar', [...])
 4 SYSTEMPATH\CodeIgniter.php(896): App\Controllers\Admin->data_pendaftar('4')
 5 SYSTEMPATH\CodeIgniter.php(466): CodeIgniter\CodeIgniter->runController(Object(App\Controllers\Admin))
 6 SYSTEMPATH\CodeIgniter.php(349): CodeIgniter\CodeIgniter->handleRequest(null, Object(Config\Cache), false)
 7 FCPATH\index.php(55): CodeIgniter\CodeIgniter->run()
 8 SYSTEMPATH\Commands\Server\rewrite.php(43): require_once('FCPATH\\index.php')
CRITICAL - 2023-02-24 06:37:09 --> Unclosed '{' on line 17
in APPPATH\Views\Admin\data_pendaftar.php on line 40.
 1 SYSTEMPATH\View\View.php(216): CodeIgniter\View\View->CodeIgniter\View\{closure}()
 2 SYSTEMPATH\Common.php(1135): CodeIgniter\View\View->render('Admin/data_pendaftar', [], true)
 3 APPPATH\Controllers\Admin.php(46): view('Admin/data_pendaftar', [...])
 4 SYSTEMPATH\CodeIgniter.php(896): App\Controllers\Admin->data_pendaftar('4')
 5 SYSTEMPATH\CodeIgniter.php(466): CodeIgniter\CodeIgniter->runController(Object(App\Controllers\Admin))
 6 SYSTEMPATH\CodeIgniter.php(349): CodeIgniter\CodeIgniter->handleRequest(null, Object(Config\Cache), false)
 7 FCPATH\index.php(55): CodeIgniter\CodeIgniter->run()
 8 SYSTEMPATH\Commands\Server\rewrite.php(43): require_once('FCPATH\\index.php')
CRITICAL - 2023-02-24 06:37:29 --> Unclosed '{' on line 30
in APPPATH\Views\Admin\data_pendaftar.php on line 47.
 1 SYSTEMPATH\View\View.php(216): CodeIgniter\View\View->CodeIgniter\View\{closure}()
 2 SYSTEMPATH\Common.php(1135): CodeIgniter\View\View->render('Admin/data_pendaftar', [], true)
 3 APPPATH\Controllers\Admin.php(46): view('Admin/data_pendaftar', [...])
 4 SYSTEMPATH\CodeIgniter.php(896): App\Controllers\Admin->data_pendaftar('4')
 5 SYSTEMPATH\CodeIgniter.php(466): CodeIgniter\CodeIgniter->runController(Object(App\Controllers\Admin))
 6 SYSTEMPATH\CodeIgniter.php(349): CodeIgniter\CodeIgniter->handleRequest(null, Object(Config\Cache), false)
 7 FCPATH\index.php(55): CodeIgniter\CodeIgniter->run()
 8 SYSTEMPATH\Commands\Server\rewrite.php(43): require_once('FCPATH\\index.php')
CRITICAL - 2023-02-24 06:38:59 --> Undefined property: stdClass::$id_pendaftar
in APPPATH\Views\Admin\data_pendaftar.php on line 31.
 1 APPPATH\Views\Admin\data_pendaftar.php(31): CodeIgniter\Debug\Exceptions->errorHandler(2, 'Undefined property: stdClass::$id_pendaftar', 'APPPATH\\Views\\Admin\\data_pendaftar.php', 31)
 2 SYSTEMPATH\View\View.php(213): include('APPPATH\\Views\\Admin\\data_pendaftar.php')
 3 SYSTEMPATH\View\View.php(216): CodeIgniter\View\View->CodeIgniter\View\{closure}()
 4 SYSTEMPATH\Common.php(1135): CodeIgniter\View\View->render('Admin/data_pendaftar', [], true)
 5 APPPATH\Controllers\Admin.php(46): view('Admin/data_pendaftar', [...])
 6 SYSTEMPATH\CodeIgniter.php(896): App\Controllers\Admin->data_pendaftar('4')
 7 SYSTEMPATH\CodeIgniter.php(466): CodeIgniter\CodeIgniter->runController(Object(App\Controllers\Admin))
 8 SYSTEMPATH\CodeIgniter.php(349): CodeIgniter\CodeIgniter->handleRequest(null, Object(Config\Cache), false)
 9 FCPATH\index.php(55): CodeIgniter\CodeIgniter->run()
10 SYSTEMPATH\Commands\Server\rewrite.php(43): require_once('FCPATH\\index.php')
CRITICAL - 2023-02-24 07:00:48 --> Array to string conversion
in APPPATH\Controllers\Admin.php on line 70.
 1 APPPATH\Controllers\Admin.php(70): CodeIgniter\Debug\Exceptions->errorHandler(2, 'Array to string conversion', 'APPPATH\\Controllers\\Admin.php', 70)
 2 SYSTEMPATH\CodeIgniter.php(896): App\Controllers\Admin->status_penerimaan('3')
 3 SYSTEMPATH\CodeIgniter.php(466): CodeIgniter\CodeIgniter->runController(Object(App\Controllers\Admin))
 4 SYSTEMPATH\CodeIgniter.php(349): CodeIgniter\CodeIgniter->handleRequest(null, Object(Config\Cache), false)
 5 FCPATH\index.php(55): CodeIgniter\CodeIgniter->run()
 6 SYSTEMPATH\Commands\Server\rewrite.php(43): require_once('FCPATH\\index.php')
CRITICAL - 2023-02-24 07:01:06 --> Attempt to read property "id" on array
in APPPATH\Controllers\Admin.php on line 70.
 1 APPPATH\Controllers\Admin.php(70): CodeIgniter\Debug\Exceptions->errorHandler(2, 'Attempt to read property "id" on array', 'APPPATH\\Controllers\\Admin.php', 70)
 2 SYSTEMPATH\CodeIgniter.php(896): App\Controllers\Admin->status_penerimaan('3')
 3 SYSTEMPATH\CodeIgniter.php(466): CodeIgniter\CodeIgniter->runController(Object(App\Controllers\Admin))
 4 SYSTEMPATH\CodeIgniter.php(349): CodeIgniter\CodeIgniter->handleRequest(null, Object(Config\Cache), false)
 5 FCPATH\index.php(55): CodeIgniter\CodeIgniter->run()
 6 SYSTEMPATH\Commands\Server\rewrite.php(43): require_once('FCPATH\\index.php')
CRITICAL - 2023-02-24 07:01:33 --> Attempt to read property "id" on array
in APPPATH\Controllers\Admin.php on line 70.
 1 APPPATH\Controllers\Admin.php(70): CodeIgniter\Debug\Exceptions->errorHandler(2, 'Attempt to read property "id" on array', 'APPPATH\\Controllers\\Admin.php', 70)
 2 SYSTEMPATH\CodeIgniter.php(896): App\Controllers\Admin->status_penerimaan('3')
 3 SYSTEMPATH\CodeIgniter.php(466): CodeIgniter\CodeIgniter->runController(Object(App\Controllers\Admin))
 4 SYSTEMPATH\CodeIgniter.php(349): CodeIgniter\CodeIgniter->handleRequest(null, Object(Config\Cache), false)
 5 FCPATH\index.php(55): CodeIgniter\CodeIgniter->run()
 6 SYSTEMPATH\Commands\Server\rewrite.php(43): require_once('FCPATH\\index.php')
CRITICAL - 2023-02-24 07:07:25 --> Undefined variable $data
in APPPATH\Controllers\Admin.php on line 91.
 1 APPPATH\Controllers\Admin.php(91): CodeIgniter\Debug\Exceptions->errorHandler(2, 'Undefined variable $data', 'APPPATH\\Controllers\\Admin.php', 91)
 2 SYSTEMPATH\CodeIgniter.php(896): App\Controllers\Admin->profil_siswa()
 3 SYSTEMPATH\CodeIgniter.php(466): CodeIgniter\CodeIgniter->runController(Object(App\Controllers\Admin))
 4 SYSTEMPATH\CodeIgniter.php(349): CodeIgniter\CodeIgniter->handleRequest(null, Object(Config\Cache), false)
 5 FCPATH\index.php(55): CodeIgniter\CodeIgniter->run()
 6 SYSTEMPATH\Commands\Server\rewrite.php(43): require_once('FCPATH\\index.php')
CRITICAL - 2023-02-24 07:07:40 --> Undefined variable $page
in APPPATH\Views\Admin\navbar.php on line 10.
 1 APPPATH\Views\Admin\navbar.php(10): CodeIgniter\Debug\Exceptions->errorHandler(2, 'Undefined variable $page', 'APPPATH\\Views\\Admin\\navbar.php', 10)
 2 SYSTEMPATH\View\View.php(213): include('APPPATH\\Views\\Admin\\navbar.php')
 3 SYSTEMPATH\View\View.php(216): CodeIgniter\View\View->CodeIgniter\View\{closure}()
 4 SYSTEMPATH\View\View.php(429): CodeIgniter\View\View->render('Admin/navbar', null, true)
 5 APPPATH\Views\Admin\index.php(17): CodeIgniter\View\View->include('Admin/navbar')
 6 SYSTEMPATH\View\View.php(213): include('APPPATH\\Views\\Admin\\index.php')
 7 SYSTEMPATH\View\View.php(216): CodeIgniter\View\View->CodeIgniter\View\{closure}()
 8 SYSTEMPATH\View\View.php(229): CodeIgniter\View\View->render('Admin/index.php', [], true)
 9 SYSTEMPATH\Common.php(1135): CodeIgniter\View\View->render('Admin/profil_siswa', [], true)
10 APPPATH\Controllers\Admin.php(91): view('Admin/profil_siswa')
11 SYSTEMPATH\CodeIgniter.php(896): App\Controllers\Admin->profil_siswa()
12 SYSTEMPATH\CodeIgniter.php(466): CodeIgniter\CodeIgniter->runController(Object(App\Controllers\Admin))
13 SYSTEMPATH\CodeIgniter.php(349): CodeIgniter\CodeIgniter->handleRequest(null, Object(Config\Cache), false)
14 FCPATH\index.php(55): CodeIgniter\CodeIgniter->run()
15 SYSTEMPATH\Commands\Server\rewrite.php(43): require_once('FCPATH\\index.php')
