CRITICAL - 2023-02-16 10:18:44 --> Invalid file: tahap.php
in SYSTEMPATH\Exceptions\FrameworkException.php on line 33.
 1 SYSTEMPATH\View\View.php(201): CodeIgniter\Exceptions\FrameworkException::forInvalidFile('tahap.php')
 2 SYSTEMPATH\Common.php(1135): CodeIgniter\View\View->render('tahap', [], true)
 3 APPPATH\Controllers\Home.php(25): view('tahap')
 4 SYSTEMPATH\CodeIgniter.php(896): App\Controllers\Home->tahap()
 5 SYSTEMPATH\CodeIgniter.php(466): CodeIgniter\CodeIgniter->runController(Object(App\Controllers\Home))
 6 SYSTEMPATH\CodeIgniter.php(349): CodeIgniter\CodeIgniter->handleRequest(null, Object(Config\Cache), false)
 7 FCPATH\index.php(55): CodeIgniter\CodeIgniter->run()
 8 SYSTEMPATH\Commands\Server\rewrite.php(43): require_once('FCPATH\\index.php')
CRITICAL - 2023-02-16 15:45:31 --> Undefined variable $periode
in APPPATH\Views\User\home.php on line 11.
 1 APPPATH\Views\User\home.php(11): CodeIgniter\Debug\Exceptions->errorHandler(2, 'Undefined variable $periode', 'APPPATH\\Views\\User\\home.php', 11)
 2 SYSTEMPATH\View\View.php(213): include('APPPATH\\Views\\User\\home.php')
 3 SYSTEMPATH\View\View.php(216): CodeIgniter\View\View->CodeIgniter\View\{closure}()
 4 SYSTEMPATH\Common.php(1135): CodeIgniter\View\View->render('User/home', [], true)
 5 APPPATH\Controllers\User.php(11): view('User/home')
 6 SYSTEMPATH\CodeIgniter.php(896): App\Controllers\User->index()
 7 SYSTEMPATH\CodeIgniter.php(466): CodeIgniter\CodeIgniter->runController(Object(App\Controllers\User))
 8 SYSTEMPATH\CodeIgniter.php(349): CodeIgniter\CodeIgniter->handleRequest(null, Object(Config\Cache), false)
 9 FCPATH\index.php(55): CodeIgniter\CodeIgniter->run()
10 SYSTEMPATH\Commands\Server\rewrite.php(43): require_once('FCPATH\\index.php')
CRITICAL - 2023-02-16 15:46:05 --> Undefined variable $periode
in APPPATH\Views\User\home.php on line 11.
 1 APPPATH\Views\User\home.php(11): CodeIgniter\Debug\Exceptions->errorHandler(2, 'Undefined variable $periode', 'APPPATH\\Views\\User\\home.php', 11)
 2 SYSTEMPATH\View\View.php(213): include('APPPATH\\Views\\User\\home.php')
 3 SYSTEMPATH\View\View.php(216): CodeIgniter\View\View->CodeIgniter\View\{closure}()
 4 SYSTEMPATH\Common.php(1135): CodeIgniter\View\View->render('User/home', [], true)
 5 APPPATH\Controllers\User.php(11): view('User/home')
 6 SYSTEMPATH\CodeIgniter.php(896): App\Controllers\User->index()
 7 SYSTEMPATH\CodeIgniter.php(466): CodeIgniter\CodeIgniter->runController(Object(App\Controllers\User))
 8 SYSTEMPATH\CodeIgniter.php(349): CodeIgniter\CodeIgniter->handleRequest(null, Object(Config\Cache), false)
 9 FCPATH\index.php(55): CodeIgniter\CodeIgniter->run()
10 SYSTEMPATH\Commands\Server\rewrite.php(43): require_once('FCPATH\\index.php')
CRITICAL - 2023-02-16 15:46:07 --> Undefined variable $periode
in APPPATH\Views\User\home.php on line 11.
 1 APPPATH\Views\User\home.php(11): CodeIgniter\Debug\Exceptions->errorHandler(2, 'Undefined variable $periode', 'APPPATH\\Views\\User\\home.php', 11)
 2 SYSTEMPATH\View\View.php(213): include('APPPATH\\Views\\User\\home.php')
 3 SYSTEMPATH\View\View.php(216): CodeIgniter\View\View->CodeIgniter\View\{closure}()
 4 SYSTEMPATH\Common.php(1135): CodeIgniter\View\View->render('User/home', [], true)
 5 APPPATH\Controllers\User.php(11): view('User/home')
 6 SYSTEMPATH\CodeIgniter.php(896): App\Controllers\User->index()
 7 SYSTEMPATH\CodeIgniter.php(466): CodeIgniter\CodeIgniter->runController(Object(App\Controllers\User))
 8 SYSTEMPATH\CodeIgniter.php(349): CodeIgniter\CodeIgniter->handleRequest(null, Object(Config\Cache), false)
 9 FCPATH\index.php(55): CodeIgniter\CodeIgniter->run()
10 SYSTEMPATH\Commands\Server\rewrite.php(43): require_once('FCPATH\\index.php')
CRITICAL - 2023-02-16 15:46:34 --> Undefined variable $periode
in APPPATH\Views\User\home.php on line 11.
 1 APPPATH\Views\User\home.php(11): CodeIgniter\Debug\Exceptions->errorHandler(2, 'Undefined variable $periode', 'APPPATH\\Views\\User\\home.php', 11)
 2 SYSTEMPATH\View\View.php(213): include('APPPATH\\Views\\User\\home.php')
 3 SYSTEMPATH\View\View.php(216): CodeIgniter\View\View->CodeIgniter\View\{closure}()
 4 SYSTEMPATH\Common.php(1135): CodeIgniter\View\View->render('User/home', [], true)
 5 APPPATH\Controllers\User.php(11): view('User/home')
 6 SYSTEMPATH\CodeIgniter.php(896): App\Controllers\User->index()
 7 SYSTEMPATH\CodeIgniter.php(466): CodeIgniter\CodeIgniter->runController(Object(App\Controllers\User))
 8 SYSTEMPATH\CodeIgniter.php(349): CodeIgniter\CodeIgniter->handleRequest(null, Object(Config\Cache), false)
 9 FCPATH\index.php(55): CodeIgniter\CodeIgniter->run()
10 SYSTEMPATH\Commands\Server\rewrite.php(43): require_once('FCPATH\\index.php')
CRITICAL - 2023-02-16 15:48:45 --> Undefined variable $periode
in APPPATH\Views\User\home.php on line 11.
 1 APPPATH\Views\User\home.php(11): CodeIgniter\Debug\Exceptions->errorHandler(2, 'Undefined variable $periode', 'APPPATH\\Views\\User\\home.php', 11)
 2 SYSTEMPATH\View\View.php(213): include('APPPATH\\Views\\User\\home.php')
 3 SYSTEMPATH\View\View.php(216): CodeIgniter\View\View->CodeIgniter\View\{closure}()
 4 SYSTEMPATH\Common.php(1135): CodeIgniter\View\View->render('User/home', [], true)
 5 APPPATH\Controllers\User.php(18): view('User/home')
 6 SYSTEMPATH\CodeIgniter.php(896): App\Controllers\User->index()
 7 SYSTEMPATH\CodeIgniter.php(466): CodeIgniter\CodeIgniter->runController(Object(App\Controllers\User))
 8 SYSTEMPATH\CodeIgniter.php(349): CodeIgniter\CodeIgniter->handleRequest(null, Object(Config\Cache), false)
 9 FCPATH\index.php(55): CodeIgniter\CodeIgniter->run()
10 SYSTEMPATH\Commands\Server\rewrite.php(43): require_once('FCPATH\\index.php')
CRITICAL - 2023-02-16 15:48:47 --> Undefined variable $periode
in APPPATH\Views\User\home.php on line 11.
 1 APPPATH\Views\User\home.php(11): CodeIgniter\Debug\Exceptions->errorHandler(2, 'Undefined variable $periode', 'APPPATH\\Views\\User\\home.php', 11)
 2 SYSTEMPATH\View\View.php(213): include('APPPATH\\Views\\User\\home.php')
 3 SYSTEMPATH\View\View.php(216): CodeIgniter\View\View->CodeIgniter\View\{closure}()
 4 SYSTEMPATH\Common.php(1135): CodeIgniter\View\View->render('User/home', [], true)
 5 APPPATH\Controllers\User.php(18): view('User/home')
 6 SYSTEMPATH\CodeIgniter.php(896): App\Controllers\User->index()
 7 SYSTEMPATH\CodeIgniter.php(466): CodeIgniter\CodeIgniter->runController(Object(App\Controllers\User))
 8 SYSTEMPATH\CodeIgniter.php(349): CodeIgniter\CodeIgniter->handleRequest(null, Object(Config\Cache), false)
 9 FCPATH\index.php(55): CodeIgniter\CodeIgniter->run()
10 SYSTEMPATH\Commands\Server\rewrite.php(43): require_once('FCPATH\\index.php')
CRITICAL - 2023-02-16 15:48:59 --> Too few arguments to function App\Controllers\User::jalur(), 0 passed in C:\Salsabila Fauzia S\xampp\htdocs\ppdb\system\CodeIgniter.php on line 896 and exactly 1 expected
in APPPATH\Controllers\User.php on line 36.
 1 SYSTEMPATH\CodeIgniter.php(896): App\Controllers\User->jalur()
 2 SYSTEMPATH\CodeIgniter.php(466): CodeIgniter\CodeIgniter->runController(Object(App\Controllers\User))
 3 SYSTEMPATH\CodeIgniter.php(349): CodeIgniter\CodeIgniter->handleRequest(null, Object(Config\Cache), false)
 4 FCPATH\index.php(55): CodeIgniter\CodeIgniter->run()
 5 SYSTEMPATH\Commands\Server\rewrite.php(43): require_once('FCPATH\\index.php')
CRITICAL - 2023-02-16 15:51:12 --> Undefined property: stdClass::$nama_jalur
in APPPATH\Views\User\tahap.php on line 16.
 1 APPPATH\Views\User\tahap.php(16): CodeIgniter\Debug\Exceptions->errorHandler(2, 'Undefined property: stdClass::$nama_jalur', 'APPPATH\\Views\\User\\tahap.php', 16)
 2 SYSTEMPATH\View\View.php(213): include('APPPATH\\Views\\User\\tahap.php')
 3 SYSTEMPATH\View\View.php(216): CodeIgniter\View\View->CodeIgniter\View\{closure}()
 4 SYSTEMPATH\Common.php(1135): CodeIgniter\View\View->render('User/tahap', [], true)
 5 APPPATH\Controllers\User.php(50): view('User/tahap', [...])
 6 SYSTEMPATH\CodeIgniter.php(896): App\Controllers\User->tahap('2')
 7 SYSTEMPATH\CodeIgniter.php(466): CodeIgniter\CodeIgniter->runController(Object(App\Controllers\User))
 8 SYSTEMPATH\CodeIgniter.php(349): CodeIgniter\CodeIgniter->handleRequest(null, Object(Config\Cache), false)
 9 FCPATH\index.php(55): CodeIgniter\CodeIgniter->run()
10 SYSTEMPATH\Commands\Server\rewrite.php(43): require_once('FCPATH\\index.php')
