ERROR - 2022-11-11 10:18:19 --> Unknown column 'id_sekolah' in 'where clause'
CRITICAL - 2022-11-11 10:18:19 --> Unknown column 'id_sekolah' in 'where clause'
in SYSTEMPATH\Database\MySQLi\Connection.php on line 292.
 1 SYSTEMPATH\Database\MySQLi\Connection.php(292): mysqli->query('SELECT *
FROM `sekolah`
WHERE `id_sekolah` = \'1\'', 0)
 2 SYSTEMPATH\Database\BaseConnection.php(695): CodeIgniter\Database\MySQLi\Connection->execute('SELECT *
FROM `sekolah`
WHERE `id_sekolah` = \'1\'')
 3 SYSTEMPATH\Database\BaseConnection.php(609): CodeIgniter\Database\BaseConnection->simpleQuery('SELECT *
FROM `sekolah`
WHERE `id_sekolah` = \'1\'')
 4 SYSTEMPATH\Database\BaseBuilder.php(1585): CodeIgniter\Database\BaseConnection->query('SELECT *
FROM `sekolah`
WHERE `id_sekolah` = :id_sekolah:', [...], false)
 5 SYSTEMPATH\Model.php(222): CodeIgniter\Database\BaseBuilder->get()
 6 SYSTEMPATH\BaseModel.php(584): CodeIgniter\Model->doFindAll(0, 0)
 7 APPPATH\Controllers\Home.php(16): CodeIgniter\BaseModel->findAll()
 8 SYSTEMPATH\CodeIgniter.php(858): App\Controllers\Home->__construct()
 9 SYSTEMPATH\CodeIgniter.php(457): CodeIgniter\CodeIgniter->createController()
10 SYSTEMPATH\CodeIgniter.php(349): CodeIgniter\CodeIgniter->handleRequest(null, Object(Config\Cache), false)
11 FCPATH\index.php(55): CodeIgniter\CodeIgniter->run()
12 SYSTEMPATH\Commands\Server\rewrite.php(43): require_once('FCPATH\\index.php')
CRITICAL - 2022-11-11 10:19:06 --> Undefined variable $sekolah
in APPPATH\Views\landingPage\layout\header.php on line 9.
 1 APPPATH\Views\landingPage\layout\header.php(9): CodeIgniter\Debug\Exceptions->errorHandler(2, 'Undefined variable $sekolah', 'APPPATH\\Views\\landingPage\\layout\\header.php', 9)
 2 SYSTEMPATH\View\View.php(213): include('APPPATH\\Views\\landingPage\\layout\\header.php')
 3 SYSTEMPATH\View\View.php(216): CodeIgniter\View\View->CodeIgniter\View\{closure}()
 4 SYSTEMPATH\View\View.php(429): CodeIgniter\View\View->render('landingPage/layout/header', null, true)
 5 APPPATH\Views\landingPage\index.php(14): CodeIgniter\View\View->include('landingPage/layout/header')
 6 SYSTEMPATH\View\View.php(213): include('APPPATH\\Views\\landingPage\\index.php')
 7 SYSTEMPATH\View\View.php(216): CodeIgniter\View\View->CodeIgniter\View\{closure}()
 8 SYSTEMPATH\View\View.php(229): CodeIgniter\View\View->render('landingPage/index.php', [], true)
 9 SYSTEMPATH\Common.php(1135): CodeIgniter\View\View->render('landingPage/page/home', [], true)
10 APPPATH\Controllers\Home.php(25): view('landingPage/page/home', [...])
11 SYSTEMPATH\CodeIgniter.php(896): App\Controllers\Home->index()
12 SYSTEMPATH\CodeIgniter.php(466): CodeIgniter\CodeIgniter->runController(Object(App\Controllers\Home))
13 SYSTEMPATH\CodeIgniter.php(349): CodeIgniter\CodeIgniter->handleRequest(null, Object(Config\Cache), false)
14 FCPATH\index.php(55): CodeIgniter\CodeIgniter->run()
15 SYSTEMPATH\Commands\Server\rewrite.php(43): require_once('FCPATH\\index.php')
CRITICAL - 2022-11-11 10:21:47 --> Undefined variable $sekolah
in APPPATH\Views\landingPage\layout\header.php on line 9.
 1 APPPATH\Views\landingPage\layout\header.php(9): CodeIgniter\Debug\Exceptions->errorHandler(2, 'Undefined variable $sekolah', 'APPPATH\\Views\\landingPage\\layout\\header.php', 9)
 2 SYSTEMPATH\View\View.php(213): include('APPPATH\\Views\\landingPage\\layout\\header.php')
 3 SYSTEMPATH\View\View.php(216): CodeIgniter\View\View->CodeIgniter\View\{closure}()
 4 SYSTEMPATH\View\View.php(429): CodeIgniter\View\View->render('landingPage/layout/header', null, true)
 5 APPPATH\Views\landingPage\index.php(14): CodeIgniter\View\View->include('landingPage/layout/header')
 6 SYSTEMPATH\View\View.php(213): include('APPPATH\\Views\\landingPage\\index.php')
 7 SYSTEMPATH\View\View.php(216): CodeIgniter\View\View->CodeIgniter\View\{closure}()
 8 SYSTEMPATH\View\View.php(229): CodeIgniter\View\View->render('landingPage/index.php', [], true)
 9 SYSTEMPATH\Common.php(1135): CodeIgniter\View\View->render('landingPage/page/home', [], true)
10 APPPATH\Controllers\Home.php(27): view('landingPage/page/home', [...])
11 SYSTEMPATH\CodeIgniter.php(896): App\Controllers\Home->index()
12 SYSTEMPATH\CodeIgniter.php(466): CodeIgniter\CodeIgniter->runController(Object(App\Controllers\Home))
13 SYSTEMPATH\CodeIgniter.php(349): CodeIgniter\CodeIgniter->handleRequest(null, Object(Config\Cache), false)
14 FCPATH\index.php(55): CodeIgniter\CodeIgniter->run()
15 SYSTEMPATH\Commands\Server\rewrite.php(43): require_once('FCPATH\\index.php')
CRITICAL - 2022-11-11 10:25:57 --> Attempt to read property "file_logo" on array
in APPPATH\Views\landingPage\layout\header.php on line 9.
 1 APPPATH\Views\landingPage\layout\header.php(9): CodeIgniter\Debug\Exceptions->errorHandler(2, 'Attempt to read property "file_logo" on array', 'APPPATH\\Views\\landingPage\\layout\\header.php', 9)
 2 SYSTEMPATH\View\View.php(213): include('APPPATH\\Views\\landingPage\\layout\\header.php')
 3 SYSTEMPATH\View\View.php(216): CodeIgniter\View\View->CodeIgniter\View\{closure}()
 4 SYSTEMPATH\View\View.php(429): CodeIgniter\View\View->render('landingPage/layout/header', null, true)
 5 APPPATH\Views\landingPage\index.php(14): CodeIgniter\View\View->include('landingPage/layout/header')
 6 SYSTEMPATH\View\View.php(213): include('APPPATH\\Views\\landingPage\\index.php')
 7 SYSTEMPATH\View\View.php(216): CodeIgniter\View\View->CodeIgniter\View\{closure}()
 8 SYSTEMPATH\View\View.php(229): CodeIgniter\View\View->render('landingPage/index.php', [], true)
 9 SYSTEMPATH\Common.php(1135): CodeIgniter\View\View->render('landingPage/page/home', [], true)
10 APPPATH\Controllers\Home.php(29): view('landingPage/page/home', [...])
11 SYSTEMPATH\CodeIgniter.php(896): App\Controllers\Home->index()
12 SYSTEMPATH\CodeIgniter.php(466): CodeIgniter\CodeIgniter->runController(Object(App\Controllers\Home))
13 SYSTEMPATH\CodeIgniter.php(349): CodeIgniter\CodeIgniter->handleRequest(null, Object(Config\Cache), false)
14 FCPATH\index.php(55): CodeIgniter\CodeIgniter->run()
15 SYSTEMPATH\Commands\Server\rewrite.php(43): require_once('FCPATH\\index.php')
CRITICAL - 2022-11-11 11:05:30 --> Undefined property: stdClass::$no_telepon
in APPPATH\Views\landingPage\layout\header.php on line 45.
 1 APPPATH\Views\landingPage\layout\header.php(45): CodeIgniter\Debug\Exceptions->errorHandler(2, 'Undefined property: stdClass::$no_telepon', 'APPPATH\\Views\\landingPage\\layout\\header.php', 45)
 2 SYSTEMPATH\View\View.php(213): include('APPPATH\\Views\\landingPage\\layout\\header.php')
 3 SYSTEMPATH\View\View.php(216): CodeIgniter\View\View->CodeIgniter\View\{closure}()
 4 SYSTEMPATH\View\View.php(429): CodeIgniter\View\View->render('landingPage/layout/header', null, true)
 5 APPPATH\Views\landingPage\index.php(14): CodeIgniter\View\View->include('landingPage/layout/header')
 6 SYSTEMPATH\View\View.php(213): include('APPPATH\\Views\\landingPage\\index.php')
 7 SYSTEMPATH\View\View.php(216): CodeIgniter\View\View->CodeIgniter\View\{closure}()
 8 SYSTEMPATH\View\View.php(229): CodeIgniter\View\View->render('landingPage/index.php', [], true)
 9 SYSTEMPATH\Common.php(1135): CodeIgniter\View\View->render('landingPage/page/home', [], true)
10 APPPATH\Controllers\Home.php(29): view('landingPage/page/home', [...])
11 SYSTEMPATH\CodeIgniter.php(896): App\Controllers\Home->index()
12 SYSTEMPATH\CodeIgniter.php(466): CodeIgniter\CodeIgniter->runController(Object(App\Controllers\Home))
13 SYSTEMPATH\CodeIgniter.php(349): CodeIgniter\CodeIgniter->handleRequest(null, Object(Config\Cache), false)
14 FCPATH\index.php(55): CodeIgniter\CodeIgniter->run()
15 SYSTEMPATH\Commands\Server\rewrite.php(43): require_once('FCPATH\\index.php')
CRITICAL - 2022-11-11 11:05:38 --> Undefined property: stdClass::$no_telp
in APPPATH\Views\landingPage\layout\header.php on line 45.
 1 APPPATH\Views\landingPage\layout\header.php(45): CodeIgniter\Debug\Exceptions->errorHandler(2, 'Undefined property: stdClass::$no_telp', 'APPPATH\\Views\\landingPage\\layout\\header.php', 45)
 2 SYSTEMPATH\View\View.php(213): include('APPPATH\\Views\\landingPage\\layout\\header.php')
 3 SYSTEMPATH\View\View.php(216): CodeIgniter\View\View->CodeIgniter\View\{closure}()
 4 SYSTEMPATH\View\View.php(429): CodeIgniter\View\View->render('landingPage/layout/header', null, true)
 5 APPPATH\Views\landingPage\index.php(14): CodeIgniter\View\View->include('landingPage/layout/header')
 6 SYSTEMPATH\View\View.php(213): include('APPPATH\\Views\\landingPage\\index.php')
 7 SYSTEMPATH\View\View.php(216): CodeIgniter\View\View->CodeIgniter\View\{closure}()
 8 SYSTEMPATH\View\View.php(229): CodeIgniter\View\View->render('landingPage/index.php', [], true)
 9 SYSTEMPATH\Common.php(1135): CodeIgniter\View\View->render('landingPage/page/home', [], true)
10 APPPATH\Controllers\Home.php(29): view('landingPage/page/home', [...])
11 SYSTEMPATH\CodeIgniter.php(896): App\Controllers\Home->index()
12 SYSTEMPATH\CodeIgniter.php(466): CodeIgniter\CodeIgniter->runController(Object(App\Controllers\Home))
13 SYSTEMPATH\CodeIgniter.php(349): CodeIgniter\CodeIgniter->handleRequest(null, Object(Config\Cache), false)
14 FCPATH\index.php(55): CodeIgniter\CodeIgniter->run()
15 SYSTEMPATH\Commands\Server\rewrite.php(43): require_once('FCPATH\\index.php')
CRITICAL - 2022-11-11 14:26:37 --> Undefined property: stdClass::$sambutan
in APPPATH\Views\landingPage\page\home.php on line 46.
 1 APPPATH\Views\landingPage\page\home.php(46): CodeIgniter\Debug\Exceptions->errorHandler(2, 'Undefined property: stdClass::$sambutan', 'APPPATH\\Views\\landingPage\\page\\home.php', 46)
 2 SYSTEMPATH\View\View.php(213): include('APPPATH\\Views\\landingPage\\page\\home.php')
 3 SYSTEMPATH\View\View.php(216): CodeIgniter\View\View->CodeIgniter\View\{closure}()
 4 SYSTEMPATH\Common.php(1135): CodeIgniter\View\View->render('landingPage/page/home', [], true)
 5 APPPATH\Controllers\Home.php(29): view('landingPage/page/home', [...])
 6 SYSTEMPATH\CodeIgniter.php(896): App\Controllers\Home->index()
 7 SYSTEMPATH\CodeIgniter.php(466): CodeIgniter\CodeIgniter->runController(Object(App\Controllers\Home))
 8 SYSTEMPATH\CodeIgniter.php(349): CodeIgniter\CodeIgniter->handleRequest(null, Object(Config\Cache), false)
 9 FCPATH\index.php(55): CodeIgniter\CodeIgniter->run()
10 SYSTEMPATH\Commands\Server\rewrite.php(43): require_once('FCPATH\\index.php')
CRITICAL - 2022-11-11 14:28:12 --> chmod(): No such file or directory
in APPPATH\Controllers\Profile.php on line 244.
 1 [internal function]: CodeIgniter\Debug\Exceptions->errorHandler(2, 'chmod(): No such file or directory', 'APPPATH\\Controllers\\Profile.php', 244)
 2 APPPATH\Controllers\Profile.php(244): chmod('./assets/file_sambutan_10770(4).png', 511)
 3 SYSTEMPATH\CodeIgniter.php(896): App\Controllers\Profile->updateSambutan('1')
 4 SYSTEMPATH\CodeIgniter.php(466): CodeIgniter\CodeIgniter->runController(Object(App\Controllers\Profile))
 5 SYSTEMPATH\CodeIgniter.php(349): CodeIgniter\CodeIgniter->handleRequest(null, Object(Config\Cache), false)
 6 FCPATH\index.php(55): CodeIgniter\CodeIgniter->run()
 7 SYSTEMPATH\Commands\Server\rewrite.php(43): require_once('FCPATH\\index.php')
CRITICAL - 2022-11-11 14:31:37 --> Undefined variable $sekolah
in APPPATH\Views\landingPage\layout\header.php on line 9.
 1 APPPATH\Views\landingPage\layout\header.php(9): CodeIgniter\Debug\Exceptions->errorHandler(2, 'Undefined variable $sekolah', 'APPPATH\\Views\\landingPage\\layout\\header.php', 9)
 2 SYSTEMPATH\View\View.php(213): include('APPPATH\\Views\\landingPage\\layout\\header.php')
 3 SYSTEMPATH\View\View.php(216): CodeIgniter\View\View->CodeIgniter\View\{closure}()
 4 SYSTEMPATH\View\View.php(429): CodeIgniter\View\View->render('landingPage/layout/header', null, true)
 5 APPPATH\Views\landingPage\index.php(14): CodeIgniter\View\View->include('landingPage/layout/header')
 6 SYSTEMPATH\View\View.php(213): include('APPPATH\\Views\\landingPage\\index.php')
 7 SYSTEMPATH\View\View.php(216): CodeIgniter\View\View->CodeIgniter\View\{closure}()
 8 SYSTEMPATH\View\View.php(229): CodeIgniter\View\View->render('landingPage/index.php', [], true)
 9 SYSTEMPATH\Common.php(1135): CodeIgniter\View\View->render('landingPage/page/sambutan', [], true)
10 APPPATH\Controllers\Home.php(37): view('landingPage/page/sambutan')
11 SYSTEMPATH\CodeIgniter.php(896): App\Controllers\Home->sambutan()
12 SYSTEMPATH\CodeIgniter.php(466): CodeIgniter\CodeIgniter->runController(Object(App\Controllers\Home))
13 SYSTEMPATH\CodeIgniter.php(349): CodeIgniter\CodeIgniter->handleRequest(null, Object(Config\Cache), false)
14 FCPATH\index.php(55): CodeIgniter\CodeIgniter->run()
15 SYSTEMPATH\Commands\Server\rewrite.php(43): require_once('FCPATH\\index.php')
CRITICAL - 2022-11-11 14:31:58 --> Undefined variable $sekolah
in APPPATH\Views\landingPage\layout\header.php on line 9.
 1 APPPATH\Views\landingPage\layout\header.php(9): CodeIgniter\Debug\Exceptions->errorHandler(2, 'Undefined variable $sekolah', 'APPPATH\\Views\\landingPage\\layout\\header.php', 9)
 2 SYSTEMPATH\View\View.php(213): include('APPPATH\\Views\\landingPage\\layout\\header.php')
 3 SYSTEMPATH\View\View.php(216): CodeIgniter\View\View->CodeIgniter\View\{closure}()
 4 SYSTEMPATH\View\View.php(429): CodeIgniter\View\View->render('landingPage/layout/header', null, true)
 5 APPPATH\Views\landingPage\index.php(14): CodeIgniter\View\View->include('landingPage/layout/header')
 6 SYSTEMPATH\View\View.php(213): include('APPPATH\\Views\\landingPage\\index.php')
 7 SYSTEMPATH\View\View.php(216): CodeIgniter\View\View->CodeIgniter\View\{closure}()
 8 SYSTEMPATH\View\View.php(229): CodeIgniter\View\View->render('landingPage/index.php', [], true)
 9 SYSTEMPATH\Common.php(1135): CodeIgniter\View\View->render('landingPage/page/sambutan', [], true)
10 APPPATH\Controllers\Home.php(37): view('landingPage/page/sambutan')
11 SYSTEMPATH\CodeIgniter.php(896): App\Controllers\Home->sambutan()
12 SYSTEMPATH\CodeIgniter.php(466): CodeIgniter\CodeIgniter->runController(Object(App\Controllers\Home))
13 SYSTEMPATH\CodeIgniter.php(349): CodeIgniter\CodeIgniter->handleRequest(null, Object(Config\Cache), false)
14 FCPATH\index.php(55): CodeIgniter\CodeIgniter->run()
15 SYSTEMPATH\Commands\Server\rewrite.php(43): require_once('FCPATH\\index.php')
ERROR - 2022-11-11 14:50:19 --> Unknown column 'jenis' in 'where clause'
CRITICAL - 2022-11-11 14:50:19 --> Unknown column 'jenis' in 'where clause'
in SYSTEMPATH\Database\MySQLi\Connection.php on line 292.
 1 SYSTEMPATH\Database\MySQLi\Connection.php(292): mysqli->query('SELECT *
FROM `gambar_slider`
WHERE `id_sekolah` = \'1\'
AND `jenis` = \'informasi\'', 0)
 2 SYSTEMPATH\Database\BaseConnection.php(695): CodeIgniter\Database\MySQLi\Connection->execute('SELECT *
FROM `gambar_slider`
WHERE `id_sekolah` = \'1\'
AND `jenis` = \'informasi\'')
 3 SYSTEMPATH\Database\BaseConnection.php(609): CodeIgniter\Database\BaseConnection->simpleQuery('SELECT *
FROM `gambar_slider`
WHERE `id_sekolah` = \'1\'
AND `jenis` = \'informasi\'')
 4 SYSTEMPATH\Database\BaseBuilder.php(1585): CodeIgniter\Database\BaseConnection->query('SELECT *
FROM `gambar_slider`
WHERE `id_sekolah` = :id_sekolah:
AND `jenis` = :jenis:', [...], false)
 5 SYSTEMPATH\Model.php(222): CodeIgniter\Database\BaseBuilder->get()
 6 SYSTEMPATH\BaseModel.php(584): CodeIgniter\Model->doFindAll(0, 0)
 7 APPPATH\Controllers\Home.php(32): CodeIgniter\BaseModel->findAll()
 8 SYSTEMPATH\CodeIgniter.php(896): App\Controllers\Home->index()
 9 SYSTEMPATH\CodeIgniter.php(466): CodeIgniter\CodeIgniter->runController(Object(App\Controllers\Home))
10 SYSTEMPATH\CodeIgniter.php(349): CodeIgniter\CodeIgniter->handleRequest(null, Object(Config\Cache), false)
11 FCPATH\index.php(55): CodeIgniter\CodeIgniter->run()
12 SYSTEMPATH\Commands\Server\rewrite.php(43): require_once('FCPATH\\index.php')
CRITICAL - 2022-11-11 15:42:45 --> Undefined variable $i
in APPPATH\Views\landingPage\page\home.php on line 87.
 1 APPPATH\Views\landingPage\page\home.php(87): CodeIgniter\Debug\Exceptions->errorHandler(2, 'Undefined variable $i', 'APPPATH\\Views\\landingPage\\page\\home.php', 87)
 2 SYSTEMPATH\View\View.php(213): include('APPPATH\\Views\\landingPage\\page\\home.php')
 3 SYSTEMPATH\View\View.php(216): CodeIgniter\View\View->CodeIgniter\View\{closure}()
 4 SYSTEMPATH\Common.php(1135): CodeIgniter\View\View->render('landingPage/page/home', [], true)
 5 APPPATH\Controllers\Home.php(38): view('landingPage/page/home', [...])
 6 SYSTEMPATH\CodeIgniter.php(896): App\Controllers\Home->index()
 7 SYSTEMPATH\CodeIgniter.php(466): CodeIgniter\CodeIgniter->runController(Object(App\Controllers\Home))
 8 SYSTEMPATH\CodeIgniter.php(349): CodeIgniter\CodeIgniter->handleRequest(null, Object(Config\Cache), false)
 9 FCPATH\index.php(55): CodeIgniter\CodeIgniter->run()
10 SYSTEMPATH\Commands\Server\rewrite.php(43): require_once('FCPATH\\index.php')
CRITICAL - 2022-11-11 15:43:25 --> count(): Argument #1 ($value) must be of type Countable|array, string given
in APPPATH\Views\landingPage\page\home.php on line 87.
 1 SYSTEMPATH\View\View.php(213): include()
 2 SYSTEMPATH\View\View.php(216): CodeIgniter\View\View->CodeIgniter\View\{closure}()
 3 SYSTEMPATH\Common.php(1135): CodeIgniter\View\View->render('landingPage/page/home', [], true)
 4 APPPATH\Controllers\Home.php(38): view('landingPage/page/home', [...])
 5 SYSTEMPATH\CodeIgniter.php(896): App\Controllers\Home->index()
 6 SYSTEMPATH\CodeIgniter.php(466): CodeIgniter\CodeIgniter->runController(Object(App\Controllers\Home))
 7 SYSTEMPATH\CodeIgniter.php(349): CodeIgniter\CodeIgniter->handleRequest(null, Object(Config\Cache), false)
 8 FCPATH\index.php(55): CodeIgniter\CodeIgniter->run()
 9 SYSTEMPATH\Commands\Server\rewrite.php(43): require_once('FCPATH\\index.php')
CRITICAL - 2022-11-11 15:55:20 --> Undefined variable $sekolah
in APPPATH\Views\landingPage\layout\header.php on line 9.
 1 APPPATH\Views\landingPage\layout\header.php(9): CodeIgniter\Debug\Exceptions->errorHandler(2, 'Undefined variable $sekolah', 'APPPATH\\Views\\landingPage\\layout\\header.php', 9)
 2 SYSTEMPATH\View\View.php(213): include('APPPATH\\Views\\landingPage\\layout\\header.php')
 3 SYSTEMPATH\View\View.php(216): CodeIgniter\View\View->CodeIgniter\View\{closure}()
 4 SYSTEMPATH\View\View.php(429): CodeIgniter\View\View->render('landingPage/layout/header', null, true)
 5 APPPATH\Views\landingPage\index.php(14): CodeIgniter\View\View->include('landingPage/layout/header')
 6 SYSTEMPATH\View\View.php(213): include('APPPATH\\Views\\landingPage\\index.php')
 7 SYSTEMPATH\View\View.php(216): CodeIgniter\View\View->CodeIgniter\View\{closure}()
 8 SYSTEMPATH\View\View.php(229): CodeIgniter\View\View->render('landingPage/index.php', [], true)
 9 SYSTEMPATH\Common.php(1135): CodeIgniter\View\View->render('landingPage/page/profil', [], true)
10 APPPATH\Controllers\Home.php(42): view('landingPage/page/profil')
11 SYSTEMPATH\CodeIgniter.php(896): App\Controllers\Home->profil()
12 SYSTEMPATH\CodeIgniter.php(466): CodeIgniter\CodeIgniter->runController(Object(App\Controllers\Home))
13 SYSTEMPATH\CodeIgniter.php(349): CodeIgniter\CodeIgniter->handleRequest(null, Object(Config\Cache), false)
14 FCPATH\index.php(55): CodeIgniter\CodeIgniter->run()
15 SYSTEMPATH\Commands\Server\rewrite.php(43): require_once('FCPATH\\index.php')
CRITICAL - 2022-11-11 15:55:32 --> Undefined variable $sekolah
in APPPATH\Views\landingPage\layout\header.php on line 9.
 1 APPPATH\Views\landingPage\layout\header.php(9): CodeIgniter\Debug\Exceptions->errorHandler(2, 'Undefined variable $sekolah', 'APPPATH\\Views\\landingPage\\layout\\header.php', 9)
 2 SYSTEMPATH\View\View.php(213): include('APPPATH\\Views\\landingPage\\layout\\header.php')
 3 SYSTEMPATH\View\View.php(216): CodeIgniter\View\View->CodeIgniter\View\{closure}()
 4 SYSTEMPATH\View\View.php(429): CodeIgniter\View\View->render('landingPage/layout/header', null, true)
 5 APPPATH\Views\landingPage\index.php(14): CodeIgniter\View\View->include('landingPage/layout/header')
 6 SYSTEMPATH\View\View.php(213): include('APPPATH\\Views\\landingPage\\index.php')
 7 SYSTEMPATH\View\View.php(216): CodeIgniter\View\View->CodeIgniter\View\{closure}()
 8 SYSTEMPATH\View\View.php(229): CodeIgniter\View\View->render('landingPage/index.php', [], true)
 9 SYSTEMPATH\Common.php(1135): CodeIgniter\View\View->render('landingPage/page/detailInformasi', [], true)
10 APPPATH\Controllers\Home.php(86): view('landingPage/page/detailInformasi')
11 SYSTEMPATH\CodeIgniter.php(896): App\Controllers\Home->detailInformasi()
12 SYSTEMPATH\CodeIgniter.php(466): CodeIgniter\CodeIgniter->runController(Object(App\Controllers\Home))
13 SYSTEMPATH\CodeIgniter.php(349): CodeIgniter\CodeIgniter->handleRequest(null, Object(Config\Cache), false)
14 FCPATH\index.php(55): CodeIgniter\CodeIgniter->run()
15 SYSTEMPATH\Commands\Server\rewrite.php(43): require_once('FCPATH\\index.php')
