CRITICAL - 2023-02-04 09:13:08 --> Invalid file: User/formulir_pendaftaran_prestasi.php
in SYSTEMPATH\Exceptions\FrameworkException.php on line 33.
 1 SYSTEMPATH\View\View.php(201): CodeIgniter\Exceptions\FrameworkException::forInvalidFile('User/formulir_pendaftaran_prestasi.php')
 2 SYSTEMPATH\Common.php(1135): CodeIgniter\View\View->render('User/formulir_pendaftaran_prestasi', [], true)
 3 APPPATH\Controllers\User.php(18): view('User/formulir_pendaftaran_prestasi')
 4 SYSTEMPATH\CodeIgniter.php(896): App\Controllers\User->formulir_pendaftaran_prestasi()
 5 SYSTEMPATH\CodeIgniter.php(466): CodeIgniter\CodeIgniter->runController(Object(App\Controllers\User))
 6 SYSTEMPATH\CodeIgniter.php(349): CodeIgniter\CodeIgniter->handleRequest(null, Object(Config\Cache), false)
 7 FCPATH\index.php(55): CodeIgniter\CodeIgniter->run()
 8 SYSTEMPATH\Commands\Server\rewrite.php(43): require_once('FCPATH\\index.php')
CRITICAL - 2023-02-04 12:01:04 --> Class "App\Controllers\Subdistricts" not found
in APPPATH\Controllers\User.php on line 51.
 1 SYSTEMPATH\CodeIgniter.php(896): App\Controllers\User->formulir_pendaftaran_afirmasi()
 2 SYSTEMPATH\CodeIgniter.php(466): CodeIgniter\CodeIgniter->runController(Object(App\Controllers\User))
 3 SYSTEMPATH\CodeIgniter.php(349): CodeIgniter\CodeIgniter->handleRequest(null, Object(Config\Cache), false)
 4 FCPATH\index.php(55): CodeIgniter\CodeIgniter->run()
 5 SYSTEMPATH\Commands\Server\rewrite.php(43): require_once('FCPATH\\index.php')
CRITICAL - 2023-02-04 13:44:49 --> Undefined variable $city
in APPPATH\Views\User\formulir_pendaftaran_afirmasi.php on line 214.
 1 APPPATH\Views\User\formulir_pendaftaran_afirmasi.php(214): CodeIgniter\Debug\Exceptions->errorHandler(2, 'Undefined variable $city', 'APPPATH\\Views\\User\\formulir_pendaftaran_afirmasi.php', 214)
 2 SYSTEMPATH\View\View.php(213): include('APPPATH\\Views\\User\\formulir_pendaftaran_afirmasi.php')
 3 SYSTEMPATH\View\View.php(216): CodeIgniter\View\View->CodeIgniter\View\{closure}()
 4 SYSTEMPATH\Common.php(1135): CodeIgniter\View\View->render('User/formulir_pendaftaran_afirmasi', [], true)
 5 APPPATH\Controllers\User.php(45): view('User/formulir_pendaftaran_afirmasi', [...])
 6 SYSTEMPATH\CodeIgniter.php(896): App\Controllers\User->formulir_pendaftaran_afirmasi()
 7 SYSTEMPATH\CodeIgniter.php(466): CodeIgniter\CodeIgniter->runController(Object(App\Controllers\User))
 8 SYSTEMPATH\CodeIgniter.php(349): CodeIgniter\CodeIgniter->handleRequest(null, Object(Config\Cache), false)
 9 FCPATH\index.php(55): CodeIgniter\CodeIgniter->run()
10 SYSTEMPATH\Commands\Server\rewrite.php(43): require_once('FCPATH\\index.php')
