CRITICAL - 2023-05-19 13:08:53 --> unlink(F:\xampp\htdocs\ppdbv2\writable\debugbar/debugbar_1684402323.880235.json): No such file or directory
in SYSTEMPATH\Debug\Toolbar\Collectors\History.php on line 76.
 1 [internal function]: CodeIgniter\Debug\Exceptions->errorHandler(2, 'unlink(F:\\xampp\\htdocs\\ppdbv2\\writable\\debugbar/debugbar_1684402323.880235.json): No such file or directory', 'SYSTEMPATH\\Debug\\Toolbar\\Collectors\\History.php', 76, [...])
 2 SYSTEMPATH\Debug\Toolbar\Collectors\History.php(76): unlink('ROOTPATH\\writable\\debugbar/debugbar_1684402323.880235.json')
 3 SYSTEMPATH\Debug\Toolbar.php(495): CodeIgniter\Debug\Toolbar\Collectors\History->setFiles('1684476530.978665', 20)
 4 SYSTEMPATH\Debug\Toolbar.php(472): CodeIgniter\Debug\Toolbar->format([...], 'html')
 5 APPPATH\Config\Events.php(46): CodeIgniter\Debug\Toolbar->respond()
 6 SYSTEMPATH\Events\Events.php(149): CodeIgniter\Events\Events::Config\{closure}()
 7 SYSTEMPATH\CodeIgniter.php(326): CodeIgniter\Events\Events::trigger('pre_system')
 8 FCPATH\index.php(55): CodeIgniter\CodeIgniter->run()
CRITICAL - 2023-05-19 14:20:43 --> Trying to get property 'id' of non-object
in APPPATH\Views\Admin\dashboard.php on line 117.
 1 APPPATH\Views\Admin\dashboard.php(117): CodeIgniter\Debug\Exceptions->errorHandler(8, 'Trying to get property \'id\' of non-object', 'APPPATH\\Views\\Admin\\dashboard.php', 117, [...])
 2 SYSTEMPATH\View\View.php(213): include('APPPATH\\Views\\Admin\\dashboard.php')
 3 SYSTEMPATH\View\View.php(216): CodeIgniter\View\View->CodeIgniter\View\{closure}()
 4 SYSTEMPATH\Common.php(1135): CodeIgniter\View\View->render('Admin/dashboard', [], true)
 5 APPPATH\Controllers\Admin.php(31): view('Admin/dashboard', [...])
 6 SYSTEMPATH\CodeIgniter.php(896): App\Controllers\Admin->dashboard()
 7 SYSTEMPATH\CodeIgniter.php(466): CodeIgniter\CodeIgniter->runController(Object(App\Controllers\Admin))
 8 SYSTEMPATH\CodeIgniter.php(349): CodeIgniter\CodeIgniter->handleRequest(null, Object(Config\Cache), false)
 9 FCPATH\index.php(55): CodeIgniter\CodeIgniter->run()
CRITICAL - 2023-05-19 14:28:22 --> Trying to get property 'id' of non-object
in APPPATH\Views\Admin\dashboard.php on line 117.
 1 APPPATH\Views\Admin\dashboard.php(117): CodeIgniter\Debug\Exceptions->errorHandler(8, 'Trying to get property \'id\' of non-object', 'APPPATH\\Views\\Admin\\dashboard.php', 117, [...])
 2 SYSTEMPATH\View\View.php(213): include('APPPATH\\Views\\Admin\\dashboard.php')
 3 SYSTEMPATH\View\View.php(216): CodeIgniter\View\View->CodeIgniter\View\{closure}()
 4 SYSTEMPATH\Common.php(1135): CodeIgniter\View\View->render('Admin/dashboard', [], true)
 5 APPPATH\Controllers\Admin.php(34): view('Admin/dashboard', [...])
 6 SYSTEMPATH\CodeIgniter.php(896): App\Controllers\Admin->dashboard()
 7 SYSTEMPATH\CodeIgniter.php(466): CodeIgniter\CodeIgniter->runController(Object(App\Controllers\Admin))
 8 SYSTEMPATH\CodeIgniter.php(349): CodeIgniter\CodeIgniter->handleRequest(null, Object(Config\Cache), false)
 9 FCPATH\index.php(55): CodeIgniter\CodeIgniter->run()
CRITICAL - 2023-05-19 14:28:43 --> Undefined variable: k
in APPPATH\Views\Admin\dashboard.php on line 117.
 1 APPPATH\Views\Admin\dashboard.php(117): CodeIgniter\Debug\Exceptions->errorHandler(8, 'Undefined variable: k', 'APPPATH\\Views\\Admin\\dashboard.php', 117, [...])
 2 SYSTEMPATH\View\View.php(213): include('APPPATH\\Views\\Admin\\dashboard.php')
 3 SYSTEMPATH\View\View.php(216): CodeIgniter\View\View->CodeIgniter\View\{closure}()
 4 SYSTEMPATH\Common.php(1135): CodeIgniter\View\View->render('Admin/dashboard', [], true)
 5 APPPATH\Controllers\Admin.php(34): view('Admin/dashboard', [...])
 6 SYSTEMPATH\CodeIgniter.php(896): App\Controllers\Admin->dashboard()
 7 SYSTEMPATH\CodeIgniter.php(466): CodeIgniter\CodeIgniter->runController(Object(App\Controllers\Admin))
 8 SYSTEMPATH\CodeIgniter.php(349): CodeIgniter\CodeIgniter->handleRequest(null, Object(Config\Cache), false)
 9 FCPATH\index.php(55): CodeIgniter\CodeIgniter->run()
CRITICAL - 2023-05-19 14:31:49 --> Trying to get property 'id' of non-object
in APPPATH\Views\Admin\dashboard.php on line 117.
 1 APPPATH\Views\Admin\dashboard.php(117): CodeIgniter\Debug\Exceptions->errorHandler(8, 'Trying to get property \'id\' of non-object', 'APPPATH\\Views\\Admin\\dashboard.php', 117, [...])
 2 SYSTEMPATH\View\View.php(213): include('APPPATH\\Views\\Admin\\dashboard.php')
 3 SYSTEMPATH\View\View.php(216): CodeIgniter\View\View->CodeIgniter\View\{closure}()
 4 SYSTEMPATH\Common.php(1135): CodeIgniter\View\View->render('Admin/dashboard', [], true)
 5 APPPATH\Controllers\Admin.php(34): view('Admin/dashboard', [...])
 6 SYSTEMPATH\CodeIgniter.php(896): App\Controllers\Admin->dashboard()
 7 SYSTEMPATH\CodeIgniter.php(466): CodeIgniter\CodeIgniter->runController(Object(App\Controllers\Admin))
 8 SYSTEMPATH\CodeIgniter.php(349): CodeIgniter\CodeIgniter->handleRequest(null, Object(Config\Cache), false)
 9 FCPATH\index.php(55): CodeIgniter\CodeIgniter->run()
CRITICAL - 2023-05-19 14:34:32 --> Trying to get property 'id_periode' of non-object
in APPPATH\Views\Admin\dashboard.php on line 117.
 1 APPPATH\Views\Admin\dashboard.php(117): CodeIgniter\Debug\Exceptions->errorHandler(8, 'Trying to get property \'id_periode\' of non-object', 'APPPATH\\Views\\Admin\\dashboard.php', 117, [...])
 2 SYSTEMPATH\View\View.php(213): include('APPPATH\\Views\\Admin\\dashboard.php')
 3 SYSTEMPATH\View\View.php(216): CodeIgniter\View\View->CodeIgniter\View\{closure}()
 4 SYSTEMPATH\Common.php(1135): CodeIgniter\View\View->render('Admin/dashboard', [], true)
 5 APPPATH\Controllers\Admin.php(34): view('Admin/dashboard', [...])
 6 SYSTEMPATH\CodeIgniter.php(896): App\Controllers\Admin->dashboard()
 7 SYSTEMPATH\CodeIgniter.php(466): CodeIgniter\CodeIgniter->runController(Object(App\Controllers\Admin))
 8 SYSTEMPATH\CodeIgniter.php(349): CodeIgniter\CodeIgniter->handleRequest(null, Object(Config\Cache), false)
 9 FCPATH\index.php(55): CodeIgniter\CodeIgniter->run()
CRITICAL - 2023-05-19 14:38:13 --> Cannot use object of type stdClass as array
in APPPATH\Views\Admin\dashboard.php on line 117.
 1 SYSTEMPATH\View\View.php(213): include()
 2 SYSTEMPATH\View\View.php(216): CodeIgniter\View\View->CodeIgniter\View\{closure}()
 3 SYSTEMPATH\Common.php(1135): CodeIgniter\View\View->render('Admin/dashboard', [], true)
 4 APPPATH\Controllers\Admin.php(34): view('Admin/dashboard', [...])
 5 SYSTEMPATH\CodeIgniter.php(896): App\Controllers\Admin->dashboard()
 6 SYSTEMPATH\CodeIgniter.php(466): CodeIgniter\CodeIgniter->runController(Object(App\Controllers\Admin))
 7 SYSTEMPATH\CodeIgniter.php(349): CodeIgniter\CodeIgniter->handleRequest(null, Object(Config\Cache), false)
 8 FCPATH\index.php(55): CodeIgniter\CodeIgniter->run()
CRITICAL - 2023-05-19 14:47:26 --> Trying to get property 'status' of non-object
in APPPATH\Views\Admin\dashboard.php on line 117.
 1 APPPATH\Views\Admin\dashboard.php(117): CodeIgniter\Debug\Exceptions->errorHandler(8, 'Trying to get property \'status\' of non-object', 'APPPATH\\Views\\Admin\\dashboard.php', 117, [...])
 2 SYSTEMPATH\View\View.php(213): include('APPPATH\\Views\\Admin\\dashboard.php')
 3 SYSTEMPATH\View\View.php(216): CodeIgniter\View\View->CodeIgniter\View\{closure}()
 4 SYSTEMPATH\Common.php(1135): CodeIgniter\View\View->render('Admin/dashboard', [], true)
 5 APPPATH\Controllers\Admin.php(34): view('Admin/dashboard', [...])
 6 SYSTEMPATH\CodeIgniter.php(896): App\Controllers\Admin->dashboard()
 7 SYSTEMPATH\CodeIgniter.php(466): CodeIgniter\CodeIgniter->runController(Object(App\Controllers\Admin))
 8 SYSTEMPATH\CodeIgniter.php(349): CodeIgniter\CodeIgniter->handleRequest(null, Object(Config\Cache), false)
 9 FCPATH\index.php(55): CodeIgniter\CodeIgniter->run()
CRITICAL - 2023-05-19 14:48:06 --> Trying to get property 'status' of non-object
in APPPATH\Views\Admin\dashboard.php on line 117.
 1 APPPATH\Views\Admin\dashboard.php(117): CodeIgniter\Debug\Exceptions->errorHandler(8, 'Trying to get property \'status\' of non-object', 'APPPATH\\Views\\Admin\\dashboard.php', 117, [...])
 2 SYSTEMPATH\View\View.php(213): include('APPPATH\\Views\\Admin\\dashboard.php')
 3 SYSTEMPATH\View\View.php(216): CodeIgniter\View\View->CodeIgniter\View\{closure}()
 4 SYSTEMPATH\Common.php(1135): CodeIgniter\View\View->render('Admin/dashboard', [], true)
 5 APPPATH\Controllers\Admin.php(34): view('Admin/dashboard', [...])
 6 SYSTEMPATH\CodeIgniter.php(896): App\Controllers\Admin->dashboard()
 7 SYSTEMPATH\CodeIgniter.php(466): CodeIgniter\CodeIgniter->runController(Object(App\Controllers\Admin))
 8 SYSTEMPATH\CodeIgniter.php(349): CodeIgniter\CodeIgniter->handleRequest(null, Object(Config\Cache), false)
 9 FCPATH\index.php(55): CodeIgniter\CodeIgniter->run()
CRITICAL - 2023-05-19 14:48:20 --> Trying to get property 'status' of non-object
in APPPATH\Views\Admin\dashboard.php on line 117.
 1 APPPATH\Views\Admin\dashboard.php(117): CodeIgniter\Debug\Exceptions->errorHandler(8, 'Trying to get property \'status\' of non-object', 'APPPATH\\Views\\Admin\\dashboard.php', 117, [...])
 2 SYSTEMPATH\View\View.php(213): include('APPPATH\\Views\\Admin\\dashboard.php')
 3 SYSTEMPATH\View\View.php(216): CodeIgniter\View\View->CodeIgniter\View\{closure}()
 4 SYSTEMPATH\Common.php(1135): CodeIgniter\View\View->render('Admin/dashboard', [], true)
 5 APPPATH\Controllers\Admin.php(34): view('Admin/dashboard', [...])
 6 SYSTEMPATH\CodeIgniter.php(896): App\Controllers\Admin->dashboard()
 7 SYSTEMPATH\CodeIgniter.php(466): CodeIgniter\CodeIgniter->runController(Object(App\Controllers\Admin))
 8 SYSTEMPATH\CodeIgniter.php(349): CodeIgniter\CodeIgniter->handleRequest(null, Object(Config\Cache), false)
 9 FCPATH\index.php(55): CodeIgniter\CodeIgniter->run()
CRITICAL - 2023-05-19 14:59:15 --> syntax error, unexpected end of file
in APPPATH\Views\Admin\dashboard.php on line 147.
 1 SYSTEMPATH\View\View.php(216): CodeIgniter\View\View->CodeIgniter\View\{closure}()
 2 SYSTEMPATH\Common.php(1135): CodeIgniter\View\View->render('Admin/dashboard', [], true)
 3 APPPATH\Controllers\Admin.php(35): view('Admin/dashboard', [...])
 4 SYSTEMPATH\CodeIgniter.php(896): App\Controllers\Admin->dashboard()
 5 SYSTEMPATH\CodeIgniter.php(466): CodeIgniter\CodeIgniter->runController(Object(App\Controllers\Admin))
 6 SYSTEMPATH\CodeIgniter.php(349): CodeIgniter\CodeIgniter->handleRequest(null, Object(Config\Cache), false)
 7 FCPATH\index.php(55): CodeIgniter\CodeIgniter->run()
CRITICAL - 2023-05-19 15:00:41 --> syntax error, unexpected end of file
in APPPATH\Views\Admin\dashboard.php on line 147.
 1 SYSTEMPATH\View\View.php(216): CodeIgniter\View\View->CodeIgniter\View\{closure}()
 2 SYSTEMPATH\Common.php(1135): CodeIgniter\View\View->render('Admin/dashboard', [], true)
 3 APPPATH\Controllers\Admin.php(35): view('Admin/dashboard', [...])
 4 SYSTEMPATH\CodeIgniter.php(896): App\Controllers\Admin->dashboard()
 5 SYSTEMPATH\CodeIgniter.php(466): CodeIgniter\CodeIgniter->runController(Object(App\Controllers\Admin))
 6 SYSTEMPATH\CodeIgniter.php(349): CodeIgniter\CodeIgniter->handleRequest(null, Object(Config\Cache), false)
 7 FCPATH\index.php(55): CodeIgniter\CodeIgniter->run()
CRITICAL - 2023-05-19 19:24:55 --> Class 'App\Controllers\DataPendaftaran' not found
in APPPATH\Controllers\Dynamic_dependent.php on line 95.
 1 SYSTEMPATH\CodeIgniter.php(896): App\Controllers\Dynamic_dependent->action()
 2 SYSTEMPATH\CodeIgniter.php(466): CodeIgniter\CodeIgniter->runController(Object(App\Controllers\Dynamic_dependent))
 3 SYSTEMPATH\CodeIgniter.php(349): CodeIgniter\CodeIgniter->handleRequest(null, Object(Config\Cache), false)
 4 FCPATH\index.php(55): CodeIgniter\CodeIgniter->run()
CRITICAL - 2023-05-19 21:53:24 --> syntax error, unexpected ']'
in APPPATH\Controllers\Dynamic_dependent.php on line 121.
 1 SYSTEMPATH\Autoloader\Autoloader.php(261): CodeIgniter\Autoloader\Autoloader->includeFile('APPPATH\\Controllers\\Dynamic_dependent.php')
 2 SYSTEMPATH\Autoloader\Autoloader.php(239): CodeIgniter\Autoloader\Autoloader->loadInNamespace('App\\Controllers\\Dynamic_dependent')
 3 [internal function]: CodeIgniter\Autoloader\Autoloader->loadClass('App\\Controllers\\Dynamic_dependent')
 4 [internal function]: spl_autoload_call('App\\Controllers\\Dynamic_dependent')
 5 SYSTEMPATH\CodeIgniter.php(846): class_exists('\\App\\Controllers\\Dynamic_dependent', true)
 6 SYSTEMPATH\CodeIgniter.php(453): CodeIgniter\CodeIgniter->startController()
 7 SYSTEMPATH\CodeIgniter.php(349): CodeIgniter\CodeIgniter->handleRequest(null, Object(Config\Cache), false)
 8 FCPATH\index.php(55): CodeIgniter\CodeIgniter->run()
CRITICAL - 2023-05-19 22:32:40 --> Trying to get property 'id_ref' of non-object
in APPPATH\Controllers\Dynamic_dependent.php on line 71.
 1 APPPATH\Controllers\Dynamic_dependent.php(71): CodeIgniter\Debug\Exceptions->errorHandler(8, 'Trying to get property \'id_ref\' of non-object', 'APPPATH\\Controllers\\Dynamic_dependent.php', 71, [...])
 2 SYSTEMPATH\CodeIgniter.php(896): App\Controllers\Dynamic_dependent->action()
 3 SYSTEMPATH\CodeIgniter.php(466): CodeIgniter\CodeIgniter->runController(Object(App\Controllers\Dynamic_dependent))
 4 SYSTEMPATH\CodeIgniter.php(349): CodeIgniter\CodeIgniter->handleRequest(null, Object(Config\Cache), false)
 5 FCPATH\index.php(55): CodeIgniter\CodeIgniter->run()
CRITICAL - 2023-05-19 22:32:44 --> Trying to get property 'id_ref' of non-object
in APPPATH\Controllers\Dynamic_dependent.php on line 71.
 1 APPPATH\Controllers\Dynamic_dependent.php(71): CodeIgniter\Debug\Exceptions->errorHandler(8, 'Trying to get property \'id_ref\' of non-object', 'APPPATH\\Controllers\\Dynamic_dependent.php', 71, [...])
 2 SYSTEMPATH\CodeIgniter.php(896): App\Controllers\Dynamic_dependent->action()
 3 SYSTEMPATH\CodeIgniter.php(466): CodeIgniter\CodeIgniter->runController(Object(App\Controllers\Dynamic_dependent))
 4 SYSTEMPATH\CodeIgniter.php(349): CodeIgniter\CodeIgniter->handleRequest(null, Object(Config\Cache), false)
 5 FCPATH\index.php(55): CodeIgniter\CodeIgniter->run()
CRITICAL - 2023-05-19 22:32:45 --> Trying to get property 'id_ref' of non-object
in APPPATH\Controllers\Dynamic_dependent.php on line 71.
 1 APPPATH\Controllers\Dynamic_dependent.php(71): CodeIgniter\Debug\Exceptions->errorHandler(8, 'Trying to get property \'id_ref\' of non-object', 'APPPATH\\Controllers\\Dynamic_dependent.php', 71, [...])
 2 SYSTEMPATH\CodeIgniter.php(896): App\Controllers\Dynamic_dependent->action()
 3 SYSTEMPATH\CodeIgniter.php(466): CodeIgniter\CodeIgniter->runController(Object(App\Controllers\Dynamic_dependent))
 4 SYSTEMPATH\CodeIgniter.php(349): CodeIgniter\CodeIgniter->handleRequest(null, Object(Config\Cache), false)
 5 FCPATH\index.php(55): CodeIgniter\CodeIgniter->run()
CRITICAL - 2023-05-19 22:32:46 --> Trying to get property 'id_ref' of non-object
in APPPATH\Controllers\Dynamic_dependent.php on line 71.
 1 APPPATH\Controllers\Dynamic_dependent.php(71): CodeIgniter\Debug\Exceptions->errorHandler(8, 'Trying to get property \'id_ref\' of non-object', 'APPPATH\\Controllers\\Dynamic_dependent.php', 71, [...])
 2 SYSTEMPATH\CodeIgniter.php(896): App\Controllers\Dynamic_dependent->action()
 3 SYSTEMPATH\CodeIgniter.php(466): CodeIgniter\CodeIgniter->runController(Object(App\Controllers\Dynamic_dependent))
 4 SYSTEMPATH\CodeIgniter.php(349): CodeIgniter\CodeIgniter->handleRequest(null, Object(Config\Cache), false)
 5 FCPATH\index.php(55): CodeIgniter\CodeIgniter->run()
CRITICAL - 2023-05-19 22:32:47 --> Trying to get property 'id_ref' of non-object
in APPPATH\Controllers\Dynamic_dependent.php on line 71.
 1 APPPATH\Controllers\Dynamic_dependent.php(71): CodeIgniter\Debug\Exceptions->errorHandler(8, 'Trying to get property \'id_ref\' of non-object', 'APPPATH\\Controllers\\Dynamic_dependent.php', 71, [...])
 2 SYSTEMPATH\CodeIgniter.php(896): App\Controllers\Dynamic_dependent->action()
 3 SYSTEMPATH\CodeIgniter.php(466): CodeIgniter\CodeIgniter->runController(Object(App\Controllers\Dynamic_dependent))
 4 SYSTEMPATH\CodeIgniter.php(349): CodeIgniter\CodeIgniter->handleRequest(null, Object(Config\Cache), false)
 5 FCPATH\index.php(55): CodeIgniter\CodeIgniter->run()
CRITICAL - 2023-05-19 22:32:47 --> Trying to get property 'id_ref' of non-object
in APPPATH\Controllers\Dynamic_dependent.php on line 71.
 1 APPPATH\Controllers\Dynamic_dependent.php(71): CodeIgniter\Debug\Exceptions->errorHandler(8, 'Trying to get property \'id_ref\' of non-object', 'APPPATH\\Controllers\\Dynamic_dependent.php', 71, [...])
 2 SYSTEMPATH\CodeIgniter.php(896): App\Controllers\Dynamic_dependent->action()
 3 SYSTEMPATH\CodeIgniter.php(466): CodeIgniter\CodeIgniter->runController(Object(App\Controllers\Dynamic_dependent))
 4 SYSTEMPATH\CodeIgniter.php(349): CodeIgniter\CodeIgniter->handleRequest(null, Object(Config\Cache), false)
 5 FCPATH\index.php(55): CodeIgniter\CodeIgniter->run()
CRITICAL - 2023-05-19 22:32:47 --> Trying to get property 'id_ref' of non-object
in APPPATH\Controllers\Dynamic_dependent.php on line 71.
 1 APPPATH\Controllers\Dynamic_dependent.php(71): CodeIgniter\Debug\Exceptions->errorHandler(8, 'Trying to get property \'id_ref\' of non-object', 'APPPATH\\Controllers\\Dynamic_dependent.php', 71, [...])
 2 SYSTEMPATH\CodeIgniter.php(896): App\Controllers\Dynamic_dependent->action()
 3 SYSTEMPATH\CodeIgniter.php(466): CodeIgniter\CodeIgniter->runController(Object(App\Controllers\Dynamic_dependent))
 4 SYSTEMPATH\CodeIgniter.php(349): CodeIgniter\CodeIgniter->handleRequest(null, Object(Config\Cache), false)
 5 FCPATH\index.php(55): CodeIgniter\CodeIgniter->run()
CRITICAL - 2023-05-19 22:32:48 --> Trying to get property 'id_ref' of non-object
in APPPATH\Controllers\Dynamic_dependent.php on line 71.
 1 APPPATH\Controllers\Dynamic_dependent.php(71): CodeIgniter\Debug\Exceptions->errorHandler(8, 'Trying to get property \'id_ref\' of non-object', 'APPPATH\\Controllers\\Dynamic_dependent.php', 71, [...])
 2 SYSTEMPATH\CodeIgniter.php(896): App\Controllers\Dynamic_dependent->action()
 3 SYSTEMPATH\CodeIgniter.php(466): CodeIgniter\CodeIgniter->runController(Object(App\Controllers\Dynamic_dependent))
 4 SYSTEMPATH\CodeIgniter.php(349): CodeIgniter\CodeIgniter->handleRequest(null, Object(Config\Cache), false)
 5 FCPATH\index.php(55): CodeIgniter\CodeIgniter->run()
CRITICAL - 2023-05-19 22:32:48 --> Trying to get property 'id_ref' of non-object
in APPPATH\Controllers\Dynamic_dependent.php on line 71.
 1 APPPATH\Controllers\Dynamic_dependent.php(71): CodeIgniter\Debug\Exceptions->errorHandler(8, 'Trying to get property \'id_ref\' of non-object', 'APPPATH\\Controllers\\Dynamic_dependent.php', 71, [...])
 2 SYSTEMPATH\CodeIgniter.php(896): App\Controllers\Dynamic_dependent->action()
 3 SYSTEMPATH\CodeIgniter.php(466): CodeIgniter\CodeIgniter->runController(Object(App\Controllers\Dynamic_dependent))
 4 SYSTEMPATH\CodeIgniter.php(349): CodeIgniter\CodeIgniter->handleRequest(null, Object(Config\Cache), false)
 5 FCPATH\index.php(55): CodeIgniter\CodeIgniter->run()
CRITICAL - 2023-05-19 22:32:48 --> Trying to get property 'id_ref' of non-object
in APPPATH\Controllers\Dynamic_dependent.php on line 71.
 1 APPPATH\Controllers\Dynamic_dependent.php(71): CodeIgniter\Debug\Exceptions->errorHandler(8, 'Trying to get property \'id_ref\' of non-object', 'APPPATH\\Controllers\\Dynamic_dependent.php', 71, [...])
 2 SYSTEMPATH\CodeIgniter.php(896): App\Controllers\Dynamic_dependent->action()
 3 SYSTEMPATH\CodeIgniter.php(466): CodeIgniter\CodeIgniter->runController(Object(App\Controllers\Dynamic_dependent))
 4 SYSTEMPATH\CodeIgniter.php(349): CodeIgniter\CodeIgniter->handleRequest(null, Object(Config\Cache), false)
 5 FCPATH\index.php(55): CodeIgniter\CodeIgniter->run()
CRITICAL - 2023-05-19 22:32:48 --> Trying to get property 'id_ref' of non-object
in APPPATH\Controllers\Dynamic_dependent.php on line 71.
 1 APPPATH\Controllers\Dynamic_dependent.php(71): CodeIgniter\Debug\Exceptions->errorHandler(8, 'Trying to get property \'id_ref\' of non-object', 'APPPATH\\Controllers\\Dynamic_dependent.php', 71, [...])
 2 SYSTEMPATH\CodeIgniter.php(896): App\Controllers\Dynamic_dependent->action()
 3 SYSTEMPATH\CodeIgniter.php(466): CodeIgniter\CodeIgniter->runController(Object(App\Controllers\Dynamic_dependent))
 4 SYSTEMPATH\CodeIgniter.php(349): CodeIgniter\CodeIgniter->handleRequest(null, Object(Config\Cache), false)
 5 FCPATH\index.php(55): CodeIgniter\CodeIgniter->run()
ERROR - 2023-05-19 22:51:49 --> Unknown column 'pendaftaran.id_periode' in 'where clause'
CRITICAL - 2023-05-19 22:51:49 --> Unknown column 'pendaftaran.id_periode' in 'where clause'
in SYSTEMPATH\Database\MySQLi\Connection.php on line 292.
 1 SYSTEMPATH\Database\MySQLi\Connection.php(292): mysqli->query('SELECT *
FROM `tahap`
JOIN `pendaftaran` ON `pendaftaran`.`tahap` = `tahap`.`id`
WHERE `pendaftaran`.`id_periode` IS NULL', 0)
 2 SYSTEMPATH\Database\BaseConnection.php(695): CodeIgniter\Database\MySQLi\Connection->execute('SELECT *
FROM `tahap`
JOIN `pendaftaran` ON `pendaftaran`.`tahap` = `tahap`.`id`
WHERE `pendaftaran`.`id_periode` IS NULL')
 3 SYSTEMPATH\Database\BaseConnection.php(609): CodeIgniter\Database\BaseConnection->simpleQuery('SELECT *
FROM `tahap`
JOIN `pendaftaran` ON `pendaftaran`.`tahap` = `tahap`.`id`
WHERE `pendaftaran`.`id_periode` IS NULL')
 4 SYSTEMPATH\Database\BaseBuilder.php(1585): CodeIgniter\Database\BaseConnection->query('SELECT *
FROM `tahap`
JOIN `pendaftaran` ON `pendaftaran`.`tahap` = `tahap`.`id`
WHERE `pendaftaran`.`id_periode` IS NULL', [], false)
 5 SYSTEMPATH\Model.php(222): CodeIgniter\Database\BaseBuilder->get()
 6 SYSTEMPATH\BaseModel.php(584): CodeIgniter\Model->doFindAll(0, 0)
 7 APPPATH\Controllers\Admin.php(30): CodeIgniter\BaseModel->findAll()
 8 SYSTEMPATH\CodeIgniter.php(896): App\Controllers\Admin->dashboard()
 9 SYSTEMPATH\CodeIgniter.php(466): CodeIgniter\CodeIgniter->runController(Object(App\Controllers\Admin))
10 SYSTEMPATH\CodeIgniter.php(349): CodeIgniter\CodeIgniter->handleRequest(null, Object(Config\Cache), false)
11 FCPATH\index.php(55): CodeIgniter\CodeIgniter->run()
ERROR - 2023-05-19 22:52:31 --> Unknown column 'pendaftaran.id_periode' in 'where clause'
CRITICAL - 2023-05-19 22:52:31 --> Unknown column 'pendaftaran.id_periode' in 'where clause'
in SYSTEMPATH\Database\MySQLi\Connection.php on line 292.
 1 SYSTEMPATH\Database\MySQLi\Connection.php(292): mysqli->query('SELECT *
FROM `tahap`
JOIN `pendaftaran` ON `pendaftaran`.`tahap` = `tahap`.`id`
WHERE `pendaftaran`.`id_periode` = \'2\'', 0)
 2 SYSTEMPATH\Database\BaseConnection.php(695): CodeIgniter\Database\MySQLi\Connection->execute('SELECT *
FROM `tahap`
JOIN `pendaftaran` ON `pendaftaran`.`tahap` = `tahap`.`id`
WHERE `pendaftaran`.`id_periode` = \'2\'')
 3 SYSTEMPATH\Database\BaseConnection.php(609): CodeIgniter\Database\BaseConnection->simpleQuery('SELECT *
FROM `tahap`
JOIN `pendaftaran` ON `pendaftaran`.`tahap` = `tahap`.`id`
WHERE `pendaftaran`.`id_periode` = \'2\'')
 4 SYSTEMPATH\Database\BaseBuilder.php(1585): CodeIgniter\Database\BaseConnection->query('SELECT *
FROM `tahap`
JOIN `pendaftaran` ON `pendaftaran`.`tahap` = `tahap`.`id`
WHERE `pendaftaran`.`id_periode` = :pendaftaran.id_periode:', [...], false)
 5 SYSTEMPATH\Model.php(222): CodeIgniter\Database\BaseBuilder->get()
 6 SYSTEMPATH\BaseModel.php(584): CodeIgniter\Model->doFindAll(0, 0)
 7 APPPATH\Controllers\Admin.php(30): CodeIgniter\BaseModel->findAll()
 8 SYSTEMPATH\CodeIgniter.php(896): App\Controllers\Admin->dashboard()
 9 SYSTEMPATH\CodeIgniter.php(466): CodeIgniter\CodeIgniter->runController(Object(App\Controllers\Admin))
10 SYSTEMPATH\CodeIgniter.php(349): CodeIgniter\CodeIgniter->handleRequest(null, Object(Config\Cache), false)
11 FCPATH\index.php(55): CodeIgniter\CodeIgniter->run()
CRITICAL - 2023-05-19 22:53:24 --> Trying to get property 'id_ref' of non-object
in APPPATH\Controllers\Dynamic_dependent.php on line 129.
 1 APPPATH\Controllers\Dynamic_dependent.php(129): CodeIgniter\Debug\Exceptions->errorHandler(8, 'Trying to get property \'id_ref\' of non-object', 'APPPATH\\Controllers\\Dynamic_dependent.php', 129, [...])
 2 SYSTEMPATH\CodeIgniter.php(896): App\Controllers\Dynamic_dependent->get()
 3 SYSTEMPATH\CodeIgniter.php(466): CodeIgniter\CodeIgniter->runController(Object(App\Controllers\Dynamic_dependent))
 4 SYSTEMPATH\CodeIgniter.php(349): CodeIgniter\CodeIgniter->handleRequest(null, Object(Config\Cache), false)
 5 FCPATH\index.php(55): CodeIgniter\CodeIgniter->run()
CRITICAL - 2023-05-19 22:54:29 --> Trying to get property 'id_ref' of non-object
in APPPATH\Controllers\Dynamic_dependent.php on line 129.
 1 APPPATH\Controllers\Dynamic_dependent.php(129): CodeIgniter\Debug\Exceptions->errorHandler(8, 'Trying to get property \'id_ref\' of non-object', 'APPPATH\\Controllers\\Dynamic_dependent.php', 129, [...])
 2 SYSTEMPATH\CodeIgniter.php(896): App\Controllers\Dynamic_dependent->get()
 3 SYSTEMPATH\CodeIgniter.php(466): CodeIgniter\CodeIgniter->runController(Object(App\Controllers\Dynamic_dependent))
 4 SYSTEMPATH\CodeIgniter.php(349): CodeIgniter\CodeIgniter->handleRequest(null, Object(Config\Cache), false)
 5 FCPATH\index.php(55): CodeIgniter\CodeIgniter->run()
CRITICAL - 2023-05-19 23:04:45 --> Trying to get property 'nama_tahap' of non-object
in APPPATH\Controllers\Dynamic_dependent.php on line 121.
 1 APPPATH\Controllers\Dynamic_dependent.php(121): CodeIgniter\Debug\Exceptions->errorHandler(8, 'Trying to get property \'nama_tahap\' of non-object', 'APPPATH\\Controllers\\Dynamic_dependent.php', 121, [...])
 2 SYSTEMPATH\CodeIgniter.php(896): App\Controllers\Dynamic_dependent->get()
 3 SYSTEMPATH\CodeIgniter.php(466): CodeIgniter\CodeIgniter->runController(Object(App\Controllers\Dynamic_dependent))
 4 SYSTEMPATH\CodeIgniter.php(349): CodeIgniter\CodeIgniter->handleRequest(null, Object(Config\Cache), false)
 5 FCPATH\index.php(55): CodeIgniter\CodeIgniter->run()
CRITICAL - 2023-05-19 23:05:30 --> Trying to get property 'nama_tahap' of non-object
in APPPATH\Controllers\Dynamic_dependent.php on line 121.
 1 APPPATH\Controllers\Dynamic_dependent.php(121): CodeIgniter\Debug\Exceptions->errorHandler(8, 'Trying to get property \'nama_tahap\' of non-object', 'APPPATH\\Controllers\\Dynamic_dependent.php', 121, [...])
 2 SYSTEMPATH\CodeIgniter.php(896): App\Controllers\Dynamic_dependent->get()
 3 SYSTEMPATH\CodeIgniter.php(466): CodeIgniter\CodeIgniter->runController(Object(App\Controllers\Dynamic_dependent))
 4 SYSTEMPATH\CodeIgniter.php(349): CodeIgniter\CodeIgniter->handleRequest(null, Object(Config\Cache), false)
 5 FCPATH\index.php(55): CodeIgniter\CodeIgniter->run()
CRITICAL - 2023-05-19 23:18:00 --> syntax error, unexpected '$state1' (T_VARIABLE), expecting ']'
in APPPATH\Controllers\Dynamic_dependent.php on line 122.
 1 SYSTEMPATH\Autoloader\Autoloader.php(261): CodeIgniter\Autoloader\Autoloader->includeFile('APPPATH\\Controllers\\Dynamic_dependent.php')
 2 SYSTEMPATH\Autoloader\Autoloader.php(239): CodeIgniter\Autoloader\Autoloader->loadInNamespace('App\\Controllers\\Dynamic_dependent')
 3 [internal function]: CodeIgniter\Autoloader\Autoloader->loadClass('App\\Controllers\\Dynamic_dependent')
 4 [internal function]: spl_autoload_call('App\\Controllers\\Dynamic_dependent')
 5 SYSTEMPATH\CodeIgniter.php(846): class_exists('\\App\\Controllers\\Dynamic_dependent', true)
 6 SYSTEMPATH\CodeIgniter.php(453): CodeIgniter\CodeIgniter->startController()
 7 SYSTEMPATH\CodeIgniter.php(349): CodeIgniter\CodeIgniter->handleRequest(null, Object(Config\Cache), false)
 8 FCPATH\index.php(55): CodeIgniter\CodeIgniter->run()
CRITICAL - 2023-05-19 23:18:51 --> syntax error, unexpected ','
in APPPATH\Controllers\Dynamic_dependent.php on line 122.
 1 SYSTEMPATH\Autoloader\Autoloader.php(261): CodeIgniter\Autoloader\Autoloader->includeFile('APPPATH\\Controllers\\Dynamic_dependent.php')
 2 SYSTEMPATH\Autoloader\Autoloader.php(239): CodeIgniter\Autoloader\Autoloader->loadInNamespace('App\\Controllers\\Dynamic_dependent')
 3 [internal function]: CodeIgniter\Autoloader\Autoloader->loadClass('App\\Controllers\\Dynamic_dependent')
 4 [internal function]: spl_autoload_call('App\\Controllers\\Dynamic_dependent')
 5 SYSTEMPATH\CodeIgniter.php(846): class_exists('\\App\\Controllers\\Dynamic_dependent', true)
 6 SYSTEMPATH\CodeIgniter.php(453): CodeIgniter\CodeIgniter->startController()
 7 SYSTEMPATH\CodeIgniter.php(349): CodeIgniter\CodeIgniter->handleRequest(null, Object(Config\Cache), false)
 8 FCPATH\index.php(55): CodeIgniter\CodeIgniter->run()
CRITICAL - 2023-05-19 23:19:16 --> syntax error, unexpected ','
in APPPATH\Controllers\Dynamic_dependent.php on line 122.
 1 SYSTEMPATH\Autoloader\Autoloader.php(261): CodeIgniter\Autoloader\Autoloader->includeFile('APPPATH\\Controllers\\Dynamic_dependent.php')
 2 SYSTEMPATH\Autoloader\Autoloader.php(239): CodeIgniter\Autoloader\Autoloader->loadInNamespace('App\\Controllers\\Dynamic_dependent')
 3 [internal function]: CodeIgniter\Autoloader\Autoloader->loadClass('App\\Controllers\\Dynamic_dependent')
 4 [internal function]: spl_autoload_call('App\\Controllers\\Dynamic_dependent')
 5 SYSTEMPATH\CodeIgniter.php(846): class_exists('\\App\\Controllers\\Dynamic_dependent', true)
 6 SYSTEMPATH\CodeIgniter.php(453): CodeIgniter\CodeIgniter->startController()
 7 SYSTEMPATH\CodeIgniter.php(349): CodeIgniter\CodeIgniter->handleRequest(null, Object(Config\Cache), false)
 8 FCPATH\index.php(55): CodeIgniter\CodeIgniter->run()
CRITICAL - 2023-05-19 23:20:33 --> Trying to get property 'nama_tahap' of non-object
in APPPATH\Controllers\Dynamic_dependent.php on line 122.
 1 APPPATH\Controllers\Dynamic_dependent.php(122): CodeIgniter\Debug\Exceptions->errorHandler(8, 'Trying to get property \'nama_tahap\' of non-object', 'APPPATH\\Controllers\\Dynamic_dependent.php', 122, [...])
 2 SYSTEMPATH\CodeIgniter.php(896): App\Controllers\Dynamic_dependent->get()
 3 SYSTEMPATH\CodeIgniter.php(466): CodeIgniter\CodeIgniter->runController(Object(App\Controllers\Dynamic_dependent))
 4 SYSTEMPATH\CodeIgniter.php(349): CodeIgniter\CodeIgniter->handleRequest(null, Object(Config\Cache), false)
 5 FCPATH\index.php(55): CodeIgniter\CodeIgniter->run()
CRITICAL - 2023-05-19 23:20:47 --> Trying to get property 'nama_tahap' of non-object
in APPPATH\Controllers\Dynamic_dependent.php on line 122.
 1 APPPATH\Controllers\Dynamic_dependent.php(122): CodeIgniter\Debug\Exceptions->errorHandler(8, 'Trying to get property \'nama_tahap\' of non-object', 'APPPATH\\Controllers\\Dynamic_dependent.php', 122, [...])
 2 SYSTEMPATH\CodeIgniter.php(896): App\Controllers\Dynamic_dependent->get()
 3 SYSTEMPATH\CodeIgniter.php(466): CodeIgniter\CodeIgniter->runController(Object(App\Controllers\Dynamic_dependent))
 4 SYSTEMPATH\CodeIgniter.php(349): CodeIgniter\CodeIgniter->handleRequest(null, Object(Config\Cache), false)
 5 FCPATH\index.php(55): CodeIgniter\CodeIgniter->run()
CRITICAL - 2023-05-19 23:20:59 --> Trying to get property 'nama_tahap' of non-object
in APPPATH\Controllers\Dynamic_dependent.php on line 122.
 1 APPPATH\Controllers\Dynamic_dependent.php(122): CodeIgniter\Debug\Exceptions->errorHandler(8, 'Trying to get property \'nama_tahap\' of non-object', 'APPPATH\\Controllers\\Dynamic_dependent.php', 122, [...])
 2 SYSTEMPATH\CodeIgniter.php(896): App\Controllers\Dynamic_dependent->get()
 3 SYSTEMPATH\CodeIgniter.php(466): CodeIgniter\CodeIgniter->runController(Object(App\Controllers\Dynamic_dependent))
 4 SYSTEMPATH\CodeIgniter.php(349): CodeIgniter\CodeIgniter->handleRequest(null, Object(Config\Cache), false)
 5 FCPATH\index.php(55): CodeIgniter\CodeIgniter->run()
CRITICAL - 2023-05-19 23:27:24 --> Trying to get property 'nama_tahap' of non-object
in APPPATH\Controllers\Dynamic_dependent.php on line 122.
 1 APPPATH\Controllers\Dynamic_dependent.php(122): CodeIgniter\Debug\Exceptions->errorHandler(8, 'Trying to get property \'nama_tahap\' of non-object', 'APPPATH\\Controllers\\Dynamic_dependent.php', 122, [...])
 2 SYSTEMPATH\CodeIgniter.php(896): App\Controllers\Dynamic_dependent->get()
 3 SYSTEMPATH\CodeIgniter.php(466): CodeIgniter\CodeIgniter->runController(Object(App\Controllers\Dynamic_dependent))
 4 SYSTEMPATH\CodeIgniter.php(349): CodeIgniter\CodeIgniter->handleRequest(null, Object(Config\Cache), false)
 5 FCPATH\index.php(55): CodeIgniter\CodeIgniter->run()
CRITICAL - 2023-05-19 23:27:26 --> Trying to get property 'nama_tahap' of non-object
in APPPATH\Controllers\Dynamic_dependent.php on line 122.
 1 APPPATH\Controllers\Dynamic_dependent.php(122): CodeIgniter\Debug\Exceptions->errorHandler(8, 'Trying to get property \'nama_tahap\' of non-object', 'APPPATH\\Controllers\\Dynamic_dependent.php', 122, [...])
 2 SYSTEMPATH\CodeIgniter.php(896): App\Controllers\Dynamic_dependent->get()
 3 SYSTEMPATH\CodeIgniter.php(466): CodeIgniter\CodeIgniter->runController(Object(App\Controllers\Dynamic_dependent))
 4 SYSTEMPATH\CodeIgniter.php(349): CodeIgniter\CodeIgniter->handleRequest(null, Object(Config\Cache), false)
 5 FCPATH\index.php(55): CodeIgniter\CodeIgniter->run()
CRITICAL - 2023-05-19 23:27:28 --> Trying to get property 'nama_tahap' of non-object
in APPPATH\Controllers\Dynamic_dependent.php on line 122.
 1 APPPATH\Controllers\Dynamic_dependent.php(122): CodeIgniter\Debug\Exceptions->errorHandler(8, 'Trying to get property \'nama_tahap\' of non-object', 'APPPATH\\Controllers\\Dynamic_dependent.php', 122, [...])
 2 SYSTEMPATH\CodeIgniter.php(896): App\Controllers\Dynamic_dependent->get()
 3 SYSTEMPATH\CodeIgniter.php(466): CodeIgniter\CodeIgniter->runController(Object(App\Controllers\Dynamic_dependent))
 4 SYSTEMPATH\CodeIgniter.php(349): CodeIgniter\CodeIgniter->handleRequest(null, Object(Config\Cache), false)
 5 FCPATH\index.php(55): CodeIgniter\CodeIgniter->run()
CRITICAL - 2023-05-19 23:27:33 --> Trying to get property 'nama_tahap' of non-object
in APPPATH\Controllers\Dynamic_dependent.php on line 122.
 1 APPPATH\Controllers\Dynamic_dependent.php(122): CodeIgniter\Debug\Exceptions->errorHandler(8, 'Trying to get property \'nama_tahap\' of non-object', 'APPPATH\\Controllers\\Dynamic_dependent.php', 122, [...])
 2 SYSTEMPATH\CodeIgniter.php(896): App\Controllers\Dynamic_dependent->get()
 3 SYSTEMPATH\CodeIgniter.php(466): CodeIgniter\CodeIgniter->runController(Object(App\Controllers\Dynamic_dependent))
 4 SYSTEMPATH\CodeIgniter.php(349): CodeIgniter\CodeIgniter->handleRequest(null, Object(Config\Cache), false)
 5 FCPATH\index.php(55): CodeIgniter\CodeIgniter->run()
CRITICAL - 2023-05-19 23:27:37 --> Trying to get property 'nama_tahap' of non-object
in APPPATH\Controllers\Dynamic_dependent.php on line 122.
 1 APPPATH\Controllers\Dynamic_dependent.php(122): CodeIgniter\Debug\Exceptions->errorHandler(8, 'Trying to get property \'nama_tahap\' of non-object', 'APPPATH\\Controllers\\Dynamic_dependent.php', 122, [...])
 2 SYSTEMPATH\CodeIgniter.php(896): App\Controllers\Dynamic_dependent->get()
 3 SYSTEMPATH\CodeIgniter.php(466): CodeIgniter\CodeIgniter->runController(Object(App\Controllers\Dynamic_dependent))
 4 SYSTEMPATH\CodeIgniter.php(349): CodeIgniter\CodeIgniter->handleRequest(null, Object(Config\Cache), false)
 5 FCPATH\index.php(55): CodeIgniter\CodeIgniter->run()
CRITICAL - 2023-05-19 23:27:39 --> Trying to get property 'nama_tahap' of non-object
in APPPATH\Controllers\Dynamic_dependent.php on line 122.
 1 APPPATH\Controllers\Dynamic_dependent.php(122): CodeIgniter\Debug\Exceptions->errorHandler(8, 'Trying to get property \'nama_tahap\' of non-object', 'APPPATH\\Controllers\\Dynamic_dependent.php', 122, [...])
 2 SYSTEMPATH\CodeIgniter.php(896): App\Controllers\Dynamic_dependent->get()
 3 SYSTEMPATH\CodeIgniter.php(466): CodeIgniter\CodeIgniter->runController(Object(App\Controllers\Dynamic_dependent))
 4 SYSTEMPATH\CodeIgniter.php(349): CodeIgniter\CodeIgniter->handleRequest(null, Object(Config\Cache), false)
 5 FCPATH\index.php(55): CodeIgniter\CodeIgniter->run()
CRITICAL - 2023-05-19 23:27:40 --> Trying to get property 'nama_tahap' of non-object
in APPPATH\Controllers\Dynamic_dependent.php on line 122.
 1 APPPATH\Controllers\Dynamic_dependent.php(122): CodeIgniter\Debug\Exceptions->errorHandler(8, 'Trying to get property \'nama_tahap\' of non-object', 'APPPATH\\Controllers\\Dynamic_dependent.php', 122, [...])
 2 SYSTEMPATH\CodeIgniter.php(896): App\Controllers\Dynamic_dependent->get()
 3 SYSTEMPATH\CodeIgniter.php(466): CodeIgniter\CodeIgniter->runController(Object(App\Controllers\Dynamic_dependent))
 4 SYSTEMPATH\CodeIgniter.php(349): CodeIgniter\CodeIgniter->handleRequest(null, Object(Config\Cache), false)
 5 FCPATH\index.php(55): CodeIgniter\CodeIgniter->run()
CRITICAL - 2023-05-19 23:27:41 --> Trying to get property 'nama_tahap' of non-object
in APPPATH\Controllers\Dynamic_dependent.php on line 122.
 1 APPPATH\Controllers\Dynamic_dependent.php(122): CodeIgniter\Debug\Exceptions->errorHandler(8, 'Trying to get property \'nama_tahap\' of non-object', 'APPPATH\\Controllers\\Dynamic_dependent.php', 122, [...])
 2 SYSTEMPATH\CodeIgniter.php(896): App\Controllers\Dynamic_dependent->get()
 3 SYSTEMPATH\CodeIgniter.php(466): CodeIgniter\CodeIgniter->runController(Object(App\Controllers\Dynamic_dependent))
 4 SYSTEMPATH\CodeIgniter.php(349): CodeIgniter\CodeIgniter->handleRequest(null, Object(Config\Cache), false)
 5 FCPATH\index.php(55): CodeIgniter\CodeIgniter->run()
CRITICAL - 2023-05-19 23:27:46 --> Trying to get property 'nama_tahap' of non-object
in APPPATH\Controllers\Dynamic_dependent.php on line 122.
 1 APPPATH\Controllers\Dynamic_dependent.php(122): CodeIgniter\Debug\Exceptions->errorHandler(8, 'Trying to get property \'nama_tahap\' of non-object', 'APPPATH\\Controllers\\Dynamic_dependent.php', 122, [...])
 2 SYSTEMPATH\CodeIgniter.php(896): App\Controllers\Dynamic_dependent->get()
 3 SYSTEMPATH\CodeIgniter.php(466): CodeIgniter\CodeIgniter->runController(Object(App\Controllers\Dynamic_dependent))
 4 SYSTEMPATH\CodeIgniter.php(349): CodeIgniter\CodeIgniter->handleRequest(null, Object(Config\Cache), false)
 5 FCPATH\index.php(55): CodeIgniter\CodeIgniter->run()
CRITICAL - 2023-05-19 23:27:47 --> Trying to get property 'nama_tahap' of non-object
in APPPATH\Controllers\Dynamic_dependent.php on line 122.
 1 APPPATH\Controllers\Dynamic_dependent.php(122): CodeIgniter\Debug\Exceptions->errorHandler(8, 'Trying to get property \'nama_tahap\' of non-object', 'APPPATH\\Controllers\\Dynamic_dependent.php', 122, [...])
 2 SYSTEMPATH\CodeIgniter.php(896): App\Controllers\Dynamic_dependent->get()
 3 SYSTEMPATH\CodeIgniter.php(466): CodeIgniter\CodeIgniter->runController(Object(App\Controllers\Dynamic_dependent))
 4 SYSTEMPATH\CodeIgniter.php(349): CodeIgniter\CodeIgniter->handleRequest(null, Object(Config\Cache), false)
 5 FCPATH\index.php(55): CodeIgniter\CodeIgniter->run()
CRITICAL - 2023-05-19 23:27:51 --> Trying to get property 'nama_tahap' of non-object
in APPPATH\Controllers\Dynamic_dependent.php on line 122.
 1 APPPATH\Controllers\Dynamic_dependent.php(122): CodeIgniter\Debug\Exceptions->errorHandler(8, 'Trying to get property \'nama_tahap\' of non-object', 'APPPATH\\Controllers\\Dynamic_dependent.php', 122, [...])
 2 SYSTEMPATH\CodeIgniter.php(896): App\Controllers\Dynamic_dependent->get()
 3 SYSTEMPATH\CodeIgniter.php(466): CodeIgniter\CodeIgniter->runController(Object(App\Controllers\Dynamic_dependent))
 4 SYSTEMPATH\CodeIgniter.php(349): CodeIgniter\CodeIgniter->handleRequest(null, Object(Config\Cache), false)
 5 FCPATH\index.php(55): CodeIgniter\CodeIgniter->run()
CRITICAL - 2023-05-19 23:27:55 --> Trying to get property 'nama_tahap' of non-object
in APPPATH\Controllers\Dynamic_dependent.php on line 122.
 1 APPPATH\Controllers\Dynamic_dependent.php(122): CodeIgniter\Debug\Exceptions->errorHandler(8, 'Trying to get property \'nama_tahap\' of non-object', 'APPPATH\\Controllers\\Dynamic_dependent.php', 122, [...])
 2 SYSTEMPATH\CodeIgniter.php(896): App\Controllers\Dynamic_dependent->get()
 3 SYSTEMPATH\CodeIgniter.php(466): CodeIgniter\CodeIgniter->runController(Object(App\Controllers\Dynamic_dependent))
 4 SYSTEMPATH\CodeIgniter.php(349): CodeIgniter\CodeIgniter->handleRequest(null, Object(Config\Cache), false)
 5 FCPATH\index.php(55): CodeIgniter\CodeIgniter->run()
