CRITICAL - 2023-06-15 21:13:38 --> Undefined variable: daftar_nav
in APPPATH\Views\User\navbar.php on line 32.
 1 APPPATH\Views\User\navbar.php(32): CodeIgniter\Debug\Exceptions->errorHandler(8, 'Undefined variable: daftar_nav', 'APPPATH\\Views\\User\\navbar.php', 32, [...])
 2 SYSTEMPATH\View\View.php(213): include('APPPATH\\Views\\User\\navbar.php')
 3 SYSTEMPATH\View\View.php(216): CodeIgniter\View\View->CodeIgniter\View\{closure}()
 4 SYSTEMPATH\View\View.php(429): CodeIgniter\View\View->render('User/navbar', null, true)
 5 APPPATH\Views\User\index.php(17): CodeIgniter\View\View->include('User/navbar')
 6 SYSTEMPATH\View\View.php(213): include('APPPATH\\Views\\User\\index.php')
 7 SYSTEMPATH\View\View.php(216): CodeIgniter\View\View->CodeIgniter\View\{closure}()
 8 SYSTEMPATH\View\View.php(229): CodeIgniter\View\View->render('User/index.php', [], true)
 9 SYSTEMPATH\Common.php(1135): CodeIgniter\View\View->render('User/jalur', [], true)
10 APPPATH\Controllers\User.php(69): view('User/jalur', [...])
11 SYSTEMPATH\CodeIgniter.php(896): App\Controllers\User->jalur('9')
12 SYSTEMPATH\CodeIgniter.php(466): CodeIgniter\CodeIgniter->runController(Object(App\Controllers\User))
13 SYSTEMPATH\CodeIgniter.php(349): CodeIgniter\CodeIgniter->handleRequest(null, Object(Config\Cache), false)
14 FCPATH\index.php(55): CodeIgniter\CodeIgniter->run()
15 SYSTEMPATH\Commands\Server\rewrite.php(43): require_once('FCPATH\\index.php')
CRITICAL - 2023-06-15 21:14:23 --> Undefined variable: daftar_nav
in APPPATH\Views\User\navbar.php on line 32.
 1 APPPATH\Views\User\navbar.php(32): CodeIgniter\Debug\Exceptions->errorHandler(8, 'Undefined variable: daftar_nav', 'APPPATH\\Views\\User\\navbar.php', 32, [...])
 2 SYSTEMPATH\View\View.php(213): include('APPPATH\\Views\\User\\navbar.php')
 3 SYSTEMPATH\View\View.php(216): CodeIgniter\View\View->CodeIgniter\View\{closure}()
 4 SYSTEMPATH\View\View.php(429): CodeIgniter\View\View->render('User/navbar', null, true)
 5 APPPATH\Views\User\index.php(17): CodeIgniter\View\View->include('User/navbar')
 6 SYSTEMPATH\View\View.php(213): include('APPPATH\\Views\\User\\index.php')
 7 SYSTEMPATH\View\View.php(216): CodeIgniter\View\View->CodeIgniter\View\{closure}()
 8 SYSTEMPATH\View\View.php(229): CodeIgniter\View\View->render('User/index.php', [], true)
 9 SYSTEMPATH\Common.php(1135): CodeIgniter\View\View->render('User/jalur', [], true)
10 APPPATH\Controllers\User.php(69): view('User/jalur', [...])
11 SYSTEMPATH\CodeIgniter.php(896): App\Controllers\User->jalur('9')
12 SYSTEMPATH\CodeIgniter.php(466): CodeIgniter\CodeIgniter->runController(Object(App\Controllers\User))
13 SYSTEMPATH\CodeIgniter.php(349): CodeIgniter\CodeIgniter->handleRequest(null, Object(Config\Cache), false)
14 FCPATH\index.php(55): CodeIgniter\CodeIgniter->run()
15 SYSTEMPATH\Commands\Server\rewrite.php(43): require_once('FCPATH\\index.php')
CRITICAL - 2023-06-15 21:14:45 --> Undefined variable: daftar_nav
in APPPATH\Views\User\navbar.php on line 32.
 1 APPPATH\Views\User\navbar.php(32): CodeIgniter\Debug\Exceptions->errorHandler(8, 'Undefined variable: daftar_nav', 'APPPATH\\Views\\User\\navbar.php', 32, [...])
 2 SYSTEMPATH\View\View.php(213): include('APPPATH\\Views\\User\\navbar.php')
 3 SYSTEMPATH\View\View.php(216): CodeIgniter\View\View->CodeIgniter\View\{closure}()
 4 SYSTEMPATH\View\View.php(429): CodeIgniter\View\View->render('User/navbar', null, true)
 5 APPPATH\Views\User\index.php(17): CodeIgniter\View\View->include('User/navbar')
 6 SYSTEMPATH\View\View.php(213): include('APPPATH\\Views\\User\\index.php')
 7 SYSTEMPATH\View\View.php(216): CodeIgniter\View\View->CodeIgniter\View\{closure}()
 8 SYSTEMPATH\View\View.php(229): CodeIgniter\View\View->render('User/index.php', [], true)
 9 SYSTEMPATH\Common.php(1135): CodeIgniter\View\View->render('User/jalur', [], true)
10 APPPATH\Controllers\User.php(69): view('User/jalur', [...])
11 SYSTEMPATH\CodeIgniter.php(896): App\Controllers\User->jalur('9')
12 SYSTEMPATH\CodeIgniter.php(466): CodeIgniter\CodeIgniter->runController(Object(App\Controllers\User))
13 SYSTEMPATH\CodeIgniter.php(349): CodeIgniter\CodeIgniter->handleRequest(null, Object(Config\Cache), false)
14 FCPATH\index.php(55): CodeIgniter\CodeIgniter->run()
15 SYSTEMPATH\Commands\Server\rewrite.php(43): require_once('FCPATH\\index.php')
CRITICAL - 2023-06-15 21:20:55 --> Undefined variable: daftar_nav
in APPPATH\Views\User\navbar.php on line 32.
 1 APPPATH\Views\User\navbar.php(32): CodeIgniter\Debug\Exceptions->errorHandler(8, 'Undefined variable: daftar_nav', 'APPPATH\\Views\\User\\navbar.php', 32, [...])
 2 SYSTEMPATH\View\View.php(213): include('APPPATH\\Views\\User\\navbar.php')
 3 SYSTEMPATH\View\View.php(216): CodeIgniter\View\View->CodeIgniter\View\{closure}()
 4 SYSTEMPATH\View\View.php(429): CodeIgniter\View\View->render('User/navbar', null, true)
 5 APPPATH\Views\User\index.php(17): CodeIgniter\View\View->include('User/navbar')
 6 SYSTEMPATH\View\View.php(213): include('APPPATH\\Views\\User\\index.php')
 7 SYSTEMPATH\View\View.php(216): CodeIgniter\View\View->CodeIgniter\View\{closure}()
 8 SYSTEMPATH\View\View.php(229): CodeIgniter\View\View->render('User/index.php', [], true)
 9 SYSTEMPATH\Common.php(1135): CodeIgniter\View\View->render('User/jalur', [], true)
10 APPPATH\Controllers\User.php(69): view('User/jalur', [...])
11 SYSTEMPATH\CodeIgniter.php(896): App\Controllers\User->jalur('9')
12 SYSTEMPATH\CodeIgniter.php(466): CodeIgniter\CodeIgniter->runController(Object(App\Controllers\User))
13 SYSTEMPATH\CodeIgniter.php(349): CodeIgniter\CodeIgniter->handleRequest(null, Object(Config\Cache), false)
14 FCPATH\index.php(55): CodeIgniter\CodeIgniter->run()
15 SYSTEMPATH\Commands\Server\rewrite.php(43): require_once('FCPATH\\index.php')
CRITICAL - 2023-06-15 21:20:59 --> Undefined index: tahap
in APPPATH\Controllers\Home.php on line 39.
 1 APPPATH\Controllers\Home.php(39): CodeIgniter\Debug\Exceptions->errorHandler(8, 'Undefined index: tahap', 'APPPATH\\Controllers\\Home.php', 39, [...])
 2 SYSTEMPATH\CodeIgniter.php(896): App\Controllers\Home->index()
 3 SYSTEMPATH\CodeIgniter.php(466): CodeIgniter\CodeIgniter->runController(Object(App\Controllers\Home))
 4 SYSTEMPATH\CodeIgniter.php(349): CodeIgniter\CodeIgniter->handleRequest(null, Object(Config\Cache), false)
 5 FCPATH\index.php(55): CodeIgniter\CodeIgniter->run()
 6 SYSTEMPATH\Commands\Server\rewrite.php(43): require_once('FCPATH\\index.php')
CRITICAL - 2023-06-15 21:22:02 --> Undefined index: tahap
in APPPATH\Controllers\Home.php on line 39.
 1 APPPATH\Controllers\Home.php(39): CodeIgniter\Debug\Exceptions->errorHandler(8, 'Undefined index: tahap', 'APPPATH\\Controllers\\Home.php', 39, [...])
 2 SYSTEMPATH\CodeIgniter.php(896): App\Controllers\Home->index()
 3 SYSTEMPATH\CodeIgniter.php(466): CodeIgniter\CodeIgniter->runController(Object(App\Controllers\Home))
 4 SYSTEMPATH\CodeIgniter.php(349): CodeIgniter\CodeIgniter->handleRequest(null, Object(Config\Cache), false)
 5 FCPATH\index.php(55): CodeIgniter\CodeIgniter->run()
 6 SYSTEMPATH\Commands\Server\rewrite.php(43): require_once('FCPATH\\index.php')
CRITICAL - 2023-06-15 21:22:35 --> Undefined variable: daftar_nav
in APPPATH\Views\User\navbar.php on line 32.
 1 APPPATH\Views\User\navbar.php(32): CodeIgniter\Debug\Exceptions->errorHandler(8, 'Undefined variable: daftar_nav', 'APPPATH\\Views\\User\\navbar.php', 32, [...])
 2 SYSTEMPATH\View\View.php(213): include('APPPATH\\Views\\User\\navbar.php')
 3 SYSTEMPATH\View\View.php(216): CodeIgniter\View\View->CodeIgniter\View\{closure}()
 4 SYSTEMPATH\View\View.php(429): CodeIgniter\View\View->render('User/navbar', null, true)
 5 APPPATH\Views\User\index.php(17): CodeIgniter\View\View->include('User/navbar')
 6 SYSTEMPATH\View\View.php(213): include('APPPATH\\Views\\User\\index.php')
 7 SYSTEMPATH\View\View.php(216): CodeIgniter\View\View->CodeIgniter\View\{closure}()
 8 SYSTEMPATH\View\View.php(229): CodeIgniter\View\View->render('User/index.php', [], true)
 9 SYSTEMPATH\Common.php(1135): CodeIgniter\View\View->render('login', [], true)
10 APPPATH\Controllers\User.php(83): view('login', [...])
11 SYSTEMPATH\CodeIgniter.php(896): App\Controllers\User->login()
12 SYSTEMPATH\CodeIgniter.php(466): CodeIgniter\CodeIgniter->runController(Object(App\Controllers\User))
13 SYSTEMPATH\CodeIgniter.php(349): CodeIgniter\CodeIgniter->handleRequest(null, Object(Config\Cache), false)
14 FCPATH\index.php(55): CodeIgniter\CodeIgniter->run()
15 SYSTEMPATH\Commands\Server\rewrite.php(43): require_once('FCPATH\\index.php')
CRITICAL - 2023-06-15 21:33:59 --> Undefined variable: daftar_nav
in APPPATH\Views\User\navbar.php on line 32.
 1 APPPATH\Views\User\navbar.php(32): CodeIgniter\Debug\Exceptions->errorHandler(8, 'Undefined variable: daftar_nav', 'APPPATH\\Views\\User\\navbar.php', 32, [...])
 2 SYSTEMPATH\View\View.php(213): include('APPPATH\\Views\\User\\navbar.php')
 3 SYSTEMPATH\View\View.php(216): CodeIgniter\View\View->CodeIgniter\View\{closure}()
 4 SYSTEMPATH\View\View.php(429): CodeIgniter\View\View->render('User/navbar', null, true)
 5 APPPATH\Views\User\index.php(17): CodeIgniter\View\View->include('User/navbar')
 6 SYSTEMPATH\View\View.php(213): include('APPPATH\\Views\\User\\index.php')
 7 SYSTEMPATH\View\View.php(216): CodeIgniter\View\View->CodeIgniter\View\{closure}()
 8 SYSTEMPATH\View\View.php(229): CodeIgniter\View\View->render('User/index.php', [], true)
 9 SYSTEMPATH\Common.php(1135): CodeIgniter\View\View->render('login', [], true)
10 APPPATH\Controllers\User.php(83): view('login', [...])
11 SYSTEMPATH\CodeIgniter.php(896): App\Controllers\User->login()
12 SYSTEMPATH\CodeIgniter.php(466): CodeIgniter\CodeIgniter->runController(Object(App\Controllers\User))
13 SYSTEMPATH\CodeIgniter.php(349): CodeIgniter\CodeIgniter->handleRequest(null, Object(Config\Cache), false)
14 FCPATH\index.php(55): CodeIgniter\CodeIgniter->run()
15 SYSTEMPATH\Commands\Server\rewrite.php(43): require_once('FCPATH\\index.php')
CRITICAL - 2023-06-15 21:36:25 --> Call to undefined method CodeIgniter\Session\Session::set_flashdata()
in APPPATH\Controllers\Admin.php on line 314.
 1 APPPATH\Controllers\Admin.php(302): App\Controllers\Admin->proteksi_halaman()
 2 SYSTEMPATH\CodeIgniter.php(896): App\Controllers\Admin->data_agenda()
 3 SYSTEMPATH\CodeIgniter.php(466): CodeIgniter\CodeIgniter->runController(Object(App\Controllers\Admin))
 4 SYSTEMPATH\CodeIgniter.php(349): CodeIgniter\CodeIgniter->handleRequest(null, Object(Config\Cache), false)
 5 FCPATH\index.php(55): CodeIgniter\CodeIgniter->run()
 6 SYSTEMPATH\Commands\Server\rewrite.php(43): require_once('FCPATH\\index.php')
CRITICAL - 2023-06-15 21:41:08 --> Undefined variable: daftar_nav
in APPPATH\Views\User\navbar.php on line 32.
 1 APPPATH\Views\User\navbar.php(32): CodeIgniter\Debug\Exceptions->errorHandler(8, 'Undefined variable: daftar_nav', 'APPPATH\\Views\\User\\navbar.php', 32, [...])
 2 SYSTEMPATH\View\View.php(213): include('APPPATH\\Views\\User\\navbar.php')
 3 SYSTEMPATH\View\View.php(216): CodeIgniter\View\View->CodeIgniter\View\{closure}()
 4 SYSTEMPATH\View\View.php(429): CodeIgniter\View\View->render('User/navbar', null, true)
 5 APPPATH\Views\User\index.php(17): CodeIgniter\View\View->include('User/navbar')
 6 SYSTEMPATH\View\View.php(213): include('APPPATH\\Views\\User\\index.php')
 7 SYSTEMPATH\View\View.php(216): CodeIgniter\View\View->CodeIgniter\View\{closure}()
 8 SYSTEMPATH\View\View.php(229): CodeIgniter\View\View->render('User/index.php', [], true)
 9 SYSTEMPATH\Common.php(1135): CodeIgniter\View\View->render('login', [], true)
10 APPPATH\Controllers\User.php(83): view('login', [...])
11 SYSTEMPATH\CodeIgniter.php(896): App\Controllers\User->login()
12 SYSTEMPATH\CodeIgniter.php(466): CodeIgniter\CodeIgniter->runController(Object(App\Controllers\User))
13 SYSTEMPATH\CodeIgniter.php(349): CodeIgniter\CodeIgniter->handleRequest(null, Object(Config\Cache), false)
14 FCPATH\index.php(55): CodeIgniter\CodeIgniter->run()
15 SYSTEMPATH\Commands\Server\rewrite.php(43): require_once('FCPATH\\index.php')
CRITICAL - 2023-06-15 21:41:38 --> Undefined variable: daftar_nav
in APPPATH\Views\User\navbar.php on line 32.
 1 APPPATH\Views\User\navbar.php(32): CodeIgniter\Debug\Exceptions->errorHandler(8, 'Undefined variable: daftar_nav', 'APPPATH\\Views\\User\\navbar.php', 32, [...])
 2 SYSTEMPATH\View\View.php(213): include('APPPATH\\Views\\User\\navbar.php')
 3 SYSTEMPATH\View\View.php(216): CodeIgniter\View\View->CodeIgniter\View\{closure}()
 4 SYSTEMPATH\View\View.php(429): CodeIgniter\View\View->render('User/navbar', null, true)
 5 APPPATH\Views\User\index.php(17): CodeIgniter\View\View->include('User/navbar')
 6 SYSTEMPATH\View\View.php(213): include('APPPATH\\Views\\User\\index.php')
 7 SYSTEMPATH\View\View.php(216): CodeIgniter\View\View->CodeIgniter\View\{closure}()
 8 SYSTEMPATH\View\View.php(229): CodeIgniter\View\View->render('User/index.php', [], true)
 9 SYSTEMPATH\Common.php(1135): CodeIgniter\View\View->render('login', [], true)
10 APPPATH\Controllers\User.php(83): view('login', [...])
11 SYSTEMPATH\CodeIgniter.php(896): App\Controllers\User->login()
12 SYSTEMPATH\CodeIgniter.php(466): CodeIgniter\CodeIgniter->runController(Object(App\Controllers\User))
13 SYSTEMPATH\CodeIgniter.php(349): CodeIgniter\CodeIgniter->handleRequest(null, Object(Config\Cache), false)
14 FCPATH\index.php(55): CodeIgniter\CodeIgniter->run()
15 SYSTEMPATH\Commands\Server\rewrite.php(43): require_once('FCPATH\\index.php')
CRITICAL - 2023-06-15 21:41:50 --> Undefined variable: daftar_nav
in APPPATH\Views\User\navbar.php on line 32.
 1 APPPATH\Views\User\navbar.php(32): CodeIgniter\Debug\Exceptions->errorHandler(8, 'Undefined variable: daftar_nav', 'APPPATH\\Views\\User\\navbar.php', 32, [...])
 2 SYSTEMPATH\View\View.php(213): include('APPPATH\\Views\\User\\navbar.php')
 3 SYSTEMPATH\View\View.php(216): CodeIgniter\View\View->CodeIgniter\View\{closure}()
 4 SYSTEMPATH\View\View.php(429): CodeIgniter\View\View->render('User/navbar', null, true)
 5 APPPATH\Views\User\index.php(17): CodeIgniter\View\View->include('User/navbar')
 6 SYSTEMPATH\View\View.php(213): include('APPPATH\\Views\\User\\index.php')
 7 SYSTEMPATH\View\View.php(216): CodeIgniter\View\View->CodeIgniter\View\{closure}()
 8 SYSTEMPATH\View\View.php(229): CodeIgniter\View\View->render('User/index.php', [], true)
 9 SYSTEMPATH\Common.php(1135): CodeIgniter\View\View->render('login', [], true)
10 APPPATH\Controllers\User.php(83): view('login', [...])
11 SYSTEMPATH\CodeIgniter.php(896): App\Controllers\User->login()
12 SYSTEMPATH\CodeIgniter.php(466): CodeIgniter\CodeIgniter->runController(Object(App\Controllers\User))
13 SYSTEMPATH\CodeIgniter.php(349): CodeIgniter\CodeIgniter->handleRequest(null, Object(Config\Cache), false)
14 FCPATH\index.php(55): CodeIgniter\CodeIgniter->run()
15 SYSTEMPATH\Commands\Server\rewrite.php(43): require_once('FCPATH\\index.php')
CRITICAL - 2023-06-15 21:42:27 --> Undefined variable: daftar_nav
in APPPATH\Views\User\navbar.php on line 32.
 1 APPPATH\Views\User\navbar.php(32): CodeIgniter\Debug\Exceptions->errorHandler(8, 'Undefined variable: daftar_nav', 'APPPATH\\Views\\User\\navbar.php', 32, [...])
 2 SYSTEMPATH\View\View.php(213): include('APPPATH\\Views\\User\\navbar.php')
 3 SYSTEMPATH\View\View.php(216): CodeIgniter\View\View->CodeIgniter\View\{closure}()
 4 SYSTEMPATH\View\View.php(429): CodeIgniter\View\View->render('User/navbar', null, true)
 5 APPPATH\Views\User\index.php(17): CodeIgniter\View\View->include('User/navbar')
 6 SYSTEMPATH\View\View.php(213): include('APPPATH\\Views\\User\\index.php')
 7 SYSTEMPATH\View\View.php(216): CodeIgniter\View\View->CodeIgniter\View\{closure}()
 8 SYSTEMPATH\View\View.php(229): CodeIgniter\View\View->render('User/index.php', [], true)
 9 SYSTEMPATH\Common.php(1135): CodeIgniter\View\View->render('login', [], true)
10 APPPATH\Controllers\User.php(83): view('login', [...])
11 SYSTEMPATH\CodeIgniter.php(896): App\Controllers\User->login()
12 SYSTEMPATH\CodeIgniter.php(466): CodeIgniter\CodeIgniter->runController(Object(App\Controllers\User))
13 SYSTEMPATH\CodeIgniter.php(349): CodeIgniter\CodeIgniter->handleRequest(null, Object(Config\Cache), false)
14 FCPATH\index.php(55): CodeIgniter\CodeIgniter->run()
15 SYSTEMPATH\Commands\Server\rewrite.php(43): require_once('FCPATH\\index.php')
CRITICAL - 2023-06-15 21:42:30 --> Call to undefined function App\Controllers\proteksi_halaman()
in APPPATH\Controllers\Admin.php on line 302.
 1 SYSTEMPATH\CodeIgniter.php(896): App\Controllers\Admin->data_agenda()
 2 SYSTEMPATH\CodeIgniter.php(466): CodeIgniter\CodeIgniter->runController(Object(App\Controllers\Admin))
 3 SYSTEMPATH\CodeIgniter.php(349): CodeIgniter\CodeIgniter->handleRequest(null, Object(Config\Cache), false)
 4 FCPATH\index.php(55): CodeIgniter\CodeIgniter->run()
 5 SYSTEMPATH\Commands\Server\rewrite.php(43): require_once('FCPATH\\index.php')
CRITICAL - 2023-06-15 21:46:40 --> Undefined variable: daftar_nav
in APPPATH\Views\User\navbar.php on line 32.
 1 APPPATH\Views\User\navbar.php(32): CodeIgniter\Debug\Exceptions->errorHandler(8, 'Undefined variable: daftar_nav', 'APPPATH\\Views\\User\\navbar.php', 32, [...])
 2 SYSTEMPATH\View\View.php(213): include('APPPATH\\Views\\User\\navbar.php')
 3 SYSTEMPATH\View\View.php(216): CodeIgniter\View\View->CodeIgniter\View\{closure}()
 4 SYSTEMPATH\View\View.php(429): CodeIgniter\View\View->render('User/navbar', null, true)
 5 APPPATH\Views\User\index.php(17): CodeIgniter\View\View->include('User/navbar')
 6 SYSTEMPATH\View\View.php(213): include('APPPATH\\Views\\User\\index.php')
 7 SYSTEMPATH\View\View.php(216): CodeIgniter\View\View->CodeIgniter\View\{closure}()
 8 SYSTEMPATH\View\View.php(229): CodeIgniter\View\View->render('User/index.php', [], true)
 9 SYSTEMPATH\Common.php(1135): CodeIgniter\View\View->render('login', [], true)
10 APPPATH\Controllers\User.php(83): view('login', [...])
11 SYSTEMPATH\CodeIgniter.php(896): App\Controllers\User->login()
12 SYSTEMPATH\CodeIgniter.php(466): CodeIgniter\CodeIgniter->runController(Object(App\Controllers\User))
13 SYSTEMPATH\CodeIgniter.php(349): CodeIgniter\CodeIgniter->handleRequest(null, Object(Config\Cache), false)
14 FCPATH\index.php(55): CodeIgniter\CodeIgniter->run()
15 SYSTEMPATH\Commands\Server\rewrite.php(43): require_once('FCPATH\\index.php')
CRITICAL - 2023-06-15 21:48:07 --> Undefined variable: daftar_nav
in APPPATH\Views\User\navbar.php on line 32.
 1 APPPATH\Views\User\navbar.php(32): CodeIgniter\Debug\Exceptions->errorHandler(8, 'Undefined variable: daftar_nav', 'APPPATH\\Views\\User\\navbar.php', 32, [...])
 2 SYSTEMPATH\View\View.php(213): include('APPPATH\\Views\\User\\navbar.php')
 3 SYSTEMPATH\View\View.php(216): CodeIgniter\View\View->CodeIgniter\View\{closure}()
 4 SYSTEMPATH\View\View.php(429): CodeIgniter\View\View->render('User/navbar', null, true)
 5 APPPATH\Views\User\index.php(17): CodeIgniter\View\View->include('User/navbar')
 6 SYSTEMPATH\View\View.php(213): include('APPPATH\\Views\\User\\index.php')
 7 SYSTEMPATH\View\View.php(216): CodeIgniter\View\View->CodeIgniter\View\{closure}()
 8 SYSTEMPATH\View\View.php(229): CodeIgniter\View\View->render('User/index.php', [], true)
 9 SYSTEMPATH\Common.php(1135): CodeIgniter\View\View->render('login', [], true)
10 APPPATH\Controllers\User.php(83): view('login', [...])
11 SYSTEMPATH\CodeIgniter.php(896): App\Controllers\User->login()
12 SYSTEMPATH\CodeIgniter.php(466): CodeIgniter\CodeIgniter->runController(Object(App\Controllers\User))
13 SYSTEMPATH\CodeIgniter.php(349): CodeIgniter\CodeIgniter->handleRequest(null, Object(Config\Cache), false)
14 FCPATH\index.php(55): CodeIgniter\CodeIgniter->run()
15 SYSTEMPATH\Commands\Server\rewrite.php(43): require_once('FCPATH\\index.php')
CRITICAL - 2023-06-15 21:52:46 --> Undefined variable: daftar_nav
in APPPATH\Views\User\navbar.php on line 32.
 1 APPPATH\Views\User\navbar.php(32): CodeIgniter\Debug\Exceptions->errorHandler(8, 'Undefined variable: daftar_nav', 'APPPATH\\Views\\User\\navbar.php', 32, [...])
 2 SYSTEMPATH\View\View.php(213): include('APPPATH\\Views\\User\\navbar.php')
 3 SYSTEMPATH\View\View.php(216): CodeIgniter\View\View->CodeIgniter\View\{closure}()
 4 SYSTEMPATH\View\View.php(429): CodeIgniter\View\View->render('User/navbar', null, true)
 5 APPPATH\Views\User\index.php(17): CodeIgniter\View\View->include('User/navbar')
 6 SYSTEMPATH\View\View.php(213): include('APPPATH\\Views\\User\\index.php')
 7 SYSTEMPATH\View\View.php(216): CodeIgniter\View\View->CodeIgniter\View\{closure}()
 8 SYSTEMPATH\View\View.php(229): CodeIgniter\View\View->render('User/index.php', [], true)
 9 SYSTEMPATH\Common.php(1135): CodeIgniter\View\View->render('login', [], true)
10 APPPATH\Controllers\User.php(83): view('login', [...])
11 SYSTEMPATH\CodeIgniter.php(896): App\Controllers\User->login()
12 SYSTEMPATH\CodeIgniter.php(466): CodeIgniter\CodeIgniter->runController(Object(App\Controllers\User))
13 SYSTEMPATH\CodeIgniter.php(349): CodeIgniter\CodeIgniter->handleRequest(null, Object(Config\Cache), false)
14 FCPATH\index.php(55): CodeIgniter\CodeIgniter->run()
15 SYSTEMPATH\Commands\Server\rewrite.php(43): require_once('FCPATH\\index.php')
CRITICAL - 2023-06-15 21:56:01 --> Undefined variable: daftar_nav
in APPPATH\Views\User\navbar.php on line 32.
 1 APPPATH\Views\User\navbar.php(32): CodeIgniter\Debug\Exceptions->errorHandler(8, 'Undefined variable: daftar_nav', 'APPPATH\\Views\\User\\navbar.php', 32, [...])
 2 SYSTEMPATH\View\View.php(213): include('APPPATH\\Views\\User\\navbar.php')
 3 SYSTEMPATH\View\View.php(216): CodeIgniter\View\View->CodeIgniter\View\{closure}()
 4 SYSTEMPATH\View\View.php(429): CodeIgniter\View\View->render('User/navbar', null, true)
 5 APPPATH\Views\User\index.php(17): CodeIgniter\View\View->include('User/navbar')
 6 SYSTEMPATH\View\View.php(213): include('APPPATH\\Views\\User\\index.php')
 7 SYSTEMPATH\View\View.php(216): CodeIgniter\View\View->CodeIgniter\View\{closure}()
 8 SYSTEMPATH\View\View.php(229): CodeIgniter\View\View->render('User/index.php', [], true)
 9 SYSTEMPATH\Common.php(1135): CodeIgniter\View\View->render('login', [], true)
10 APPPATH\Controllers\User.php(83): view('login', [...])
11 SYSTEMPATH\CodeIgniter.php(896): App\Controllers\User->login()
12 SYSTEMPATH\CodeIgniter.php(466): CodeIgniter\CodeIgniter->runController(Object(App\Controllers\User))
13 SYSTEMPATH\CodeIgniter.php(349): CodeIgniter\CodeIgniter->handleRequest(null, Object(Config\Cache), false)
14 FCPATH\index.php(55): CodeIgniter\CodeIgniter->run()
15 SYSTEMPATH\Commands\Server\rewrite.php(43): require_once('FCPATH\\index.php')
CRITICAL - 2023-06-15 21:56:05 --> Undefined variable: daftar_nav
in APPPATH\Views\User\navbar.php on line 32.
 1 APPPATH\Views\User\navbar.php(32): CodeIgniter\Debug\Exceptions->errorHandler(8, 'Undefined variable: daftar_nav', 'APPPATH\\Views\\User\\navbar.php', 32, [...])
 2 SYSTEMPATH\View\View.php(213): include('APPPATH\\Views\\User\\navbar.php')
 3 SYSTEMPATH\View\View.php(216): CodeIgniter\View\View->CodeIgniter\View\{closure}()
 4 SYSTEMPATH\View\View.php(429): CodeIgniter\View\View->render('User/navbar', null, true)
 5 APPPATH\Views\User\index.php(17): CodeIgniter\View\View->include('User/navbar')
 6 SYSTEMPATH\View\View.php(213): include('APPPATH\\Views\\User\\index.php')
 7 SYSTEMPATH\View\View.php(216): CodeIgniter\View\View->CodeIgniter\View\{closure}()
 8 SYSTEMPATH\View\View.php(229): CodeIgniter\View\View->render('User/index.php', [], true)
 9 SYSTEMPATH\Common.php(1135): CodeIgniter\View\View->render('login', [], true)
10 APPPATH\Controllers\User.php(83): view('login', [...])
11 SYSTEMPATH\CodeIgniter.php(896): App\Controllers\User->login()
12 SYSTEMPATH\CodeIgniter.php(466): CodeIgniter\CodeIgniter->runController(Object(App\Controllers\User))
13 SYSTEMPATH\CodeIgniter.php(349): CodeIgniter\CodeIgniter->handleRequest(null, Object(Config\Cache), false)
14 FCPATH\index.php(55): CodeIgniter\CodeIgniter->run()
15 SYSTEMPATH\Commands\Server\rewrite.php(43): require_once('FCPATH\\index.php')
CRITICAL - 2023-06-15 21:56:09 --> Undefined variable: daftar_nav
in APPPATH\Views\User\navbar.php on line 32.
 1 APPPATH\Views\User\navbar.php(32): CodeIgniter\Debug\Exceptions->errorHandler(8, 'Undefined variable: daftar_nav', 'APPPATH\\Views\\User\\navbar.php', 32, [...])
 2 SYSTEMPATH\View\View.php(213): include('APPPATH\\Views\\User\\navbar.php')
 3 SYSTEMPATH\View\View.php(216): CodeIgniter\View\View->CodeIgniter\View\{closure}()
 4 SYSTEMPATH\View\View.php(429): CodeIgniter\View\View->render('User/navbar', null, true)
 5 APPPATH\Views\User\index.php(17): CodeIgniter\View\View->include('User/navbar')
 6 SYSTEMPATH\View\View.php(213): include('APPPATH\\Views\\User\\index.php')
 7 SYSTEMPATH\View\View.php(216): CodeIgniter\View\View->CodeIgniter\View\{closure}()
 8 SYSTEMPATH\View\View.php(229): CodeIgniter\View\View->render('User/index.php', [], true)
 9 SYSTEMPATH\Common.php(1135): CodeIgniter\View\View->render('login', [], true)
10 APPPATH\Controllers\User.php(83): view('login', [...])
11 SYSTEMPATH\CodeIgniter.php(896): App\Controllers\User->login()
12 SYSTEMPATH\CodeIgniter.php(466): CodeIgniter\CodeIgniter->runController(Object(App\Controllers\User))
13 SYSTEMPATH\CodeIgniter.php(349): CodeIgniter\CodeIgniter->handleRequest(null, Object(Config\Cache), false)
14 FCPATH\index.php(55): CodeIgniter\CodeIgniter->run()
15 SYSTEMPATH\Commands\Server\rewrite.php(43): require_once('FCPATH\\index.php')
CRITICAL - 2023-06-15 22:04:35 --> Undefined variable: daftar_nav
in APPPATH\Views\User\navbar.php on line 32.
 1 APPPATH\Views\User\navbar.php(32): CodeIgniter\Debug\Exceptions->errorHandler(8, 'Undefined variable: daftar_nav', 'APPPATH\\Views\\User\\navbar.php', 32, [...])
 2 SYSTEMPATH\View\View.php(213): include('APPPATH\\Views\\User\\navbar.php')
 3 SYSTEMPATH\View\View.php(216): CodeIgniter\View\View->CodeIgniter\View\{closure}()
 4 SYSTEMPATH\View\View.php(429): CodeIgniter\View\View->render('User/navbar', null, true)
 5 APPPATH\Views\User\index.php(17): CodeIgniter\View\View->include('User/navbar')
 6 SYSTEMPATH\View\View.php(213): include('APPPATH\\Views\\User\\index.php')
 7 SYSTEMPATH\View\View.php(216): CodeIgniter\View\View->CodeIgniter\View\{closure}()
 8 SYSTEMPATH\View\View.php(229): CodeIgniter\View\View->render('User/index.php', [], true)
 9 SYSTEMPATH\Common.php(1135): CodeIgniter\View\View->render('login', [], true)
10 APPPATH\Controllers\User.php(83): view('login', [...])
11 SYSTEMPATH\CodeIgniter.php(896): App\Controllers\User->login()
12 SYSTEMPATH\CodeIgniter.php(466): CodeIgniter\CodeIgniter->runController(Object(App\Controllers\User))
13 SYSTEMPATH\CodeIgniter.php(349): CodeIgniter\CodeIgniter->handleRequest(null, Object(Config\Cache), false)
14 FCPATH\index.php(55): CodeIgniter\CodeIgniter->run()
15 SYSTEMPATH\Commands\Server\rewrite.php(43): require_once('FCPATH\\index.php')
CRITICAL - 2023-06-15 22:04:59 --> Undefined variable: daftar_nav
in APPPATH\Views\User\navbar.php on line 32.
 1 APPPATH\Views\User\navbar.php(32): CodeIgniter\Debug\Exceptions->errorHandler(8, 'Undefined variable: daftar_nav', 'APPPATH\\Views\\User\\navbar.php', 32, [...])
 2 SYSTEMPATH\View\View.php(213): include('APPPATH\\Views\\User\\navbar.php')
 3 SYSTEMPATH\View\View.php(216): CodeIgniter\View\View->CodeIgniter\View\{closure}()
 4 SYSTEMPATH\View\View.php(429): CodeIgniter\View\View->render('User/navbar', null, true)
 5 APPPATH\Views\User\index.php(17): CodeIgniter\View\View->include('User/navbar')
 6 SYSTEMPATH\View\View.php(213): include('APPPATH\\Views\\User\\index.php')
 7 SYSTEMPATH\View\View.php(216): CodeIgniter\View\View->CodeIgniter\View\{closure}()
 8 SYSTEMPATH\View\View.php(229): CodeIgniter\View\View->render('User/index.php', [], true)
 9 SYSTEMPATH\Common.php(1135): CodeIgniter\View\View->render('login', [], true)
10 APPPATH\Controllers\User.php(83): view('login', [...])
11 SYSTEMPATH\CodeIgniter.php(896): App\Controllers\User->login()
12 SYSTEMPATH\CodeIgniter.php(466): CodeIgniter\CodeIgniter->runController(Object(App\Controllers\User))
13 SYSTEMPATH\CodeIgniter.php(349): CodeIgniter\CodeIgniter->handleRequest(null, Object(Config\Cache), false)
14 FCPATH\index.php(55): CodeIgniter\CodeIgniter->run()
15 SYSTEMPATH\Commands\Server\rewrite.php(43): require_once('FCPATH\\index.php')
CRITICAL - 2023-06-15 22:05:21 --> Undefined variable: daftar_nav
in APPPATH\Views\User\navbar.php on line 32.
 1 APPPATH\Views\User\navbar.php(32): CodeIgniter\Debug\Exceptions->errorHandler(8, 'Undefined variable: daftar_nav', 'APPPATH\\Views\\User\\navbar.php', 32, [...])
 2 SYSTEMPATH\View\View.php(213): include('APPPATH\\Views\\User\\navbar.php')
 3 SYSTEMPATH\View\View.php(216): CodeIgniter\View\View->CodeIgniter\View\{closure}()
 4 SYSTEMPATH\View\View.php(429): CodeIgniter\View\View->render('User/navbar', null, true)
 5 APPPATH\Views\User\index.php(17): CodeIgniter\View\View->include('User/navbar')
 6 SYSTEMPATH\View\View.php(213): include('APPPATH\\Views\\User\\index.php')
 7 SYSTEMPATH\View\View.php(216): CodeIgniter\View\View->CodeIgniter\View\{closure}()
 8 SYSTEMPATH\View\View.php(229): CodeIgniter\View\View->render('User/index.php', [], true)
 9 SYSTEMPATH\Common.php(1135): CodeIgniter\View\View->render('login', [], true)
10 APPPATH\Controllers\User.php(83): view('login', [...])
11 SYSTEMPATH\CodeIgniter.php(896): App\Controllers\User->login()
12 SYSTEMPATH\CodeIgniter.php(466): CodeIgniter\CodeIgniter->runController(Object(App\Controllers\User))
13 SYSTEMPATH\CodeIgniter.php(349): CodeIgniter\CodeIgniter->handleRequest(null, Object(Config\Cache), false)
14 FCPATH\index.php(55): CodeIgniter\CodeIgniter->run()
15 SYSTEMPATH\Commands\Server\rewrite.php(43): require_once('FCPATH\\index.php')
CRITICAL - 2023-06-15 22:09:00 --> Undefined variable: daftar_nav
in APPPATH\Views\User\navbar.php on line 32.
 1 APPPATH\Views\User\navbar.php(32): CodeIgniter\Debug\Exceptions->errorHandler(8, 'Undefined variable: daftar_nav', 'APPPATH\\Views\\User\\navbar.php', 32, [...])
 2 SYSTEMPATH\View\View.php(213): include('APPPATH\\Views\\User\\navbar.php')
 3 SYSTEMPATH\View\View.php(216): CodeIgniter\View\View->CodeIgniter\View\{closure}()
 4 SYSTEMPATH\View\View.php(429): CodeIgniter\View\View->render('User/navbar', null, true)
 5 APPPATH\Views\User\index.php(17): CodeIgniter\View\View->include('User/navbar')
 6 SYSTEMPATH\View\View.php(213): include('APPPATH\\Views\\User\\index.php')
 7 SYSTEMPATH\View\View.php(216): CodeIgniter\View\View->CodeIgniter\View\{closure}()
 8 SYSTEMPATH\View\View.php(229): CodeIgniter\View\View->render('User/index.php', [], true)
 9 SYSTEMPATH\Common.php(1135): CodeIgniter\View\View->render('User/jalur', [], true)
10 APPPATH\Controllers\User.php(69): view('User/jalur', [...])
11 SYSTEMPATH\CodeIgniter.php(896): App\Controllers\User->jalur('9')
12 SYSTEMPATH\CodeIgniter.php(466): CodeIgniter\CodeIgniter->runController(Object(App\Controllers\User))
13 SYSTEMPATH\CodeIgniter.php(349): CodeIgniter\CodeIgniter->handleRequest(null, Object(Config\Cache), false)
14 FCPATH\index.php(55): CodeIgniter\CodeIgniter->run()
15 SYSTEMPATH\Commands\Server\rewrite.php(43): require_once('FCPATH\\index.php')
CRITICAL - 2023-06-15 22:12:57 --> Undefined variable: daftar_nav
in APPPATH\Views\User\navbar.php on line 32.
 1 APPPATH\Views\User\navbar.php(32): CodeIgniter\Debug\Exceptions->errorHandler(8, 'Undefined variable: daftar_nav', 'APPPATH\\Views\\User\\navbar.php', 32, [...])
 2 SYSTEMPATH\View\View.php(213): include('APPPATH\\Views\\User\\navbar.php')
 3 SYSTEMPATH\View\View.php(216): CodeIgniter\View\View->CodeIgniter\View\{closure}()
 4 SYSTEMPATH\View\View.php(429): CodeIgniter\View\View->render('User/navbar', null, true)
 5 APPPATH\Views\User\index.php(17): CodeIgniter\View\View->include('User/navbar')
 6 SYSTEMPATH\View\View.php(213): include('APPPATH\\Views\\User\\index.php')
 7 SYSTEMPATH\View\View.php(216): CodeIgniter\View\View->CodeIgniter\View\{closure}()
 8 SYSTEMPATH\View\View.php(229): CodeIgniter\View\View->render('User/index.php', [], true)
 9 SYSTEMPATH\Common.php(1135): CodeIgniter\View\View->render('User/jalur', [], true)
10 APPPATH\Controllers\User.php(69): view('User/jalur', [...])
11 SYSTEMPATH\CodeIgniter.php(896): App\Controllers\User->jalur('9')
12 SYSTEMPATH\CodeIgniter.php(466): CodeIgniter\CodeIgniter->runController(Object(App\Controllers\User))
13 SYSTEMPATH\CodeIgniter.php(349): CodeIgniter\CodeIgniter->handleRequest(null, Object(Config\Cache), false)
14 FCPATH\index.php(55): CodeIgniter\CodeIgniter->run()
15 SYSTEMPATH\Commands\Server\rewrite.php(43): require_once('FCPATH\\index.php')
CRITICAL - 2023-06-15 22:22:52 --> Undefined variable: daftar_nav
in APPPATH\Views\User\navbar.php on line 32.
 1 APPPATH\Views\User\navbar.php(32): CodeIgniter\Debug\Exceptions->errorHandler(8, 'Undefined variable: daftar_nav', 'APPPATH\\Views\\User\\navbar.php', 32, [...])
 2 SYSTEMPATH\View\View.php(213): include('APPPATH\\Views\\User\\navbar.php')
 3 SYSTEMPATH\View\View.php(216): CodeIgniter\View\View->CodeIgniter\View\{closure}()
 4 SYSTEMPATH\View\View.php(429): CodeIgniter\View\View->render('User/navbar', null, true)
 5 APPPATH\Views\User\index.php(17): CodeIgniter\View\View->include('User/navbar')
 6 SYSTEMPATH\View\View.php(213): include('APPPATH\\Views\\User\\index.php')
 7 SYSTEMPATH\View\View.php(216): CodeIgniter\View\View->CodeIgniter\View\{closure}()
 8 SYSTEMPATH\View\View.php(229): CodeIgniter\View\View->render('User/index.php', [], true)
 9 SYSTEMPATH\Common.php(1135): CodeIgniter\View\View->render('User/formulir_pendaftaran_zonasi', [], true)
10 APPPATH\Controllers\User.php(195): view('User/formulir_pendaftaran_zonasi', [...])
11 SYSTEMPATH\CodeIgniter.php(896): App\Controllers\User->formulir_pendaftaran('15')
12 SYSTEMPATH\CodeIgniter.php(466): CodeIgniter\CodeIgniter->runController(Object(App\Controllers\User))
13 SYSTEMPATH\CodeIgniter.php(349): CodeIgniter\CodeIgniter->handleRequest(null, Object(Config\Cache), false)
14 FCPATH\index.php(55): CodeIgniter\CodeIgniter->run()
15 SYSTEMPATH\Commands\Server\rewrite.php(43): require_once('FCPATH\\index.php')
CRITICAL - 2023-06-15 22:37:11 --> Undefined variable: daftar_nav
in APPPATH\Views\User\navbar.php on line 32.
 1 APPPATH\Views\User\navbar.php(32): CodeIgniter\Debug\Exceptions->errorHandler(8, 'Undefined variable: daftar_nav', 'APPPATH\\Views\\User\\navbar.php', 32, [...])
 2 SYSTEMPATH\View\View.php(213): include('APPPATH\\Views\\User\\navbar.php')
 3 SYSTEMPATH\View\View.php(216): CodeIgniter\View\View->CodeIgniter\View\{closure}()
 4 SYSTEMPATH\View\View.php(429): CodeIgniter\View\View->render('User/navbar', null, true)
 5 APPPATH\Views\User\index.php(17): CodeIgniter\View\View->include('User/navbar')
 6 SYSTEMPATH\View\View.php(213): include('APPPATH\\Views\\User\\index.php')
 7 SYSTEMPATH\View\View.php(216): CodeIgniter\View\View->CodeIgniter\View\{closure}()
 8 SYSTEMPATH\View\View.php(229): CodeIgniter\View\View->render('User/index.php', [], true)
 9 SYSTEMPATH\Common.php(1135): CodeIgniter\View\View->render('User/pendaftaran_berhasil', [], true)
10 APPPATH\Controllers\User.php(158): view('User/pendaftaran_berhasil', [...])
11 SYSTEMPATH\CodeIgniter.php(896): App\Controllers\User->pendaftaran_berhasil('44')
12 SYSTEMPATH\CodeIgniter.php(466): CodeIgniter\CodeIgniter->runController(Object(App\Controllers\User))
13 SYSTEMPATH\CodeIgniter.php(349): CodeIgniter\CodeIgniter->handleRequest(null, Object(Config\Cache), false)
14 FCPATH\index.php(55): CodeIgniter\CodeIgniter->run()
15 SYSTEMPATH\Commands\Server\rewrite.php(43): require_once('FCPATH\\index.php')
