CRITICAL - 2022-10-26 15:42:30 --> Call to undefined method App\Models\Kode::group_by
in SYSTEMPATH\Model.php on line 773.
 1 APPPATH\Controllers\KodeOpsi.php(14): CodeIgniter\Model->__call('group_by', [...])
 2 SYSTEMPATH\CodeIgniter.php(896): App\Controllers\KodeOpsi->dataopsi('1')
 3 SYSTEMPATH\CodeIgniter.php(466): CodeIgniter\CodeIgniter->runController(Object(App\Controllers\KodeOpsi))
 4 SYSTEMPATH\CodeIgniter.php(349): CodeIgniter\CodeIgniter->handleRequest(null, Object(Config\Cache), false)
 5 FCPATH\index.php(55): CodeIgniter\CodeIgniter->run()
 6 SYSTEMPATH\Commands\Server\rewrite.php(43): require_once('FCPATH\\index.php')
CRITICAL - 2022-10-26 15:42:57 --> Call to undefined method App\Models\Kode::group_by
in SYSTEMPATH\Model.php on line 773.
 1 APPPATH\Controllers\KodeOpsi.php(14): CodeIgniter\Model->__call('group_by', [...])
 2 SYSTEMPATH\CodeIgniter.php(896): App\Controllers\KodeOpsi->dataopsi('1')
 3 SYSTEMPATH\CodeIgniter.php(466): CodeIgniter\CodeIgniter->runController(Object(App\Controllers\KodeOpsi))
 4 SYSTEMPATH\CodeIgniter.php(349): CodeIgniter\CodeIgniter->handleRequest(null, Object(Config\Cache), false)
 5 FCPATH\index.php(55): CodeIgniter\CodeIgniter->run()
 6 SYSTEMPATH\Commands\Server\rewrite.php(43): require_once('FCPATH\\index.php')
CRITICAL - 2022-10-26 15:50:35 --> Call to undefined method App\Models\Kode::group_by
in SYSTEMPATH\Model.php on line 773.
 1 APPPATH\Controllers\KodeOpsi.php(14): CodeIgniter\Model->__call('group_by', [...])
 2 SYSTEMPATH\CodeIgniter.php(896): App\Controllers\KodeOpsi->dataopsi('1')
 3 SYSTEMPATH\CodeIgniter.php(466): CodeIgniter\CodeIgniter->runController(Object(App\Controllers\KodeOpsi))
 4 SYSTEMPATH\CodeIgniter.php(349): CodeIgniter\CodeIgniter->handleRequest(null, Object(Config\Cache), false)
 5 FCPATH\index.php(55): CodeIgniter\CodeIgniter->run()
 6 SYSTEMPATH\Commands\Server\rewrite.php(43): require_once('FCPATH\\index.php')
CRITICAL - 2022-10-26 15:51:41 --> Call to undefined method App\Models\Kode::group_by
in SYSTEMPATH\Model.php on line 773.
 1 APPPATH\Controllers\KodeOpsi.php(14): CodeIgniter\Model->__call('group_by', [...])
 2 SYSTEMPATH\CodeIgniter.php(896): App\Controllers\KodeOpsi->dataopsi('1')
 3 SYSTEMPATH\CodeIgniter.php(466): CodeIgniter\CodeIgniter->runController(Object(App\Controllers\KodeOpsi))
 4 SYSTEMPATH\CodeIgniter.php(349): CodeIgniter\CodeIgniter->handleRequest(null, Object(Config\Cache), false)
 5 FCPATH\index.php(55): CodeIgniter\CodeIgniter->run()
 6 SYSTEMPATH\Commands\Server\rewrite.php(43): require_once('FCPATH\\index.php')
CRITICAL - 2022-10-26 15:51:50 --> Call to undefined method App\Models\Kode::group_by
in SYSTEMPATH\Model.php on line 773.
 1 APPPATH\Controllers\KodeOpsi.php(14): CodeIgniter\Model->__call('group_by', [...])
 2 SYSTEMPATH\CodeIgniter.php(896): App\Controllers\KodeOpsi->dataopsi('1')
 3 SYSTEMPATH\CodeIgniter.php(466): CodeIgniter\CodeIgniter->runController(Object(App\Controllers\KodeOpsi))
 4 SYSTEMPATH\CodeIgniter.php(349): CodeIgniter\CodeIgniter->handleRequest(null, Object(Config\Cache), false)
 5 FCPATH\index.php(55): CodeIgniter\CodeIgniter->run()
 6 SYSTEMPATH\Commands\Server\rewrite.php(43): require_once('FCPATH\\index.php')
CRITICAL - 2022-10-26 16:04:51 --> Call to undefined method App\Models\Kode::group_by
in SYSTEMPATH\Model.php on line 773.
 1 APPPATH\Controllers\KodeOpsi.php(14): CodeIgniter\Model->__call('group_by', [...])
 2 SYSTEMPATH\CodeIgniter.php(896): App\Controllers\KodeOpsi->dataopsi('1')
 3 SYSTEMPATH\CodeIgniter.php(466): CodeIgniter\CodeIgniter->runController(Object(App\Controllers\KodeOpsi))
 4 SYSTEMPATH\CodeIgniter.php(349): CodeIgniter\CodeIgniter->handleRequest(null, Object(Config\Cache), false)
 5 FCPATH\index.php(55): CodeIgniter\CodeIgniter->run()
 6 SYSTEMPATH\Commands\Server\rewrite.php(43): require_once('FCPATH\\index.php')
