ERROR - 2022-12-05 13:42:25 --> Cannot delete or update a parent row: a foreign key constraint fails (`sekolah_gumintang`.`gambar_slider`, CONSTRAINT `gambar_slider_ibfk_2` FOREIGN KEY (`penerbit`) REFERENCES `pegawai` (`id`))
CRITICAL - 2022-12-05 13:42:25 --> Cannot delete or update a parent row: a foreign key constraint fails (`sekolah_gumintang`.`gambar_slider`, CONSTRAINT `gambar_slider_ibfk_2` FOREIGN KEY (`penerbit`) REFERENCES `pegawai` (`id`))
in SYSTEMPATH\Database\MySQLi\Connection.php on line 292.
 1 SYSTEMPATH\Database\MySQLi\Connection.php(292): mysqli->query('DELETE FROM `pegawai`
WHERE `id` IN (\'3\')', 0)
 2 SYSTEMPATH\Database\BaseConnection.php(695): CodeIgniter\Database\MySQLi\Connection->execute('DELETE FROM `pegawai`
WHERE `id` IN (\'3\')')
 3 SYSTEMPATH\Database\BaseConnection.php(609): CodeIgniter\Database\BaseConnection->simpleQuery('DELETE FROM `pegawai`
WHERE `id` IN (\'3\')')
 4 SYSTEMPATH\Database\BaseBuilder.php(2358): CodeIgniter\Database\BaseConnection->query('DELETE FROM `pegawai`
WHERE `id` IN :id:', [...], false)
 5 SYSTEMPATH\Model.php(400): CodeIgniter\Database\BaseBuilder->delete()
 6 SYSTEMPATH\BaseModel.php(963): CodeIgniter\Model->doDelete([...], false)
 7 APPPATH\Controllers\PegawaiController.php(771): CodeIgniter\BaseModel->delete([...])
 8 SYSTEMPATH\CodeIgniter.php(896): App\Controllers\PegawaiController->deletePegawai('3')
 9 SYSTEMPATH\CodeIgniter.php(466): CodeIgniter\CodeIgniter->runController(Object(App\Controllers\PegawaiController))
10 SYSTEMPATH\CodeIgniter.php(349): CodeIgniter\CodeIgniter->handleRequest(null, Object(Config\Cache), false)
11 FCPATH\index.php(55): CodeIgniter\CodeIgniter->run()
12 SYSTEMPATH\Commands\Server\rewrite.php(43): require_once('FCPATH\\index.php')
ERROR - 2022-12-05 15:01:03 --> Unknown column 'status' in 'where clause'
CRITICAL - 2022-12-05 15:01:03 --> Unknown column 'status' in 'where clause'
in SYSTEMPATH\Database\MySQLi\Connection.php on line 292.
 1 SYSTEMPATH\Database\MySQLi\Connection.php(292): mysqli->query('SELECT *
FROM `user`
WHERE `username` = \'admin1\'
AND `status` = \'aktif\'
 LIMIT 1', 0)
 2 SYSTEMPATH\Database\BaseConnection.php(695): CodeIgniter\Database\MySQLi\Connection->execute('SELECT *
FROM `user`
WHERE `username` = \'admin1\'
AND `status` = \'aktif\'
 LIMIT 1')
 3 SYSTEMPATH\Database\BaseConnection.php(609): CodeIgniter\Database\BaseConnection->simpleQuery('SELECT *
FROM `user`
WHERE `username` = \'admin1\'
AND `status` = \'aktif\'
 LIMIT 1')
 4 SYSTEMPATH\Database\BaseBuilder.php(1585): CodeIgniter\Database\BaseConnection->query('SELECT *
FROM `user`
WHERE `username` = :username:
AND `status` = :status:
 LIMIT 1', [...], false)
 5 SYSTEMPATH\Model.php(249): CodeIgniter\Database\BaseBuilder->get()
 6 SYSTEMPATH\BaseModel.php(622): CodeIgniter\Model->doFirst()
 7 APPPATH\Controllers\Login.php(31): CodeIgniter\BaseModel->first()
 8 SYSTEMPATH\CodeIgniter.php(896): App\Controllers\Login->process()
 9 SYSTEMPATH\CodeIgniter.php(466): CodeIgniter\CodeIgniter->runController(Object(App\Controllers\Login))
10 SYSTEMPATH\CodeIgniter.php(349): CodeIgniter\CodeIgniter->handleRequest(null, Object(Config\Cache), false)
11 FCPATH\index.php(55): CodeIgniter\CodeIgniter->run()
12 SYSTEMPATH\Commands\Server\rewrite.php(43): require_once('FCPATH\\index.php')
