CRITICAL - 2023-02-11 10:03:41 --> Invalid file: Admin/periode.php
in SYSTEMPATH\Exceptions\FrameworkException.php on line 33.
 1 SYSTEMPATH\View\View.php(201): CodeIgniter\Exceptions\FrameworkException::forInvalidFile('Admin/periode.php')
 2 SYSTEMPATH\Common.php(1135): CodeIgniter\View\View->render('Admin/periode', [], true)
 3 APPPATH\Controllers\Admin.php(48): view('Admin/periode')
 4 SYSTEMPATH\CodeIgniter.php(896): App\Controllers\Admin->periode()
 5 SYSTEMPATH\CodeIgniter.php(466): CodeIgniter\CodeIgniter->runController(Object(App\Controllers\Admin))
 6 SYSTEMPATH\CodeIgniter.php(349): CodeIgniter\CodeIgniter->handleRequest(null, Object(Config\Cache), false)
 7 FCPATH\index.php(55): CodeIgniter\CodeIgniter->run()
 8 SYSTEMPATH\Commands\Server\rewrite.php(43): require_once('FCPATH\\index.php')
CRITICAL - 2023-02-11 10:08:36 --> Undefined variable $kategori
in APPPATH\Views\Admin\data_periode.php on line 26.
 1 APPPATH\Views\Admin\data_periode.php(26): CodeIgniter\Debug\Exceptions->errorHandler(2, 'Undefined variable $kategori', 'APPPATH\\Views\\Admin\\data_periode.php', 26)
 2 SYSTEMPATH\View\View.php(213): include('APPPATH\\Views\\Admin\\data_periode.php')
 3 SYSTEMPATH\View\View.php(216): CodeIgniter\View\View->CodeIgniter\View\{closure}()
 4 SYSTEMPATH\Common.php(1135): CodeIgniter\View\View->render('Admin/data_periode', [], true)
 5 APPPATH\Controllers\Admin.php(48): view('Admin/data_periode')
 6 SYSTEMPATH\CodeIgniter.php(896): App\Controllers\Admin->periode()
 7 SYSTEMPATH\CodeIgniter.php(466): CodeIgniter\CodeIgniter->runController(Object(App\Controllers\Admin))
 8 SYSTEMPATH\CodeIgniter.php(349): CodeIgniter\CodeIgniter->handleRequest(null, Object(Config\Cache), false)
 9 FCPATH\index.php(55): CodeIgniter\CodeIgniter->run()
10 SYSTEMPATH\Commands\Server\rewrite.php(43): require_once('FCPATH\\index.php')
