ERROR - 2023-03-21 18:55:18 --> Error connecting to the database: No connection could be made because the target machine actively refused it.

CRITICAL - 2023-03-21 18:55:18 --> Unable to connect to the database.
Main connection [MySQLi]: No connection could be made because the target machine actively refused it.

in SYSTEMPATH\Database\BaseConnection.php on line 416.
 1 SYSTEMPATH\Database\BaseConnection.php(586): CodeIgniter\Database\BaseConnection->initialize()
 2 SYSTEMPATH\Database\BaseBuilder.php(1585): CodeIgniter\Database\BaseConnection->query('SELECT *
FROM `periode`
WHERE `status` = :status:
 LIMIT 1', [...], false)
 3 SYSTEMPATH\Model.php(249): CodeIgniter\Database\BaseBuilder->get()
 4 SYSTEMPATH\BaseModel.php(622): CodeIgniter\Model->doFirst()
 5 APPPATH\Controllers\User.php(20): CodeIgniter\BaseModel->first()
 6 SYSTEMPATH\CodeIgniter.php(896): App\Controllers\User->index()
 7 SYSTEMPATH\CodeIgniter.php(466): CodeIgniter\CodeIgniter->runController(Object(App\Controllers\User))
 8 SYSTEMPATH\CodeIgniter.php(349): CodeIgniter\CodeIgniter->handleRequest(null, Object(Config\Cache), false)
 9 FCPATH\index.php(55): CodeIgniter\CodeIgniter->run()
10 SYSTEMPATH\Commands\Server\rewrite.php(43): require_once('FCPATH\\index.php')
CRITICAL - 2023-03-21 19:22:11 --> Undefined property: CodeIgniter\View\View::$login
in APPPATH\Views\Admin\index.php on line 20.
 1 APPPATH\Views\Admin\index.php(20): CodeIgniter\Debug\Exceptions->errorHandler(8, 'Undefined property: CodeIgniter\\View\\View::$login', 'APPPATH\\Views\\Admin\\index.php', 20, [...])
 2 SYSTEMPATH\View\View.php(213): include('APPPATH\\Views\\Admin\\index.php')
 3 SYSTEMPATH\View\View.php(216): CodeIgniter\View\View->CodeIgniter\View\{closure}()
 4 SYSTEMPATH\View\View.php(229): CodeIgniter\View\View->render('Admin/index.php', [], true)
 5 SYSTEMPATH\Common.php(1135): CodeIgniter\View\View->render('Admin/dashboard', [], true)
 6 APPPATH\Controllers\Admin.php(26): view('Admin/dashboard', [...])
 7 SYSTEMPATH\CodeIgniter.php(896): App\Controllers\Admin->dashboard()
 8 SYSTEMPATH\CodeIgniter.php(466): CodeIgniter\CodeIgniter->runController(Object(App\Controllers\Admin))
 9 SYSTEMPATH\CodeIgniter.php(349): CodeIgniter\CodeIgniter->handleRequest(null, Object(Config\Cache), false)
10 FCPATH\index.php(55): CodeIgniter\CodeIgniter->run()
11 SYSTEMPATH\Commands\Server\rewrite.php(43): require_once('FCPATH\\index.php')
CRITICAL - 2023-03-21 19:35:53 --> Undefined property: CodeIgniter\View\View::$login
in APPPATH\Views\Admin\index.php on line 20.
 1 APPPATH\Views\Admin\index.php(20): CodeIgniter\Debug\Exceptions->errorHandler(8, 'Undefined property: CodeIgniter\\View\\View::$login', 'APPPATH\\Views\\Admin\\index.php', 20, [...])
 2 SYSTEMPATH\View\View.php(213): include('APPPATH\\Views\\Admin\\index.php')
 3 SYSTEMPATH\View\View.php(216): CodeIgniter\View\View->CodeIgniter\View\{closure}()
 4 SYSTEMPATH\View\View.php(229): CodeIgniter\View\View->render('Admin/index.php', [], true)
 5 SYSTEMPATH\Common.php(1135): CodeIgniter\View\View->render('Admin/dashboard', [], true)
 6 APPPATH\Controllers\Admin.php(26): view('Admin/dashboard', [...])
 7 SYSTEMPATH\CodeIgniter.php(896): App\Controllers\Admin->dashboard()
 8 SYSTEMPATH\CodeIgniter.php(466): CodeIgniter\CodeIgniter->runController(Object(App\Controllers\Admin))
 9 SYSTEMPATH\CodeIgniter.php(349): CodeIgniter\CodeIgniter->handleRequest(null, Object(Config\Cache), false)
10 FCPATH\index.php(55): CodeIgniter\CodeIgniter->run()
11 SYSTEMPATH\Commands\Server\rewrite.php(43): require_once('FCPATH\\index.php')
CRITICAL - 2023-03-21 19:35:58 --> Undefined property: CodeIgniter\View\View::$login
in APPPATH\Views\Admin\index.php on line 20.
 1 APPPATH\Views\Admin\index.php(20): CodeIgniter\Debug\Exceptions->errorHandler(8, 'Undefined property: CodeIgniter\\View\\View::$login', 'APPPATH\\Views\\Admin\\index.php', 20, [...])
 2 SYSTEMPATH\View\View.php(213): include('APPPATH\\Views\\Admin\\index.php')
 3 SYSTEMPATH\View\View.php(216): CodeIgniter\View\View->CodeIgniter\View\{closure}()
 4 SYSTEMPATH\View\View.php(229): CodeIgniter\View\View->render('Admin/index.php', [], true)
 5 SYSTEMPATH\Common.php(1135): CodeIgniter\View\View->render('Admin/dashboard_siswa', [], true)
 6 APPPATH\Controllers\Admin.php(33): view('Admin/dashboard_siswa', [...])
 7 SYSTEMPATH\CodeIgniter.php(896): App\Controllers\Admin->dashboard_siswa()
 8 SYSTEMPATH\CodeIgniter.php(466): CodeIgniter\CodeIgniter->runController(Object(App\Controllers\Admin))
 9 SYSTEMPATH\CodeIgniter.php(349): CodeIgniter\CodeIgniter->handleRequest(null, Object(Config\Cache), false)
10 FCPATH\index.php(55): CodeIgniter\CodeIgniter->run()
11 SYSTEMPATH\Commands\Server\rewrite.php(43): require_once('FCPATH\\index.php')
CRITICAL - 2023-03-21 19:40:48 --> Call to undefined method CodeIgniter\View\View::proteksi_halaman()
in APPPATH\Views\Admin\index.php on line 20.
 1 SYSTEMPATH\View\View.php(213): include()
 2 SYSTEMPATH\View\View.php(216): CodeIgniter\View\View->CodeIgniter\View\{closure}()
 3 SYSTEMPATH\View\View.php(229): CodeIgniter\View\View->render('Admin/index.php', [], true)
 4 SYSTEMPATH\Common.php(1135): CodeIgniter\View\View->render('Admin/dashboard_siswa', [], true)
 5 APPPATH\Controllers\Admin.php(33): view('Admin/dashboard_siswa', [...])
 6 SYSTEMPATH\CodeIgniter.php(896): App\Controllers\Admin->dashboard_siswa()
 7 SYSTEMPATH\CodeIgniter.php(466): CodeIgniter\CodeIgniter->runController(Object(App\Controllers\Admin))
 8 SYSTEMPATH\CodeIgniter.php(349): CodeIgniter\CodeIgniter->handleRequest(null, Object(Config\Cache), false)
 9 FCPATH\index.php(55): CodeIgniter\CodeIgniter->run()
10 SYSTEMPATH\Commands\Server\rewrite.php(43): require_once('FCPATH\\index.php')
CRITICAL - 2023-03-21 19:41:14 --> Undefined property: CodeIgniter\View\View::$load
in APPPATH\Views\Admin\index.php on line 20.
 1 APPPATH\Views\Admin\index.php(20): CodeIgniter\Debug\Exceptions->errorHandler(8, 'Undefined property: CodeIgniter\\View\\View::$load', 'APPPATH\\Views\\Admin\\index.php', 20, [...])
 2 SYSTEMPATH\View\View.php(213): include('APPPATH\\Views\\Admin\\index.php')
 3 SYSTEMPATH\View\View.php(216): CodeIgniter\View\View->CodeIgniter\View\{closure}()
 4 SYSTEMPATH\View\View.php(229): CodeIgniter\View\View->render('Admin/index.php', [], true)
 5 SYSTEMPATH\Common.php(1135): CodeIgniter\View\View->render('Admin/dashboard_siswa', [], true)
 6 APPPATH\Controllers\Admin.php(33): view('Admin/dashboard_siswa', [...])
 7 SYSTEMPATH\CodeIgniter.php(896): App\Controllers\Admin->dashboard_siswa()
 8 SYSTEMPATH\CodeIgniter.php(466): CodeIgniter\CodeIgniter->runController(Object(App\Controllers\Admin))
 9 SYSTEMPATH\CodeIgniter.php(349): CodeIgniter\CodeIgniter->handleRequest(null, Object(Config\Cache), false)
10 FCPATH\index.php(55): CodeIgniter\CodeIgniter->run()
11 SYSTEMPATH\Commands\Server\rewrite.php(43): require_once('FCPATH\\index.php')
CRITICAL - 2023-03-21 19:49:31 --> Call to undefined method CodeIgniter\View\View::getmethod()
in APPPATH\Views\Admin\index.php on line 20.
 1 SYSTEMPATH\View\View.php(213): include()
 2 SYSTEMPATH\View\View.php(216): CodeIgniter\View\View->CodeIgniter\View\{closure}()
 3 SYSTEMPATH\View\View.php(229): CodeIgniter\View\View->render('Admin/index.php', [], true)
 4 SYSTEMPATH\Common.php(1135): CodeIgniter\View\View->render('Admin/dashboard_siswa', [], true)
 5 APPPATH\Controllers\Admin.php(33): view('Admin/dashboard_siswa', [...])
 6 SYSTEMPATH\CodeIgniter.php(896): App\Controllers\Admin->dashboard_siswa()
 7 SYSTEMPATH\CodeIgniter.php(466): CodeIgniter\CodeIgniter->runController(Object(App\Controllers\Admin))
 8 SYSTEMPATH\CodeIgniter.php(349): CodeIgniter\CodeIgniter->handleRequest(null, Object(Config\Cache), false)
 9 FCPATH\index.php(55): CodeIgniter\CodeIgniter->run()
10 SYSTEMPATH\Commands\Server\rewrite.php(43): require_once('FCPATH\\index.php')
CRITICAL - 2023-03-21 19:50:45 --> Undefined variable: login
in APPPATH\Views\Admin\index.php on line 20.
 1 APPPATH\Views\Admin\index.php(20): CodeIgniter\Debug\Exceptions->errorHandler(8, 'Undefined variable: login', 'APPPATH\\Views\\Admin\\index.php', 20, [...])
 2 SYSTEMPATH\View\View.php(213): include('APPPATH\\Views\\Admin\\index.php')
 3 SYSTEMPATH\View\View.php(216): CodeIgniter\View\View->CodeIgniter\View\{closure}()
 4 SYSTEMPATH\View\View.php(229): CodeIgniter\View\View->render('Admin/index.php', [], true)
 5 SYSTEMPATH\Common.php(1135): CodeIgniter\View\View->render('Admin/dashboard_siswa', [], true)
 6 APPPATH\Controllers\Admin.php(33): view('Admin/dashboard_siswa', [...])
 7 SYSTEMPATH\CodeIgniter.php(896): App\Controllers\Admin->dashboard_siswa()
 8 SYSTEMPATH\CodeIgniter.php(466): CodeIgniter\CodeIgniter->runController(Object(App\Controllers\Admin))
 9 SYSTEMPATH\CodeIgniter.php(349): CodeIgniter\CodeIgniter->handleRequest(null, Object(Config\Cache), false)
10 FCPATH\index.php(55): CodeIgniter\CodeIgniter->run()
11 SYSTEMPATH\Commands\Server\rewrite.php(43): require_once('FCPATH\\index.php')
CRITICAL - 2023-03-21 19:51:23 --> Undefined property: CodeIgniter\View\View::$login
in APPPATH\Views\Admin\index.php on line 20.
 1 APPPATH\Views\Admin\index.php(20): CodeIgniter\Debug\Exceptions->errorHandler(8, 'Undefined property: CodeIgniter\\View\\View::$login', 'APPPATH\\Views\\Admin\\index.php', 20, [...])
 2 SYSTEMPATH\View\View.php(213): include('APPPATH\\Views\\Admin\\index.php')
 3 SYSTEMPATH\View\View.php(216): CodeIgniter\View\View->CodeIgniter\View\{closure}()
 4 SYSTEMPATH\View\View.php(229): CodeIgniter\View\View->render('Admin/index.php', [], true)
 5 SYSTEMPATH\Common.php(1135): CodeIgniter\View\View->render('Admin/dashboard_siswa', [], true)
 6 APPPATH\Controllers\Admin.php(33): view('Admin/dashboard_siswa', [...])
 7 SYSTEMPATH\CodeIgniter.php(896): App\Controllers\Admin->dashboard_siswa()
 8 SYSTEMPATH\CodeIgniter.php(466): CodeIgniter\CodeIgniter->runController(Object(App\Controllers\Admin))
 9 SYSTEMPATH\CodeIgniter.php(349): CodeIgniter\CodeIgniter->handleRequest(null, Object(Config\Cache), false)
10 FCPATH\index.php(55): CodeIgniter\CodeIgniter->run()
11 SYSTEMPATH\Commands\Server\rewrite.php(43): require_once('FCPATH\\index.php')
CRITICAL - 2023-03-21 19:51:30 --> Undefined variable: login
in APPPATH\Views\Admin\index.php on line 20.
 1 APPPATH\Views\Admin\index.php(20): CodeIgniter\Debug\Exceptions->errorHandler(8, 'Undefined variable: login', 'APPPATH\\Views\\Admin\\index.php', 20, [...])
 2 SYSTEMPATH\View\View.php(213): include('APPPATH\\Views\\Admin\\index.php')
 3 SYSTEMPATH\View\View.php(216): CodeIgniter\View\View->CodeIgniter\View\{closure}()
 4 SYSTEMPATH\View\View.php(229): CodeIgniter\View\View->render('Admin/index.php', [], true)
 5 SYSTEMPATH\Common.php(1135): CodeIgniter\View\View->render('Admin/dashboard_siswa', [], true)
 6 APPPATH\Controllers\Admin.php(33): view('Admin/dashboard_siswa', [...])
 7 SYSTEMPATH\CodeIgniter.php(896): App\Controllers\Admin->dashboard_siswa()
 8 SYSTEMPATH\CodeIgniter.php(466): CodeIgniter\CodeIgniter->runController(Object(App\Controllers\Admin))
 9 SYSTEMPATH\CodeIgniter.php(349): CodeIgniter\CodeIgniter->handleRequest(null, Object(Config\Cache), false)
10 FCPATH\index.php(55): CodeIgniter\CodeIgniter->run()
11 SYSTEMPATH\Commands\Server\rewrite.php(43): require_once('FCPATH\\index.php')
CRITICAL - 2023-03-21 19:51:39 --> Call to undefined method CodeIgniter\View\View::login()
in APPPATH\Views\Admin\index.php on line 20.
 1 SYSTEMPATH\View\View.php(213): include()
 2 SYSTEMPATH\View\View.php(216): CodeIgniter\View\View->CodeIgniter\View\{closure}()
 3 SYSTEMPATH\View\View.php(229): CodeIgniter\View\View->render('Admin/index.php', [], true)
 4 SYSTEMPATH\Common.php(1135): CodeIgniter\View\View->render('Admin/dashboard_siswa', [], true)
 5 APPPATH\Controllers\Admin.php(33): view('Admin/dashboard_siswa', [...])
 6 SYSTEMPATH\CodeIgniter.php(896): App\Controllers\Admin->dashboard_siswa()
 7 SYSTEMPATH\CodeIgniter.php(466): CodeIgniter\CodeIgniter->runController(Object(App\Controllers\Admin))
 8 SYSTEMPATH\CodeIgniter.php(349): CodeIgniter\CodeIgniter->handleRequest(null, Object(Config\Cache), false)
 9 FCPATH\index.php(55): CodeIgniter\CodeIgniter->run()
10 SYSTEMPATH\Commands\Server\rewrite.php(43): require_once('FCPATH\\index.php')
CRITICAL - 2023-03-21 19:52:19 --> Call to undefined function proteksi_halaman()
in APPPATH\Views\Admin\index.php on line 20.
 1 SYSTEMPATH\View\View.php(213): include()
 2 SYSTEMPATH\View\View.php(216): CodeIgniter\View\View->CodeIgniter\View\{closure}()
 3 SYSTEMPATH\View\View.php(229): CodeIgniter\View\View->render('Admin/index.php', [], true)
 4 SYSTEMPATH\Common.php(1135): CodeIgniter\View\View->render('Admin/dashboard_siswa', [], true)
 5 APPPATH\Controllers\Admin.php(33): view('Admin/dashboard_siswa', [...])
 6 SYSTEMPATH\CodeIgniter.php(896): App\Controllers\Admin->dashboard_siswa()
 7 SYSTEMPATH\CodeIgniter.php(466): CodeIgniter\CodeIgniter->runController(Object(App\Controllers\Admin))
 8 SYSTEMPATH\CodeIgniter.php(349): CodeIgniter\CodeIgniter->handleRequest(null, Object(Config\Cache), false)
 9 FCPATH\index.php(55): CodeIgniter\CodeIgniter->run()
10 SYSTEMPATH\Commands\Server\rewrite.php(43): require_once('FCPATH\\index.php')
CRITICAL - 2023-03-21 19:53:29 --> Call to undefined function proteksi_halaman()
in APPPATH\Views\Admin\index.php on line 20.
 1 SYSTEMPATH\View\View.php(213): include()
 2 SYSTEMPATH\View\View.php(216): CodeIgniter\View\View->CodeIgniter\View\{closure}()
 3 SYSTEMPATH\View\View.php(229): CodeIgniter\View\View->render('Admin/index.php', [], true)
 4 SYSTEMPATH\Common.php(1135): CodeIgniter\View\View->render('Admin/dashboard_siswa', [], true)
 5 APPPATH\Controllers\Admin.php(33): view('Admin/dashboard_siswa', [...])
 6 SYSTEMPATH\CodeIgniter.php(896): App\Controllers\Admin->dashboard_siswa()
 7 SYSTEMPATH\CodeIgniter.php(466): CodeIgniter\CodeIgniter->runController(Object(App\Controllers\Admin))
 8 SYSTEMPATH\CodeIgniter.php(349): CodeIgniter\CodeIgniter->handleRequest(null, Object(Config\Cache), false)
 9 FCPATH\index.php(55): CodeIgniter\CodeIgniter->run()
10 SYSTEMPATH\Commands\Server\rewrite.php(43): require_once('FCPATH\\index.php')
CRITICAL - 2023-03-21 20:05:06 --> Call to undefined method CodeIgniter\View\View::getmethod()
in APPPATH\Views\Admin\index.php on line 20.
 1 SYSTEMPATH\View\View.php(213): include()
 2 SYSTEMPATH\View\View.php(216): CodeIgniter\View\View->CodeIgniter\View\{closure}()
 3 SYSTEMPATH\View\View.php(229): CodeIgniter\View\View->render('Admin/index.php', [], true)
 4 SYSTEMPATH\Common.php(1135): CodeIgniter\View\View->render('Admin/dashboard', [], true)
 5 APPPATH\Controllers\Admin.php(26): view('Admin/dashboard', [...])
 6 SYSTEMPATH\CodeIgniter.php(896): App\Controllers\Admin->dashboard()
 7 SYSTEMPATH\CodeIgniter.php(466): CodeIgniter\CodeIgniter->runController(Object(App\Controllers\Admin))
 8 SYSTEMPATH\CodeIgniter.php(349): CodeIgniter\CodeIgniter->handleRequest(null, Object(Config\Cache), false)
 9 FCPATH\index.php(55): CodeIgniter\CodeIgniter->run()
10 SYSTEMPATH\Commands\Server\rewrite.php(43): require_once('FCPATH\\index.php')
CRITICAL - 2023-03-21 20:05:40 --> Call to undefined method CodeIgniter\View\View::getmethod()
in APPPATH\Views\Admin\index.php on line 20.
 1 SYSTEMPATH\View\View.php(213): include()
 2 SYSTEMPATH\View\View.php(216): CodeIgniter\View\View->CodeIgniter\View\{closure}()
 3 SYSTEMPATH\View\View.php(229): CodeIgniter\View\View->render('Admin/index.php', [], true)
 4 SYSTEMPATH\Common.php(1135): CodeIgniter\View\View->render('Admin/dashboard', [], true)
 5 APPPATH\Controllers\Admin.php(26): view('Admin/dashboard', [...])
 6 SYSTEMPATH\CodeIgniter.php(896): App\Controllers\Admin->dashboard()
 7 SYSTEMPATH\CodeIgniter.php(466): CodeIgniter\CodeIgniter->runController(Object(App\Controllers\Admin))
 8 SYSTEMPATH\CodeIgniter.php(349): CodeIgniter\CodeIgniter->handleRequest(null, Object(Config\Cache), false)
 9 FCPATH\index.php(55): CodeIgniter\CodeIgniter->run()
10 SYSTEMPATH\Commands\Server\rewrite.php(43): require_once('FCPATH\\index.php')
CRITICAL - 2023-03-21 20:06:39 --> Call to undefined method CodeIgniter\View\View::proteksi_halaman()
in APPPATH\Views\Admin\index.php on line 20.
 1 SYSTEMPATH\View\View.php(213): include()
 2 SYSTEMPATH\View\View.php(216): CodeIgniter\View\View->CodeIgniter\View\{closure}()
 3 SYSTEMPATH\View\View.php(229): CodeIgniter\View\View->render('Admin/index.php', [], true)
 4 SYSTEMPATH\Common.php(1135): CodeIgniter\View\View->render('Admin/dashboard', [], true)
 5 APPPATH\Controllers\Admin.php(26): view('Admin/dashboard', [...])
 6 SYSTEMPATH\CodeIgniter.php(896): App\Controllers\Admin->dashboard()
 7 SYSTEMPATH\CodeIgniter.php(466): CodeIgniter\CodeIgniter->runController(Object(App\Controllers\Admin))
 8 SYSTEMPATH\CodeIgniter.php(349): CodeIgniter\CodeIgniter->handleRequest(null, Object(Config\Cache), false)
 9 FCPATH\index.php(55): CodeIgniter\CodeIgniter->run()
10 SYSTEMPATH\Commands\Server\rewrite.php(43): require_once('FCPATH\\index.php')
CRITICAL - 2023-03-21 20:07:43 --> Call to undefined method CodeIgniter\View\View::proteksi_halaman()
in APPPATH\Views\Admin\index.php on line 20.
 1 SYSTEMPATH\View\View.php(213): include()
 2 SYSTEMPATH\View\View.php(216): CodeIgniter\View\View->CodeIgniter\View\{closure}()
 3 SYSTEMPATH\View\View.php(229): CodeIgniter\View\View->render('Admin/index.php', [], true)
 4 SYSTEMPATH\Common.php(1135): CodeIgniter\View\View->render('Admin/dashboard', [], true)
 5 APPPATH\Controllers\Admin.php(26): view('Admin/dashboard', [...])
 6 SYSTEMPATH\CodeIgniter.php(896): App\Controllers\Admin->dashboard()
 7 SYSTEMPATH\CodeIgniter.php(466): CodeIgniter\CodeIgniter->runController(Object(App\Controllers\Admin))
 8 SYSTEMPATH\CodeIgniter.php(349): CodeIgniter\CodeIgniter->handleRequest(null, Object(Config\Cache), false)
 9 FCPATH\index.php(55): CodeIgniter\CodeIgniter->run()
10 SYSTEMPATH\Commands\Server\rewrite.php(43): require_once('FCPATH\\index.php')
CRITICAL - 2023-03-21 20:07:56 --> Call to undefined method CodeIgniter\View\View::proteksi_halaman()
in APPPATH\Views\Admin\dashboard.php on line 2.
 1 SYSTEMPATH\View\View.php(213): include()
 2 SYSTEMPATH\View\View.php(216): CodeIgniter\View\View->CodeIgniter\View\{closure}()
 3 SYSTEMPATH\Common.php(1135): CodeIgniter\View\View->render('Admin/dashboard', [], true)
 4 APPPATH\Controllers\Admin.php(26): view('Admin/dashboard', [...])
 5 SYSTEMPATH\CodeIgniter.php(896): App\Controllers\Admin->dashboard()
 6 SYSTEMPATH\CodeIgniter.php(466): CodeIgniter\CodeIgniter->runController(Object(App\Controllers\Admin))
 7 SYSTEMPATH\CodeIgniter.php(349): CodeIgniter\CodeIgniter->handleRequest(null, Object(Config\Cache), false)
 8 FCPATH\index.php(55): CodeIgniter\CodeIgniter->run()
 9 SYSTEMPATH\Commands\Server\rewrite.php(43): require_once('FCPATH\\index.php')
CRITICAL - 2023-03-21 20:35:52 --> Call to undefined method CodeIgniter\Session\Session::set_flashdata()
in APPPATH\Controllers\Admin.php on line 23.
 1 SYSTEMPATH\CodeIgniter.php(896): App\Controllers\Admin->dashboard()
 2 SYSTEMPATH\CodeIgniter.php(466): CodeIgniter\CodeIgniter->runController(Object(App\Controllers\Admin))
 3 SYSTEMPATH\CodeIgniter.php(349): CodeIgniter\CodeIgniter->handleRequest(null, Object(Config\Cache), false)
 4 FCPATH\index.php(55): CodeIgniter\CodeIgniter->run()
 5 SYSTEMPATH\Commands\Server\rewrite.php(43): require_once('FCPATH\\index.php')
CRITICAL - 2023-03-21 20:36:38 --> Call to undefined method CodeIgniter\Session\Session::set_Flashdata()
in APPPATH\Controllers\Admin.php on line 23.
 1 SYSTEMPATH\CodeIgniter.php(896): App\Controllers\Admin->dashboard()
 2 SYSTEMPATH\CodeIgniter.php(466): CodeIgniter\CodeIgniter->runController(Object(App\Controllers\Admin))
 3 SYSTEMPATH\CodeIgniter.php(349): CodeIgniter\CodeIgniter->handleRequest(null, Object(Config\Cache), false)
 4 FCPATH\index.php(55): CodeIgniter\CodeIgniter->run()
 5 SYSTEMPATH\Commands\Server\rewrite.php(43): require_once('FCPATH\\index.php')
