CRITICAL - 2022-10-12 02:08:21 --> Attempt to read property "tanggal_pelaksanaan" on null
in APPPATH\Controllers\Kesiswaan.php on line 122.
 1 APPPATH\Controllers\Kesiswaan.php(122): CodeIgniter\Debug\Exceptions->errorHandler(2, 'Attempt to read property "tanggal_pelaksanaan" on null', 'APPPATH\\Controllers\\Kesiswaan.php', 122)
 2 SYSTEMPATH\CodeIgniter.php(896): App\Controllers\Kesiswaan->edit_prestasi('1')
 3 SYSTEMPATH\CodeIgniter.php(466): CodeIgniter\CodeIgniter->runController(Object(App\Controllers\Kesiswaan))
 4 SYSTEMPATH\CodeIgniter.php(349): CodeIgniter\CodeIgniter->handleRequest(null, Object(Config\Cache), false)
 5 FCPATH\index.php(55): CodeIgniter\CodeIgniter->run()
 6 SYSTEMPATH\Commands\Server\rewrite.php(43): require_once('FCPATH\\index.php')
CRITICAL - 2022-10-12 02:10:06 --> Attempt to read property "tanggal_pelaksanaan" on null
in APPPATH\Controllers\Kesiswaan.php on line 122.
 1 APPPATH\Controllers\Kesiswaan.php(122): CodeIgniter\Debug\Exceptions->errorHandler(2, 'Attempt to read property "tanggal_pelaksanaan" on null', 'APPPATH\\Controllers\\Kesiswaan.php', 122)
 2 SYSTEMPATH\CodeIgniter.php(896): App\Controllers\Kesiswaan->edit_prestasi('1')
 3 SYSTEMPATH\CodeIgniter.php(466): CodeIgniter\CodeIgniter->runController(Object(App\Controllers\Kesiswaan))
 4 SYSTEMPATH\CodeIgniter.php(349): CodeIgniter\CodeIgniter->handleRequest(null, Object(Config\Cache), false)
 5 FCPATH\index.php(55): CodeIgniter\CodeIgniter->run()
 6 SYSTEMPATH\Commands\Server\rewrite.php(43): require_once('FCPATH\\index.php')
CRITICAL - 2022-10-12 02:41:31 --> Undefined property: stdClass::$id
in APPPATH\Views\panelAdmin\kesiswaan.php on line 168.
 1 APPPATH\Views\panelAdmin\kesiswaan.php(168): CodeIgniter\Debug\Exceptions->errorHandler(2, 'Undefined property: stdClass::$id', 'APPPATH\\Views\\panelAdmin\\kesiswaan.php', 168)
 2 SYSTEMPATH\View\View.php(213): include('APPPATH\\Views\\panelAdmin\\kesiswaan.php')
 3 SYSTEMPATH\View\View.php(216): CodeIgniter\View\View->CodeIgniter\View\{closure}()
 4 SYSTEMPATH\Common.php(1135): CodeIgniter\View\View->render('panelAdmin/kesiswaan', [], true)
 5 APPPATH\Controllers\Kesiswaan.php(31): view('panelAdmin/kesiswaan', [...])
 6 SYSTEMPATH\CodeIgniter.php(896): App\Controllers\Kesiswaan->kesiswaan('1')
 7 SYSTEMPATH\CodeIgniter.php(466): CodeIgniter\CodeIgniter->runController(Object(App\Controllers\Kesiswaan))
 8 SYSTEMPATH\CodeIgniter.php(349): CodeIgniter\CodeIgniter->handleRequest(null, Object(Config\Cache), false)
 9 FCPATH\index.php(55): CodeIgniter\CodeIgniter->run()
10 SYSTEMPATH\Commands\Server\rewrite.php(43): require_once('FCPATH\\index.php')
CRITICAL - 2022-10-12 03:35:50 --> Undefined variable $g
in APPPATH\Views\panelAdmin\editPrestasi.php on line 85.
 1 APPPATH\Views\panelAdmin\editPrestasi.php(85): CodeIgniter\Debug\Exceptions->errorHandler(2, 'Undefined variable $g', 'APPPATH\\Views\\panelAdmin\\editPrestasi.php', 85)
 2 SYSTEMPATH\View\View.php(213): include('APPPATH\\Views\\panelAdmin\\editPrestasi.php')
 3 SYSTEMPATH\View\View.php(216): CodeIgniter\View\View->CodeIgniter\View\{closure}()
 4 SYSTEMPATH\Common.php(1135): CodeIgniter\View\View->render('panelAdmin/editPrestasi', [], true)
 5 APPPATH\Controllers\Kesiswaan.php(172): view('panelAdmin/editPrestasi', [...])
 6 SYSTEMPATH\CodeIgniter.php(896): App\Controllers\Kesiswaan->edit_prestasi('4')
 7 SYSTEMPATH\CodeIgniter.php(466): CodeIgniter\CodeIgniter->runController(Object(App\Controllers\Kesiswaan))
 8 SYSTEMPATH\CodeIgniter.php(349): CodeIgniter\CodeIgniter->handleRequest(null, Object(Config\Cache), false)
 9 FCPATH\index.php(55): CodeIgniter\CodeIgniter->run()
10 SYSTEMPATH\Commands\Server\rewrite.php(43): require_once('FCPATH\\index.php')
CRITICAL - 2022-10-12 03:36:21 --> Undefined property: stdClass::$tingkat_penghargaan
in APPPATH\Views\panelAdmin\editPrestasi.php on line 85.
 1 APPPATH\Views\panelAdmin\editPrestasi.php(85): CodeIgniter\Debug\Exceptions->errorHandler(2, 'Undefined property: stdClass::$tingkat_penghargaan', 'APPPATH\\Views\\panelAdmin\\editPrestasi.php', 85)
 2 SYSTEMPATH\View\View.php(213): include('APPPATH\\Views\\panelAdmin\\editPrestasi.php')
 3 SYSTEMPATH\View\View.php(216): CodeIgniter\View\View->CodeIgniter\View\{closure}()
 4 SYSTEMPATH\Common.php(1135): CodeIgniter\View\View->render('panelAdmin/editPrestasi', [], true)
 5 APPPATH\Controllers\Kesiswaan.php(172): view('panelAdmin/editPrestasi', [...])
 6 SYSTEMPATH\CodeIgniter.php(896): App\Controllers\Kesiswaan->edit_prestasi('4')
 7 SYSTEMPATH\CodeIgniter.php(466): CodeIgniter\CodeIgniter->runController(Object(App\Controllers\Kesiswaan))
 8 SYSTEMPATH\CodeIgniter.php(349): CodeIgniter\CodeIgniter->handleRequest(null, Object(Config\Cache), false)
 9 FCPATH\index.php(55): CodeIgniter\CodeIgniter->run()
10 SYSTEMPATH\Commands\Server\rewrite.php(43): require_once('FCPATH\\index.php')
CRITICAL - 2022-10-12 03:36:32 --> Undefined property: stdClass::$tingkat_penghargaan
in APPPATH\Views\panelAdmin\editPrestasi.php on line 85.
 1 APPPATH\Views\panelAdmin\editPrestasi.php(85): CodeIgniter\Debug\Exceptions->errorHandler(2, 'Undefined property: stdClass::$tingkat_penghargaan', 'APPPATH\\Views\\panelAdmin\\editPrestasi.php', 85)
 2 SYSTEMPATH\View\View.php(213): include('APPPATH\\Views\\panelAdmin\\editPrestasi.php')
 3 SYSTEMPATH\View\View.php(216): CodeIgniter\View\View->CodeIgniter\View\{closure}()
 4 SYSTEMPATH\Common.php(1135): CodeIgniter\View\View->render('panelAdmin/editPrestasi', [], true)
 5 APPPATH\Controllers\Kesiswaan.php(172): view('panelAdmin/editPrestasi', [...])
 6 SYSTEMPATH\CodeIgniter.php(896): App\Controllers\Kesiswaan->edit_prestasi('4')
 7 SYSTEMPATH\CodeIgniter.php(466): CodeIgniter\CodeIgniter->runController(Object(App\Controllers\Kesiswaan))
 8 SYSTEMPATH\CodeIgniter.php(349): CodeIgniter\CodeIgniter->handleRequest(null, Object(Config\Cache), false)
 9 FCPATH\index.php(55): CodeIgniter\CodeIgniter->run()
10 SYSTEMPATH\Commands\Server\rewrite.php(43): require_once('FCPATH\\index.php')
