CRITICAL - 2023-09-23 11:07:51 --> Trying to get property 'id' of non-object
in APPPATH\Controllers\Admin.php on line 132.
 1 APPPATH\Controllers\Admin.php(132): CodeIgniter\Debug\Exceptions->errorHandler(8, 'Trying to get property \'id\' of non-object', 'APPPATH\\Controllers\\Admin.php', 132, [...])
 2 SYSTEMPATH\CodeIgniter.php(896): App\Controllers\Admin->data_pendaftar('11')
 3 SYSTEMPATH\CodeIgniter.php(466): CodeIgniter\CodeIgniter->runController(Object(App\Controllers\Admin))
 4 SYSTEMPATH\CodeIgniter.php(349): CodeIgniter\CodeIgniter->handleRequest(null, Object(Config\Cache), false)
 5 FCPATH\index.php(55): CodeIgniter\CodeIgniter->run()
 6 SYSTEMPATH\Commands\Server\rewrite.php(43): require_once('FCPATH\\index.php')
CRITICAL - 2023-09-23 11:17:35 --> Trying to get property 'id' of non-object
in APPPATH\Controllers\Admin.php on line 132.
 1 APPPATH\Controllers\Admin.php(132): CodeIgniter\Debug\Exceptions->errorHandler(8, 'Trying to get property \'id\' of non-object', 'APPPATH\\Controllers\\Admin.php', 132, [...])
 2 SYSTEMPATH\CodeIgniter.php(896): App\Controllers\Admin->data_pendaftar('11')
 3 SYSTEMPATH\CodeIgniter.php(466): CodeIgniter\CodeIgniter->runController(Object(App\Controllers\Admin))
 4 SYSTEMPATH\CodeIgniter.php(349): CodeIgniter\CodeIgniter->handleRequest(null, Object(Config\Cache), false)
 5 FCPATH\index.php(55): CodeIgniter\CodeIgniter->run()
 6 SYSTEMPATH\Commands\Server\rewrite.php(43): require_once('FCPATH\\index.php')
CRITICAL - 2023-09-23 11:19:16 --> Trying to get property 'id' of non-object
in APPPATH\Controllers\Admin.php on line 132.
 1 APPPATH\Controllers\Admin.php(132): CodeIgniter\Debug\Exceptions->errorHandler(8, 'Trying to get property \'id\' of non-object', 'APPPATH\\Controllers\\Admin.php', 132, [...])
 2 SYSTEMPATH\CodeIgniter.php(896): App\Controllers\Admin->data_pendaftar('11')
 3 SYSTEMPATH\CodeIgniter.php(466): CodeIgniter\CodeIgniter->runController(Object(App\Controllers\Admin))
 4 SYSTEMPATH\CodeIgniter.php(349): CodeIgniter\CodeIgniter->handleRequest(null, Object(Config\Cache), false)
 5 FCPATH\index.php(55): CodeIgniter\CodeIgniter->run()
 6 SYSTEMPATH\Commands\Server\rewrite.php(43): require_once('FCPATH\\index.php')
CRITICAL - 2023-09-23 11:30:59 --> Undefined variable: data_tahap
in APPPATH\Views\User\home.php on line 7.
 1 APPPATH\Views\User\home.php(7): CodeIgniter\Debug\Exceptions->errorHandler(8, 'Undefined variable: data_tahap', 'APPPATH\\Views\\User\\home.php', 7, [...])
 2 SYSTEMPATH\View\View.php(213): include('APPPATH\\Views\\User\\home.php')
 3 SYSTEMPATH\View\View.php(216): CodeIgniter\View\View->CodeIgniter\View\{closure}()
 4 SYSTEMPATH\Common.php(1135): CodeIgniter\View\View->render('User/home', [], true)
 5 APPPATH\Controllers\Home.php(50): view('User/home', [...])
 6 SYSTEMPATH\CodeIgniter.php(896): App\Controllers\Home->index()
 7 SYSTEMPATH\CodeIgniter.php(466): CodeIgniter\CodeIgniter->runController(Object(App\Controllers\Home))
 8 SYSTEMPATH\CodeIgniter.php(349): CodeIgniter\CodeIgniter->handleRequest(null, Object(Config\Cache), false)
 9 FCPATH\index.php(55): CodeIgniter\CodeIgniter->run()
10 SYSTEMPATH\Commands\Server\rewrite.php(43): require_once('FCPATH\\index.php')
CRITICAL - 2023-09-23 11:32:01 --> Undefined variable: data_tahap
in APPPATH\Views\User\home.php on line 7.
 1 APPPATH\Views\User\home.php(7): CodeIgniter\Debug\Exceptions->errorHandler(8, 'Undefined variable: data_tahap', 'APPPATH\\Views\\User\\home.php', 7, [...])
 2 SYSTEMPATH\View\View.php(213): include('APPPATH\\Views\\User\\home.php')
 3 SYSTEMPATH\View\View.php(216): CodeIgniter\View\View->CodeIgniter\View\{closure}()
 4 SYSTEMPATH\Common.php(1135): CodeIgniter\View\View->render('User/home', [], true)
 5 APPPATH\Controllers\Home.php(50): view('User/home', [...])
 6 SYSTEMPATH\CodeIgniter.php(896): App\Controllers\Home->index()
 7 SYSTEMPATH\CodeIgniter.php(466): CodeIgniter\CodeIgniter->runController(Object(App\Controllers\Home))
 8 SYSTEMPATH\CodeIgniter.php(349): CodeIgniter\CodeIgniter->handleRequest(null, Object(Config\Cache), false)
 9 FCPATH\index.php(55): CodeIgniter\CodeIgniter->run()
10 SYSTEMPATH\Commands\Server\rewrite.php(43): require_once('FCPATH\\index.php')
CRITICAL - 2023-09-23 11:32:50 --> Undefined variable: data_tahap
in APPPATH\Views\User\home.php on line 7.
 1 APPPATH\Views\User\home.php(7): CodeIgniter\Debug\Exceptions->errorHandler(8, 'Undefined variable: data_tahap', 'APPPATH\\Views\\User\\home.php', 7, [...])
 2 SYSTEMPATH\View\View.php(213): include('APPPATH\\Views\\User\\home.php')
 3 SYSTEMPATH\View\View.php(216): CodeIgniter\View\View->CodeIgniter\View\{closure}()
 4 SYSTEMPATH\Common.php(1135): CodeIgniter\View\View->render('User/home', [], true)
 5 APPPATH\Controllers\Home.php(50): view('User/home', [...])
 6 SYSTEMPATH\CodeIgniter.php(896): App\Controllers\Home->index()
 7 SYSTEMPATH\CodeIgniter.php(466): CodeIgniter\CodeIgniter->runController(Object(App\Controllers\Home))
 8 SYSTEMPATH\CodeIgniter.php(349): CodeIgniter\CodeIgniter->handleRequest(null, Object(Config\Cache), false)
 9 FCPATH\index.php(55): CodeIgniter\CodeIgniter->run()
10 SYSTEMPATH\Commands\Server\rewrite.php(43): require_once('FCPATH\\index.php')
CRITICAL - 2023-09-23 14:26:26 --> Undefined variable: title
in APPPATH\Views\Admin\index.php on line 6.
 1 APPPATH\Views\Admin\index.php(6): CodeIgniter\Debug\Exceptions->errorHandler(8, 'Undefined variable: title', 'APPPATH\\Views\\Admin\\index.php', 6, [...])
 2 SYSTEMPATH\View\View.php(213): include('APPPATH\\Views\\Admin\\index.php')
 3 SYSTEMPATH\View\View.php(216): CodeIgniter\View\View->CodeIgniter\View\{closure}()
 4 SYSTEMPATH\View\View.php(229): CodeIgniter\View\View->render('Admin/index.php', [], true)
 5 SYSTEMPATH\Common.php(1135): CodeIgniter\View\View->render('Admin/kode_aplikasi', [], true)
 6 APPPATH\Controllers\Opsi.php(22): view('Admin/kode_aplikasi', [...])
 7 SYSTEMPATH\CodeIgniter.php(896): App\Controllers\Opsi->edit_kategori('4')
 8 SYSTEMPATH\CodeIgniter.php(466): CodeIgniter\CodeIgniter->runController(Object(App\Controllers\Opsi))
 9 SYSTEMPATH\CodeIgniter.php(349): CodeIgniter\CodeIgniter->handleRequest(null, Object(Config\Cache), false)
10 FCPATH\index.php(55): CodeIgniter\CodeIgniter->run()
11 SYSTEMPATH\Commands\Server\rewrite.php(43): require_once('FCPATH\\index.php')
CRITICAL - 2023-09-23 15:21:11 --> Maximum execution time of 60 seconds exceeded
in SYSTEMPATH\Autoloader\Autoloader.php on line 283.
 1 [internal function]: CodeIgniter\Debug\Exceptions->shutdownHandler()
