CRITICAL - 2024-01-26 20:25:15 --> Undefined variable $layout
in APPPATH\Views\Admin\index.php on line 1.
 1 APPPATH\Views\Admin\index.php(1): CodeIgniter\Debug\Exceptions->errorHandler(2, 'Undefined variable $layout', 'APPPATH\\Views\\Admin\\index.php', 1)
 2 SYSTEMPATH\View\View.php(213): include('APPPATH\\Views\\Admin\\index.php')
 3 SYSTEMPATH\View\View.php(216): CodeIgniter\View\View->CodeIgniter\View\{closure}()
 4 SYSTEMPATH\Common.php(1135): CodeIgniter\View\View->render('Admin/index', [], true)
 5 APPPATH\Controllers\Admin.php(104): view('Admin/index', [...])
 6 SYSTEMPATH\CodeIgniter.php(896): App\Controllers\Admin->dashboard()
 7 SYSTEMPATH\CodeIgniter.php(466): CodeIgniter\CodeIgniter->runController(Object(App\Controllers\Admin))
 8 SYSTEMPATH\CodeIgniter.php(349): CodeIgniter\CodeIgniter->handleRequest(null, Object(Config\Cache), false)
 9 FCPATH\index.php(55): CodeIgniter\CodeIgniter->run()
10 SYSTEMPATH\Commands\Server\rewrite.php(43): require_once('FCPATH\\index.php')
CRITICAL - 2024-01-26 20:50:51 --> Call to undefined method CodeIgniter\View\View::getSet()
in APPPATH\Views\Admin\index.php on line 1.
 1 SYSTEMPATH\View\View.php(213): include()
 2 SYSTEMPATH\View\View.php(216): CodeIgniter\View\View->CodeIgniter\View\{closure}()
 3 SYSTEMPATH\Common.php(1135): CodeIgniter\View\View->render('Admin/index', [], true)
 4 APPPATH\Controllers\Admin.php(67): view('Admin/index', [...])
 5 SYSTEMPATH\CodeIgniter.php(896): App\Controllers\Admin->dashboard()
 6 SYSTEMPATH\CodeIgniter.php(466): CodeIgniter\CodeIgniter->runController(Object(App\Controllers\Admin))
 7 SYSTEMPATH\CodeIgniter.php(349): CodeIgniter\CodeIgniter->handleRequest(null, Object(Config\Cache), false)
 8 FCPATH\index.php(55): CodeIgniter\CodeIgniter->run()
 9 SYSTEMPATH\Commands\Server\rewrite.php(43): require_once('FCPATH\\index.php')
CRITICAL - 2024-01-26 20:55:49 --> Call to undefined method CodeIgniter\View\View::getSet()
in APPPATH\Views\Admin\index.php on line 1.
 1 SYSTEMPATH\View\View.php(213): include()
 2 SYSTEMPATH\View\View.php(216): CodeIgniter\View\View->CodeIgniter\View\{closure}()
 3 SYSTEMPATH\Common.php(1135): CodeIgniter\View\View->render('Admin/index', [], true)
 4 APPPATH\Controllers\Admin.php(67): view('Admin/index', [...])
 5 SYSTEMPATH\CodeIgniter.php(896): App\Controllers\Admin->dashboard()
 6 SYSTEMPATH\CodeIgniter.php(466): CodeIgniter\CodeIgniter->runController(Object(App\Controllers\Admin))
 7 SYSTEMPATH\CodeIgniter.php(349): CodeIgniter\CodeIgniter->handleRequest(null, Object(Config\Cache), false)
 8 FCPATH\index.php(55): CodeIgniter\CodeIgniter->run()
 9 SYSTEMPATH\Commands\Server\rewrite.php(43): require_once('FCPATH\\index.php')
CRITICAL - 2024-01-26 20:57:31 --> Call to undefined method CodeIgniter\View\View::getSet()
in APPPATH\Views\Admin\index.php on line 1.
 1 SYSTEMPATH\View\View.php(213): include()
 2 SYSTEMPATH\View\View.php(216): CodeIgniter\View\View->CodeIgniter\View\{closure}()
 3 SYSTEMPATH\Common.php(1135): CodeIgniter\View\View->render('Admin/index', [], true)
 4 APPPATH\Controllers\Admin.php(67): view('Admin/index', [...])
 5 SYSTEMPATH\CodeIgniter.php(896): App\Controllers\Admin->dashboard()
 6 SYSTEMPATH\CodeIgniter.php(466): CodeIgniter\CodeIgniter->runController(Object(App\Controllers\Admin))
 7 SYSTEMPATH\CodeIgniter.php(349): CodeIgniter\CodeIgniter->handleRequest(null, Object(Config\Cache), false)
 8 FCPATH\index.php(55): CodeIgniter\CodeIgniter->run()
 9 SYSTEMPATH\Commands\Server\rewrite.php(43): require_once('FCPATH\\index.php')
CRITICAL - 2024-01-26 21:15:28 --> Undefined variable $layout
in APPPATH\Views\Admin\index.php on line 1.
 1 APPPATH\Views\Admin\index.php(1): CodeIgniter\Debug\Exceptions->errorHandler(2, 'Undefined variable $layout', 'APPPATH\\Views\\Admin\\index.php', 1)
 2 SYSTEMPATH\View\View.php(213): include('APPPATH\\Views\\Admin\\index.php')
 3 SYSTEMPATH\View\View.php(216): CodeIgniter\View\View->CodeIgniter\View\{closure}()
 4 SYSTEMPATH\Common.php(1135): CodeIgniter\View\View->render('Admin/index', [], true)
 5 APPPATH\Controllers\Admin.php(67): view('Admin/index', [...])
 6 SYSTEMPATH\CodeIgniter.php(896): App\Controllers\Admin->dashboard()
 7 SYSTEMPATH\CodeIgniter.php(466): CodeIgniter\CodeIgniter->runController(Object(App\Controllers\Admin))
 8 SYSTEMPATH\CodeIgniter.php(349): CodeIgniter\CodeIgniter->handleRequest(null, Object(Config\Cache), false)
 9 FCPATH\index.php(55): CodeIgniter\CodeIgniter->run()
10 SYSTEMPATH\Commands\Server\rewrite.php(43): require_once('FCPATH\\index.php')
CRITICAL - 2024-01-26 21:17:52 --> Undefined variable $layout
in APPPATH\Views\Admin\index.php on line 1.
 1 APPPATH\Views\Admin\index.php(1): CodeIgniter\Debug\Exceptions->errorHandler(2, 'Undefined variable $layout', 'APPPATH\\Views\\Admin\\index.php', 1)
 2 SYSTEMPATH\View\View.php(213): include('APPPATH\\Views\\Admin\\index.php')
 3 SYSTEMPATH\View\View.php(216): CodeIgniter\View\View->CodeIgniter\View\{closure}()
 4 SYSTEMPATH\Common.php(1135): CodeIgniter\View\View->render('Admin/index', [...], true)
 5 APPPATH\Controllers\Admin.php(67): view('Admin/index', [...], [...])
 6 SYSTEMPATH\CodeIgniter.php(896): App\Controllers\Admin->dashboard()
 7 SYSTEMPATH\CodeIgniter.php(466): CodeIgniter\CodeIgniter->runController(Object(App\Controllers\Admin))
 8 SYSTEMPATH\CodeIgniter.php(349): CodeIgniter\CodeIgniter->handleRequest(null, Object(Config\Cache), false)
 9 FCPATH\index.php(55): CodeIgniter\CodeIgniter->run()
10 SYSTEMPATH\Commands\Server\rewrite.php(43): require_once('FCPATH\\index.php')
CRITICAL - 2024-01-26 21:20:59 --> Undefined variable $layout
in APPPATH\Views\Admin\index.php on line 1.
 1 APPPATH\Views\Admin\index.php(1): CodeIgniter\Debug\Exceptions->errorHandler(2, 'Undefined variable $layout', 'APPPATH\\Views\\Admin\\index.php', 1)
 2 SYSTEMPATH\View\View.php(213): include('APPPATH\\Views\\Admin\\index.php')
 3 SYSTEMPATH\View\View.php(216): CodeIgniter\View\View->CodeIgniter\View\{closure}()
 4 SYSTEMPATH\Common.php(1135): CodeIgniter\View\View->render('Admin/index', [...], true)
 5 APPPATH\Controllers\Admin.php(67): view('Admin/index', [...], [...])
 6 SYSTEMPATH\CodeIgniter.php(896): App\Controllers\Admin->dashboard()
 7 SYSTEMPATH\CodeIgniter.php(466): CodeIgniter\CodeIgniter->runController(Object(App\Controllers\Admin))
 8 SYSTEMPATH\CodeIgniter.php(349): CodeIgniter\CodeIgniter->handleRequest(null, Object(Config\Cache), false)
 9 FCPATH\index.php(55): CodeIgniter\CodeIgniter->run()
10 SYSTEMPATH\Commands\Server\rewrite.php(43): require_once('FCPATH\\index.php')
CRITICAL - 2024-01-26 21:21:13 --> Undefined variable $layout
in APPPATH\Views\Admin\index.php on line 1.
 1 APPPATH\Views\Admin\index.php(1): CodeIgniter\Debug\Exceptions->errorHandler(2, 'Undefined variable $layout', 'APPPATH\\Views\\Admin\\index.php', 1)
 2 SYSTEMPATH\View\View.php(213): include('APPPATH\\Views\\Admin\\index.php')
 3 SYSTEMPATH\View\View.php(216): CodeIgniter\View\View->CodeIgniter\View\{closure}()
 4 SYSTEMPATH\Common.php(1135): CodeIgniter\View\View->render('Admin/index', [...], true)
 5 APPPATH\Controllers\Admin.php(67): view('Admin/index', [...], [...])
 6 SYSTEMPATH\CodeIgniter.php(896): App\Controllers\Admin->dashboard()
 7 SYSTEMPATH\CodeIgniter.php(466): CodeIgniter\CodeIgniter->runController(Object(App\Controllers\Admin))
 8 SYSTEMPATH\CodeIgniter.php(349): CodeIgniter\CodeIgniter->handleRequest(null, Object(Config\Cache), false)
 9 FCPATH\index.php(55): CodeIgniter\CodeIgniter->run()
10 SYSTEMPATH\Commands\Server\rewrite.php(43): require_once('FCPATH\\index.php')
CRITICAL - 2024-01-26 21:21:15 --> Undefined variable $layout
in APPPATH\Views\Admin\index.php on line 1.
 1 APPPATH\Views\Admin\index.php(1): CodeIgniter\Debug\Exceptions->errorHandler(2, 'Undefined variable $layout', 'APPPATH\\Views\\Admin\\index.php', 1)
 2 SYSTEMPATH\View\View.php(213): include('APPPATH\\Views\\Admin\\index.php')
 3 SYSTEMPATH\View\View.php(216): CodeIgniter\View\View->CodeIgniter\View\{closure}()
 4 SYSTEMPATH\Common.php(1135): CodeIgniter\View\View->render('Admin/index', [...], true)
 5 APPPATH\Controllers\Admin.php(67): view('Admin/index', [...], [...])
 6 SYSTEMPATH\CodeIgniter.php(896): App\Controllers\Admin->dashboard()
 7 SYSTEMPATH\CodeIgniter.php(466): CodeIgniter\CodeIgniter->runController(Object(App\Controllers\Admin))
 8 SYSTEMPATH\CodeIgniter.php(349): CodeIgniter\CodeIgniter->handleRequest(null, Object(Config\Cache), false)
 9 FCPATH\index.php(55): CodeIgniter\CodeIgniter->run()
10 SYSTEMPATH\Commands\Server\rewrite.php(43): require_once('FCPATH\\index.php')
CRITICAL - 2024-01-26 21:35:16 --> Undefined variable $layout
in APPPATH\Views\Admin\index.php on line 1.
 1 APPPATH\Views\Admin\index.php(1): CodeIgniter\Debug\Exceptions->errorHandler(2, 'Undefined variable $layout', 'APPPATH\\Views\\Admin\\index.php', 1)
 2 SYSTEMPATH\View\View.php(213): include('APPPATH\\Views\\Admin\\index.php')
 3 SYSTEMPATH\View\View.php(216): CodeIgniter\View\View->CodeIgniter\View\{closure}()
 4 SYSTEMPATH\Common.php(1135): CodeIgniter\View\View->render('Admin/index', [...], true)
 5 APPPATH\Controllers\Admin.php(67): view('Admin/index', [...], [...])
 6 SYSTEMPATH\CodeIgniter.php(896): App\Controllers\Admin->dashboard()
 7 SYSTEMPATH\CodeIgniter.php(466): CodeIgniter\CodeIgniter->runController(Object(App\Controllers\Admin))
 8 SYSTEMPATH\CodeIgniter.php(349): CodeIgniter\CodeIgniter->handleRequest(null, Object(Config\Cache), false)
 9 FCPATH\index.php(55): CodeIgniter\CodeIgniter->run()
10 SYSTEMPATH\Commands\Server\rewrite.php(43): require_once('FCPATH\\index.php')
CRITICAL - 2024-01-26 21:35:31 --> Undefined variable $layouts
in APPPATH\Views\Admin\index.php on line 1.
 1 APPPATH\Views\Admin\index.php(1): CodeIgniter\Debug\Exceptions->errorHandler(2, 'Undefined variable $layouts', 'APPPATH\\Views\\Admin\\index.php', 1)
 2 SYSTEMPATH\View\View.php(213): include('APPPATH\\Views\\Admin\\index.php')
 3 SYSTEMPATH\View\View.php(216): CodeIgniter\View\View->CodeIgniter\View\{closure}()
 4 SYSTEMPATH\Common.php(1135): CodeIgniter\View\View->render('Admin/index', [...], true)
 5 APPPATH\Controllers\Admin.php(67): view('Admin/index', [...], [...])
 6 SYSTEMPATH\CodeIgniter.php(896): App\Controllers\Admin->dashboard()
 7 SYSTEMPATH\CodeIgniter.php(466): CodeIgniter\CodeIgniter->runController(Object(App\Controllers\Admin))
 8 SYSTEMPATH\CodeIgniter.php(349): CodeIgniter\CodeIgniter->handleRequest(null, Object(Config\Cache), false)
 9 FCPATH\index.php(55): CodeIgniter\CodeIgniter->run()
10 SYSTEMPATH\Commands\Server\rewrite.php(43): require_once('FCPATH\\index.php')
CRITICAL - 2024-01-26 21:36:00 --> Undefined variable $layout
in APPPATH\Views\Admin\index.php on line 1.
 1 APPPATH\Views\Admin\index.php(1): CodeIgniter\Debug\Exceptions->errorHandler(2, 'Undefined variable $layout', 'APPPATH\\Views\\Admin\\index.php', 1)
 2 SYSTEMPATH\View\View.php(213): include('APPPATH\\Views\\Admin\\index.php')
 3 SYSTEMPATH\View\View.php(216): CodeIgniter\View\View->CodeIgniter\View\{closure}()
 4 SYSTEMPATH\Common.php(1135): CodeIgniter\View\View->render('Admin/index', [...], true)
 5 APPPATH\Controllers\Admin.php(67): view('Admin/index', [...], [...])
 6 SYSTEMPATH\CodeIgniter.php(896): App\Controllers\Admin->dashboard()
 7 SYSTEMPATH\CodeIgniter.php(466): CodeIgniter\CodeIgniter->runController(Object(App\Controllers\Admin))
 8 SYSTEMPATH\CodeIgniter.php(349): CodeIgniter\CodeIgniter->handleRequest(null, Object(Config\Cache), false)
 9 FCPATH\index.php(55): CodeIgniter\CodeIgniter->run()
10 SYSTEMPATH\Commands\Server\rewrite.php(43): require_once('FCPATH\\index.php')
CRITICAL - 2024-01-26 21:43:30 --> Undefined variable $layout
in APPPATH\Views\Admin\index.php on line 1.
 1 APPPATH\Views\Admin\index.php(1): CodeIgniter\Debug\Exceptions->errorHandler(2, 'Undefined variable $layout', 'APPPATH\\Views\\Admin\\index.php', 1)
 2 SYSTEMPATH\View\View.php(213): include('APPPATH\\Views\\Admin\\index.php')
 3 SYSTEMPATH\View\View.php(216): CodeIgniter\View\View->CodeIgniter\View\{closure}()
 4 SYSTEMPATH\Common.php(1135): CodeIgniter\View\View->render('Admin/index', [...], true)
 5 APPPATH\Controllers\Admin.php(67): view('Admin/index', [...], [...])
 6 SYSTEMPATH\CodeIgniter.php(896): App\Controllers\Admin->dashboard()
 7 SYSTEMPATH\CodeIgniter.php(466): CodeIgniter\CodeIgniter->runController(Object(App\Controllers\Admin))
 8 SYSTEMPATH\CodeIgniter.php(349): CodeIgniter\CodeIgniter->handleRequest(null, Object(Config\Cache), false)
 9 FCPATH\index.php(55): CodeIgniter\CodeIgniter->run()
10 SYSTEMPATH\Commands\Server\rewrite.php(43): require_once('FCPATH\\index.php')
CRITICAL - 2024-01-26 21:44:22 --> Undefined array key "GOOGLE_FONT_API_KEY"
in APPPATH\Views\components\partials\header.php on line 2.
 1 APPPATH\Views\components\partials\header.php(2): CodeIgniter\Debug\Exceptions->errorHandler(2, 'Undefined array key "GOOGLE_FONT_API_KEY"', 'APPPATH\\Views\\components\\partials\\header.php', 2)
 2 SYSTEMPATH\View\View.php(213): include('APPPATH\\Views\\components\\partials\\header.php')
 3 SYSTEMPATH\View\View.php(216): CodeIgniter\View\View->CodeIgniter\View\{closure}()
 4 SYSTEMPATH\View\View.php(429): CodeIgniter\View\View->render('components/partials/header', null, true)
 5 APPPATH\Views\layouts\default.php(17): CodeIgniter\View\View->include('components/partials/header')
 6 SYSTEMPATH\View\View.php(213): include('APPPATH\\Views\\layouts\\default.php')
 7 SYSTEMPATH\View\View.php(216): CodeIgniter\View\View->CodeIgniter\View\{closure}()
 8 SYSTEMPATH\View\View.php(229): CodeIgniter\View\View->render('layouts/default', [], true)
 9 SYSTEMPATH\Common.php(1135): CodeIgniter\View\View->render('Admin/index', [], true)
10 APPPATH\Controllers\Admin.php(67): view('Admin/index', [...])
11 SYSTEMPATH\CodeIgniter.php(896): App\Controllers\Admin->dashboard()
12 SYSTEMPATH\CodeIgniter.php(466): CodeIgniter\CodeIgniter->runController(Object(App\Controllers\Admin))
13 SYSTEMPATH\CodeIgniter.php(349): CodeIgniter\CodeIgniter->handleRequest(null, Object(Config\Cache), false)
14 FCPATH\index.php(55): CodeIgniter\CodeIgniter->run()
15 SYSTEMPATH\Commands\Server\rewrite.php(43): require_once('FCPATH\\index.php')
CRITICAL - 2024-01-26 21:45:31 --> Call to undefined function activeRoute()
in APPPATH\Views\components\partials\_body_sidebar.php on line 47.
 1 SYSTEMPATH\View\View.php(213): include()
 2 SYSTEMPATH\View\View.php(216): CodeIgniter\View\View->CodeIgniter\View\{closure}()
 3 SYSTEMPATH\View\View.php(429): CodeIgniter\View\View->render('components/partials/_body_sidebar', null, true)
 4 APPPATH\Views\layouts\default.php(23): CodeIgniter\View\View->include('components/partials/_body_sidebar')
 5 SYSTEMPATH\View\View.php(213): include('APPPATH\\Views\\layouts\\default.php')
 6 SYSTEMPATH\View\View.php(216): CodeIgniter\View\View->CodeIgniter\View\{closure}()
 7 SYSTEMPATH\View\View.php(229): CodeIgniter\View\View->render('layouts/default', [], true)
 8 SYSTEMPATH\Common.php(1135): CodeIgniter\View\View->render('Admin/index', [], true)
 9 APPPATH\Controllers\Admin.php(67): view('Admin/index', [...])
10 SYSTEMPATH\CodeIgniter.php(896): App\Controllers\Admin->dashboard()
11 SYSTEMPATH\CodeIgniter.php(466): CodeIgniter\CodeIgniter->runController(Object(App\Controllers\Admin))
12 SYSTEMPATH\CodeIgniter.php(349): CodeIgniter\CodeIgniter->handleRequest(null, Object(Config\Cache), false)
13 FCPATH\index.php(55): CodeIgniter\CodeIgniter->run()
14 SYSTEMPATH\Commands\Server\rewrite.php(43): require_once('FCPATH\\index.php')
CRITICAL - 2024-01-26 21:47:28 --> Call to undefined function activeRoute()
in APPPATH\Views\components\partials\_body_sidebar.php on line 47.
 1 SYSTEMPATH\View\View.php(213): include()
 2 SYSTEMPATH\View\View.php(216): CodeIgniter\View\View->CodeIgniter\View\{closure}()
 3 SYSTEMPATH\View\View.php(429): CodeIgniter\View\View->render('components/partials/_body_sidebar', null, true)
 4 APPPATH\Views\layouts\default.php(23): CodeIgniter\View\View->include('components/partials/_body_sidebar')
 5 SYSTEMPATH\View\View.php(213): include('APPPATH\\Views\\layouts\\default.php')
 6 SYSTEMPATH\View\View.php(216): CodeIgniter\View\View->CodeIgniter\View\{closure}()
 7 SYSTEMPATH\View\View.php(229): CodeIgniter\View\View->render('layouts/default', [], true)
 8 SYSTEMPATH\Common.php(1135): CodeIgniter\View\View->render('Admin/index', [], true)
 9 APPPATH\Controllers\Admin.php(67): view('Admin/index', [...])
10 SYSTEMPATH\CodeIgniter.php(896): App\Controllers\Admin->dashboard()
11 SYSTEMPATH\CodeIgniter.php(466): CodeIgniter\CodeIgniter->runController(Object(App\Controllers\Admin))
12 SYSTEMPATH\CodeIgniter.php(349): CodeIgniter\CodeIgniter->handleRequest(null, Object(Config\Cache), false)
13 FCPATH\index.php(55): CodeIgniter\CodeIgniter->run()
14 SYSTEMPATH\Commands\Server\rewrite.php(43): require_once('FCPATH\\index.php')
CRITICAL - 2024-01-26 21:48:59 --> Call to undefined function activeRoute()
in APPPATH\Views\components\partials\_body_sidebar.php on line 47.
 1 SYSTEMPATH\View\View.php(213): include()
 2 SYSTEMPATH\View\View.php(216): CodeIgniter\View\View->CodeIgniter\View\{closure}()
 3 SYSTEMPATH\View\View.php(429): CodeIgniter\View\View->render('components/partials/_body_sidebar', null, true)
 4 APPPATH\Views\layouts\default.php(23): CodeIgniter\View\View->include('components/partials/_body_sidebar')
 5 SYSTEMPATH\View\View.php(213): include('APPPATH\\Views\\layouts\\default.php')
 6 SYSTEMPATH\View\View.php(216): CodeIgniter\View\View->CodeIgniter\View\{closure}()
 7 SYSTEMPATH\View\View.php(229): CodeIgniter\View\View->render('layouts/default', [], true)
 8 SYSTEMPATH\Common.php(1135): CodeIgniter\View\View->render('Admin/index', [], true)
 9 APPPATH\Controllers\Admin.php(67): view('Admin/index', [...])
10 SYSTEMPATH\CodeIgniter.php(896): App\Controllers\Admin->dashboard()
11 SYSTEMPATH\CodeIgniter.php(466): CodeIgniter\CodeIgniter->runController(Object(App\Controllers\Admin))
12 SYSTEMPATH\CodeIgniter.php(349): CodeIgniter\CodeIgniter->handleRequest(null, Object(Config\Cache), false)
13 FCPATH\index.php(55): CodeIgniter\CodeIgniter->run()
14 SYSTEMPATH\Commands\Server\rewrite.php(43): require_once('FCPATH\\index.php')
CRITICAL - 2024-01-26 21:49:10 --> Call to undefined function activeRoute()
in APPPATH\Views\components\partials\_body_sidebar.php on line 47.
 1 SYSTEMPATH\View\View.php(213): include()
 2 SYSTEMPATH\View\View.php(216): CodeIgniter\View\View->CodeIgniter\View\{closure}()
 3 SYSTEMPATH\View\View.php(429): CodeIgniter\View\View->render('components/partials/_body_sidebar', null, true)
 4 APPPATH\Views\layouts\default.php(23): CodeIgniter\View\View->include('components/partials/_body_sidebar')
 5 SYSTEMPATH\View\View.php(213): include('APPPATH\\Views\\layouts\\default.php')
 6 SYSTEMPATH\View\View.php(216): CodeIgniter\View\View->CodeIgniter\View\{closure}()
 7 SYSTEMPATH\View\View.php(229): CodeIgniter\View\View->render('layouts/default', [], true)
 8 SYSTEMPATH\Common.php(1135): CodeIgniter\View\View->render('Admin/index', [], true)
 9 APPPATH\Controllers\Admin.php(67): view('Admin/index', [...])
10 SYSTEMPATH\CodeIgniter.php(896): App\Controllers\Admin->dashboard()
11 SYSTEMPATH\CodeIgniter.php(466): CodeIgniter\CodeIgniter->runController(Object(App\Controllers\Admin))
12 SYSTEMPATH\CodeIgniter.php(349): CodeIgniter\CodeIgniter->handleRequest(null, Object(Config\Cache), false)
13 FCPATH\index.php(55): CodeIgniter\CodeIgniter->run()
14 SYSTEMPATH\Commands\Server\rewrite.php(43): require_once('FCPATH\\index.php')
CRITICAL - 2024-01-26 21:50:07 --> Call to undefined function activeRoute()
in APPPATH\Views\components\partials\_body_sidebar.php on line 47.
 1 SYSTEMPATH\View\View.php(213): include()
 2 SYSTEMPATH\View\View.php(216): CodeIgniter\View\View->CodeIgniter\View\{closure}()
 3 SYSTEMPATH\View\View.php(429): CodeIgniter\View\View->render('components/partials/_body_sidebar', null, true)
 4 APPPATH\Views\layouts\default.php(23): CodeIgniter\View\View->include('components/partials/_body_sidebar')
 5 SYSTEMPATH\View\View.php(213): include('APPPATH\\Views\\layouts\\default.php')
 6 SYSTEMPATH\View\View.php(216): CodeIgniter\View\View->CodeIgniter\View\{closure}()
 7 SYSTEMPATH\View\View.php(229): CodeIgniter\View\View->render('layouts/default', [], true)
 8 SYSTEMPATH\Common.php(1135): CodeIgniter\View\View->render('Admin/index', [], true)
 9 APPPATH\Controllers\Admin.php(67): view('Admin/index', [...])
10 SYSTEMPATH\CodeIgniter.php(896): App\Controllers\Admin->dashboard()
11 SYSTEMPATH\CodeIgniter.php(466): CodeIgniter\CodeIgniter->runController(Object(App\Controllers\Admin))
12 SYSTEMPATH\CodeIgniter.php(349): CodeIgniter\CodeIgniter->handleRequest(null, Object(Config\Cache), false)
13 FCPATH\index.php(55): CodeIgniter\CodeIgniter->run()
14 SYSTEMPATH\Commands\Server\rewrite.php(43): require_once('FCPATH\\index.php')
CRITICAL - 2024-01-26 21:50:18 --> Call to undefined function activeRoute()
in APPPATH\Views\components\partials\_body_sidebar.php on line 47.
 1 SYSTEMPATH\View\View.php(213): include()
 2 SYSTEMPATH\View\View.php(216): CodeIgniter\View\View->CodeIgniter\View\{closure}()
 3 SYSTEMPATH\View\View.php(429): CodeIgniter\View\View->render('components/partials/_body_sidebar', null, true)
 4 APPPATH\Views\layouts\default.php(23): CodeIgniter\View\View->include('components/partials/_body_sidebar')
 5 SYSTEMPATH\View\View.php(213): include('APPPATH\\Views\\layouts\\default.php')
 6 SYSTEMPATH\View\View.php(216): CodeIgniter\View\View->CodeIgniter\View\{closure}()
 7 SYSTEMPATH\View\View.php(229): CodeIgniter\View\View->render('layouts/default', [], true)
 8 SYSTEMPATH\Common.php(1135): CodeIgniter\View\View->render('Admin/index', [], true)
 9 APPPATH\Controllers\Admin.php(67): view('Admin/index', [...])
10 SYSTEMPATH\CodeIgniter.php(896): App\Controllers\Admin->dashboard()
11 SYSTEMPATH\CodeIgniter.php(466): CodeIgniter\CodeIgniter->runController(Object(App\Controllers\Admin))
12 SYSTEMPATH\CodeIgniter.php(349): CodeIgniter\CodeIgniter->handleRequest(null, Object(Config\Cache), false)
13 FCPATH\index.php(55): CodeIgniter\CodeIgniter->run()
14 SYSTEMPATH\Commands\Server\rewrite.php(43): require_once('FCPATH\\index.php')
CRITICAL - 2024-01-26 21:53:08 --> Call to undefined function activeRoute()
in APPPATH\Views\components\partials\_body_sidebar.php on line 47.
 1 SYSTEMPATH\View\View.php(213): include()
 2 SYSTEMPATH\View\View.php(216): CodeIgniter\View\View->CodeIgniter\View\{closure}()
 3 SYSTEMPATH\View\View.php(429): CodeIgniter\View\View->render('components/partials/_body_sidebar', null, true)
 4 APPPATH\Views\layouts\default.php(23): CodeIgniter\View\View->include('components/partials/_body_sidebar')
 5 SYSTEMPATH\View\View.php(213): include('APPPATH\\Views\\layouts\\default.php')
 6 SYSTEMPATH\View\View.php(216): CodeIgniter\View\View->CodeIgniter\View\{closure}()
 7 SYSTEMPATH\View\View.php(229): CodeIgniter\View\View->render('layouts/default', [], true)
 8 SYSTEMPATH\Common.php(1135): CodeIgniter\View\View->render('Admin/index', [], true)
 9 APPPATH\Controllers\Admin.php(67): view('Admin/index', [...])
10 SYSTEMPATH\CodeIgniter.php(896): App\Controllers\Admin->dashboard()
11 SYSTEMPATH\CodeIgniter.php(466): CodeIgniter\CodeIgniter->runController(Object(App\Controllers\Admin))
12 SYSTEMPATH\CodeIgniter.php(349): CodeIgniter\CodeIgniter->handleRequest(null, Object(Config\Cache), false)
13 FCPATH\index.php(55): CodeIgniter\CodeIgniter->run()
14 SYSTEMPATH\Commands\Server\rewrite.php(43): require_once('FCPATH\\index.php')
ERROR - 2024-01-26 22:20:36 --> Table 'db_ppdb.app_setting' doesn't exist
