CRITICAL - 2022-11-15 10:15:25 --> Undefined variable $sekolah
in APPPATH\Views\landingPage\layout\header.php on line 9.
 1 APPPATH\Views\landingPage\layout\header.php(9): CodeIgniter\Debug\Exceptions->errorHandler(2, 'Undefined variable $sekolah', 'APPPATH\\Views\\landingPage\\layout\\header.php', 9)
 2 SYSTEMPATH\View\View.php(213): include('APPPATH\\Views\\landingPage\\layout\\header.php')
 3 SYSTEMPATH\View\View.php(216): CodeIgniter\View\View->CodeIgniter\View\{closure}()
 4 SYSTEMPATH\View\View.php(429): CodeIgniter\View\View->render('landingPage/layout/header', null, true)
 5 APPPATH\Views\landingPage\index.php(14): CodeIgniter\View\View->include('landingPage/layout/header')
 6 SYSTEMPATH\View\View.php(213): include('APPPATH\\Views\\landingPage\\index.php')
 7 SYSTEMPATH\View\View.php(216): CodeIgniter\View\View->CodeIgniter\View\{closure}()
 8 SYSTEMPATH\View\View.php(229): CodeIgniter\View\View->render('landingPage/index.php', [], true)
 9 SYSTEMPATH\Common.php(1135): CodeIgniter\View\View->render('landingPage/page/ekstrakurikuler', [], true)
10 APPPATH\Controllers\Home.php(158): view('landingPage/page/ekstrakurikuler')
11 SYSTEMPATH\CodeIgniter.php(896): App\Controllers\Home->ekstrakurikuler()
12 SYSTEMPATH\CodeIgniter.php(466): CodeIgniter\CodeIgniter->runController(Object(App\Controllers\Home))
13 SYSTEMPATH\CodeIgniter.php(349): CodeIgniter\CodeIgniter->handleRequest(null, Object(Config\Cache), false)
14 FCPATH\index.php(55): CodeIgniter\CodeIgniter->run()
15 SYSTEMPATH\Commands\Server\rewrite.php(43): require_once('FCPATH\\index.php')
CRITICAL - 2022-11-15 11:05:16 --> Undefined variable $sekolah
in APPPATH\Views\landingPage\layout\header.php on line 9.
 1 APPPATH\Views\landingPage\layout\header.php(9): CodeIgniter\Debug\Exceptions->errorHandler(2, 'Undefined variable $sekolah', 'APPPATH\\Views\\landingPage\\layout\\header.php', 9)
 2 SYSTEMPATH\View\View.php(213): include('APPPATH\\Views\\landingPage\\layout\\header.php')
 3 SYSTEMPATH\View\View.php(216): CodeIgniter\View\View->CodeIgniter\View\{closure}()
 4 SYSTEMPATH\View\View.php(429): CodeIgniter\View\View->render('landingPage/layout/header', null, true)
 5 APPPATH\Views\landingPage\index.php(14): CodeIgniter\View\View->include('landingPage/layout/header')
 6 SYSTEMPATH\View\View.php(213): include('APPPATH\\Views\\landingPage\\index.php')
 7 SYSTEMPATH\View\View.php(216): CodeIgniter\View\View->CodeIgniter\View\{closure}()
 8 SYSTEMPATH\View\View.php(229): CodeIgniter\View\View->render('landingPage/index.php', [], true)
 9 SYSTEMPATH\Common.php(1135): CodeIgniter\View\View->render('landingPage/page/prestasiSiswa', [], true)
10 APPPATH\Controllers\Home.php(183): view('landingPage/page/prestasiSiswa')
11 SYSTEMPATH\CodeIgniter.php(896): App\Controllers\Home->prestasiSiswa()
12 SYSTEMPATH\CodeIgniter.php(466): CodeIgniter\CodeIgniter->runController(Object(App\Controllers\Home))
13 SYSTEMPATH\CodeIgniter.php(349): CodeIgniter\CodeIgniter->handleRequest(null, Object(Config\Cache), false)
14 FCPATH\index.php(55): CodeIgniter\CodeIgniter->run()
15 SYSTEMPATH\Commands\Server\rewrite.php(43): require_once('FCPATH\\index.php')
CRITICAL - 2022-11-15 11:06:48 --> Undefined property: stdClass::$id
in APPPATH\Views\landingPage\page\prestasiSiswa.php on line 40.
 1 APPPATH\Views\landingPage\page\prestasiSiswa.php(40): CodeIgniter\Debug\Exceptions->errorHandler(2, 'Undefined property: stdClass::$id', 'APPPATH\\Views\\landingPage\\page\\prestasiSiswa.php', 40)
 2 SYSTEMPATH\View\View.php(213): include('APPPATH\\Views\\landingPage\\page\\prestasiSiswa.php')
 3 SYSTEMPATH\View\View.php(216): CodeIgniter\View\View->CodeIgniter\View\{closure}()
 4 SYSTEMPATH\Common.php(1135): CodeIgniter\View\View->render('landingPage/page/prestasiSiswa', [], true)
 5 APPPATH\Controllers\Home.php(183): view('landingPage/page/prestasiSiswa', [...])
 6 SYSTEMPATH\CodeIgniter.php(896): App\Controllers\Home->prestasiSiswa()
 7 SYSTEMPATH\CodeIgniter.php(466): CodeIgniter\CodeIgniter->runController(Object(App\Controllers\Home))
 8 SYSTEMPATH\CodeIgniter.php(349): CodeIgniter\CodeIgniter->handleRequest(null, Object(Config\Cache), false)
 9 FCPATH\index.php(55): CodeIgniter\CodeIgniter->run()
10 SYSTEMPATH\Commands\Server\rewrite.php(43): require_once('FCPATH\\index.php')
CRITICAL - 2022-11-15 11:07:04 --> Object of class stdClass could not be converted to string
in APPPATH\Views\landingPage\page\prestasiSiswa.php on line 40.
 1 SYSTEMPATH\View\View.php(213): include()
 2 SYSTEMPATH\View\View.php(216): CodeIgniter\View\View->CodeIgniter\View\{closure}()
 3 SYSTEMPATH\Common.php(1135): CodeIgniter\View\View->render('landingPage/page/prestasiSiswa', [], true)
 4 APPPATH\Controllers\Home.php(183): view('landingPage/page/prestasiSiswa', [...])
 5 SYSTEMPATH\CodeIgniter.php(896): App\Controllers\Home->prestasiSiswa()
 6 SYSTEMPATH\CodeIgniter.php(466): CodeIgniter\CodeIgniter->runController(Object(App\Controllers\Home))
 7 SYSTEMPATH\CodeIgniter.php(349): CodeIgniter\CodeIgniter->handleRequest(null, Object(Config\Cache), false)
 8 FCPATH\index.php(55): CodeIgniter\CodeIgniter->run()
 9 SYSTEMPATH\Commands\Server\rewrite.php(43): require_once('FCPATH\\index.php')
CRITICAL - 2022-11-15 11:07:35 --> Undefined property: stdClass::$penerbit
in APPPATH\Views\landingPage\page\prestasiSiswa.php on line 40.
 1 APPPATH\Views\landingPage\page\prestasiSiswa.php(40): CodeIgniter\Debug\Exceptions->errorHandler(2, 'Undefined property: stdClass::$penerbit', 'APPPATH\\Views\\landingPage\\page\\prestasiSiswa.php', 40)
 2 SYSTEMPATH\View\View.php(213): include('APPPATH\\Views\\landingPage\\page\\prestasiSiswa.php')
 3 SYSTEMPATH\View\View.php(216): CodeIgniter\View\View->CodeIgniter\View\{closure}()
 4 SYSTEMPATH\Common.php(1135): CodeIgniter\View\View->render('landingPage/page/prestasiSiswa', [], true)
 5 APPPATH\Controllers\Home.php(183): view('landingPage/page/prestasiSiswa', [...])
 6 SYSTEMPATH\CodeIgniter.php(896): App\Controllers\Home->prestasiSiswa()
 7 SYSTEMPATH\CodeIgniter.php(466): CodeIgniter\CodeIgniter->runController(Object(App\Controllers\Home))
 8 SYSTEMPATH\CodeIgniter.php(349): CodeIgniter\CodeIgniter->handleRequest(null, Object(Config\Cache), false)
 9 FCPATH\index.php(55): CodeIgniter\CodeIgniter->run()
10 SYSTEMPATH\Commands\Server\rewrite.php(43): require_once('FCPATH\\index.php')
CRITICAL - 2022-11-15 11:07:59 --> Call to undefined function vardump()
in APPPATH\Views\landingPage\page\prestasiSiswa.php on line 40.
 1 SYSTEMPATH\View\View.php(213): include()
 2 SYSTEMPATH\View\View.php(216): CodeIgniter\View\View->CodeIgniter\View\{closure}()
 3 SYSTEMPATH\Common.php(1135): CodeIgniter\View\View->render('landingPage/page/prestasiSiswa', [], true)
 4 APPPATH\Controllers\Home.php(183): view('landingPage/page/prestasiSiswa', [...])
 5 SYSTEMPATH\CodeIgniter.php(896): App\Controllers\Home->prestasiSiswa()
 6 SYSTEMPATH\CodeIgniter.php(466): CodeIgniter\CodeIgniter->runController(Object(App\Controllers\Home))
 7 SYSTEMPATH\CodeIgniter.php(349): CodeIgniter\CodeIgniter->handleRequest(null, Object(Config\Cache), false)
 8 FCPATH\index.php(55): CodeIgniter\CodeIgniter->run()
 9 SYSTEMPATH\Commands\Server\rewrite.php(43): require_once('FCPATH\\index.php')
CRITICAL - 2022-11-15 11:08:11 --> Call to undefined function vardump()
in APPPATH\Views\landingPage\page\prestasiSiswa.php on line 40.
 1 SYSTEMPATH\View\View.php(213): include()
 2 SYSTEMPATH\View\View.php(216): CodeIgniter\View\View->CodeIgniter\View\{closure}()
 3 SYSTEMPATH\Common.php(1135): CodeIgniter\View\View->render('landingPage/page/prestasiSiswa', [], true)
 4 APPPATH\Controllers\Home.php(183): view('landingPage/page/prestasiSiswa', [...])
 5 SYSTEMPATH\CodeIgniter.php(896): App\Controllers\Home->prestasiSiswa()
 6 SYSTEMPATH\CodeIgniter.php(466): CodeIgniter\CodeIgniter->runController(Object(App\Controllers\Home))
 7 SYSTEMPATH\CodeIgniter.php(349): CodeIgniter\CodeIgniter->handleRequest(null, Object(Config\Cache), false)
 8 FCPATH\index.php(55): CodeIgniter\CodeIgniter->run()
 9 SYSTEMPATH\Commands\Server\rewrite.php(43): require_once('FCPATH\\index.php')
CRITICAL - 2022-11-15 12:14:07 --> Undefined variable $sekolah
in APPPATH\Views\landingPage\layout\header.php on line 9.
 1 APPPATH\Views\landingPage\layout\header.php(9): CodeIgniter\Debug\Exceptions->errorHandler(2, 'Undefined variable $sekolah', 'APPPATH\\Views\\landingPage\\layout\\header.php', 9)
 2 SYSTEMPATH\View\View.php(213): include('APPPATH\\Views\\landingPage\\layout\\header.php')
 3 SYSTEMPATH\View\View.php(216): CodeIgniter\View\View->CodeIgniter\View\{closure}()
 4 SYSTEMPATH\View\View.php(429): CodeIgniter\View\View->render('landingPage/layout/header', null, true)
 5 APPPATH\Views\landingPage\index.php(14): CodeIgniter\View\View->include('landingPage/layout/header')
 6 SYSTEMPATH\View\View.php(213): include('APPPATH\\Views\\landingPage\\index.php')
 7 SYSTEMPATH\View\View.php(216): CodeIgniter\View\View->CodeIgniter\View\{closure}()
 8 SYSTEMPATH\View\View.php(229): CodeIgniter\View\View->render('landingPage/index.php', [], true)
 9 SYSTEMPATH\Common.php(1135): CodeIgniter\View\View->render('landingPage/page/informasi', [], true)
10 APPPATH\Controllers\Home.php(222): view('landingPage/page/informasi')
11 SYSTEMPATH\CodeIgniter.php(896): App\Controllers\Home->informasi()
12 SYSTEMPATH\CodeIgniter.php(466): CodeIgniter\CodeIgniter->runController(Object(App\Controllers\Home))
13 SYSTEMPATH\CodeIgniter.php(349): CodeIgniter\CodeIgniter->handleRequest(null, Object(Config\Cache), false)
14 FCPATH\index.php(55): CodeIgniter\CodeIgniter->run()
15 SYSTEMPATH\Commands\Server\rewrite.php(43): require_once('FCPATH\\index.php')
CRITICAL - 2022-11-15 13:27:06 --> Undefined variable $sekolah
in APPPATH\Views\landingPage\layout\header.php on line 9.
 1 APPPATH\Views\landingPage\layout\header.php(9): CodeIgniter\Debug\Exceptions->errorHandler(2, 'Undefined variable $sekolah', 'APPPATH\\Views\\landingPage\\layout\\header.php', 9)
 2 SYSTEMPATH\View\View.php(213): include('APPPATH\\Views\\landingPage\\layout\\header.php')
 3 SYSTEMPATH\View\View.php(216): CodeIgniter\View\View->CodeIgniter\View\{closure}()
 4 SYSTEMPATH\View\View.php(429): CodeIgniter\View\View->render('landingPage/layout/header', null, true)
 5 APPPATH\Views\landingPage\index.php(14): CodeIgniter\View\View->include('landingPage/layout/header')
 6 SYSTEMPATH\View\View.php(213): include('APPPATH\\Views\\landingPage\\index.php')
 7 SYSTEMPATH\View\View.php(216): CodeIgniter\View\View->CodeIgniter\View\{closure}()
 8 SYSTEMPATH\View\View.php(229): CodeIgniter\View\View->render('landingPage/index.php', [], true)
 9 SYSTEMPATH\Common.php(1135): CodeIgniter\View\View->render('landingPage/page/informasi', [], true)
10 APPPATH\Controllers\Home.php(238): view('landingPage/page/informasi')
11 SYSTEMPATH\CodeIgniter.php(896): App\Controllers\Home->informasi()
12 SYSTEMPATH\CodeIgniter.php(466): CodeIgniter\CodeIgniter->runController(Object(App\Controllers\Home))
13 SYSTEMPATH\CodeIgniter.php(349): CodeIgniter\CodeIgniter->handleRequest(null, Object(Config\Cache), false)
14 FCPATH\index.php(55): CodeIgniter\CodeIgniter->run()
15 SYSTEMPATH\Commands\Server\rewrite.php(43): require_once('FCPATH\\index.php')
CRITICAL - 2022-11-15 14:16:51 --> Undefined variable $galeri
in APPPATH\Views\landingPage\page\prestasiSiswa.php on line 50.
 1 APPPATH\Views\landingPage\page\prestasiSiswa.php(50): CodeIgniter\Debug\Exceptions->errorHandler(2, 'Undefined variable $galeri', 'APPPATH\\Views\\landingPage\\page\\prestasiSiswa.php', 50)
 2 SYSTEMPATH\View\View.php(213): include('APPPATH\\Views\\landingPage\\page\\prestasiSiswa.php')
 3 SYSTEMPATH\View\View.php(216): CodeIgniter\View\View->CodeIgniter\View\{closure}()
 4 SYSTEMPATH\Common.php(1135): CodeIgniter\View\View->render('landingPage/page/prestasiSiswa', [], true)
 5 APPPATH\Controllers\Home.php(279): view('landingPage/page/prestasiSiswa', [...])
 6 SYSTEMPATH\CodeIgniter.php(896): App\Controllers\Home->filterInformasi()
 7 SYSTEMPATH\CodeIgniter.php(466): CodeIgniter\CodeIgniter->runController(Object(App\Controllers\Home))
 8 SYSTEMPATH\CodeIgniter.php(349): CodeIgniter\CodeIgniter->handleRequest(null, Object(Config\Cache), false)
 9 FCPATH\index.php(55): CodeIgniter\CodeIgniter->run()
10 SYSTEMPATH\Commands\Server\rewrite.php(43): require_once('FCPATH\\index.php')
CRITICAL - 2022-11-15 14:22:44 --> Unclosed '{' on line 50
in APPPATH\Views\landingPage\page\informasi.php on line 98.
 1 SYSTEMPATH\View\View.php(216): CodeIgniter\View\View->CodeIgniter\View\{closure}()
 2 SYSTEMPATH\Common.php(1135): CodeIgniter\View\View->render('landingPage/page/informasi', [], true)
 3 APPPATH\Controllers\Home.php(254): view('landingPage/page/informasi', [...])
 4 SYSTEMPATH\CodeIgniter.php(896): App\Controllers\Home->informasi()
 5 SYSTEMPATH\CodeIgniter.php(466): CodeIgniter\CodeIgniter->runController(Object(App\Controllers\Home))
 6 SYSTEMPATH\CodeIgniter.php(349): CodeIgniter\CodeIgniter->handleRequest(null, Object(Config\Cache), false)
 7 FCPATH\index.php(55): CodeIgniter\CodeIgniter->run()
 8 SYSTEMPATH\Commands\Server\rewrite.php(43): require_once('FCPATH\\index.php')
CRITICAL - 2022-11-15 15:13:58 --> Undefined variable $min
in APPPATH\Views\landingPage\page\galeri.php on line 22.
 1 APPPATH\Views\landingPage\page\galeri.php(22): CodeIgniter\Debug\Exceptions->errorHandler(2, 'Undefined variable $min', 'APPPATH\\Views\\landingPage\\page\\galeri.php', 22)
 2 SYSTEMPATH\View\View.php(213): include('APPPATH\\Views\\landingPage\\page\\galeri.php')
 3 SYSTEMPATH\View\View.php(216): CodeIgniter\View\View->CodeIgniter\View\{closure}()
 4 SYSTEMPATH\Common.php(1135): CodeIgniter\View\View->render('landingPage/page/galeri', [], true)
 5 APPPATH\Controllers\Home.php(366): view('landingPage/page/galeri')
 6 SYSTEMPATH\CodeIgniter.php(896): App\Controllers\Home->galeri()
 7 SYSTEMPATH\CodeIgniter.php(466): CodeIgniter\CodeIgniter->runController(Object(App\Controllers\Home))
 8 SYSTEMPATH\CodeIgniter.php(349): CodeIgniter\CodeIgniter->handleRequest(null, Object(Config\Cache), false)
 9 FCPATH\index.php(55): CodeIgniter\CodeIgniter->run()
10 SYSTEMPATH\Commands\Server\rewrite.php(43): require_once('FCPATH\\index.php')
CRITICAL - 2022-11-15 15:15:16 --> Undefined variable $informasi
in APPPATH\Views\landingPage\page\galeri.php on line 46.
 1 APPPATH\Views\landingPage\page\galeri.php(46): CodeIgniter\Debug\Exceptions->errorHandler(2, 'Undefined variable $informasi', 'APPPATH\\Views\\landingPage\\page\\galeri.php', 46)
 2 SYSTEMPATH\View\View.php(213): include('APPPATH\\Views\\landingPage\\page\\galeri.php')
 3 SYSTEMPATH\View\View.php(216): CodeIgniter\View\View->CodeIgniter\View\{closure}()
 4 SYSTEMPATH\Common.php(1135): CodeIgniter\View\View->render('landingPage/page/galeri', [], true)
 5 APPPATH\Controllers\Home.php(366): view('landingPage/page/galeri', [...])
 6 SYSTEMPATH\CodeIgniter.php(896): App\Controllers\Home->galeri()
 7 SYSTEMPATH\CodeIgniter.php(466): CodeIgniter\CodeIgniter->runController(Object(App\Controllers\Home))
 8 SYSTEMPATH\CodeIgniter.php(349): CodeIgniter\CodeIgniter->handleRequest(null, Object(Config\Cache), false)
 9 FCPATH\index.php(55): CodeIgniter\CodeIgniter->run()
10 SYSTEMPATH\Commands\Server\rewrite.php(43): require_once('FCPATH\\index.php')
