ERROR - 2023-10-10 11:29:58 --> Error connecting to the database: No connection could be made because the target machine actively refused it.

CRITICAL - 2023-10-10 11:29:58 --> Unable to connect to the database.
Main connection [MySQLi]: No connection could be made because the target machine actively refused it.

in SYSTEMPATH\Database\BaseConnection.php on line 416.
 1 SYSTEMPATH\Database\BaseConnection.php(586): CodeIgniter\Database\BaseConnection->initialize()
 2 SYSTEMPATH\Database\BaseBuilder.php(1585): CodeIgniter\Database\BaseConnection->query('SELECT *
FROM `periode`
WHERE `status` = :status:
 LIMIT 1', [...], false)
 3 SYSTEMPATH\Model.php(249): CodeIgniter\Database\BaseBuilder->get()
 4 SYSTEMPATH\BaseModel.php(622): CodeIgniter\Model->doFirst()
 5 APPPATH\Controllers\Home.php(24): CodeIgniter\BaseModel->first()
 6 SYSTEMPATH\CodeIgniter.php(896): App\Controllers\Home->index()
 7 SYSTEMPATH\CodeIgniter.php(466): CodeIgniter\CodeIgniter->runController(Object(App\Controllers\Home))
 8 SYSTEMPATH\CodeIgniter.php(349): CodeIgniter\CodeIgniter->handleRequest(null, Object(Config\Cache), false)
 9 FCPATH\index.php(55): CodeIgniter\CodeIgniter->run()
10 SYSTEMPATH\Commands\Server\rewrite.php(43): require_once('FCPATH\\index.php')
CRITICAL - 2023-10-10 11:31:22 --> Undefined variable: tahap
in APPPATH\Views\User\navbar.php on line 32.
 1 APPPATH\Views\User\navbar.php(32): CodeIgniter\Debug\Exceptions->errorHandler(8, 'Undefined variable: tahap', 'APPPATH\\Views\\User\\navbar.php', 32, [...])
 2 SYSTEMPATH\View\View.php(213): include('APPPATH\\Views\\User\\navbar.php')
 3 SYSTEMPATH\View\View.php(216): CodeIgniter\View\View->CodeIgniter\View\{closure}()
 4 SYSTEMPATH\View\View.php(429): CodeIgniter\View\View->render('User/navbar', null, true)
 5 APPPATH\Views\User\index.php(17): CodeIgniter\View\View->include('User/navbar')
 6 SYSTEMPATH\View\View.php(213): include('APPPATH\\Views\\User\\index.php')
 7 SYSTEMPATH\View\View.php(216): CodeIgniter\View\View->CodeIgniter\View\{closure}()
 8 SYSTEMPATH\View\View.php(229): CodeIgniter\View\View->render('User/index.php', [], true)
 9 SYSTEMPATH\Common.php(1135): CodeIgniter\View\View->render('User/list_agenda', [], true)
10 APPPATH\Controllers\User.php(277): view('User/list_agenda', [...])
11 SYSTEMPATH\CodeIgniter.php(896): App\Controllers\User->list_agenda('2')
12 SYSTEMPATH\CodeIgniter.php(466): CodeIgniter\CodeIgniter->runController(Object(App\Controllers\User))
13 SYSTEMPATH\CodeIgniter.php(349): CodeIgniter\CodeIgniter->handleRequest(null, Object(Config\Cache), false)
14 FCPATH\index.php(55): CodeIgniter\CodeIgniter->run()
15 SYSTEMPATH\Commands\Server\rewrite.php(43): require_once('FCPATH\\index.php')
CRITICAL - 2023-10-10 11:32:12 --> Undefined variable: tahap
in APPPATH\Views\User\navbar.php on line 32.
 1 APPPATH\Views\User\navbar.php(32): CodeIgniter\Debug\Exceptions->errorHandler(8, 'Undefined variable: tahap', 'APPPATH\\Views\\User\\navbar.php', 32, [...])
 2 SYSTEMPATH\View\View.php(213): include('APPPATH\\Views\\User\\navbar.php')
 3 SYSTEMPATH\View\View.php(216): CodeIgniter\View\View->CodeIgniter\View\{closure}()
 4 SYSTEMPATH\View\View.php(429): CodeIgniter\View\View->render('User/navbar', null, true)
 5 APPPATH\Views\User\index.php(17): CodeIgniter\View\View->include('User/navbar')
 6 SYSTEMPATH\View\View.php(213): include('APPPATH\\Views\\User\\index.php')
 7 SYSTEMPATH\View\View.php(216): CodeIgniter\View\View->CodeIgniter\View\{closure}()
 8 SYSTEMPATH\View\View.php(229): CodeIgniter\View\View->render('User/index.php', [], true)
 9 SYSTEMPATH\Common.php(1135): CodeIgniter\View\View->render('User/list_agenda', [], true)
10 APPPATH\Controllers\User.php(277): view('User/list_agenda', [...])
11 SYSTEMPATH\CodeIgniter.php(896): App\Controllers\User->list_agenda('2')
12 SYSTEMPATH\CodeIgniter.php(466): CodeIgniter\CodeIgniter->runController(Object(App\Controllers\User))
13 SYSTEMPATH\CodeIgniter.php(349): CodeIgniter\CodeIgniter->handleRequest(null, Object(Config\Cache), false)
14 FCPATH\index.php(55): CodeIgniter\CodeIgniter->run()
15 SYSTEMPATH\Commands\Server\rewrite.php(43): require_once('FCPATH\\index.php')
CRITICAL - 2023-10-10 11:35:58 --> Undefined variable: tahap
in APPPATH\Views\User\navbar.php on line 32.
 1 APPPATH\Views\User\navbar.php(32): CodeIgniter\Debug\Exceptions->errorHandler(8, 'Undefined variable: tahap', 'APPPATH\\Views\\User\\navbar.php', 32, [...])
 2 SYSTEMPATH\View\View.php(213): include('APPPATH\\Views\\User\\navbar.php')
 3 SYSTEMPATH\View\View.php(216): CodeIgniter\View\View->CodeIgniter\View\{closure}()
 4 SYSTEMPATH\View\View.php(429): CodeIgniter\View\View->render('User/navbar', null, true)
 5 APPPATH\Views\User\index.php(17): CodeIgniter\View\View->include('User/navbar')
 6 SYSTEMPATH\View\View.php(213): include('APPPATH\\Views\\User\\index.php')
 7 SYSTEMPATH\View\View.php(216): CodeIgniter\View\View->CodeIgniter\View\{closure}()
 8 SYSTEMPATH\View\View.php(229): CodeIgniter\View\View->render('User/index.php', [], true)
 9 SYSTEMPATH\Common.php(1135): CodeIgniter\View\View->render('User/list_agenda', [], true)
10 APPPATH\Controllers\User.php(277): view('User/list_agenda', [...])
11 SYSTEMPATH\CodeIgniter.php(896): App\Controllers\User->list_agenda('2')
12 SYSTEMPATH\CodeIgniter.php(466): CodeIgniter\CodeIgniter->runController(Object(App\Controllers\User))
13 SYSTEMPATH\CodeIgniter.php(349): CodeIgniter\CodeIgniter->handleRequest(null, Object(Config\Cache), false)
14 FCPATH\index.php(55): CodeIgniter\CodeIgniter->run()
15 SYSTEMPATH\Commands\Server\rewrite.php(43): require_once('FCPATH\\index.php')
CRITICAL - 2023-10-10 13:10:35 --> Undefined variable: berkebutuhan_khusus
in APPPATH\Views\Admin\data_pembayaran.php on line 97.
 1 APPPATH\Views\Admin\data_pembayaran.php(97): CodeIgniter\Debug\Exceptions->errorHandler(8, 'Undefined variable: berkebutuhan_khusus', 'APPPATH\\Views\\Admin\\data_pembayaran.php', 97, [...])
 2 SYSTEMPATH\View\View.php(213): include('APPPATH\\Views\\Admin\\data_pembayaran.php')
 3 SYSTEMPATH\View\View.php(216): CodeIgniter\View\View->CodeIgniter\View\{closure}()
 4 SYSTEMPATH\Common.php(1135): CodeIgniter\View\View->render('Admin/data_pembayaran', [], true)
 5 APPPATH\Controllers\Admin.php(260): view('Admin/data_pembayaran', [...])
 6 SYSTEMPATH\CodeIgniter.php(896): App\Controllers\Admin->data_pembayaran()
 7 SYSTEMPATH\CodeIgniter.php(466): CodeIgniter\CodeIgniter->runController(Object(App\Controllers\Admin))
 8 SYSTEMPATH\CodeIgniter.php(349): CodeIgniter\CodeIgniter->handleRequest(null, Object(Config\Cache), false)
 9 FCPATH\index.php(55): CodeIgniter\CodeIgniter->run()
10 SYSTEMPATH\Commands\Server\rewrite.php(43): require_once('FCPATH\\index.php')
CRITICAL - 2023-10-10 13:41:27 --> Trying to get property 'periode_id' of non-object
in APPPATH\Views\Admin\data_agenda.php on line 86.
 1 APPPATH\Views\Admin\data_agenda.php(86): CodeIgniter\Debug\Exceptions->errorHandler(8, 'Trying to get property \'periode_id\' of non-object', 'APPPATH\\Views\\Admin\\data_agenda.php', 86, [...])
 2 SYSTEMPATH\View\View.php(213): include('APPPATH\\Views\\Admin\\data_agenda.php')
 3 SYSTEMPATH\View\View.php(216): CodeIgniter\View\View->CodeIgniter\View\{closure}()
 4 SYSTEMPATH\Common.php(1135): CodeIgniter\View\View->render('Admin/data_agenda', [], true)
 5 APPPATH\Controllers\Admin.php(436): view('Admin/data_agenda', [...])
 6 SYSTEMPATH\CodeIgniter.php(896): App\Controllers\Admin->data_agenda()
 7 SYSTEMPATH\CodeIgniter.php(466): CodeIgniter\CodeIgniter->runController(Object(App\Controllers\Admin))
 8 SYSTEMPATH\CodeIgniter.php(349): CodeIgniter\CodeIgniter->handleRequest(null, Object(Config\Cache), false)
 9 FCPATH\index.php(55): CodeIgniter\CodeIgniter->run()
10 SYSTEMPATH\Commands\Server\rewrite.php(43): require_once('FCPATH\\index.php')
