CRITICAL - 2022-12-03 10:53:06 --> Cannot use object of type stdClass as array
in APPPATH\Controllers\PegawaiController.php on line 764.
 1 SYSTEMPATH\CodeIgniter.php(896): App\Controllers\PegawaiController->deletePegawai('3')
 2 SYSTEMPATH\CodeIgniter.php(466): CodeIgniter\CodeIgniter->runController(Object(App\Controllers\PegawaiController))
 3 SYSTEMPATH\CodeIgniter.php(349): CodeIgniter\CodeIgniter->handleRequest(null, Object(Config\Cache), false)
 4 FCPATH\index.php(55): CodeIgniter\CodeIgniter->run()
 5 SYSTEMPATH\Commands\Server\rewrite.php(43): require_once('FCPATH\\index.php')
ERROR - 2022-12-03 10:54:34 --> Cannot delete or update a parent row: a foreign key constraint fails (`sekolah_gumintang`.`galeri`, CONSTRAINT `galeri_ibfk_1` FOREIGN KEY (`penerbit`) REFERENCES `pegawai` (`id`))
CRITICAL - 2022-12-03 10:54:34 --> Cannot delete or update a parent row: a foreign key constraint fails (`sekolah_gumintang`.`galeri`, CONSTRAINT `galeri_ibfk_1` FOREIGN KEY (`penerbit`) REFERENCES `pegawai` (`id`))
in SYSTEMPATH\Database\MySQLi\Connection.php on line 292.
 1 SYSTEMPATH\Database\MySQLi\Connection.php(292): mysqli->query('DELETE FROM `pegawai`
WHERE `id` IN (\'3\')', 0)
 2 SYSTEMPATH\Database\BaseConnection.php(695): CodeIgniter\Database\MySQLi\Connection->execute('DELETE FROM `pegawai`
WHERE `id` IN (\'3\')')
 3 SYSTEMPATH\Database\BaseConnection.php(609): CodeIgniter\Database\BaseConnection->simpleQuery('DELETE FROM `pegawai`
WHERE `id` IN (\'3\')')
 4 SYSTEMPATH\Database\BaseBuilder.php(2358): CodeIgniter\Database\BaseConnection->query('DELETE FROM `pegawai`
WHERE `id` IN :id:', [...], false)
 5 SYSTEMPATH\Model.php(400): CodeIgniter\Database\BaseBuilder->delete()
 6 SYSTEMPATH\BaseModel.php(963): CodeIgniter\Model->doDelete([...], false)
 7 APPPATH\Controllers\PegawaiController.php(771): CodeIgniter\BaseModel->delete([...])
 8 SYSTEMPATH\CodeIgniter.php(896): App\Controllers\PegawaiController->deletePegawai('3')
 9 SYSTEMPATH\CodeIgniter.php(466): CodeIgniter\CodeIgniter->runController(Object(App\Controllers\PegawaiController))
10 SYSTEMPATH\CodeIgniter.php(349): CodeIgniter\CodeIgniter->handleRequest(null, Object(Config\Cache), false)
11 FCPATH\index.php(55): CodeIgniter\CodeIgniter->run()
12 SYSTEMPATH\Commands\Server\rewrite.php(43): require_once('FCPATH\\index.php')
ERROR - 2022-12-03 10:59:52 --> Cannot delete or update a parent row: a foreign key constraint fails (`sekolah_gumintang`.`galeri`, CONSTRAINT `galeri_ibfk_1` FOREIGN KEY (`penerbit`) REFERENCES `pegawai` (`id`))
CRITICAL - 2022-12-03 10:59:52 --> Cannot delete or update a parent row: a foreign key constraint fails (`sekolah_gumintang`.`galeri`, CONSTRAINT `galeri_ibfk_1` FOREIGN KEY (`penerbit`) REFERENCES `pegawai` (`id`))
in SYSTEMPATH\Database\MySQLi\Connection.php on line 292.
 1 SYSTEMPATH\Database\MySQLi\Connection.php(292): mysqli->query('DELETE FROM `pegawai`
WHERE `id` IN (\'3\')', 0)
 2 SYSTEMPATH\Database\BaseConnection.php(695): CodeIgniter\Database\MySQLi\Connection->execute('DELETE FROM `pegawai`
WHERE `id` IN (\'3\')')
 3 SYSTEMPATH\Database\BaseConnection.php(609): CodeIgniter\Database\BaseConnection->simpleQuery('DELETE FROM `pegawai`
WHERE `id` IN (\'3\')')
 4 SYSTEMPATH\Database\BaseBuilder.php(2358): CodeIgniter\Database\BaseConnection->query('DELETE FROM `pegawai`
WHERE `id` IN :id:', [...], false)
 5 SYSTEMPATH\Model.php(400): CodeIgniter\Database\BaseBuilder->delete()
 6 SYSTEMPATH\BaseModel.php(963): CodeIgniter\Model->doDelete([...], false)
 7 APPPATH\Controllers\PegawaiController.php(771): CodeIgniter\BaseModel->delete([...])
 8 SYSTEMPATH\CodeIgniter.php(896): App\Controllers\PegawaiController->deletePegawai('3')
 9 SYSTEMPATH\CodeIgniter.php(466): CodeIgniter\CodeIgniter->runController(Object(App\Controllers\PegawaiController))
10 SYSTEMPATH\CodeIgniter.php(349): CodeIgniter\CodeIgniter->handleRequest(null, Object(Config\Cache), false)
11 FCPATH\index.php(55): CodeIgniter\CodeIgniter->run()
12 SYSTEMPATH\Commands\Server\rewrite.php(43): require_once('FCPATH\\index.php')
ERROR - 2022-12-03 11:00:30 --> Cannot delete or update a parent row: a foreign key constraint fails (`sekolah_gumintang`.`galeri`, CONSTRAINT `galeri_ibfk_1` FOREIGN KEY (`penerbit`) REFERENCES `pegawai` (`id`))
CRITICAL - 2022-12-03 11:00:30 --> Cannot delete or update a parent row: a foreign key constraint fails (`sekolah_gumintang`.`galeri`, CONSTRAINT `galeri_ibfk_1` FOREIGN KEY (`penerbit`) REFERENCES `pegawai` (`id`))
in SYSTEMPATH\Database\MySQLi\Connection.php on line 292.
 1 SYSTEMPATH\Database\MySQLi\Connection.php(292): mysqli->query('DELETE FROM `pegawai`
WHERE `id` IN (\'3\')', 0)
 2 SYSTEMPATH\Database\BaseConnection.php(695): CodeIgniter\Database\MySQLi\Connection->execute('DELETE FROM `pegawai`
WHERE `id` IN (\'3\')')
 3 SYSTEMPATH\Database\BaseConnection.php(609): CodeIgniter\Database\BaseConnection->simpleQuery('DELETE FROM `pegawai`
WHERE `id` IN (\'3\')')
 4 SYSTEMPATH\Database\BaseBuilder.php(2358): CodeIgniter\Database\BaseConnection->query('DELETE FROM `pegawai`
WHERE `id` IN :id:', [...], false)
 5 SYSTEMPATH\Model.php(400): CodeIgniter\Database\BaseBuilder->delete()
 6 SYSTEMPATH\BaseModel.php(963): CodeIgniter\Model->doDelete([...], false)
 7 APPPATH\Controllers\PegawaiController.php(771): CodeIgniter\BaseModel->delete([...])
 8 SYSTEMPATH\CodeIgniter.php(896): App\Controllers\PegawaiController->deletePegawai('3')
 9 SYSTEMPATH\CodeIgniter.php(466): CodeIgniter\CodeIgniter->runController(Object(App\Controllers\PegawaiController))
10 SYSTEMPATH\CodeIgniter.php(349): CodeIgniter\CodeIgniter->handleRequest(null, Object(Config\Cache), false)
11 FCPATH\index.php(55): CodeIgniter\CodeIgniter->run()
12 SYSTEMPATH\Commands\Server\rewrite.php(43): require_once('FCPATH\\index.php')
ERROR - 2022-12-03 11:01:53 --> Cannot delete or update a parent row: a foreign key constraint fails (`sekolah_gumintang`.`galeri`, CONSTRAINT `galeri_ibfk_1` FOREIGN KEY (`penerbit`) REFERENCES `pegawai` (`id`))
CRITICAL - 2022-12-03 11:01:53 --> Cannot delete or update a parent row: a foreign key constraint fails (`sekolah_gumintang`.`galeri`, CONSTRAINT `galeri_ibfk_1` FOREIGN KEY (`penerbit`) REFERENCES `pegawai` (`id`))
in SYSTEMPATH\Database\MySQLi\Connection.php on line 292.
 1 SYSTEMPATH\Database\MySQLi\Connection.php(292): mysqli->query('DELETE FROM `pegawai`
WHERE `id` IN (\'3\')', 0)
 2 SYSTEMPATH\Database\BaseConnection.php(695): CodeIgniter\Database\MySQLi\Connection->execute('DELETE FROM `pegawai`
WHERE `id` IN (\'3\')')
 3 SYSTEMPATH\Database\BaseConnection.php(609): CodeIgniter\Database\BaseConnection->simpleQuery('DELETE FROM `pegawai`
WHERE `id` IN (\'3\')')
 4 SYSTEMPATH\Database\BaseBuilder.php(2358): CodeIgniter\Database\BaseConnection->query('DELETE FROM `pegawai`
WHERE `id` IN :id:', [...], false)
 5 SYSTEMPATH\Model.php(400): CodeIgniter\Database\BaseBuilder->delete()
 6 SYSTEMPATH\BaseModel.php(963): CodeIgniter\Model->doDelete([...], false)
 7 APPPATH\Controllers\PegawaiController.php(771): CodeIgniter\BaseModel->delete([...])
 8 SYSTEMPATH\CodeIgniter.php(896): App\Controllers\PegawaiController->deletePegawai('3')
 9 SYSTEMPATH\CodeIgniter.php(466): CodeIgniter\CodeIgniter->runController(Object(App\Controllers\PegawaiController))
10 SYSTEMPATH\CodeIgniter.php(349): CodeIgniter\CodeIgniter->handleRequest(null, Object(Config\Cache), false)
11 FCPATH\index.php(55): CodeIgniter\CodeIgniter->run()
12 SYSTEMPATH\Commands\Server\rewrite.php(43): require_once('FCPATH\\index.php')
ERROR - 2022-12-03 11:02:28 --> Cannot delete or update a parent row: a foreign key constraint fails (`sekolah_gumintang`.`galeri`, CONSTRAINT `galeri_ibfk_1` FOREIGN KEY (`penerbit`) REFERENCES `pegawai` (`id`))
CRITICAL - 2022-12-03 11:02:28 --> Cannot delete or update a parent row: a foreign key constraint fails (`sekolah_gumintang`.`galeri`, CONSTRAINT `galeri_ibfk_1` FOREIGN KEY (`penerbit`) REFERENCES `pegawai` (`id`))
in SYSTEMPATH\Database\MySQLi\Connection.php on line 292.
 1 SYSTEMPATH\Database\MySQLi\Connection.php(292): mysqli->query('DELETE FROM `pegawai`
WHERE `id` IN (\'3\')', 0)
 2 SYSTEMPATH\Database\BaseConnection.php(695): CodeIgniter\Database\MySQLi\Connection->execute('DELETE FROM `pegawai`
WHERE `id` IN (\'3\')')
 3 SYSTEMPATH\Database\BaseConnection.php(609): CodeIgniter\Database\BaseConnection->simpleQuery('DELETE FROM `pegawai`
WHERE `id` IN (\'3\')')
 4 SYSTEMPATH\Database\BaseBuilder.php(2358): CodeIgniter\Database\BaseConnection->query('DELETE FROM `pegawai`
WHERE `id` IN :id:', [...], false)
 5 SYSTEMPATH\Model.php(400): CodeIgniter\Database\BaseBuilder->delete()
 6 SYSTEMPATH\BaseModel.php(963): CodeIgniter\Model->doDelete([...], false)
 7 APPPATH\Controllers\PegawaiController.php(771): CodeIgniter\BaseModel->delete([...])
 8 SYSTEMPATH\CodeIgniter.php(896): App\Controllers\PegawaiController->deletePegawai('3')
 9 SYSTEMPATH\CodeIgniter.php(466): CodeIgniter\CodeIgniter->runController(Object(App\Controllers\PegawaiController))
10 SYSTEMPATH\CodeIgniter.php(349): CodeIgniter\CodeIgniter->handleRequest(null, Object(Config\Cache), false)
11 FCPATH\index.php(55): CodeIgniter\CodeIgniter->run()
12 SYSTEMPATH\Commands\Server\rewrite.php(43): require_once('FCPATH\\index.php')
ERROR - 2022-12-03 11:04:26 --> Cannot delete or update a parent row: a foreign key constraint fails (`sekolah_gumintang`.`gambar_slider`, CONSTRAINT `gambar_slider_ibfk_2` FOREIGN KEY (`penerbit`) REFERENCES `pegawai` (`id`))
CRITICAL - 2022-12-03 11:04:26 --> Cannot delete or update a parent row: a foreign key constraint fails (`sekolah_gumintang`.`gambar_slider`, CONSTRAINT `gambar_slider_ibfk_2` FOREIGN KEY (`penerbit`) REFERENCES `pegawai` (`id`))
in SYSTEMPATH\Database\MySQLi\Connection.php on line 292.
 1 SYSTEMPATH\Database\MySQLi\Connection.php(292): mysqli->query('DELETE FROM `pegawai`
WHERE `id` IN (\'3\')', 0)
 2 SYSTEMPATH\Database\BaseConnection.php(695): CodeIgniter\Database\MySQLi\Connection->execute('DELETE FROM `pegawai`
WHERE `id` IN (\'3\')')
 3 SYSTEMPATH\Database\BaseConnection.php(609): CodeIgniter\Database\BaseConnection->simpleQuery('DELETE FROM `pegawai`
WHERE `id` IN (\'3\')')
 4 SYSTEMPATH\Database\BaseBuilder.php(2358): CodeIgniter\Database\BaseConnection->query('DELETE FROM `pegawai`
WHERE `id` IN :id:', [...], false)
 5 SYSTEMPATH\Model.php(400): CodeIgniter\Database\BaseBuilder->delete()
 6 SYSTEMPATH\BaseModel.php(963): CodeIgniter\Model->doDelete([...], false)
 7 APPPATH\Controllers\PegawaiController.php(771): CodeIgniter\BaseModel->delete([...])
 8 SYSTEMPATH\CodeIgniter.php(896): App\Controllers\PegawaiController->deletePegawai('3')
 9 SYSTEMPATH\CodeIgniter.php(466): CodeIgniter\CodeIgniter->runController(Object(App\Controllers\PegawaiController))
10 SYSTEMPATH\CodeIgniter.php(349): CodeIgniter\CodeIgniter->handleRequest(null, Object(Config\Cache), false)
11 FCPATH\index.php(55): CodeIgniter\CodeIgniter->run()
12 SYSTEMPATH\Commands\Server\rewrite.php(43): require_once('FCPATH\\index.php')
