CRITICAL - 2022-11-03 08:57:19 --> Too few arguments to function App\Controllers\Home::index(), 0 passed in C:\Salsabila Fauzia S\xampp\htdocs\sekolah\system\CodeIgniter.php on line 896 and exactly 1 expected
in APPPATH\Controllers\Home.php on line 8.
 1 SYSTEMPATH\CodeIgniter.php(896): App\Controllers\Home->index()
 2 SYSTEMPATH\CodeIgniter.php(466): CodeIgniter\CodeIgniter->runController(Object(App\Controllers\Home))
 3 SYSTEMPATH\CodeIgniter.php(349): CodeIgniter\CodeIgniter->handleRequest(null, Object(Config\Cache), false)
 4 FCPATH\index.php(55): CodeIgniter\CodeIgniter->run()
 5 SYSTEMPATH\Commands\Server\rewrite.php(43): require_once('FCPATH\\index.php')
CRITICAL - 2022-11-03 08:58:03 --> chmod(): No such file or directory
in APPPATH\Controllers\Kurikulum.php on line 256.
 1 [internal function]: CodeIgniter\Debug\Exceptions->errorHandler(2, 'chmod(): No such file or directory', 'APPPATH\\Controllers\\Kurikulum.php', 256)
 2 APPPATH\Controllers\Kurikulum.php(256): chmod('./assets/file_gambar_10770(3).png', 511)
 3 SYSTEMPATH\CodeIgniter.php(896): App\Controllers\Kurikulum->deleteJurusan('1')
 4 SYSTEMPATH\CodeIgniter.php(466): CodeIgniter\CodeIgniter->runController(Object(App\Controllers\Kurikulum))
 5 SYSTEMPATH\CodeIgniter.php(349): CodeIgniter\CodeIgniter->handleRequest(null, Object(Config\Cache), false)
 6 FCPATH\index.php(55): CodeIgniter\CodeIgniter->run()
 7 SYSTEMPATH\Commands\Server\rewrite.php(43): require_once('FCPATH\\index.php')
CRITICAL - 2022-11-03 11:36:08 --> Undefined property: stdClass::$file_gambar
in APPPATH\Controllers\Kurikulum.php on line 327.
 1 APPPATH\Controllers\Kurikulum.php(327): CodeIgniter\Debug\Exceptions->errorHandler(2, 'Undefined property: stdClass::$file_gambar', 'APPPATH\\Controllers\\Kurikulum.php', 327)
 2 SYSTEMPATH\CodeIgniter.php(896): App\Controllers\Kurikulum->deleteTa('2')
 3 SYSTEMPATH\CodeIgniter.php(466): CodeIgniter\CodeIgniter->runController(Object(App\Controllers\Kurikulum))
 4 SYSTEMPATH\CodeIgniter.php(349): CodeIgniter\CodeIgniter->handleRequest(null, Object(Config\Cache), false)
 5 FCPATH\index.php(55): CodeIgniter\CodeIgniter->run()
 6 SYSTEMPATH\Commands\Server\rewrite.php(43): require_once('FCPATH\\index.php')
