CRITICAL - 2022-09-28 03:12:32 --> Undefined variable $profiles
in APPPATH\Views\panelAdmin\strukturOrganisasi.php on line 15.
 1 APPPATH\Views\panelAdmin\strukturOrganisasi.php(15): CodeIgniter\Debug\Exceptions->errorHandler(2, 'Undefined variable $profiles', 'APPPATH\\Views\\panelAdmin\\strukturOrganisasi.php', 15)
 2 SYSTEMPATH\View\View.php(213): include('APPPATH\\Views\\panelAdmin\\strukturOrganisasi.php')
 3 SYSTEMPATH\View\View.php(216): CodeIgniter\View\View->CodeIgniter\View\{closure}()
 4 SYSTEMPATH\Common.php(1135): CodeIgniter\View\View->render('panelAdmin/strukturOrganisasi', [], true)
 5 APPPATH\Controllers\Admin.php(61): view('panelAdmin/strukturOrganisasi')
 6 SYSTEMPATH\CodeIgniter.php(896): App\Controllers\Admin->struktur()
 7 SYSTEMPATH\CodeIgniter.php(466): CodeIgniter\CodeIgniter->runController(Object(App\Controllers\Admin))
 8 SYSTEMPATH\CodeIgniter.php(349): CodeIgniter\CodeIgniter->handleRequest(null, Object(Config\Cache), false)
 9 FCPATH\index.php(55): CodeIgniter\CodeIgniter->run()
10 SYSTEMPATH\Commands\Server\rewrite.php(43): require_once('FCPATH\\index.php')
CRITICAL - 2022-09-28 03:14:09 --> Undefined variable $id
in APPPATH\Controllers\Profile.php on line 218.
 1 APPPATH\Controllers\Profile.php(218): CodeIgniter\Debug\Exceptions->errorHandler(2, 'Undefined variable $id', 'APPPATH\\Controllers\\Profile.php', 218)
 2 SYSTEMPATH\CodeIgniter.php(896): App\Controllers\Profile->struktur('1')
 3 SYSTEMPATH\CodeIgniter.php(466): CodeIgniter\CodeIgniter->runController(Object(App\Controllers\Profile))
 4 SYSTEMPATH\CodeIgniter.php(349): CodeIgniter\CodeIgniter->handleRequest(null, Object(Config\Cache), false)
 5 FCPATH\index.php(55): CodeIgniter\CodeIgniter->run()
 6 SYSTEMPATH\Commands\Server\rewrite.php(43): require_once('FCPATH\\index.php')
CRITICAL - 2022-09-28 03:21:03 --> Call to a member function getName() on null
in APPPATH\Controllers\Profile.php on line 231.
 1 SYSTEMPATH\CodeIgniter.php(896): App\Controllers\Profile->struktur('1')
 2 SYSTEMPATH\CodeIgniter.php(466): CodeIgniter\CodeIgniter->runController(Object(App\Controllers\Profile))
 3 SYSTEMPATH\CodeIgniter.php(349): CodeIgniter\CodeIgniter->handleRequest(null, Object(Config\Cache), false)
 4 FCPATH\index.php(55): CodeIgniter\CodeIgniter->run()
 5 SYSTEMPATH\Commands\Server\rewrite.php(43): require_once('FCPATH\\index.php')
