CRITICAL - 2022-10-20 10:03:15 --> Undefined variable $tmt_cpns
in APPPATH\Controllers\PegawaiController.php on line 180.
 1 APPPATH\Controllers\PegawaiController.php(180): CodeIgniter\Debug\Exceptions->errorHandler(2, 'Undefined variable $tmt_cpns', 'APPPATH\\Controllers\\PegawaiController.php', 180)
 2 SYSTEMPATH\CodeIgniter.php(896): App\Controllers\PegawaiController->editPegawai('3')
 3 SYSTEMPATH\CodeIgniter.php(466): CodeIgniter\CodeIgniter->runController(Object(App\Controllers\PegawaiController))
 4 SYSTEMPATH\CodeIgniter.php(349): CodeIgniter\CodeIgniter->handleRequest(null, Object(Config\Cache), false)
 5 FCPATH\index.php(55): CodeIgniter\CodeIgniter->run()
 6 SYSTEMPATH\Commands\Server\rewrite.php(43): require_once('FCPATH\\index.php')
CRITICAL - 2022-10-20 10:37:35 --> Undefined variable $pegawai_id
in APPPATH\Controllers\PegawaiController.php on line 184.
 1 APPPATH\Controllers\PegawaiController.php(184): CodeIgniter\Debug\Exceptions->errorHandler(2, 'Undefined variable $pegawai_id', 'APPPATH\\Controllers\\PegawaiController.php', 184)
 2 SYSTEMPATH\CodeIgniter.php(896): App\Controllers\PegawaiController->editPegawai('3')
 3 SYSTEMPATH\CodeIgniter.php(466): CodeIgniter\CodeIgniter->runController(Object(App\Controllers\PegawaiController))
 4 SYSTEMPATH\CodeIgniter.php(349): CodeIgniter\CodeIgniter->handleRequest(null, Object(Config\Cache), false)
 5 FCPATH\index.php(55): CodeIgniter\CodeIgniter->run()
 6 SYSTEMPATH\Commands\Server\rewrite.php(43): require_once('FCPATH\\index.php')
CRITICAL - 2022-10-20 10:54:46 --> Undefined property: stdClass::$sk_cpns
in APPPATH\Views\panelAdmin\editPegawai.php on line 360.
 1 APPPATH\Views\panelAdmin\editPegawai.php(360): CodeIgniter\Debug\Exceptions->errorHandler(2, 'Undefined property: stdClass::$sk_cpns', 'APPPATH\\Views\\panelAdmin\\editPegawai.php', 360)
 2 SYSTEMPATH\View\View.php(213): include('APPPATH\\Views\\panelAdmin\\editPegawai.php')
 3 SYSTEMPATH\View\View.php(216): CodeIgniter\View\View->CodeIgniter\View\{closure}()
 4 SYSTEMPATH\Common.php(1135): CodeIgniter\View\View->render('panelAdmin/editPegawai', [], true)
 5 APPPATH\Controllers\PegawaiController.php(223): view('panelAdmin/editPegawai', [...])
 6 SYSTEMPATH\CodeIgniter.php(896): App\Controllers\PegawaiController->editPegawai('3')
 7 SYSTEMPATH\CodeIgniter.php(466): CodeIgniter\CodeIgniter->runController(Object(App\Controllers\PegawaiController))
 8 SYSTEMPATH\CodeIgniter.php(349): CodeIgniter\CodeIgniter->handleRequest(null, Object(Config\Cache), false)
 9 FCPATH\index.php(55): CodeIgniter\CodeIgniter->run()
10 SYSTEMPATH\Commands\Server\rewrite.php(43): require_once('FCPATH\\index.php')
CRITICAL - 2022-10-20 12:04:19 --> Attempt to read property "sk_cpns" on null
in APPPATH\Views\panelAdmin\editPegawai.php on line 430.
 1 APPPATH\Views\panelAdmin\editPegawai.php(430): CodeIgniter\Debug\Exceptions->errorHandler(2, 'Attempt to read property "sk_cpns" on null', 'APPPATH\\Views\\panelAdmin\\editPegawai.php', 430)
 2 SYSTEMPATH\View\View.php(213): include('APPPATH\\Views\\panelAdmin\\editPegawai.php')
 3 SYSTEMPATH\View\View.php(216): CodeIgniter\View\View->CodeIgniter\View\{closure}()
 4 SYSTEMPATH\Common.php(1135): CodeIgniter\View\View->render('panelAdmin/editPegawai', [], true)
 5 APPPATH\Controllers\PegawaiController.php(235): view('panelAdmin/editPegawai', [...])
 6 SYSTEMPATH\CodeIgniter.php(896): App\Controllers\PegawaiController->editPegawai('3')
 7 SYSTEMPATH\CodeIgniter.php(466): CodeIgniter\CodeIgniter->runController(Object(App\Controllers\PegawaiController))
 8 SYSTEMPATH\CodeIgniter.php(349): CodeIgniter\CodeIgniter->handleRequest(null, Object(Config\Cache), false)
 9 FCPATH\index.php(55): CodeIgniter\CodeIgniter->run()
10 SYSTEMPATH\Commands\Server\rewrite.php(43): require_once('FCPATH\\index.php')
CRITICAL - 2022-10-20 15:24:47 --> Attempt to read property "id" on null
in APPPATH\Controllers\PegawaiController.php on line 222.
 1 APPPATH\Controllers\PegawaiController.php(222): CodeIgniter\Debug\Exceptions->errorHandler(2, 'Attempt to read property "id" on null', 'APPPATH\\Controllers\\PegawaiController.php', 222)
 2 SYSTEMPATH\CodeIgniter.php(896): App\Controllers\PegawaiController->editPegawai('3')
 3 SYSTEMPATH\CodeIgniter.php(466): CodeIgniter\CodeIgniter->runController(Object(App\Controllers\PegawaiController))
 4 SYSTEMPATH\CodeIgniter.php(349): CodeIgniter\CodeIgniter->handleRequest(null, Object(Config\Cache), false)
 5 FCPATH\index.php(55): CodeIgniter\CodeIgniter->run()
 6 SYSTEMPATH\Commands\Server\rewrite.php(43): require_once('FCPATH\\index.php')
ERROR - 2022-10-20 15:27:21 --> Cannot add or update a child row: a foreign key constraint fails (`sekolah_gumintang`.`user`, CONSTRAINT `user_ibfk_1` FOREIGN KEY (`id_sekolah`) REFERENCES `sekolah` (`id`))
CRITICAL - 2022-10-20 15:27:21 --> Cannot add or update a child row: a foreign key constraint fails (`sekolah_gumintang`.`user`, CONSTRAINT `user_ibfk_1` FOREIGN KEY (`id_sekolah`) REFERENCES `sekolah` (`id`))
in SYSTEMPATH\Database\MySQLi\Connection.php on line 292.
 1 SYSTEMPATH\Database\MySQLi\Connection.php(292): mysqli->query('INSERT INTO `user` (`username`, `password`, `id_sekolah`, `jenis_user`, `id_ref`, `role`) VALUES (\'admin\', \'password\', \'3\', \'1\', \'3\', \'1\')', 0)
 2 SYSTEMPATH\Database\BaseConnection.php(695): CodeIgniter\Database\MySQLi\Connection->execute('INSERT INTO `user` (`username`, `password`, `id_sekolah`, `jenis_user`, `id_ref`, `role`) VALUES (\'admin\', \'password\', \'3\', \'1\', \'3\', \'1\')')
 3 SYSTEMPATH\Database\BaseConnection.php(609): CodeIgniter\Database\BaseConnection->simpleQuery('INSERT INTO `user` (`username`, `password`, `id_sekolah`, `jenis_user`, `id_ref`, `role`) VALUES (\'admin\', \'password\', \'3\', \'1\', \'3\', \'1\')')
 4 SYSTEMPATH\Database\BaseBuilder.php(1904): CodeIgniter\Database\BaseConnection->query('INSERT INTO `user` (`username`, `password`, `id_sekolah`, `jenis_user`, `id_ref`, `role`) VALUES (:username:, :password:, :id_sekolah:, :jenis_user:, :id_ref:, :role:)', [...], false)
 5 SYSTEMPATH\Model.php(278): CodeIgniter\Database\BaseBuilder->insert()
 6 SYSTEMPATH\BaseModel.php(738): CodeIgniter\Model->doInsert([...])
 7 SYSTEMPATH\Model.php(666): CodeIgniter\BaseModel->insert([...], true)
 8 APPPATH\Controllers\PegawaiController.php(233): CodeIgniter\Model->insert([...])
 9 SYSTEMPATH\CodeIgniter.php(896): App\Controllers\PegawaiController->editPegawai('3')
10 SYSTEMPATH\CodeIgniter.php(466): CodeIgniter\CodeIgniter->runController(Object(App\Controllers\PegawaiController))
11 SYSTEMPATH\CodeIgniter.php(349): CodeIgniter\CodeIgniter->handleRequest(null, Object(Config\Cache), false)
12 FCPATH\index.php(55): CodeIgniter\CodeIgniter->run()
13 SYSTEMPATH\Commands\Server\rewrite.php(43): require_once('FCPATH\\index.php')
ERROR - 2022-10-20 15:28:18 --> Cannot add or update a child row: a foreign key constraint fails (`sekolah_gumintang`.`user`, CONSTRAINT `user_ibfk_1` FOREIGN KEY (`id_sekolah`) REFERENCES `sekolah` (`id`))
CRITICAL - 2022-10-20 15:28:18 --> Cannot add or update a child row: a foreign key constraint fails (`sekolah_gumintang`.`user`, CONSTRAINT `user_ibfk_1` FOREIGN KEY (`id_sekolah`) REFERENCES `sekolah` (`id`))
in SYSTEMPATH\Database\MySQLi\Connection.php on line 292.
 1 SYSTEMPATH\Database\MySQLi\Connection.php(292): mysqli->query('INSERT INTO `user` (`username`, `password`, `id_sekolah`, `jenis_user`, `id_ref`, `role`) VALUES (\'admin\', \'password\', \'3\', \'1\', \'3\', \'1\')', 0)
 2 SYSTEMPATH\Database\BaseConnection.php(695): CodeIgniter\Database\MySQLi\Connection->execute('INSERT INTO `user` (`username`, `password`, `id_sekolah`, `jenis_user`, `id_ref`, `role`) VALUES (\'admin\', \'password\', \'3\', \'1\', \'3\', \'1\')')
 3 SYSTEMPATH\Database\BaseConnection.php(609): CodeIgniter\Database\BaseConnection->simpleQuery('INSERT INTO `user` (`username`, `password`, `id_sekolah`, `jenis_user`, `id_ref`, `role`) VALUES (\'admin\', \'password\', \'3\', \'1\', \'3\', \'1\')')
 4 SYSTEMPATH\Database\BaseBuilder.php(1904): CodeIgniter\Database\BaseConnection->query('INSERT INTO `user` (`username`, `password`, `id_sekolah`, `jenis_user`, `id_ref`, `role`) VALUES (:username:, :password:, :id_sekolah:, :jenis_user:, :id_ref:, :role:)', [...], false)
 5 SYSTEMPATH\Model.php(278): CodeIgniter\Database\BaseBuilder->insert()
 6 SYSTEMPATH\BaseModel.php(738): CodeIgniter\Model->doInsert([...])
 7 SYSTEMPATH\Model.php(666): CodeIgniter\BaseModel->insert([...], true)
 8 APPPATH\Controllers\PegawaiController.php(233): CodeIgniter\Model->insert([...])
 9 SYSTEMPATH\CodeIgniter.php(896): App\Controllers\PegawaiController->editPegawai('3')
10 SYSTEMPATH\CodeIgniter.php(466): CodeIgniter\CodeIgniter->runController(Object(App\Controllers\PegawaiController))
11 SYSTEMPATH\CodeIgniter.php(349): CodeIgniter\CodeIgniter->handleRequest(null, Object(Config\Cache), false)
12 FCPATH\index.php(55): CodeIgniter\CodeIgniter->run()
13 SYSTEMPATH\Commands\Server\rewrite.php(43): require_once('FCPATH\\index.php')
