CRITICAL - 2022-11-05 09:30:54 --> Too few arguments to function App\Controllers\Home::index(), 0 passed in C:\Salsabila Fauzia S\xampp\htdocs\sekolah\system\CodeIgniter.php on line 896 and exactly 1 expected
in APPPATH\Controllers\Home.php on line 8.
 1 SYSTEMPATH\CodeIgniter.php(896): App\Controllers\Home->index()
 2 SYSTEMPATH\CodeIgniter.php(466): CodeIgniter\CodeIgniter->runController(Object(App\Controllers\Home))
 3 SYSTEMPATH\CodeIgniter.php(349): CodeIgniter\CodeIgniter->handleRequest(null, Object(Config\Cache), false)
 4 FCPATH\index.php(55): CodeIgniter\CodeIgniter->run()
 5 SYSTEMPATH\Commands\Server\rewrite.php(43): require_once('FCPATH\\index.php')
ERROR - 2022-11-05 09:32:14 --> Error connecting to the database: No connection could be made because the target machine actively refused it
CRITICAL - 2022-11-05 09:32:14 --> Unable to connect to the database.
Main connection [MySQLi]: No connection could be made because the target machine actively refused it
in SYSTEMPATH\Database\BaseConnection.php on line 416.
 1 SYSTEMPATH\Database\BaseConnection.php(586): CodeIgniter\Database\BaseConnection->initialize()
 2 SYSTEMPATH\Database\BaseBuilder.php(1585): CodeIgniter\Database\BaseConnection->query('SELECT *
FROM `user`
WHERE `username` = :username:
 LIMIT 1', [...], false)
 3 SYSTEMPATH\Model.php(249): CodeIgniter\Database\BaseBuilder->get()
 4 SYSTEMPATH\BaseModel.php(622): CodeIgniter\Model->doFirst()
 5 APPPATH\Controllers\Login.php(30): CodeIgniter\BaseModel->first()
 6 SYSTEMPATH\CodeIgniter.php(896): App\Controllers\Login->process()
 7 SYSTEMPATH\CodeIgniter.php(466): CodeIgniter\CodeIgniter->runController(Object(App\Controllers\Login))
 8 SYSTEMPATH\CodeIgniter.php(349): CodeIgniter\CodeIgniter->handleRequest(null, Object(Config\Cache), false)
 9 FCPATH\index.php(55): CodeIgniter\CodeIgniter->run()
10 SYSTEMPATH\Commands\Server\rewrite.php(43): require_once('FCPATH\\index.php')
CRITICAL - 2022-11-05 10:54:20 --> Undefined variable $e
in APPPATH\Views\panelAdmin\dataGaleri.php on line 66.
 1 APPPATH\Views\panelAdmin\dataGaleri.php(66): CodeIgniter\Debug\Exceptions->errorHandler(2, 'Undefined variable $e', 'APPPATH\\Views\\panelAdmin\\dataGaleri.php', 66)
 2 SYSTEMPATH\View\View.php(213): include('APPPATH\\Views\\panelAdmin\\dataGaleri.php')
 3 SYSTEMPATH\View\View.php(216): CodeIgniter\View\View->CodeIgniter\View\{closure}()
 4 SYSTEMPATH\Common.php(1135): CodeIgniter\View\View->render('panelAdmin/dataGaleri', [], true)
 5 APPPATH\Controllers\Kesiswaan.php(36): view('panelAdmin/dataGaleri', [...])
 6 SYSTEMPATH\CodeIgniter.php(896): App\Controllers\Kesiswaan->galeri('1')
 7 SYSTEMPATH\CodeIgniter.php(466): CodeIgniter\CodeIgniter->runController(Object(App\Controllers\Kesiswaan))
 8 SYSTEMPATH\CodeIgniter.php(349): CodeIgniter\CodeIgniter->handleRequest(null, Object(Config\Cache), false)
 9 FCPATH\index.php(55): CodeIgniter\CodeIgniter->run()
10 SYSTEMPATH\Commands\Server\rewrite.php(43): require_once('FCPATH\\index.php')
