CRITICAL - 2022-10-25 10:30:10 --> Undefined variable $akun
in APPPATH\Views\panelAdmin\akun.php on line 30.
 1 APPPATH\Views\panelAdmin\akun.php(30): CodeIgniter\Debug\Exceptions->errorHandler(2, 'Undefined variable $akun', 'APPPATH\\Views\\panelAdmin\\akun.php', 30)
 2 SYSTEMPATH\View\View.php(213): include('APPPATH\\Views\\panelAdmin\\akun.php')
 3 SYSTEMPATH\View\View.php(216): CodeIgniter\View\View->CodeIgniter\View\{closure}()
 4 SYSTEMPATH\Common.php(1135): CodeIgniter\View\View->render('panelAdmin/akun', [], true)
 5 APPPATH\Controllers\Akun.php(21): view('panelAdmin/akun', [...])
 6 SYSTEMPATH\CodeIgniter.php(896): App\Controllers\Akun->akun('1')
 7 SYSTEMPATH\CodeIgniter.php(466): CodeIgniter\CodeIgniter->runController(Object(App\Controllers\Akun))
 8 SYSTEMPATH\CodeIgniter.php(349): CodeIgniter\CodeIgniter->handleRequest(null, Object(Config\Cache), false)
 9 FCPATH\index.php(55): CodeIgniter\CodeIgniter->run()
10 SYSTEMPATH\Commands\Server\rewrite.php(43): require_once('FCPATH\\index.php')
CRITICAL - 2022-10-25 10:30:28 --> Undefined variable $users
in APPPATH\Views\panelAdmin\akun.php on line 30.
 1 APPPATH\Views\panelAdmin\akun.php(30): CodeIgniter\Debug\Exceptions->errorHandler(2, 'Undefined variable $users', 'APPPATH\\Views\\panelAdmin\\akun.php', 30)
 2 SYSTEMPATH\View\View.php(213): include('APPPATH\\Views\\panelAdmin\\akun.php')
 3 SYSTEMPATH\View\View.php(216): CodeIgniter\View\View->CodeIgniter\View\{closure}()
 4 SYSTEMPATH\Common.php(1135): CodeIgniter\View\View->render('panelAdmin/akun', [], true)
 5 APPPATH\Controllers\Akun.php(21): view('panelAdmin/akun', [...])
 6 SYSTEMPATH\CodeIgniter.php(896): App\Controllers\Akun->akun('1')
 7 SYSTEMPATH\CodeIgniter.php(466): CodeIgniter\CodeIgniter->runController(Object(App\Controllers\Akun))
 8 SYSTEMPATH\CodeIgniter.php(349): CodeIgniter\CodeIgniter->handleRequest(null, Object(Config\Cache), false)
 9 FCPATH\index.php(55): CodeIgniter\CodeIgniter->run()
10 SYSTEMPATH\Commands\Server\rewrite.php(43): require_once('FCPATH\\index.php')
CRITICAL - 2022-10-25 11:53:37 --> foreach() argument must be of type array|object, string given
in APPPATH\Views\panelAdmin\akun.php on line 178.
 1 APPPATH\Views\panelAdmin\akun.php(178): CodeIgniter\Debug\Exceptions->errorHandler(2, 'foreach() argument must be of type array|object, string given', 'APPPATH\\Views\\panelAdmin\\akun.php', 178)
 2 SYSTEMPATH\View\View.php(213): include('APPPATH\\Views\\panelAdmin\\akun.php')
 3 SYSTEMPATH\View\View.php(216): CodeIgniter\View\View->CodeIgniter\View\{closure}()
 4 SYSTEMPATH\Common.php(1135): CodeIgniter\View\View->render('panelAdmin/akun', [], true)
 5 APPPATH\Controllers\Akun.php(21): view('panelAdmin/akun', [...])
 6 SYSTEMPATH\CodeIgniter.php(896): App\Controllers\Akun->akun('1')
 7 SYSTEMPATH\CodeIgniter.php(466): CodeIgniter\CodeIgniter->runController(Object(App\Controllers\Akun))
 8 SYSTEMPATH\CodeIgniter.php(349): CodeIgniter\CodeIgniter->handleRequest(null, Object(Config\Cache), false)
 9 FCPATH\index.php(55): CodeIgniter\CodeIgniter->run()
10 SYSTEMPATH\Commands\Server\rewrite.php(43): require_once('FCPATH\\index.php')
CRITICAL - 2022-10-25 13:29:30 --> syntax error, unexpected token "endforeach"
in APPPATH\Views\panelAdmin\akun.php on line 116.
 1 SYSTEMPATH\View\View.php(216): CodeIgniter\View\View->CodeIgniter\View\{closure}()
 2 SYSTEMPATH\Common.php(1135): CodeIgniter\View\View->render('panelAdmin/akun', [], true)
 3 APPPATH\Controllers\Akun.php(21): view('panelAdmin/akun', [...])
 4 SYSTEMPATH\CodeIgniter.php(896): App\Controllers\Akun->akun('1')
 5 SYSTEMPATH\CodeIgniter.php(466): CodeIgniter\CodeIgniter->runController(Object(App\Controllers\Akun))
 6 SYSTEMPATH\CodeIgniter.php(349): CodeIgniter\CodeIgniter->handleRequest(null, Object(Config\Cache), false)
 7 FCPATH\index.php(55): CodeIgniter\CodeIgniter->run()
 8 SYSTEMPATH\Commands\Server\rewrite.php(43): require_once('FCPATH\\index.php')
CRITICAL - 2022-10-25 13:32:54 --> Undefined variable $user
in APPPATH\Controllers\Akun.php on line 77.
 1 APPPATH\Controllers\Akun.php(77): CodeIgniter\Debug\Exceptions->errorHandler(2, 'Undefined variable $user', 'APPPATH\\Controllers\\Akun.php', 77)
 2 SYSTEMPATH\CodeIgniter.php(896): App\Controllers\Akun->edit_akun('3')
 3 SYSTEMPATH\CodeIgniter.php(466): CodeIgniter\CodeIgniter->runController(Object(App\Controllers\Akun))
 4 SYSTEMPATH\CodeIgniter.php(349): CodeIgniter\CodeIgniter->handleRequest(null, Object(Config\Cache), false)
 5 FCPATH\index.php(55): CodeIgniter\CodeIgniter->run()
 6 SYSTEMPATH\Commands\Server\rewrite.php(43): require_once('FCPATH\\index.php')
CRITICAL - 2022-10-25 13:37:24 --> Attempt to read property "id_ref" on string
in APPPATH\Views\panelAdmin\akun.php on line 36.
 1 APPPATH\Views\panelAdmin\akun.php(36): CodeIgniter\Debug\Exceptions->errorHandler(2, 'Attempt to read property "id_ref" on string', 'APPPATH\\Views\\panelAdmin\\akun.php', 36)
 2 SYSTEMPATH\View\View.php(213): include('APPPATH\\Views\\panelAdmin\\akun.php')
 3 SYSTEMPATH\View\View.php(216): CodeIgniter\View\View->CodeIgniter\View\{closure}()
 4 SYSTEMPATH\Common.php(1135): CodeIgniter\View\View->render('panelAdmin/akun', [], true)
 5 APPPATH\Controllers\Akun.php(126): view('panelAdmin/akun', [...])
 6 SYSTEMPATH\CodeIgniter.php(896): App\Controllers\Akun->edit_akun('3')
 7 SYSTEMPATH\CodeIgniter.php(466): CodeIgniter\CodeIgniter->runController(Object(App\Controllers\Akun))
 8 SYSTEMPATH\CodeIgniter.php(349): CodeIgniter\CodeIgniter->handleRequest(null, Object(Config\Cache), false)
 9 FCPATH\index.php(55): CodeIgniter\CodeIgniter->run()
10 SYSTEMPATH\Commands\Server\rewrite.php(43): require_once('FCPATH\\index.php')
ERROR - 2022-10-25 14:24:49 --> Table 'sekolah_gumintang.users' doesn't exist
CRITICAL - 2022-10-25 14:24:49 --> Table 'sekolah_gumintang.users' doesn't exist
in SYSTEMPATH\Database\MySQLi\Connection.php on line 292.
 1 SYSTEMPATH\Database\MySQLi\Connection.php(292): mysqli->query('SELECT 1
FROM `users`
WHERE `username` = \'adkeun\'
 LIMIT 1', 0)
 2 SYSTEMPATH\Database\BaseConnection.php(695): CodeIgniter\Database\MySQLi\Connection->execute('SELECT 1
FROM `users`
WHERE `username` = \'adkeun\'
 LIMIT 1')
 3 SYSTEMPATH\Database\BaseConnection.php(609): CodeIgniter\Database\BaseConnection->simpleQuery('SELECT 1
FROM `users`
WHERE `username` = \'adkeun\'
 LIMIT 1')
 4 SYSTEMPATH\Database\BaseBuilder.php(1585): CodeIgniter\Database\BaseConnection->query('SELECT 1
FROM `users`
WHERE `username` = :username:
 LIMIT 1', [...], false)
 5 SYSTEMPATH\Validation\Rules.php(142): CodeIgniter\Database\BaseBuilder->get()
 6 SYSTEMPATH\Validation\Validation.php(306): CodeIgniter\Validation\Rules->is_unique('adkeun', 'username', [...], null)
 7 SYSTEMPATH\Validation\Validation.php(173): CodeIgniter\Validation\Validation->processRules('username', 'username', 'adkeun', [...], [...])
 8 SYSTEMPATH\Controller.php(140): CodeIgniter\Validation\Validation->run()
 9 APPPATH\Controllers\Akun.php(83): CodeIgniter\Controller->validate([...])
10 SYSTEMPATH\CodeIgniter.php(896): App\Controllers\Akun->edit_akun('10')
11 SYSTEMPATH\CodeIgniter.php(466): CodeIgniter\CodeIgniter->runController(Object(App\Controllers\Akun))
12 SYSTEMPATH\CodeIgniter.php(349): CodeIgniter\CodeIgniter->handleRequest(null, Object(Config\Cache), false)
13 FCPATH\index.php(55): CodeIgniter\CodeIgniter->run()
14 SYSTEMPATH\Commands\Server\rewrite.php(43): require_once('FCPATH\\index.php')
