CRITICAL - 2022-11-30 14:45:57 --> Undefined variable $sekolah
in APPPATH\Views\landingPage\layout\header.php on line 9.
 1 APPPATH\Views\landingPage\layout\header.php(9): CodeIgniter\Debug\Exceptions->errorHandler(2, 'Undefined variable $sekolah', 'APPPATH\\Views\\landingPage\\layout\\header.php', 9)
 2 SYSTEMPATH\View\View.php(213): include('APPPATH\\Views\\landingPage\\layout\\header.php')
 3 SYSTEMPATH\View\View.php(216): CodeIgniter\View\View->CodeIgniter\View\{closure}()
 4 SYSTEMPATH\View\View.php(429): CodeIgniter\View\View->render('landingPage/layout/header', null, true)
 5 APPPATH\Views\landingPage\index.php(14): CodeIgniter\View\View->include('landingPage/layout/header')
 6 SYSTEMPATH\View\View.php(213): include('APPPATH\\Views\\landingPage\\index.php')
 7 SYSTEMPATH\View\View.php(216): CodeIgniter\View\View->CodeIgniter\View\{closure}()
 8 SYSTEMPATH\View\View.php(229): CodeIgniter\View\View->render('landingPage/index.php', [], true)
 9 SYSTEMPATH\Common.php(1135): CodeIgniter\View\View->render('landingPage/page/kontak', [], true)
10 APPPATH\Controllers\Home.php(408): view('landingPage/page/kontak')
11 SYSTEMPATH\CodeIgniter.php(896): App\Controllers\Home->kontak()
12 SYSTEMPATH\CodeIgniter.php(466): CodeIgniter\CodeIgniter->runController(Object(App\Controllers\Home))
13 SYSTEMPATH\CodeIgniter.php(349): CodeIgniter\CodeIgniter->handleRequest(null, Object(Config\Cache), false)
14 FCPATH\index.php(55): CodeIgniter\CodeIgniter->run()
15 SYSTEMPATH\Commands\Server\rewrite.php(43): require_once('FCPATH\\index.php')
CRITICAL - 2022-11-30 15:22:50 --> Undefined property: stdClass::$judul
in APPPATH\Views\landingPage\page\kontak.php on line 21.
 1 APPPATH\Views\landingPage\page\kontak.php(21): CodeIgniter\Debug\Exceptions->errorHandler(2, 'Undefined property: stdClass::$judul', 'APPPATH\\Views\\landingPage\\page\\kontak.php', 21)
 2 SYSTEMPATH\View\View.php(213): include('APPPATH\\Views\\landingPage\\page\\kontak.php')
 3 SYSTEMPATH\View\View.php(216): CodeIgniter\View\View->CodeIgniter\View\{closure}()
 4 SYSTEMPATH\Common.php(1135): CodeIgniter\View\View->render('landingPage/page/kontak', [], true)
 5 APPPATH\Controllers\Home.php(410): view('landingPage/page/kontak', [...])
 6 SYSTEMPATH\CodeIgniter.php(896): App\Controllers\Home->kontak()
 7 SYSTEMPATH\CodeIgniter.php(466): CodeIgniter\CodeIgniter->runController(Object(App\Controllers\Home))
 8 SYSTEMPATH\CodeIgniter.php(349): CodeIgniter\CodeIgniter->handleRequest(null, Object(Config\Cache), false)
 9 FCPATH\index.php(55): CodeIgniter\CodeIgniter->run()
10 SYSTEMPATH\Commands\Server\rewrite.php(43): require_once('FCPATH\\index.php')
CRITICAL - 2022-11-30 15:23:18 --> Undefined property: stdClass::$no_wa
in APPPATH\Views\landingPage\page\kontak.php on line 21.
 1 APPPATH\Views\landingPage\page\kontak.php(21): CodeIgniter\Debug\Exceptions->errorHandler(2, 'Undefined property: stdClass::$no_wa', 'APPPATH\\Views\\landingPage\\page\\kontak.php', 21)
 2 SYSTEMPATH\View\View.php(213): include('APPPATH\\Views\\landingPage\\page\\kontak.php')
 3 SYSTEMPATH\View\View.php(216): CodeIgniter\View\View->CodeIgniter\View\{closure}()
 4 SYSTEMPATH\Common.php(1135): CodeIgniter\View\View->render('landingPage/page/kontak', [], true)
 5 APPPATH\Controllers\Home.php(410): view('landingPage/page/kontak', [...])
 6 SYSTEMPATH\CodeIgniter.php(896): App\Controllers\Home->kontak()
 7 SYSTEMPATH\CodeIgniter.php(466): CodeIgniter\CodeIgniter->runController(Object(App\Controllers\Home))
 8 SYSTEMPATH\CodeIgniter.php(349): CodeIgniter\CodeIgniter->handleRequest(null, Object(Config\Cache), false)
 9 FCPATH\index.php(55): CodeIgniter\CodeIgniter->run()
10 SYSTEMPATH\Commands\Server\rewrite.php(43): require_once('FCPATH\\index.php')
