CRITICAL - 2023-05-17 12:35:50 --> There is no data to update.
in SYSTEMPATH\BaseModel.php on line 1576.
 1 SYSTEMPATH\BaseModel.php(1576): CodeIgniter\Database\Exceptions\DataException::forEmptyDataset('update')
 2 SYSTEMPATH\BaseModel.php(832): CodeIgniter\BaseModel->transformDataToArray(null, 'update')
 3 SYSTEMPATH\Model.php(692): CodeIgniter\BaseModel->update([...], null)
 4 APPPATH\Controllers\Pembayaran.php(175): CodeIgniter\Model->update([...])
 5 SYSTEMPATH\CodeIgniter.php(896): App\Controllers\Pembayaran->add_konfirmasi_siswa()
 6 SYSTEMPATH\CodeIgniter.php(466): CodeIgniter\CodeIgniter->runController(Object(App\Controllers\Pembayaran))
 7 SYSTEMPATH\CodeIgniter.php(349): CodeIgniter\CodeIgniter->handleRequest(null, Object(Config\Cache), false)
 8 FCPATH\index.php(55): CodeIgniter\CodeIgniter->run()
CRITICAL - 2023-05-17 12:38:43 --> Undefined variable: id
in APPPATH\Controllers\Pembayaran.php on line 173.
 1 APPPATH\Controllers\Pembayaran.php(173): CodeIgniter\Debug\Exceptions->errorHandler(8, 'Undefined variable: id', 'APPPATH\\Controllers\\Pembayaran.php', 173, [...])
 2 SYSTEMPATH\CodeIgniter.php(896): App\Controllers\Pembayaran->add_konfirmasi_siswa()
 3 SYSTEMPATH\CodeIgniter.php(466): CodeIgniter\CodeIgniter->runController(Object(App\Controllers\Pembayaran))
 4 SYSTEMPATH\CodeIgniter.php(349): CodeIgniter\CodeIgniter->handleRequest(null, Object(Config\Cache), false)
 5 FCPATH\index.php(55): CodeIgniter\CodeIgniter->run()
CRITICAL - 2023-05-17 12:39:54 --> Undefined variable: id
in APPPATH\Controllers\Pembayaran.php on line 163.
 1 APPPATH\Controllers\Pembayaran.php(163): CodeIgniter\Debug\Exceptions->errorHandler(8, 'Undefined variable: id', 'APPPATH\\Controllers\\Pembayaran.php', 163, [...])
 2 SYSTEMPATH\CodeIgniter.php(896): App\Controllers\Pembayaran->add_konfirmasi_siswa()
 3 SYSTEMPATH\CodeIgniter.php(466): CodeIgniter\CodeIgniter->runController(Object(App\Controllers\Pembayaran))
 4 SYSTEMPATH\CodeIgniter.php(349): CodeIgniter\CodeIgniter->handleRequest(null, Object(Config\Cache), false)
 5 FCPATH\index.php(55): CodeIgniter\CodeIgniter->run()
CRITICAL - 2023-05-17 12:44:05 --> Undefined variable: id
in APPPATH\Controllers\Pembayaran.php on line 163.
 1 APPPATH\Controllers\Pembayaran.php(163): CodeIgniter\Debug\Exceptions->errorHandler(8, 'Undefined variable: id', 'APPPATH\\Controllers\\Pembayaran.php', 163, [...])
 2 SYSTEMPATH\CodeIgniter.php(896): App\Controllers\Pembayaran->add_konfirmasi_siswa()
 3 SYSTEMPATH\CodeIgniter.php(466): CodeIgniter\CodeIgniter->runController(Object(App\Controllers\Pembayaran))
 4 SYSTEMPATH\CodeIgniter.php(349): CodeIgniter\CodeIgniter->handleRequest(null, Object(Config\Cache), false)
 5 FCPATH\index.php(55): CodeIgniter\CodeIgniter->run()
CRITICAL - 2023-05-17 14:02:31 --> Undefined variable: data_pembayaran
in APPPATH\Views\Admin\konfirmasi_pembayaran.php on line 7.
 1 APPPATH\Views\Admin\konfirmasi_pembayaran.php(7): CodeIgniter\Debug\Exceptions->errorHandler(8, 'Undefined variable: data_pembayaran', 'APPPATH\\Views\\Admin\\konfirmasi_pembayaran.php', 7, [...])
 2 SYSTEMPATH\View\View.php(213): include('APPPATH\\Views\\Admin\\konfirmasi_pembayaran.php')
 3 SYSTEMPATH\View\View.php(216): CodeIgniter\View\View->CodeIgniter\View\{closure}()
 4 SYSTEMPATH\Common.php(1135): CodeIgniter\View\View->render('Admin/konfirmasi_pembayaran', [], true)
 5 APPPATH\Controllers\Admin.php(201): view('Admin/konfirmasi_pembayaran', [...])
 6 SYSTEMPATH\CodeIgniter.php(896): App\Controllers\Admin->konfirmasi_pembayaran('19')
 7 SYSTEMPATH\CodeIgniter.php(466): CodeIgniter\CodeIgniter->runController(Object(App\Controllers\Admin))
 8 SYSTEMPATH\CodeIgniter.php(349): CodeIgniter\CodeIgniter->handleRequest(null, Object(Config\Cache), false)
 9 FCPATH\index.php(55): CodeIgniter\CodeIgniter->run()
CRITICAL - 2023-05-17 14:04:21 --> Undefined variable: data_pembayaran
in APPPATH\Views\Admin\konfirmasi_pembayaran.php on line 7.
 1 APPPATH\Views\Admin\konfirmasi_pembayaran.php(7): CodeIgniter\Debug\Exceptions->errorHandler(8, 'Undefined variable: data_pembayaran', 'APPPATH\\Views\\Admin\\konfirmasi_pembayaran.php', 7, [...])
 2 SYSTEMPATH\View\View.php(213): include('APPPATH\\Views\\Admin\\konfirmasi_pembayaran.php')
 3 SYSTEMPATH\View\View.php(216): CodeIgniter\View\View->CodeIgniter\View\{closure}()
 4 SYSTEMPATH\Common.php(1135): CodeIgniter\View\View->render('Admin/konfirmasi_pembayaran', [], true)
 5 APPPATH\Controllers\Admin.php(201): view('Admin/konfirmasi_pembayaran', [...])
 6 SYSTEMPATH\CodeIgniter.php(896): App\Controllers\Admin->konfirmasi_pembayaran('19')
 7 SYSTEMPATH\CodeIgniter.php(466): CodeIgniter\CodeIgniter->runController(Object(App\Controllers\Admin))
 8 SYSTEMPATH\CodeIgniter.php(349): CodeIgniter\CodeIgniter->handleRequest(null, Object(Config\Cache), false)
 9 FCPATH\index.php(55): CodeIgniter\CodeIgniter->run()
CRITICAL - 2023-05-17 14:04:41 --> Undefined variable: pembayaran
in APPPATH\Views\Admin\konfirmasi_pembayaran.php on line 7.
 1 APPPATH\Views\Admin\konfirmasi_pembayaran.php(7): CodeIgniter\Debug\Exceptions->errorHandler(8, 'Undefined variable: pembayaran', 'APPPATH\\Views\\Admin\\konfirmasi_pembayaran.php', 7, [...])
 2 SYSTEMPATH\View\View.php(213): include('APPPATH\\Views\\Admin\\konfirmasi_pembayaran.php')
 3 SYSTEMPATH\View\View.php(216): CodeIgniter\View\View->CodeIgniter\View\{closure}()
 4 SYSTEMPATH\Common.php(1135): CodeIgniter\View\View->render('Admin/konfirmasi_pembayaran', [], true)
 5 APPPATH\Controllers\Admin.php(201): view('Admin/konfirmasi_pembayaran', [...])
 6 SYSTEMPATH\CodeIgniter.php(896): App\Controllers\Admin->konfirmasi_pembayaran('19')
 7 SYSTEMPATH\CodeIgniter.php(466): CodeIgniter\CodeIgniter->runController(Object(App\Controllers\Admin))
 8 SYSTEMPATH\CodeIgniter.php(349): CodeIgniter\CodeIgniter->handleRequest(null, Object(Config\Cache), false)
 9 FCPATH\index.php(55): CodeIgniter\CodeIgniter->run()
CRITICAL - 2023-05-17 14:07:39 --> Undefined variable: stat1
in APPPATH\Views\Admin\konfirmasi_pembayaran.php on line 19.
 1 APPPATH\Views\Admin\konfirmasi_pembayaran.php(19): CodeIgniter\Debug\Exceptions->errorHandler(8, 'Undefined variable: stat1', 'APPPATH\\Views\\Admin\\konfirmasi_pembayaran.php', 19, [...])
 2 SYSTEMPATH\View\View.php(213): include('APPPATH\\Views\\Admin\\konfirmasi_pembayaran.php')
 3 SYSTEMPATH\View\View.php(216): CodeIgniter\View\View->CodeIgniter\View\{closure}()
 4 SYSTEMPATH\Common.php(1135): CodeIgniter\View\View->render('Admin/konfirmasi_pembayaran', [], true)
 5 APPPATH\Controllers\Admin.php(201): view('Admin/konfirmasi_pembayaran', [...])
 6 SYSTEMPATH\CodeIgniter.php(896): App\Controllers\Admin->konfirmasi_pembayaran('19')
 7 SYSTEMPATH\CodeIgniter.php(466): CodeIgniter\CodeIgniter->runController(Object(App\Controllers\Admin))
 8 SYSTEMPATH\CodeIgniter.php(349): CodeIgniter\CodeIgniter->handleRequest(null, Object(Config\Cache), false)
 9 FCPATH\index.php(55): CodeIgniter\CodeIgniter->run()
ERROR - 2023-05-17 14:11:24 --> Unknown column 'id_pendaftar' in 'where clause'
CRITICAL - 2023-05-17 14:11:24 --> Unknown column 'id_pendaftar' in 'where clause'
in SYSTEMPATH\Database\MySQLi\Connection.php on line 292.
 1 SYSTEMPATH\Database\MySQLi\Connection.php(292): mysqli->query('SELECT *
FROM `data_pendaftar`
WHERE `id_pendaftar` = \'19\'
 LIMIT 1', 0)
 2 SYSTEMPATH\Database\BaseConnection.php(695): CodeIgniter\Database\MySQLi\Connection->execute('SELECT *
FROM `data_pendaftar`
WHERE `id_pendaftar` = \'19\'
 LIMIT 1')
 3 SYSTEMPATH\Database\BaseConnection.php(609): CodeIgniter\Database\BaseConnection->simpleQuery('SELECT *
FROM `data_pendaftar`
WHERE `id_pendaftar` = \'19\'
 LIMIT 1')
 4 SYSTEMPATH\Database\BaseBuilder.php(1585): CodeIgniter\Database\BaseConnection->query('SELECT *
FROM `data_pendaftar`
WHERE `id_pendaftar` = :id_pendaftar:
 LIMIT 1', [...], false)
 5 SYSTEMPATH\Model.php(249): CodeIgniter\Database\BaseBuilder->get()
 6 SYSTEMPATH\BaseModel.php(622): CodeIgniter\Model->doFirst()
 7 APPPATH\Controllers\Admin.php(193): CodeIgniter\BaseModel->first()
 8 SYSTEMPATH\CodeIgniter.php(896): App\Controllers\Admin->konfirmasi_pembayaran('19')
 9 SYSTEMPATH\CodeIgniter.php(466): CodeIgniter\CodeIgniter->runController(Object(App\Controllers\Admin))
10 SYSTEMPATH\CodeIgniter.php(349): CodeIgniter\CodeIgniter->handleRequest(null, Object(Config\Cache), false)
11 FCPATH\index.php(55): CodeIgniter\CodeIgniter->run()
CRITICAL - 2023-05-17 14:12:57 --> Object of class stdClass could not be converted to string
in APPPATH\Views\Admin\konfirmasi_pembayaran.php on line 7.
 1 SYSTEMPATH\View\View.php(213): include()
 2 SYSTEMPATH\View\View.php(216): CodeIgniter\View\View->CodeIgniter\View\{closure}()
 3 SYSTEMPATH\Common.php(1135): CodeIgniter\View\View->render('Admin/konfirmasi_pembayaran', [], true)
 4 APPPATH\Controllers\Admin.php(203): view('Admin/konfirmasi_pembayaran', [...])
 5 SYSTEMPATH\CodeIgniter.php(896): App\Controllers\Admin->konfirmasi_pembayaran('19')
 6 SYSTEMPATH\CodeIgniter.php(466): CodeIgniter\CodeIgniter->runController(Object(App\Controllers\Admin))
 7 SYSTEMPATH\CodeIgniter.php(349): CodeIgniter\CodeIgniter->handleRequest(null, Object(Config\Cache), false)
 8 FCPATH\index.php(55): CodeIgniter\CodeIgniter->run()
CRITICAL - 2023-05-17 14:25:51 --> Trying to get property 'id_pendaftar' of non-object
in APPPATH\Views\Admin\konfirmasi_pembayaran.php on line 7.
 1 APPPATH\Views\Admin\konfirmasi_pembayaran.php(7): CodeIgniter\Debug\Exceptions->errorHandler(8, 'Trying to get property \'id_pendaftar\' of non-object', 'APPPATH\\Views\\Admin\\konfirmasi_pembayaran.php', 7, [...])
 2 SYSTEMPATH\View\View.php(213): include('APPPATH\\Views\\Admin\\konfirmasi_pembayaran.php')
 3 SYSTEMPATH\View\View.php(216): CodeIgniter\View\View->CodeIgniter\View\{closure}()
 4 SYSTEMPATH\Common.php(1135): CodeIgniter\View\View->render('Admin/konfirmasi_pembayaran', [], true)
 5 APPPATH\Controllers\Admin.php(203): view('Admin/konfirmasi_pembayaran', [...])
 6 SYSTEMPATH\CodeIgniter.php(896): App\Controllers\Admin->konfirmasi_pembayaran('19')
 7 SYSTEMPATH\CodeIgniter.php(466): CodeIgniter\CodeIgniter->runController(Object(App\Controllers\Admin))
 8 SYSTEMPATH\CodeIgniter.php(349): CodeIgniter\CodeIgniter->handleRequest(null, Object(Config\Cache), false)
 9 FCPATH\index.php(55): CodeIgniter\CodeIgniter->run()
CRITICAL - 2023-05-17 14:27:36 --> Trying to get property 'id_pendaftar' of non-object
in APPPATH\Views\Admin\konfirmasi_pembayaran.php on line 8.
 1 APPPATH\Views\Admin\konfirmasi_pembayaran.php(8): CodeIgniter\Debug\Exceptions->errorHandler(8, 'Trying to get property \'id_pendaftar\' of non-object', 'APPPATH\\Views\\Admin\\konfirmasi_pembayaran.php', 8, [...])
 2 SYSTEMPATH\View\View.php(213): include('APPPATH\\Views\\Admin\\konfirmasi_pembayaran.php')
 3 SYSTEMPATH\View\View.php(216): CodeIgniter\View\View->CodeIgniter\View\{closure}()
 4 SYSTEMPATH\Common.php(1135): CodeIgniter\View\View->render('Admin/konfirmasi_pembayaran', [], true)
 5 APPPATH\Controllers\Admin.php(203): view('Admin/konfirmasi_pembayaran', [...])
 6 SYSTEMPATH\CodeIgniter.php(896): App\Controllers\Admin->konfirmasi_pembayaran('19')
 7 SYSTEMPATH\CodeIgniter.php(466): CodeIgniter\CodeIgniter->runController(Object(App\Controllers\Admin))
 8 SYSTEMPATH\CodeIgniter.php(349): CodeIgniter\CodeIgniter->handleRequest(null, Object(Config\Cache), false)
 9 FCPATH\index.php(55): CodeIgniter\CodeIgniter->run()
CRITICAL - 2023-05-17 14:27:38 --> Trying to get property 'id_pendaftar' of non-object
in APPPATH\Views\Admin\konfirmasi_pembayaran.php on line 8.
 1 APPPATH\Views\Admin\konfirmasi_pembayaran.php(8): CodeIgniter\Debug\Exceptions->errorHandler(8, 'Trying to get property \'id_pendaftar\' of non-object', 'APPPATH\\Views\\Admin\\konfirmasi_pembayaran.php', 8, [...])
 2 SYSTEMPATH\View\View.php(213): include('APPPATH\\Views\\Admin\\konfirmasi_pembayaran.php')
 3 SYSTEMPATH\View\View.php(216): CodeIgniter\View\View->CodeIgniter\View\{closure}()
 4 SYSTEMPATH\Common.php(1135): CodeIgniter\View\View->render('Admin/konfirmasi_pembayaran', [], true)
 5 APPPATH\Controllers\Admin.php(203): view('Admin/konfirmasi_pembayaran', [...])
 6 SYSTEMPATH\CodeIgniter.php(896): App\Controllers\Admin->konfirmasi_pembayaran('19')
 7 SYSTEMPATH\CodeIgniter.php(466): CodeIgniter\CodeIgniter->runController(Object(App\Controllers\Admin))
 8 SYSTEMPATH\CodeIgniter.php(349): CodeIgniter\CodeIgniter->handleRequest(null, Object(Config\Cache), false)
 9 FCPATH\index.php(55): CodeIgniter\CodeIgniter->run()
CRITICAL - 2023-05-17 14:55:24 --> Undefined variable: stat1
in APPPATH\Views\Admin\profil_zonasi.php on line 18.
 1 APPPATH\Views\Admin\profil_zonasi.php(18): CodeIgniter\Debug\Exceptions->errorHandler(8, 'Undefined variable: stat1', 'APPPATH\\Views\\Admin\\profil_zonasi.php', 18, [...])
 2 SYSTEMPATH\View\View.php(213): include('APPPATH\\Views\\Admin\\profil_zonasi.php')
 3 SYSTEMPATH\View\View.php(216): CodeIgniter\View\View->CodeIgniter\View\{closure}()
 4 SYSTEMPATH\Common.php(1135): CodeIgniter\View\View->render('Admin/profil_zonasi', [], true)
 5 APPPATH\Controllers\Pendaftar.php(178): view('Admin/profil_zonasi', [...])
 6 SYSTEMPATH\CodeIgniter.php(896): App\Controllers\Pendaftar->edit_ulang_profil('19')
 7 SYSTEMPATH\CodeIgniter.php(466): CodeIgniter\CodeIgniter->runController(Object(App\Controllers\Pendaftar))
 8 SYSTEMPATH\CodeIgniter.php(349): CodeIgniter\CodeIgniter->handleRequest(null, Object(Config\Cache), false)
 9 FCPATH\index.php(55): CodeIgniter\CodeIgniter->run()
CRITICAL - 2023-05-17 15:22:34 --> Trying to get property 'nomor_pendaftaran' of non-object
in APPPATH\Views\Admin\data_pembayaran.php on line 7.
 1 APPPATH\Views\Admin\data_pembayaran.php(7): CodeIgniter\Debug\Exceptions->errorHandler(8, 'Trying to get property \'nomor_pendaftaran\' of non-object', 'APPPATH\\Views\\Admin\\data_pembayaran.php', 7, [...])
 2 SYSTEMPATH\View\View.php(213): include('APPPATH\\Views\\Admin\\data_pembayaran.php')
 3 SYSTEMPATH\View\View.php(216): CodeIgniter\View\View->CodeIgniter\View\{closure}()
 4 SYSTEMPATH\Common.php(1135): CodeIgniter\View\View->render('Admin/data_pembayaran', [], true)
 5 APPPATH\Controllers\Admin.php(115): view('Admin/data_pembayaran', [...])
 6 SYSTEMPATH\CodeIgniter.php(896): App\Controllers\Admin->data_pembayaran()
 7 SYSTEMPATH\CodeIgniter.php(466): CodeIgniter\CodeIgniter->runController(Object(App\Controllers\Admin))
 8 SYSTEMPATH\CodeIgniter.php(349): CodeIgniter\CodeIgniter->handleRequest(null, Object(Config\Cache), false)
 9 FCPATH\index.php(55): CodeIgniter\CodeIgniter->run()
CRITICAL - 2023-05-17 15:24:52 --> Trying to get property 'nomor_pendaftaran' of non-object
in APPPATH\Views\Admin\data_pembayaran.php on line 7.
 1 APPPATH\Views\Admin\data_pembayaran.php(7): CodeIgniter\Debug\Exceptions->errorHandler(8, 'Trying to get property \'nomor_pendaftaran\' of non-object', 'APPPATH\\Views\\Admin\\data_pembayaran.php', 7, [...])
 2 SYSTEMPATH\View\View.php(213): include('APPPATH\\Views\\Admin\\data_pembayaran.php')
 3 SYSTEMPATH\View\View.php(216): CodeIgniter\View\View->CodeIgniter\View\{closure}()
 4 SYSTEMPATH\Common.php(1135): CodeIgniter\View\View->render('Admin/data_pembayaran', [], true)
 5 APPPATH\Controllers\Admin.php(116): view('Admin/data_pembayaran', [...])
 6 SYSTEMPATH\CodeIgniter.php(896): App\Controllers\Admin->data_pembayaran()
 7 SYSTEMPATH\CodeIgniter.php(466): CodeIgniter\CodeIgniter->runController(Object(App\Controllers\Admin))
 8 SYSTEMPATH\CodeIgniter.php(349): CodeIgniter\CodeIgniter->handleRequest(null, Object(Config\Cache), false)
 9 FCPATH\index.php(55): CodeIgniter\CodeIgniter->run()
CRITICAL - 2023-05-17 15:26:13 --> Undefined variable: pendaftar
in APPPATH\Views\Admin\data_pembayaran.php on line 7.
 1 APPPATH\Views\Admin\data_pembayaran.php(7): CodeIgniter\Debug\Exceptions->errorHandler(8, 'Undefined variable: pendaftar', 'APPPATH\\Views\\Admin\\data_pembayaran.php', 7, [...])
 2 SYSTEMPATH\View\View.php(213): include('APPPATH\\Views\\Admin\\data_pembayaran.php')
 3 SYSTEMPATH\View\View.php(216): CodeIgniter\View\View->CodeIgniter\View\{closure}()
 4 SYSTEMPATH\Common.php(1135): CodeIgniter\View\View->render('Admin/data_pembayaran', [], true)
 5 APPPATH\Controllers\Admin.php(113): view('Admin/data_pembayaran', [...])
 6 SYSTEMPATH\CodeIgniter.php(896): App\Controllers\Admin->data_pembayaran()
 7 SYSTEMPATH\CodeIgniter.php(466): CodeIgniter\CodeIgniter->runController(Object(App\Controllers\Admin))
 8 SYSTEMPATH\CodeIgniter.php(349): CodeIgniter\CodeIgniter->handleRequest(null, Object(Config\Cache), false)
 9 FCPATH\index.php(55): CodeIgniter\CodeIgniter->run()
CRITICAL - 2023-05-17 15:52:34 --> Trying to get property 'nama_bank' of non-object
in APPPATH\Views\Admin\data_pembayaran.php on line 7.
 1 APPPATH\Views\Admin\data_pembayaran.php(7): CodeIgniter\Debug\Exceptions->errorHandler(8, 'Trying to get property \'nama_bank\' of non-object', 'APPPATH\\Views\\Admin\\data_pembayaran.php', 7, [...])
 2 SYSTEMPATH\View\View.php(213): include('APPPATH\\Views\\Admin\\data_pembayaran.php')
 3 SYSTEMPATH\View\View.php(216): CodeIgniter\View\View->CodeIgniter\View\{closure}()
 4 SYSTEMPATH\Common.php(1135): CodeIgniter\View\View->render('Admin/data_pembayaran', [], true)
 5 APPPATH\Controllers\Admin.php(114): view('Admin/data_pembayaran', [...])
 6 SYSTEMPATH\CodeIgniter.php(896): App\Controllers\Admin->data_pembayaran()
 7 SYSTEMPATH\CodeIgniter.php(466): CodeIgniter\CodeIgniter->runController(Object(App\Controllers\Admin))
 8 SYSTEMPATH\CodeIgniter.php(349): CodeIgniter\CodeIgniter->handleRequest(null, Object(Config\Cache), false)
 9 FCPATH\index.php(55): CodeIgniter\CodeIgniter->run()
CRITICAL - 2023-05-17 15:53:22 --> Array to string conversion
in APPPATH\Views\Admin\data_pembayaran.php on line 7.
 1 APPPATH\Views\Admin\data_pembayaran.php(7): CodeIgniter\Debug\Exceptions->errorHandler(8, 'Array to string conversion', 'APPPATH\\Views\\Admin\\data_pembayaran.php', 7, [...])
 2 SYSTEMPATH\View\View.php(213): include('APPPATH\\Views\\Admin\\data_pembayaran.php')
 3 SYSTEMPATH\View\View.php(216): CodeIgniter\View\View->CodeIgniter\View\{closure}()
 4 SYSTEMPATH\Common.php(1135): CodeIgniter\View\View->render('Admin/data_pembayaran', [], true)
 5 APPPATH\Controllers\Admin.php(114): view('Admin/data_pembayaran', [...])
 6 SYSTEMPATH\CodeIgniter.php(896): App\Controllers\Admin->data_pembayaran()
 7 SYSTEMPATH\CodeIgniter.php(466): CodeIgniter\CodeIgniter->runController(Object(App\Controllers\Admin))
 8 SYSTEMPATH\CodeIgniter.php(349): CodeIgniter\CodeIgniter->handleRequest(null, Object(Config\Cache), false)
 9 FCPATH\index.php(55): CodeIgniter\CodeIgniter->run()
CRITICAL - 2023-05-17 15:56:25 --> Undefined index: id
in APPPATH\Views\Admin\data_pembayaran.php on line 7.
 1 APPPATH\Views\Admin\data_pembayaran.php(7): CodeIgniter\Debug\Exceptions->errorHandler(8, 'Undefined index: id', 'APPPATH\\Views\\Admin\\data_pembayaran.php', 7, [...])
 2 SYSTEMPATH\View\View.php(213): include('APPPATH\\Views\\Admin\\data_pembayaran.php')
 3 SYSTEMPATH\View\View.php(216): CodeIgniter\View\View->CodeIgniter\View\{closure}()
 4 SYSTEMPATH\Common.php(1135): CodeIgniter\View\View->render('Admin/data_pembayaran', [], true)
 5 APPPATH\Controllers\Admin.php(114): view('Admin/data_pembayaran', [...])
 6 SYSTEMPATH\CodeIgniter.php(896): App\Controllers\Admin->data_pembayaran()
 7 SYSTEMPATH\CodeIgniter.php(466): CodeIgniter\CodeIgniter->runController(Object(App\Controllers\Admin))
 8 SYSTEMPATH\CodeIgniter.php(349): CodeIgniter\CodeIgniter->handleRequest(null, Object(Config\Cache), false)
 9 FCPATH\index.php(55): CodeIgniter\CodeIgniter->run()
CRITICAL - 2023-05-17 15:56:55 --> syntax error, unexpected '=>' (T_DOUBLE_ARROW), expecting ';' or ','
in APPPATH\Views\Admin\data_pembayaran.php on line 7.
 1 SYSTEMPATH\View\View.php(216): CodeIgniter\View\View->CodeIgniter\View\{closure}()
 2 SYSTEMPATH\Common.php(1135): CodeIgniter\View\View->render('Admin/data_pembayaran', [], true)
 3 APPPATH\Controllers\Admin.php(114): view('Admin/data_pembayaran', [...])
 4 SYSTEMPATH\CodeIgniter.php(896): App\Controllers\Admin->data_pembayaran()
 5 SYSTEMPATH\CodeIgniter.php(466): CodeIgniter\CodeIgniter->runController(Object(App\Controllers\Admin))
 6 SYSTEMPATH\CodeIgniter.php(349): CodeIgniter\CodeIgniter->handleRequest(null, Object(Config\Cache), false)
 7 FCPATH\index.php(55): CodeIgniter\CodeIgniter->run()
CRITICAL - 2023-05-17 15:57:04 --> syntax error, unexpected '=>' (T_DOUBLE_ARROW), expecting ';' or ','
in APPPATH\Views\Admin\data_pembayaran.php on line 7.
 1 SYSTEMPATH\View\View.php(216): CodeIgniter\View\View->CodeIgniter\View\{closure}()
 2 SYSTEMPATH\Common.php(1135): CodeIgniter\View\View->render('Admin/data_pembayaran', [], true)
 3 APPPATH\Controllers\Admin.php(114): view('Admin/data_pembayaran', [...])
 4 SYSTEMPATH\CodeIgniter.php(896): App\Controllers\Admin->data_pembayaran()
 5 SYSTEMPATH\CodeIgniter.php(466): CodeIgniter\CodeIgniter->runController(Object(App\Controllers\Admin))
 6 SYSTEMPATH\CodeIgniter.php(349): CodeIgniter\CodeIgniter->handleRequest(null, Object(Config\Cache), false)
 7 FCPATH\index.php(55): CodeIgniter\CodeIgniter->run()
CRITICAL - 2023-05-17 15:57:10 --> syntax error, unexpected '>'
in APPPATH\Views\Admin\data_pembayaran.php on line 7.
 1 SYSTEMPATH\View\View.php(216): CodeIgniter\View\View->CodeIgniter\View\{closure}()
 2 SYSTEMPATH\Common.php(1135): CodeIgniter\View\View->render('Admin/data_pembayaran', [], true)
 3 APPPATH\Controllers\Admin.php(114): view('Admin/data_pembayaran', [...])
 4 SYSTEMPATH\CodeIgniter.php(896): App\Controllers\Admin->data_pembayaran()
 5 SYSTEMPATH\CodeIgniter.php(466): CodeIgniter\CodeIgniter->runController(Object(App\Controllers\Admin))
 6 SYSTEMPATH\CodeIgniter.php(349): CodeIgniter\CodeIgniter->handleRequest(null, Object(Config\Cache), false)
 7 FCPATH\index.php(55): CodeIgniter\CodeIgniter->run()
ERROR - 2023-05-17 16:03:38 --> Unknown column 'user.id_ref' in 'on clause'
CRITICAL - 2023-05-17 16:03:38 --> Unknown column 'user.id_ref' in 'on clause'
in SYSTEMPATH\Database\MySQLi\Connection.php on line 292.
 1 SYSTEMPATH\Database\MySQLi\Connection.php(292): mysqli->query('SELECT *
FROM `pembayaran`
JOIN `data_pendaftar` ON `data_pendaftar`.`id` = `user`.`id_ref`', 0)
 2 SYSTEMPATH\Database\BaseConnection.php(695): CodeIgniter\Database\MySQLi\Connection->execute('SELECT *
FROM `pembayaran`
JOIN `data_pendaftar` ON `data_pendaftar`.`id` = `user`.`id_ref`')
 3 SYSTEMPATH\Database\BaseConnection.php(609): CodeIgniter\Database\BaseConnection->simpleQuery('SELECT *
FROM `pembayaran`
JOIN `data_pendaftar` ON `data_pendaftar`.`id` = `user`.`id_ref`')
 4 SYSTEMPATH\Database\BaseBuilder.php(1585): CodeIgniter\Database\BaseConnection->query('SELECT *
FROM `pembayaran`
JOIN `data_pendaftar` ON `data_pendaftar`.`id` = `user`.`id_ref`', [], false)
 5 SYSTEMPATH\Model.php(222): CodeIgniter\Database\BaseBuilder->get()
 6 SYSTEMPATH\BaseModel.php(584): CodeIgniter\Model->doFindAll(0, 0)
 7 APPPATH\Controllers\Admin.php(110): CodeIgniter\BaseModel->findAll()
 8 SYSTEMPATH\CodeIgniter.php(896): App\Controllers\Admin->data_pembayaran()
 9 SYSTEMPATH\CodeIgniter.php(466): CodeIgniter\CodeIgniter->runController(Object(App\Controllers\Admin))
10 SYSTEMPATH\CodeIgniter.php(349): CodeIgniter\CodeIgniter->handleRequest(null, Object(Config\Cache), false)
11 FCPATH\index.php(55): CodeIgniter\CodeIgniter->run()
CRITICAL - 2023-05-17 16:07:46 --> syntax error, unexpected '<'
in APPPATH\Views\Admin\data_pembayaran.php on line 49.
 1 SYSTEMPATH\View\View.php(216): CodeIgniter\View\View->CodeIgniter\View\{closure}()
 2 SYSTEMPATH\Common.php(1135): CodeIgniter\View\View->render('Admin/data_pembayaran', [], true)
 3 APPPATH\Controllers\Admin.php(114): view('Admin/data_pembayaran', [...])
 4 SYSTEMPATH\CodeIgniter.php(896): App\Controllers\Admin->data_pembayaran()
 5 SYSTEMPATH\CodeIgniter.php(466): CodeIgniter\CodeIgniter->runController(Object(App\Controllers\Admin))
 6 SYSTEMPATH\CodeIgniter.php(349): CodeIgniter\CodeIgniter->handleRequest(null, Object(Config\Cache), false)
 7 FCPATH\index.php(55): CodeIgniter\CodeIgniter->run()
CRITICAL - 2023-05-17 16:08:27 --> syntax error, unexpected '<'
in APPPATH\Views\Admin\data_pembayaran.php on line 49.
 1 SYSTEMPATH\View\View.php(216): CodeIgniter\View\View->CodeIgniter\View\{closure}()
 2 SYSTEMPATH\Common.php(1135): CodeIgniter\View\View->render('Admin/data_pembayaran', [], true)
 3 APPPATH\Controllers\Admin.php(114): view('Admin/data_pembayaran', [...])
 4 SYSTEMPATH\CodeIgniter.php(896): App\Controllers\Admin->data_pembayaran()
 5 SYSTEMPATH\CodeIgniter.php(466): CodeIgniter\CodeIgniter->runController(Object(App\Controllers\Admin))
 6 SYSTEMPATH\CodeIgniter.php(349): CodeIgniter\CodeIgniter->handleRequest(null, Object(Config\Cache), false)
 7 FCPATH\index.php(55): CodeIgniter\CodeIgniter->run()
CRITICAL - 2023-05-17 16:09:07 --> syntax error, unexpected '<'
in APPPATH\Views\Admin\data_pembayaran.php on line 49.
 1 SYSTEMPATH\View\View.php(216): CodeIgniter\View\View->CodeIgniter\View\{closure}()
 2 SYSTEMPATH\Common.php(1135): CodeIgniter\View\View->render('Admin/data_pembayaran', [], true)
 3 APPPATH\Controllers\Admin.php(114): view('Admin/data_pembayaran', [...])
 4 SYSTEMPATH\CodeIgniter.php(896): App\Controllers\Admin->data_pembayaran()
 5 SYSTEMPATH\CodeIgniter.php(466): CodeIgniter\CodeIgniter->runController(Object(App\Controllers\Admin))
 6 SYSTEMPATH\CodeIgniter.php(349): CodeIgniter\CodeIgniter->handleRequest(null, Object(Config\Cache), false)
 7 FCPATH\index.php(55): CodeIgniter\CodeIgniter->run()
CRITICAL - 2023-05-17 16:24:01 --> Trying to get property 'id_ref' of non-object
in APPPATH\Views\Admin\data_pembayaran.php on line 7.
 1 APPPATH\Views\Admin\data_pembayaran.php(7): CodeIgniter\Debug\Exceptions->errorHandler(8, 'Trying to get property \'id_ref\' of non-object', 'APPPATH\\Views\\Admin\\data_pembayaran.php', 7, [...])
 2 SYSTEMPATH\View\View.php(213): include('APPPATH\\Views\\Admin\\data_pembayaran.php')
 3 SYSTEMPATH\View\View.php(216): CodeIgniter\View\View->CodeIgniter\View\{closure}()
 4 SYSTEMPATH\Common.php(1135): CodeIgniter\View\View->render('Admin/data_pembayaran', [], true)
 5 APPPATH\Controllers\Admin.php(114): view('Admin/data_pembayaran', [...])
 6 SYSTEMPATH\CodeIgniter.php(896): App\Controllers\Admin->data_pembayaran()
 7 SYSTEMPATH\CodeIgniter.php(466): CodeIgniter\CodeIgniter->runController(Object(App\Controllers\Admin))
 8 SYSTEMPATH\CodeIgniter.php(349): CodeIgniter\CodeIgniter->handleRequest(null, Object(Config\Cache), false)
 9 FCPATH\index.php(55): CodeIgniter\CodeIgniter->run()
CRITICAL - 2023-05-17 16:43:22 --> Call to a member function join() on null
in APPPATH\Controllers\Pembayaran.php on line 269.
 1 SYSTEMPATH\CodeIgniter.php(896): App\Controllers\Pembayaran->status_pembayaran('17')
 2 SYSTEMPATH\CodeIgniter.php(466): CodeIgniter\CodeIgniter->runController(Object(App\Controllers\Pembayaran))
 3 SYSTEMPATH\CodeIgniter.php(349): CodeIgniter\CodeIgniter->handleRequest(null, Object(Config\Cache), false)
 4 FCPATH\index.php(55): CodeIgniter\CodeIgniter->run()
CRITICAL - 2023-05-17 16:44:23 --> syntax error, unexpected ';', expecting ')'
in APPPATH\Controllers\Pembayaran.php on line 270.
 1 SYSTEMPATH\Autoloader\Autoloader.php(261): CodeIgniter\Autoloader\Autoloader->includeFile('APPPATH\\Controllers\\Pembayaran.php')
 2 SYSTEMPATH\Autoloader\Autoloader.php(239): CodeIgniter\Autoloader\Autoloader->loadInNamespace('App\\Controllers\\Pembayaran')
 3 [internal function]: CodeIgniter\Autoloader\Autoloader->loadClass('App\\Controllers\\Pembayaran')
 4 [internal function]: spl_autoload_call('App\\Controllers\\Pembayaran')
 5 SYSTEMPATH\CodeIgniter.php(846): class_exists('\\App\\Controllers\\Pembayaran', true)
 6 SYSTEMPATH\CodeIgniter.php(453): CodeIgniter\CodeIgniter->startController()
 7 SYSTEMPATH\CodeIgniter.php(349): CodeIgniter\CodeIgniter->handleRequest(null, Object(Config\Cache), false)
 8 FCPATH\index.php(55): CodeIgniter\CodeIgniter->run()
CRITICAL - 2023-05-17 16:46:24 --> syntax error, unexpected ';', expecting ')'
in APPPATH\Controllers\Pembayaran.php on line 270.
 1 SYSTEMPATH\Autoloader\Autoloader.php(261): CodeIgniter\Autoloader\Autoloader->includeFile('APPPATH\\Controllers\\Pembayaran.php')
 2 SYSTEMPATH\Autoloader\Autoloader.php(239): CodeIgniter\Autoloader\Autoloader->loadInNamespace('App\\Controllers\\Pembayaran')
 3 [internal function]: CodeIgniter\Autoloader\Autoloader->loadClass('App\\Controllers\\Pembayaran')
 4 [internal function]: spl_autoload_call('App\\Controllers\\Pembayaran')
 5 SYSTEMPATH\CodeIgniter.php(846): class_exists('\\App\\Controllers\\Pembayaran', true)
 6 SYSTEMPATH\CodeIgniter.php(453): CodeIgniter\CodeIgniter->startController()
 7 SYSTEMPATH\CodeIgniter.php(349): CodeIgniter\CodeIgniter->handleRequest(null, Object(Config\Cache), false)
 8 FCPATH\index.php(55): CodeIgniter\CodeIgniter->run()
CRITICAL - 2023-05-17 16:46:46 --> Undefined variable: pendaftar
in APPPATH\Controllers\Pembayaran.php on line 271.
 1 APPPATH\Controllers\Pembayaran.php(271): CodeIgniter\Debug\Exceptions->errorHandler(8, 'Undefined variable: pendaftar', 'APPPATH\\Controllers\\Pembayaran.php', 271, [...])
 2 SYSTEMPATH\CodeIgniter.php(896): App\Controllers\Pembayaran->status_pembayaran('17')
 3 SYSTEMPATH\CodeIgniter.php(466): CodeIgniter\CodeIgniter->runController(Object(App\Controllers\Pembayaran))
 4 SYSTEMPATH\CodeIgniter.php(349): CodeIgniter\CodeIgniter->handleRequest(null, Object(Config\Cache), false)
 5 FCPATH\index.php(55): CodeIgniter\CodeIgniter->run()
CRITICAL - 2023-05-17 16:50:55 --> Trying to get property 'nomor_pendaftaran' of non-object
in APPPATH\Views\Admin\data_pembayaran.php on line 7.
 1 APPPATH\Views\Admin\data_pembayaran.php(7): CodeIgniter\Debug\Exceptions->errorHandler(8, 'Trying to get property \'nomor_pendaftaran\' of non-object', 'APPPATH\\Views\\Admin\\data_pembayaran.php', 7, [...])
 2 SYSTEMPATH\View\View.php(213): include('APPPATH\\Views\\Admin\\data_pembayaran.php')
 3 SYSTEMPATH\View\View.php(216): CodeIgniter\View\View->CodeIgniter\View\{closure}()
 4 SYSTEMPATH\Common.php(1135): CodeIgniter\View\View->render('Admin/data_pembayaran', [], true)
 5 APPPATH\Controllers\Admin.php(116): view('Admin/data_pembayaran', [...])
 6 SYSTEMPATH\CodeIgniter.php(896): App\Controllers\Admin->data_pembayaran()
 7 SYSTEMPATH\CodeIgniter.php(466): CodeIgniter\CodeIgniter->runController(Object(App\Controllers\Admin))
 8 SYSTEMPATH\CodeIgniter.php(349): CodeIgniter\CodeIgniter->handleRequest(null, Object(Config\Cache), false)
 9 FCPATH\index.php(55): CodeIgniter\CodeIgniter->run()
CRITICAL - 2023-05-17 16:51:51 --> Trying to get property 'nomor_pendaftaran' of non-object
in APPPATH\Views\Admin\data_pembayaran.php on line 7.
 1 APPPATH\Views\Admin\data_pembayaran.php(7): CodeIgniter\Debug\Exceptions->errorHandler(8, 'Trying to get property \'nomor_pendaftaran\' of non-object', 'APPPATH\\Views\\Admin\\data_pembayaran.php', 7, [...])
 2 SYSTEMPATH\View\View.php(213): include('APPPATH\\Views\\Admin\\data_pembayaran.php')
 3 SYSTEMPATH\View\View.php(216): CodeIgniter\View\View->CodeIgniter\View\{closure}()
 4 SYSTEMPATH\Common.php(1135): CodeIgniter\View\View->render('Admin/data_pembayaran', [], true)
 5 APPPATH\Controllers\Admin.php(116): view('Admin/data_pembayaran', [...])
 6 SYSTEMPATH\CodeIgniter.php(896): App\Controllers\Admin->data_pembayaran()
 7 SYSTEMPATH\CodeIgniter.php(466): CodeIgniter\CodeIgniter->runController(Object(App\Controllers\Admin))
 8 SYSTEMPATH\CodeIgniter.php(349): CodeIgniter\CodeIgniter->handleRequest(null, Object(Config\Cache), false)
 9 FCPATH\index.php(55): CodeIgniter\CodeIgniter->run()
CRITICAL - 2023-05-17 17:36:11 --> Undefined variable: user1
in APPPATH\Views\Admin\data_pembayaran.php on line 7.
 1 APPPATH\Views\Admin\data_pembayaran.php(7): CodeIgniter\Debug\Exceptions->errorHandler(8, 'Undefined variable: user1', 'APPPATH\\Views\\Admin\\data_pembayaran.php', 7, [...])
 2 SYSTEMPATH\View\View.php(213): include('APPPATH\\Views\\Admin\\data_pembayaran.php')
 3 SYSTEMPATH\View\View.php(216): CodeIgniter\View\View->CodeIgniter\View\{closure}()
 4 SYSTEMPATH\Common.php(1135): CodeIgniter\View\View->render('Admin/data_pembayaran', [], true)
 5 APPPATH\Controllers\Admin.php(110): view('Admin/data_pembayaran', [...])
 6 SYSTEMPATH\CodeIgniter.php(896): App\Controllers\Admin->data_pembayaran()
 7 SYSTEMPATH\CodeIgniter.php(466): CodeIgniter\CodeIgniter->runController(Object(App\Controllers\Admin))
 8 SYSTEMPATH\CodeIgniter.php(349): CodeIgniter\CodeIgniter->handleRequest(null, Object(Config\Cache), false)
 9 FCPATH\index.php(55): CodeIgniter\CodeIgniter->run()
CRITICAL - 2023-05-17 17:36:21 --> Undefined variable: user
in APPPATH\Views\Admin\data_pembayaran.php on line 44.
 1 APPPATH\Views\Admin\data_pembayaran.php(44): CodeIgniter\Debug\Exceptions->errorHandler(8, 'Undefined variable: user', 'APPPATH\\Views\\Admin\\data_pembayaran.php', 44, [...])
 2 SYSTEMPATH\View\View.php(213): include('APPPATH\\Views\\Admin\\data_pembayaran.php')
 3 SYSTEMPATH\View\View.php(216): CodeIgniter\View\View->CodeIgniter\View\{closure}()
 4 SYSTEMPATH\Common.php(1135): CodeIgniter\View\View->render('Admin/data_pembayaran', [], true)
 5 APPPATH\Controllers\Admin.php(110): view('Admin/data_pembayaran', [...])
 6 SYSTEMPATH\CodeIgniter.php(896): App\Controllers\Admin->data_pembayaran()
 7 SYSTEMPATH\CodeIgniter.php(466): CodeIgniter\CodeIgniter->runController(Object(App\Controllers\Admin))
 8 SYSTEMPATH\CodeIgniter.php(349): CodeIgniter\CodeIgniter->handleRequest(null, Object(Config\Cache), false)
 9 FCPATH\index.php(55): CodeIgniter\CodeIgniter->run()
CRITICAL - 2023-05-17 18:14:33 --> Call to a member function where() on string
in APPPATH\Controllers\Admin.php on line 47.
 1 SYSTEMPATH\CodeIgniter.php(896): App\Controllers\Admin->dashboard_siswa()
 2 SYSTEMPATH\CodeIgniter.php(466): CodeIgniter\CodeIgniter->runController(Object(App\Controllers\Admin))
 3 SYSTEMPATH\CodeIgniter.php(349): CodeIgniter\CodeIgniter->handleRequest(null, Object(Config\Cache), false)
 4 FCPATH\index.php(55): CodeIgniter\CodeIgniter->run()
ERROR - 2023-05-17 18:21:29 --> Column 'id' in where clause is ambiguous
CRITICAL - 2023-05-17 18:21:29 --> Column 'id' in where clause is ambiguous
in SYSTEMPATH\Database\MySQLi\Connection.php on line 292.
 1 SYSTEMPATH\Database\MySQLi\Connection.php(292): mysqli->query('SELECT *
FROM `data_pendaftar`
JOIN `user` ON `user`.`id_ref` = `data_pendaftar`.`id`
WHERE `id` = \'20\'
 LIMIT 1', 0)
 2 SYSTEMPATH\Database\BaseConnection.php(695): CodeIgniter\Database\MySQLi\Connection->execute('SELECT *
FROM `data_pendaftar`
JOIN `user` ON `user`.`id_ref` = `data_pendaftar`.`id`
WHERE `id` = \'20\'
 LIMIT 1')
 3 SYSTEMPATH\Database\BaseConnection.php(609): CodeIgniter\Database\BaseConnection->simpleQuery('SELECT *
FROM `data_pendaftar`
JOIN `user` ON `user`.`id_ref` = `data_pendaftar`.`id`
WHERE `id` = \'20\'
 LIMIT 1')
 4 SYSTEMPATH\Database\BaseBuilder.php(1585): CodeIgniter\Database\BaseConnection->query('SELECT *
FROM `data_pendaftar`
JOIN `user` ON `user`.`id_ref` = `data_pendaftar`.`id`
WHERE `id` = :id:
 LIMIT 1', [...], false)
 5 SYSTEMPATH\Model.php(249): CodeIgniter\Database\BaseBuilder->get()
 6 SYSTEMPATH\BaseModel.php(622): CodeIgniter\Model->doFirst()
 7 APPPATH\Controllers\Admin.php(47): CodeIgniter\BaseModel->first()
 8 SYSTEMPATH\CodeIgniter.php(896): App\Controllers\Admin->dashboard_siswa()
 9 SYSTEMPATH\CodeIgniter.php(466): CodeIgniter\CodeIgniter->runController(Object(App\Controllers\Admin))
10 SYSTEMPATH\CodeIgniter.php(349): CodeIgniter\CodeIgniter->handleRequest(null, Object(Config\Cache), false)
11 FCPATH\index.php(55): CodeIgniter\CodeIgniter->run()
CRITICAL - 2023-05-17 18:35:18 --> syntax error, unexpected ''stat1'' (T_CONSTANT_ENCAPSED_STRING), expecting ']'
in APPPATH\Controllers\Admin.php on line 50.
 1 SYSTEMPATH\Autoloader\Autoloader.php(261): CodeIgniter\Autoloader\Autoloader->includeFile('APPPATH\\Controllers\\Admin.php')
 2 SYSTEMPATH\Autoloader\Autoloader.php(239): CodeIgniter\Autoloader\Autoloader->loadInNamespace('App\\Controllers\\Admin')
 3 [internal function]: CodeIgniter\Autoloader\Autoloader->loadClass('App\\Controllers\\Admin')
 4 [internal function]: spl_autoload_call('App\\Controllers\\Admin')
 5 SYSTEMPATH\CodeIgniter.php(846): class_exists('\\App\\Controllers\\Admin', true)
 6 SYSTEMPATH\CodeIgniter.php(453): CodeIgniter\CodeIgniter->startController()
 7 SYSTEMPATH\CodeIgniter.php(349): CodeIgniter\CodeIgniter->handleRequest(null, Object(Config\Cache), false)
 8 FCPATH\index.php(55): CodeIgniter\CodeIgniter->run()
CRITICAL - 2023-05-17 18:39:39 --> syntax error, unexpected ''stat1'' (T_CONSTANT_ENCAPSED_STRING), expecting ']'
in APPPATH\Controllers\Admin.php on line 50.
 1 SYSTEMPATH\Autoloader\Autoloader.php(261): CodeIgniter\Autoloader\Autoloader->includeFile('APPPATH\\Controllers\\Admin.php')
 2 SYSTEMPATH\Autoloader\Autoloader.php(239): CodeIgniter\Autoloader\Autoloader->loadInNamespace('App\\Controllers\\Admin')
 3 [internal function]: CodeIgniter\Autoloader\Autoloader->loadClass('App\\Controllers\\Admin')
 4 [internal function]: spl_autoload_call('App\\Controllers\\Admin')
 5 SYSTEMPATH\CodeIgniter.php(846): class_exists('\\App\\Controllers\\Admin', true)
 6 SYSTEMPATH\CodeIgniter.php(453): CodeIgniter\CodeIgniter->startController()
 7 SYSTEMPATH\CodeIgniter.php(349): CodeIgniter\CodeIgniter->handleRequest(null, Object(Config\Cache), false)
 8 FCPATH\index.php(55): CodeIgniter\CodeIgniter->run()
CRITICAL - 2023-05-17 18:39:56 --> syntax error, unexpected ''stat1'' (T_CONSTANT_ENCAPSED_STRING), expecting ']'
in APPPATH\Controllers\Admin.php on line 50.
 1 SYSTEMPATH\Autoloader\Autoloader.php(261): CodeIgniter\Autoloader\Autoloader->includeFile('APPPATH\\Controllers\\Admin.php')
 2 SYSTEMPATH\Autoloader\Autoloader.php(239): CodeIgniter\Autoloader\Autoloader->loadInNamespace('App\\Controllers\\Admin')
 3 [internal function]: CodeIgniter\Autoloader\Autoloader->loadClass('App\\Controllers\\Admin')
 4 [internal function]: spl_autoload_call('App\\Controllers\\Admin')
 5 SYSTEMPATH\CodeIgniter.php(846): class_exists('\\App\\Controllers\\Admin', true)
 6 SYSTEMPATH\CodeIgniter.php(453): CodeIgniter\CodeIgniter->startController()
 7 SYSTEMPATH\CodeIgniter.php(349): CodeIgniter\CodeIgniter->handleRequest(null, Object(Config\Cache), false)
 8 FCPATH\index.php(55): CodeIgniter\CodeIgniter->run()
CRITICAL - 2023-05-17 18:42:31 --> syntax error, unexpected ''stat1'' (T_CONSTANT_ENCAPSED_STRING), expecting ']'
in APPPATH\Controllers\Admin.php on line 50.
 1 SYSTEMPATH\Autoloader\Autoloader.php(261): CodeIgniter\Autoloader\Autoloader->includeFile('APPPATH\\Controllers\\Admin.php')
 2 SYSTEMPATH\Autoloader\Autoloader.php(239): CodeIgniter\Autoloader\Autoloader->loadInNamespace('App\\Controllers\\Admin')
 3 [internal function]: CodeIgniter\Autoloader\Autoloader->loadClass('App\\Controllers\\Admin')
 4 [internal function]: spl_autoload_call('App\\Controllers\\Admin')
 5 SYSTEMPATH\CodeIgniter.php(846): class_exists('\\App\\Controllers\\Admin', true)
 6 SYSTEMPATH\CodeIgniter.php(453): CodeIgniter\CodeIgniter->startController()
 7 SYSTEMPATH\CodeIgniter.php(349): CodeIgniter\CodeIgniter->handleRequest(null, Object(Config\Cache), false)
 8 FCPATH\index.php(55): CodeIgniter\CodeIgniter->run()
CRITICAL - 2023-05-17 18:42:41 --> syntax error, unexpected '=>' (T_DOUBLE_ARROW), expecting ']'
in APPPATH\Controllers\Admin.php on line 50.
 1 SYSTEMPATH\Autoloader\Autoloader.php(261): CodeIgniter\Autoloader\Autoloader->includeFile('APPPATH\\Controllers\\Admin.php')
 2 SYSTEMPATH\Autoloader\Autoloader.php(239): CodeIgniter\Autoloader\Autoloader->loadInNamespace('App\\Controllers\\Admin')
 3 [internal function]: CodeIgniter\Autoloader\Autoloader->loadClass('App\\Controllers\\Admin')
 4 [internal function]: spl_autoload_call('App\\Controllers\\Admin')
 5 SYSTEMPATH\CodeIgniter.php(846): class_exists('\\App\\Controllers\\Admin', true)
 6 SYSTEMPATH\CodeIgniter.php(453): CodeIgniter\CodeIgniter->startController()
 7 SYSTEMPATH\CodeIgniter.php(349): CodeIgniter\CodeIgniter->handleRequest(null, Object(Config\Cache), false)
 8 FCPATH\index.php(55): CodeIgniter\CodeIgniter->run()
CRITICAL - 2023-05-17 18:43:23 --> Assignments can only happen to writable values
in APPPATH\Controllers\Admin.php on line 51.
 1 [internal function]: CodeIgniter\Debug\Exceptions->shutdownHandler()
CRITICAL - 2023-05-17 18:45:22 --> syntax error, unexpected ''stat1'' (T_CONSTANT_ENCAPSED_STRING), expecting ']'
in APPPATH\Controllers\Admin.php on line 50.
 1 SYSTEMPATH\Autoloader\Autoloader.php(261): CodeIgniter\Autoloader\Autoloader->includeFile('APPPATH\\Controllers\\Admin.php')
 2 SYSTEMPATH\Autoloader\Autoloader.php(239): CodeIgniter\Autoloader\Autoloader->loadInNamespace('App\\Controllers\\Admin')
 3 [internal function]: CodeIgniter\Autoloader\Autoloader->loadClass('App\\Controllers\\Admin')
 4 [internal function]: spl_autoload_call('App\\Controllers\\Admin')
 5 SYSTEMPATH\CodeIgniter.php(846): class_exists('\\App\\Controllers\\Admin', true)
 6 SYSTEMPATH\CodeIgniter.php(453): CodeIgniter\CodeIgniter->startController()
 7 SYSTEMPATH\CodeIgniter.php(349): CodeIgniter\CodeIgniter->handleRequest(null, Object(Config\Cache), false)
 8 FCPATH\index.php(55): CodeIgniter\CodeIgniter->run()
CRITICAL - 2023-05-17 18:50:23 --> syntax error, unexpected '}'
in APPPATH\Views\Admin\dashboard_siswa.php on line 29.
 1 SYSTEMPATH\View\View.php(216): CodeIgniter\View\View->CodeIgniter\View\{closure}()
 2 SYSTEMPATH\Common.php(1135): CodeIgniter\View\View->render('Admin/dashboard_siswa', [], true)
 3 APPPATH\Controllers\Admin.php(55): view('Admin/dashboard_siswa', [...])
 4 SYSTEMPATH\CodeIgniter.php(896): App\Controllers\Admin->dashboard_siswa()
 5 SYSTEMPATH\CodeIgniter.php(466): CodeIgniter\CodeIgniter->runController(Object(App\Controllers\Admin))
 6 SYSTEMPATH\CodeIgniter.php(349): CodeIgniter\CodeIgniter->handleRequest(null, Object(Config\Cache), false)
 7 FCPATH\index.php(55): CodeIgniter\CodeIgniter->run()
CRITICAL - 2023-05-17 18:51:15 --> syntax error, unexpected '}'
in APPPATH\Views\Admin\dashboard_siswa.php on line 29.
 1 SYSTEMPATH\View\View.php(216): CodeIgniter\View\View->CodeIgniter\View\{closure}()
 2 SYSTEMPATH\Common.php(1135): CodeIgniter\View\View->render('Admin/dashboard_siswa', [], true)
 3 APPPATH\Controllers\Admin.php(55): view('Admin/dashboard_siswa', [...])
 4 SYSTEMPATH\CodeIgniter.php(896): App\Controllers\Admin->dashboard_siswa()
 5 SYSTEMPATH\CodeIgniter.php(466): CodeIgniter\CodeIgniter->runController(Object(App\Controllers\Admin))
 6 SYSTEMPATH\CodeIgniter.php(349): CodeIgniter\CodeIgniter->handleRequest(null, Object(Config\Cache), false)
 7 FCPATH\index.php(55): CodeIgniter\CodeIgniter->run()
CRITICAL - 2023-05-17 18:51:36 --> syntax error, unexpected '}'
in APPPATH\Views\Admin\dashboard_siswa.php on line 29.
 1 SYSTEMPATH\View\View.php(216): CodeIgniter\View\View->CodeIgniter\View\{closure}()
 2 SYSTEMPATH\Common.php(1135): CodeIgniter\View\View->render('Admin/dashboard_siswa', [], true)
 3 APPPATH\Controllers\Admin.php(55): view('Admin/dashboard_siswa', [...])
 4 SYSTEMPATH\CodeIgniter.php(896): App\Controllers\Admin->dashboard_siswa()
 5 SYSTEMPATH\CodeIgniter.php(466): CodeIgniter\CodeIgniter->runController(Object(App\Controllers\Admin))
 6 SYSTEMPATH\CodeIgniter.php(349): CodeIgniter\CodeIgniter->handleRequest(null, Object(Config\Cache), false)
 7 FCPATH\index.php(55): CodeIgniter\CodeIgniter->run()
CRITICAL - 2023-05-17 18:51:38 --> syntax error, unexpected '}'
in APPPATH\Views\Admin\dashboard_siswa.php on line 29.
 1 SYSTEMPATH\View\View.php(216): CodeIgniter\View\View->CodeIgniter\View\{closure}()
 2 SYSTEMPATH\Common.php(1135): CodeIgniter\View\View->render('Admin/dashboard_siswa', [], true)
 3 APPPATH\Controllers\Admin.php(55): view('Admin/dashboard_siswa', [...])
 4 SYSTEMPATH\CodeIgniter.php(896): App\Controllers\Admin->dashboard_siswa()
 5 SYSTEMPATH\CodeIgniter.php(466): CodeIgniter\CodeIgniter->runController(Object(App\Controllers\Admin))
 6 SYSTEMPATH\CodeIgniter.php(349): CodeIgniter\CodeIgniter->handleRequest(null, Object(Config\Cache), false)
 7 FCPATH\index.php(55): CodeIgniter\CodeIgniter->run()
CRITICAL - 2023-05-17 18:53:28 --> syntax error, unexpected '}', expecting ';' or ','
in APPPATH\Views\Admin\dashboard_siswa.php on line 29.
 1 SYSTEMPATH\View\View.php(216): CodeIgniter\View\View->CodeIgniter\View\{closure}()
 2 SYSTEMPATH\Common.php(1135): CodeIgniter\View\View->render('Admin/dashboard_siswa', [], true)
 3 APPPATH\Controllers\Admin.php(55): view('Admin/dashboard_siswa', [...])
 4 SYSTEMPATH\CodeIgniter.php(896): App\Controllers\Admin->dashboard_siswa()
 5 SYSTEMPATH\CodeIgniter.php(466): CodeIgniter\CodeIgniter->runController(Object(App\Controllers\Admin))
 6 SYSTEMPATH\CodeIgniter.php(349): CodeIgniter\CodeIgniter->handleRequest(null, Object(Config\Cache), false)
 7 FCPATH\index.php(55): CodeIgniter\CodeIgniter->run()
CRITICAL - 2023-05-17 19:52:37 --> Undefined variable: data_taha
in APPPATH\Views\Admin\dashboard_siswa.php on line 57.
 1 APPPATH\Views\Admin\dashboard_siswa.php(57): CodeIgniter\Debug\Exceptions->errorHandler(8, 'Undefined variable: data_taha', 'APPPATH\\Views\\Admin\\dashboard_siswa.php', 57, [...])
 2 SYSTEMPATH\View\View.php(213): include('APPPATH\\Views\\Admin\\dashboard_siswa.php')
 3 SYSTEMPATH\View\View.php(216): CodeIgniter\View\View->CodeIgniter\View\{closure}()
 4 SYSTEMPATH\Common.php(1135): CodeIgniter\View\View->render('Admin/dashboard_siswa', [], true)
 5 APPPATH\Controllers\Admin.php(60): view('Admin/dashboard_siswa', [...])
 6 SYSTEMPATH\CodeIgniter.php(896): App\Controllers\Admin->dashboard_siswa()
 7 SYSTEMPATH\CodeIgniter.php(466): CodeIgniter\CodeIgniter->runController(Object(App\Controllers\Admin))
 8 SYSTEMPATH\CodeIgniter.php(349): CodeIgniter\CodeIgniter->handleRequest(null, Object(Config\Cache), false)
 9 FCPATH\index.php(55): CodeIgniter\CodeIgniter->run()
CRITICAL - 2023-05-17 20:21:00 --> Undefined offset: 2
in APPPATH\Controllers\Base.php on line 39.
 1 APPPATH\Controllers\Base.php(39): CodeIgniter\Debug\Exceptions->errorHandler(8, 'Undefined offset: 2', 'APPPATH\\Controllers\\Base.php', 39, [...])
 2 APPPATH\Controllers\Admin.php(43): App\Controllers\Base->formatTanggalReverse('ROOTPATH\\public')
 3 SYSTEMPATH\CodeIgniter.php(896): App\Controllers\Admin->dashboard_siswa()
 4 SYSTEMPATH\CodeIgniter.php(466): CodeIgniter\CodeIgniter->runController(Object(App\Controllers\Admin))
 5 SYSTEMPATH\CodeIgniter.php(349): CodeIgniter\CodeIgniter->handleRequest(null, Object(Config\Cache), false)
 6 FCPATH\index.php(55): CodeIgniter\CodeIgniter->run()
CRITICAL - 2023-05-17 20:21:53 --> Trying to get property 'nama_agenda' of non-object
in APPPATH\Views\Admin\dashboard_siswa.php on line 77.
 1 APPPATH\Views\Admin\dashboard_siswa.php(77): CodeIgniter\Debug\Exceptions->errorHandler(8, 'Trying to get property \'nama_agenda\' of non-object', 'APPPATH\\Views\\Admin\\dashboard_siswa.php', 77, [...])
 2 SYSTEMPATH\View\View.php(213): include('APPPATH\\Views\\Admin\\dashboard_siswa.php')
 3 SYSTEMPATH\View\View.php(216): CodeIgniter\View\View->CodeIgniter\View\{closure}()
 4 SYSTEMPATH\Common.php(1135): CodeIgniter\View\View->render('Admin/dashboard_siswa', [], true)
 5 APPPATH\Controllers\Admin.php(64): view('Admin/dashboard_siswa', [...])
 6 SYSTEMPATH\CodeIgniter.php(896): App\Controllers\Admin->dashboard_siswa()
 7 SYSTEMPATH\CodeIgniter.php(466): CodeIgniter\CodeIgniter->runController(Object(App\Controllers\Admin))
 8 SYSTEMPATH\CodeIgniter.php(349): CodeIgniter\CodeIgniter->handleRequest(null, Object(Config\Cache), false)
 9 FCPATH\index.php(55): CodeIgniter\CodeIgniter->run()
CRITICAL - 2023-05-17 20:27:02 --> Undefined offset: 2
in APPPATH\Controllers\Base.php on line 39.
 1 APPPATH\Controllers\Base.php(39): CodeIgniter\Debug\Exceptions->errorHandler(8, 'Undefined offset: 2', 'APPPATH\\Controllers\\Base.php', 39, [...])
 2 APPPATH\Controllers\Admin.php(43): App\Controllers\Base->formatTanggalReverse('ROOTPATH\\public')
 3 SYSTEMPATH\CodeIgniter.php(896): App\Controllers\Admin->dashboard_siswa()
 4 SYSTEMPATH\CodeIgniter.php(466): CodeIgniter\CodeIgniter->runController(Object(App\Controllers\Admin))
 5 SYSTEMPATH\CodeIgniter.php(349): CodeIgniter\CodeIgniter->handleRequest(null, Object(Config\Cache), false)
 6 FCPATH\index.php(55): CodeIgniter\CodeIgniter->run()
CRITICAL - 2023-05-17 20:27:32 --> Call to undefined method CodeIgniter\View\View::formatTanggalReverse()
in APPPATH\Views\Admin\dashboard_siswa.php on line 79.
 1 SYSTEMPATH\View\View.php(213): include()
 2 SYSTEMPATH\View\View.php(216): CodeIgniter\View\View->CodeIgniter\View\{closure}()
 3 SYSTEMPATH\Common.php(1135): CodeIgniter\View\View->render('Admin/dashboard_siswa', [], true)
 4 APPPATH\Controllers\Admin.php(64): view('Admin/dashboard_siswa', [...])
 5 SYSTEMPATH\CodeIgniter.php(896): App\Controllers\Admin->dashboard_siswa()
 6 SYSTEMPATH\CodeIgniter.php(466): CodeIgniter\CodeIgniter->runController(Object(App\Controllers\Admin))
 7 SYSTEMPATH\CodeIgniter.php(349): CodeIgniter\CodeIgniter->handleRequest(null, Object(Config\Cache), false)
 8 FCPATH\index.php(55): CodeIgniter\CodeIgniter->run()
