CRITICAL - 2024-01-22 18:49:35 --> Attempt to read property "status_penerimaan" on null
in APPPATH\Controllers\Dynamic_dependent.php on line 77.
 1 APPPATH\Controllers\Dynamic_dependent.php(77): CodeIgniter\Debug\Exceptions->errorHandler(2, 'Attempt to read property "status_penerimaan" on null', 'APPPATH\\Controllers\\Dynamic_dependent.php', 77)
 2 SYSTEMPATH\CodeIgniter.php(896): App\Controllers\Dynamic_dependent->action()
 3 SYSTEMPATH\CodeIgniter.php(466): CodeIgniter\CodeIgniter->runController(Object(App\Controllers\Dynamic_dependent))
 4 SYSTEMPATH\CodeIgniter.php(349): CodeIgniter\CodeIgniter->handleRequest(null, Object(Config\Cache), false)
 5 FCPATH\index.php(55): CodeIgniter\CodeIgniter->run()
 6 SYSTEMPATH\Commands\Server\rewrite.php(43): require_once('FCPATH\\index.php')
CRITICAL - 2024-01-22 18:49:39 --> Attempt to read property "status_penerimaan" on null
in APPPATH\Controllers\Dynamic_dependent.php on line 77.
 1 APPPATH\Controllers\Dynamic_dependent.php(77): CodeIgniter\Debug\Exceptions->errorHandler(2, 'Attempt to read property "status_penerimaan" on null', 'APPPATH\\Controllers\\Dynamic_dependent.php', 77)
 2 SYSTEMPATH\CodeIgniter.php(896): App\Controllers\Dynamic_dependent->action()
 3 SYSTEMPATH\CodeIgniter.php(466): CodeIgniter\CodeIgniter->runController(Object(App\Controllers\Dynamic_dependent))
 4 SYSTEMPATH\CodeIgniter.php(349): CodeIgniter\CodeIgniter->handleRequest(null, Object(Config\Cache), false)
 5 FCPATH\index.php(55): CodeIgniter\CodeIgniter->run()
 6 SYSTEMPATH\Commands\Server\rewrite.php(43): require_once('FCPATH\\index.php')
CRITICAL - 2024-01-22 18:49:49 --> Attempt to read property "id_ref" on null
in APPPATH\Controllers\Dynamic_dependent.php on line 75.
 1 APPPATH\Controllers\Dynamic_dependent.php(75): CodeIgniter\Debug\Exceptions->errorHandler(2, 'Attempt to read property "id_ref" on null', 'APPPATH\\Controllers\\Dynamic_dependent.php', 75)
 2 SYSTEMPATH\CodeIgniter.php(896): App\Controllers\Dynamic_dependent->action()
 3 SYSTEMPATH\CodeIgniter.php(466): CodeIgniter\CodeIgniter->runController(Object(App\Controllers\Dynamic_dependent))
 4 SYSTEMPATH\CodeIgniter.php(349): CodeIgniter\CodeIgniter->handleRequest(null, Object(Config\Cache), false)
 5 FCPATH\index.php(55): CodeIgniter\CodeIgniter->run()
 6 SYSTEMPATH\Commands\Server\rewrite.php(43): require_once('FCPATH\\index.php')
CRITICAL - 2024-01-22 18:49:52 --> Attempt to read property "id_ref" on null
in APPPATH\Controllers\Dynamic_dependent.php on line 75.
 1 APPPATH\Controllers\Dynamic_dependent.php(75): CodeIgniter\Debug\Exceptions->errorHandler(2, 'Attempt to read property "id_ref" on null', 'APPPATH\\Controllers\\Dynamic_dependent.php', 75)
 2 SYSTEMPATH\CodeIgniter.php(896): App\Controllers\Dynamic_dependent->action()
 3 SYSTEMPATH\CodeIgniter.php(466): CodeIgniter\CodeIgniter->runController(Object(App\Controllers\Dynamic_dependent))
 4 SYSTEMPATH\CodeIgniter.php(349): CodeIgniter\CodeIgniter->handleRequest(null, Object(Config\Cache), false)
 5 FCPATH\index.php(55): CodeIgniter\CodeIgniter->run()
 6 SYSTEMPATH\Commands\Server\rewrite.php(43): require_once('FCPATH\\index.php')
CRITICAL - 2024-01-22 18:49:54 --> Attempt to read property "id_ref" on null
in APPPATH\Controllers\Dynamic_dependent.php on line 75.
 1 APPPATH\Controllers\Dynamic_dependent.php(75): CodeIgniter\Debug\Exceptions->errorHandler(2, 'Attempt to read property "id_ref" on null', 'APPPATH\\Controllers\\Dynamic_dependent.php', 75)
 2 SYSTEMPATH\CodeIgniter.php(896): App\Controllers\Dynamic_dependent->action()
 3 SYSTEMPATH\CodeIgniter.php(466): CodeIgniter\CodeIgniter->runController(Object(App\Controllers\Dynamic_dependent))
 4 SYSTEMPATH\CodeIgniter.php(349): CodeIgniter\CodeIgniter->handleRequest(null, Object(Config\Cache), false)
 5 FCPATH\index.php(55): CodeIgniter\CodeIgniter->run()
 6 SYSTEMPATH\Commands\Server\rewrite.php(43): require_once('FCPATH\\index.php')
CRITICAL - 2024-01-22 18:49:55 --> Attempt to read property "id_ref" on null
in APPPATH\Controllers\Dynamic_dependent.php on line 75.
 1 APPPATH\Controllers\Dynamic_dependent.php(75): CodeIgniter\Debug\Exceptions->errorHandler(2, 'Attempt to read property "id_ref" on null', 'APPPATH\\Controllers\\Dynamic_dependent.php', 75)
 2 SYSTEMPATH\CodeIgniter.php(896): App\Controllers\Dynamic_dependent->action()
 3 SYSTEMPATH\CodeIgniter.php(466): CodeIgniter\CodeIgniter->runController(Object(App\Controllers\Dynamic_dependent))
 4 SYSTEMPATH\CodeIgniter.php(349): CodeIgniter\CodeIgniter->handleRequest(null, Object(Config\Cache), false)
 5 FCPATH\index.php(55): CodeIgniter\CodeIgniter->run()
 6 SYSTEMPATH\Commands\Server\rewrite.php(43): require_once('FCPATH\\index.php')
CRITICAL - 2024-01-22 18:49:56 --> Attempt to read property "id_ref" on null
in APPPATH\Controllers\Dynamic_dependent.php on line 75.
 1 APPPATH\Controllers\Dynamic_dependent.php(75): CodeIgniter\Debug\Exceptions->errorHandler(2, 'Attempt to read property "id_ref" on null', 'APPPATH\\Controllers\\Dynamic_dependent.php', 75)
 2 SYSTEMPATH\CodeIgniter.php(896): App\Controllers\Dynamic_dependent->action()
 3 SYSTEMPATH\CodeIgniter.php(466): CodeIgniter\CodeIgniter->runController(Object(App\Controllers\Dynamic_dependent))
 4 SYSTEMPATH\CodeIgniter.php(349): CodeIgniter\CodeIgniter->handleRequest(null, Object(Config\Cache), false)
 5 FCPATH\index.php(55): CodeIgniter\CodeIgniter->run()
 6 SYSTEMPATH\Commands\Server\rewrite.php(43): require_once('FCPATH\\index.php')
CRITICAL - 2024-01-22 18:49:57 --> Attempt to read property "id_ref" on null
in APPPATH\Controllers\Dynamic_dependent.php on line 75.
 1 APPPATH\Controllers\Dynamic_dependent.php(75): CodeIgniter\Debug\Exceptions->errorHandler(2, 'Attempt to read property "id_ref" on null', 'APPPATH\\Controllers\\Dynamic_dependent.php', 75)
 2 SYSTEMPATH\CodeIgniter.php(896): App\Controllers\Dynamic_dependent->action()
 3 SYSTEMPATH\CodeIgniter.php(466): CodeIgniter\CodeIgniter->runController(Object(App\Controllers\Dynamic_dependent))
 4 SYSTEMPATH\CodeIgniter.php(349): CodeIgniter\CodeIgniter->handleRequest(null, Object(Config\Cache), false)
 5 FCPATH\index.php(55): CodeIgniter\CodeIgniter->run()
 6 SYSTEMPATH\Commands\Server\rewrite.php(43): require_once('FCPATH\\index.php')
CRITICAL - 2024-01-22 18:49:58 --> Attempt to read property "id_ref" on null
in APPPATH\Controllers\Dynamic_dependent.php on line 75.
 1 APPPATH\Controllers\Dynamic_dependent.php(75): CodeIgniter\Debug\Exceptions->errorHandler(2, 'Attempt to read property "id_ref" on null', 'APPPATH\\Controllers\\Dynamic_dependent.php', 75)
 2 SYSTEMPATH\CodeIgniter.php(896): App\Controllers\Dynamic_dependent->action()
 3 SYSTEMPATH\CodeIgniter.php(466): CodeIgniter\CodeIgniter->runController(Object(App\Controllers\Dynamic_dependent))
 4 SYSTEMPATH\CodeIgniter.php(349): CodeIgniter\CodeIgniter->handleRequest(null, Object(Config\Cache), false)
 5 FCPATH\index.php(55): CodeIgniter\CodeIgniter->run()
 6 SYSTEMPATH\Commands\Server\rewrite.php(43): require_once('FCPATH\\index.php')
CRITICAL - 2024-01-22 18:49:59 --> Attempt to read property "id_ref" on null
in APPPATH\Controllers\Dynamic_dependent.php on line 75.
 1 APPPATH\Controllers\Dynamic_dependent.php(75): CodeIgniter\Debug\Exceptions->errorHandler(2, 'Attempt to read property "id_ref" on null', 'APPPATH\\Controllers\\Dynamic_dependent.php', 75)
 2 SYSTEMPATH\CodeIgniter.php(896): App\Controllers\Dynamic_dependent->action()
 3 SYSTEMPATH\CodeIgniter.php(466): CodeIgniter\CodeIgniter->runController(Object(App\Controllers\Dynamic_dependent))
 4 SYSTEMPATH\CodeIgniter.php(349): CodeIgniter\CodeIgniter->handleRequest(null, Object(Config\Cache), false)
 5 FCPATH\index.php(55): CodeIgniter\CodeIgniter->run()
 6 SYSTEMPATH\Commands\Server\rewrite.php(43): require_once('FCPATH\\index.php')
CRITICAL - 2024-01-22 18:50:17 --> Attempt to read property "id_ref" on null
in APPPATH\Controllers\Dynamic_dependent.php on line 75.
 1 APPPATH\Controllers\Dynamic_dependent.php(75): CodeIgniter\Debug\Exceptions->errorHandler(2, 'Attempt to read property "id_ref" on null', 'APPPATH\\Controllers\\Dynamic_dependent.php', 75)
 2 SYSTEMPATH\CodeIgniter.php(896): App\Controllers\Dynamic_dependent->action()
 3 SYSTEMPATH\CodeIgniter.php(466): CodeIgniter\CodeIgniter->runController(Object(App\Controllers\Dynamic_dependent))
 4 SYSTEMPATH\CodeIgniter.php(349): CodeIgniter\CodeIgniter->handleRequest(null, Object(Config\Cache), false)
 5 FCPATH\index.php(55): CodeIgniter\CodeIgniter->run()
 6 SYSTEMPATH\Commands\Server\rewrite.php(43): require_once('FCPATH\\index.php')
CRITICAL - 2024-01-22 18:50:23 --> Attempt to read property "id_ref" on null
in APPPATH\Controllers\Dynamic_dependent.php on line 75.
 1 APPPATH\Controllers\Dynamic_dependent.php(75): CodeIgniter\Debug\Exceptions->errorHandler(2, 'Attempt to read property "id_ref" on null', 'APPPATH\\Controllers\\Dynamic_dependent.php', 75)
 2 SYSTEMPATH\CodeIgniter.php(896): App\Controllers\Dynamic_dependent->action()
 3 SYSTEMPATH\CodeIgniter.php(466): CodeIgniter\CodeIgniter->runController(Object(App\Controllers\Dynamic_dependent))
 4 SYSTEMPATH\CodeIgniter.php(349): CodeIgniter\CodeIgniter->handleRequest(null, Object(Config\Cache), false)
 5 FCPATH\index.php(55): CodeIgniter\CodeIgniter->run()
 6 SYSTEMPATH\Commands\Server\rewrite.php(43): require_once('FCPATH\\index.php')
CRITICAL - 2024-01-22 18:50:25 --> Attempt to read property "id_ref" on null
in APPPATH\Controllers\Dynamic_dependent.php on line 75.
 1 APPPATH\Controllers\Dynamic_dependent.php(75): CodeIgniter\Debug\Exceptions->errorHandler(2, 'Attempt to read property "id_ref" on null', 'APPPATH\\Controllers\\Dynamic_dependent.php', 75)
 2 SYSTEMPATH\CodeIgniter.php(896): App\Controllers\Dynamic_dependent->action()
 3 SYSTEMPATH\CodeIgniter.php(466): CodeIgniter\CodeIgniter->runController(Object(App\Controllers\Dynamic_dependent))
 4 SYSTEMPATH\CodeIgniter.php(349): CodeIgniter\CodeIgniter->handleRequest(null, Object(Config\Cache), false)
 5 FCPATH\index.php(55): CodeIgniter\CodeIgniter->run()
 6 SYSTEMPATH\Commands\Server\rewrite.php(43): require_once('FCPATH\\index.php')
CRITICAL - 2024-01-22 18:50:26 --> Attempt to read property "id_ref" on null
in APPPATH\Controllers\Dynamic_dependent.php on line 75.
 1 APPPATH\Controllers\Dynamic_dependent.php(75): CodeIgniter\Debug\Exceptions->errorHandler(2, 'Attempt to read property "id_ref" on null', 'APPPATH\\Controllers\\Dynamic_dependent.php', 75)
 2 SYSTEMPATH\CodeIgniter.php(896): App\Controllers\Dynamic_dependent->action()
 3 SYSTEMPATH\CodeIgniter.php(466): CodeIgniter\CodeIgniter->runController(Object(App\Controllers\Dynamic_dependent))
 4 SYSTEMPATH\CodeIgniter.php(349): CodeIgniter\CodeIgniter->handleRequest(null, Object(Config\Cache), false)
 5 FCPATH\index.php(55): CodeIgniter\CodeIgniter->run()
 6 SYSTEMPATH\Commands\Server\rewrite.php(43): require_once('FCPATH\\index.php')
