CRITICAL - 2022-10-21 11:02:16 --> Undefined variable $jenis_sekolah
in APPPATH\Views\panelAdmin\view_profilSekolah.php on line 31.
 1 APPPATH\Views\panelAdmin\view_profilSekolah.php(31): CodeIgniter\Debug\Exceptions->errorHandler(2, 'Undefined variable $jenis_sekolah', 'APPPATH\\Views\\panelAdmin\\view_profilSekolah.php', 31)
 2 SYSTEMPATH\View\View.php(213): include('APPPATH\\Views\\panelAdmin\\view_profilSekolah.php')
 3 SYSTEMPATH\View\View.php(216): CodeIgniter\View\View->CodeIgniter\View\{closure}()
 4 SYSTEMPATH\Common.php(1135): CodeIgniter\View\View->render('panelAdmin/view_profilSekolah', [], true)
 5 APPPATH\Controllers\Profile.php(37): view('panelAdmin/view_profilSekolah', [...])
 6 SYSTEMPATH\CodeIgniter.php(896): App\Controllers\Profile->index('1')
 7 SYSTEMPATH\CodeIgniter.php(466): CodeIgniter\CodeIgniter->runController(Object(App\Controllers\Profile))
 8 SYSTEMPATH\CodeIgniter.php(349): CodeIgniter\CodeIgniter->handleRequest(null, Object(Config\Cache), false)
 9 FCPATH\index.php(55): CodeIgniter\CodeIgniter->run()
10 SYSTEMPATH\Commands\Server\rewrite.php(43): require_once('FCPATH\\index.php')
CRITICAL - 2022-10-21 15:31:34 --> Undefined variable $tingkat_penghargaan
in APPPATH\Views\panelAdmin\addPrestasi.php on line 63.
 1 APPPATH\Views\panelAdmin\addPrestasi.php(63): CodeIgniter\Debug\Exceptions->errorHandler(2, 'Undefined variable $tingkat_penghargaan', 'APPPATH\\Views\\panelAdmin\\addPrestasi.php', 63)
 2 SYSTEMPATH\View\View.php(213): include('APPPATH\\Views\\panelAdmin\\addPrestasi.php')
 3 SYSTEMPATH\View\View.php(216): CodeIgniter\View\View->CodeIgniter\View\{closure}()
 4 SYSTEMPATH\Common.php(1135): CodeIgniter\View\View->render('panelAdmin/addPrestasi', [], true)
 5 APPPATH\Controllers\Kesiswaan.php(236): view('panelAdmin/addPrestasi')
 6 SYSTEMPATH\CodeIgniter.php(896): App\Controllers\Kesiswaan->add_prestasi('1')
 7 SYSTEMPATH\CodeIgniter.php(466): CodeIgniter\CodeIgniter->runController(Object(App\Controllers\Kesiswaan))
 8 SYSTEMPATH\CodeIgniter.php(349): CodeIgniter\CodeIgniter->handleRequest(null, Object(Config\Cache), false)
 9 FCPATH\index.php(55): CodeIgniter\CodeIgniter->run()
10 SYSTEMPATH\Commands\Server\rewrite.php(43): require_once('FCPATH\\index.php')
