CRITICAL - 2023-03-11 10:00:04 --> Undefined variable $prestasi
in APPPATH\Views\Admin\profil_prestasi.php on line 682.
 1 APPPATH\Views\Admin\profil_prestasi.php(682): CodeIgniter\Debug\Exceptions->errorHandler(2, 'Undefined variable $prestasi', 'APPPATH\\Views\\Admin\\profil_prestasi.php', 682)
 2 SYSTEMPATH\View\View.php(213): include('APPPATH\\Views\\Admin\\profil_prestasi.php')
 3 SYSTEMPATH\View\View.php(216): CodeIgniter\View\View->CodeIgniter\View\{closure}()
 4 SYSTEMPATH\Common.php(1135): CodeIgniter\View\View->render('Admin/profil_prestasi', [], true)
 5 APPPATH\Controllers\Pendaftar.php(81): view('Admin/profil_prestasi', [...])
 6 SYSTEMPATH\CodeIgniter.php(896): App\Controllers\Pendaftar->edit_profil('1')
 7 SYSTEMPATH\CodeIgniter.php(466): CodeIgniter\CodeIgniter->runController(Object(App\Controllers\Pendaftar))
 8 SYSTEMPATH\CodeIgniter.php(349): CodeIgniter\CodeIgniter->handleRequest(null, Object(Config\Cache), false)
 9 FCPATH\index.php(55): CodeIgniter\CodeIgniter->run()
10 SYSTEMPATH\Commands\Server\rewrite.php(43): require_once('FCPATH\\index.php')
CRITICAL - 2023-03-11 13:34:29 --> Undefined variable $pd
in APPPATH\Views\Admin\profil_prestasi.php on line 806.
 1 APPPATH\Views\Admin\profil_prestasi.php(806): CodeIgniter\Debug\Exceptions->errorHandler(2, 'Undefined variable $pd', 'APPPATH\\Views\\Admin\\profil_prestasi.php', 806)
 2 SYSTEMPATH\View\View.php(213): include('APPPATH\\Views\\Admin\\profil_prestasi.php')
 3 SYSTEMPATH\View\View.php(216): CodeIgniter\View\View->CodeIgniter\View\{closure}()
 4 SYSTEMPATH\Common.php(1135): CodeIgniter\View\View->render('Admin/profil_prestasi', [], true)
 5 APPPATH\Controllers\Pendaftar.php(87): view('Admin/profil_prestasi', [...])
 6 SYSTEMPATH\CodeIgniter.php(896): App\Controllers\Pendaftar->edit_profil('1')
 7 SYSTEMPATH\CodeIgniter.php(466): CodeIgniter\CodeIgniter->runController(Object(App\Controllers\Pendaftar))
 8 SYSTEMPATH\CodeIgniter.php(349): CodeIgniter\CodeIgniter->handleRequest(null, Object(Config\Cache), false)
 9 FCPATH\index.php(55): CodeIgniter\CodeIgniter->run()
10 SYSTEMPATH\Commands\Server\rewrite.php(43): require_once('FCPATH\\index.php')
CRITICAL - 2023-03-11 13:34:56 --> Undefined variable $pd
in APPPATH\Views\Admin\profil_prestasi.php on line 816.
 1 APPPATH\Views\Admin\profil_prestasi.php(816): CodeIgniter\Debug\Exceptions->errorHandler(2, 'Undefined variable $pd', 'APPPATH\\Views\\Admin\\profil_prestasi.php', 816)
 2 SYSTEMPATH\View\View.php(213): include('APPPATH\\Views\\Admin\\profil_prestasi.php')
 3 SYSTEMPATH\View\View.php(216): CodeIgniter\View\View->CodeIgniter\View\{closure}()
 4 SYSTEMPATH\Common.php(1135): CodeIgniter\View\View->render('Admin/profil_prestasi', [], true)
 5 APPPATH\Controllers\Pendaftar.php(87): view('Admin/profil_prestasi', [...])
 6 SYSTEMPATH\CodeIgniter.php(896): App\Controllers\Pendaftar->edit_profil('1')
 7 SYSTEMPATH\CodeIgniter.php(466): CodeIgniter\CodeIgniter->runController(Object(App\Controllers\Pendaftar))
 8 SYSTEMPATH\CodeIgniter.php(349): CodeIgniter\CodeIgniter->handleRequest(null, Object(Config\Cache), false)
 9 FCPATH\index.php(55): CodeIgniter\CodeIgniter->run()
10 SYSTEMPATH\Commands\Server\rewrite.php(43): require_once('FCPATH\\index.php')
