CRITICAL - 2024-01-28 11:30:42 --> Undefined property: stdClass::$total_l
in APPPATH\Views\Admin\index.php on line 255.
 1 APPPATH\Views\Admin\index.php(255): CodeIgniter\Debug\Exceptions->errorHandler(2, 'Undefined property: stdClass::$total_l', 'APPPATH\\Views\\Admin\\index.php', 255)
 2 SYSTEMPATH\View\View.php(213): include('APPPATH\\Views\\Admin\\index.php')
 3 SYSTEMPATH\View\View.php(216): CodeIgniter\View\View->CodeIgniter\View\{closure}()
 4 SYSTEMPATH\Common.php(1135): CodeIgniter\View\View->render('Admin/index', [], true)
 5 APPPATH\Controllers\Admin.php(68): view('Admin/index', [...])
 6 SYSTEMPATH\CodeIgniter.php(896): App\Controllers\Admin->dashboard()
 7 SYSTEMPATH\CodeIgniter.php(466): CodeIgniter\CodeIgniter->runController(Object(App\Controllers\Admin))
 8 SYSTEMPATH\CodeIgniter.php(349): CodeIgniter\CodeIgniter->handleRequest(null, Object(Config\Cache), false)
 9 FCPATH\index.php(55): CodeIgniter\CodeIgniter->run()
10 SYSTEMPATH\Commands\Server\rewrite.php(43): require_once('FCPATH\\index.php')
CRITICAL - 2024-01-28 19:56:22 --> Class "App\Controllers\DataPeriode" not found
in APPPATH\Controllers\Dynamic_dependent.php on line 109.
 1 SYSTEMPATH\CodeIgniter.php(896): App\Controllers\Dynamic_dependent->action()
 2 SYSTEMPATH\CodeIgniter.php(466): CodeIgniter\CodeIgniter->runController(Object(App\Controllers\Dynamic_dependent))
 3 SYSTEMPATH\CodeIgniter.php(349): CodeIgniter\CodeIgniter->handleRequest(null, Object(Config\Cache), false)
 4 FCPATH\index.php(55): CodeIgniter\CodeIgniter->run()
 5 SYSTEMPATH\Commands\Server\rewrite.php(43): require_once('FCPATH\\index.php')
CRITICAL - 2024-01-28 19:56:56 --> Class "App\Controllers\DataPeriode" not found
in APPPATH\Controllers\Dynamic_dependent.php on line 109.
 1 SYSTEMPATH\CodeIgniter.php(896): App\Controllers\Dynamic_dependent->action()
 2 SYSTEMPATH\CodeIgniter.php(466): CodeIgniter\CodeIgniter->runController(Object(App\Controllers\Dynamic_dependent))
 3 SYSTEMPATH\CodeIgniter.php(349): CodeIgniter\CodeIgniter->handleRequest(null, Object(Config\Cache), false)
 4 FCPATH\index.php(55): CodeIgniter\CodeIgniter->run()
 5 SYSTEMPATH\Commands\Server\rewrite.php(43): require_once('FCPATH\\index.php')
CRITICAL - 2024-01-28 19:57:39 --> Class "App\Controllers\DataPeriode" not found
in APPPATH\Controllers\Dynamic_dependent.php on line 109.
 1 SYSTEMPATH\CodeIgniter.php(896): App\Controllers\Dynamic_dependent->action()
 2 SYSTEMPATH\CodeIgniter.php(466): CodeIgniter\CodeIgniter->runController(Object(App\Controllers\Dynamic_dependent))
 3 SYSTEMPATH\CodeIgniter.php(349): CodeIgniter\CodeIgniter->handleRequest(null, Object(Config\Cache), false)
 4 FCPATH\index.php(55): CodeIgniter\CodeIgniter->run()
 5 SYSTEMPATH\Commands\Server\rewrite.php(43): require_once('FCPATH\\index.php')
CRITICAL - 2024-01-28 19:58:22 --> Class "App\Controllers\DataPeriode" not found
in APPPATH\Controllers\Dynamic_dependent.php on line 109.
 1 SYSTEMPATH\CodeIgniter.php(896): App\Controllers\Dynamic_dependent->action()
 2 SYSTEMPATH\CodeIgniter.php(466): CodeIgniter\CodeIgniter->runController(Object(App\Controllers\Dynamic_dependent))
 3 SYSTEMPATH\CodeIgniter.php(349): CodeIgniter\CodeIgniter->handleRequest(null, Object(Config\Cache), false)
 4 FCPATH\index.php(55): CodeIgniter\CodeIgniter->run()
 5 SYSTEMPATH\Commands\Server\rewrite.php(43): require_once('FCPATH\\index.php')
CRITICAL - 2024-01-28 20:24:36 --> Invalid file: Admin/index.php
in SYSTEMPATH\Exceptions\FrameworkException.php on line 33.
 1 SYSTEMPATH\View\View.php(201): CodeIgniter\Exceptions\FrameworkException::forInvalidFile('Admin/index.php')
 2 SYSTEMPATH\View\View.php(229): CodeIgniter\View\View->render('Admin/index.php', [], true)
 3 SYSTEMPATH\Common.php(1135): CodeIgniter\View\View->render('Admin/data_periode', [], true)
 4 APPPATH\Controllers\Admin.php(271): view('Admin/data_periode', [...])
 5 SYSTEMPATH\CodeIgniter.php(896): App\Controllers\Admin->periode()
 6 SYSTEMPATH\CodeIgniter.php(466): CodeIgniter\CodeIgniter->runController(Object(App\Controllers\Admin))
 7 SYSTEMPATH\CodeIgniter.php(349): CodeIgniter\CodeIgniter->handleRequest(null, Object(Config\Cache), false)
 8 FCPATH\index.php(55): CodeIgniter\CodeIgniter->run()
 9 SYSTEMPATH\Commands\Server\rewrite.php(43): require_once('FCPATH\\index.php')
CRITICAL - 2024-01-28 20:28:27 --> Invalid file: Admin/index.php
in SYSTEMPATH\Exceptions\FrameworkException.php on line 33.
 1 SYSTEMPATH\View\View.php(201): CodeIgniter\Exceptions\FrameworkException::forInvalidFile('Admin/index.php')
 2 SYSTEMPATH\View\View.php(229): CodeIgniter\View\View->render('Admin/index.php', [], true)
 3 SYSTEMPATH\Common.php(1135): CodeIgniter\View\View->render('Admin/data_periode', [], true)
 4 APPPATH\Controllers\Admin.php(271): view('Admin/data_periode', [...])
 5 SYSTEMPATH\CodeIgniter.php(896): App\Controllers\Admin->periode()
 6 SYSTEMPATH\CodeIgniter.php(466): CodeIgniter\CodeIgniter->runController(Object(App\Controllers\Admin))
 7 SYSTEMPATH\CodeIgniter.php(349): CodeIgniter\CodeIgniter->handleRequest(null, Object(Config\Cache), false)
 8 FCPATH\index.php(55): CodeIgniter\CodeIgniter->run()
 9 SYSTEMPATH\Commands\Server\rewrite.php(43): require_once('FCPATH\\index.php')
CRITICAL - 2024-01-28 22:14:26 --> Invalid file: Admin/index.php
in SYSTEMPATH\Exceptions\FrameworkException.php on line 33.
 1 SYSTEMPATH\View\View.php(201): CodeIgniter\Exceptions\FrameworkException::forInvalidFile('Admin/index.php')
 2 SYSTEMPATH\View\View.php(229): CodeIgniter\View\View->render('Admin/index.php', [], true)
 3 SYSTEMPATH\Common.php(1135): CodeIgniter\View\View->render('Admin/data_tahap', [], true)
 4 APPPATH\Controllers\Admin.php(311): view('Admin/data_tahap', [...])
 5 SYSTEMPATH\CodeIgniter.php(896): App\Controllers\Admin->tahap()
 6 SYSTEMPATH\CodeIgniter.php(466): CodeIgniter\CodeIgniter->runController(Object(App\Controllers\Admin))
 7 SYSTEMPATH\CodeIgniter.php(349): CodeIgniter\CodeIgniter->handleRequest(null, Object(Config\Cache), false)
 8 FCPATH\index.php(55): CodeIgniter\CodeIgniter->run()
 9 SYSTEMPATH\Commands\Server\rewrite.php(43): require_once('FCPATH\\index.php')
