CRITICAL - 2022-10-07 02:32:32 --> Undefined property: stdClass::$status
in APPPATH\Views\panelAdmin\kurikulum.php on line 204.
 1 APPPATH\Views\panelAdmin\kurikulum.php(204): CodeIgniter\Debug\Exceptions->errorHandler(2, 'Undefined property: stdClass::$status', 'APPPATH\\Views\\panelAdmin\\kurikulum.php', 204)
 2 SYSTEMPATH\View\View.php(213): include('APPPATH\\Views\\panelAdmin\\kurikulum.php')
 3 SYSTEMPATH\View\View.php(216): CodeIgniter\View\View->CodeIgniter\View\{closure}()
 4 SYSTEMPATH\Common.php(1135): CodeIgniter\View\View->render('panelAdmin/kurikulum', [], true)
 5 APPPATH\Controllers\Kurikulum.php(23): view('panelAdmin/kurikulum', [...])
 6 SYSTEMPATH\CodeIgniter.php(896): App\Controllers\Kurikulum->kurikulum('1')
 7 SYSTEMPATH\CodeIgniter.php(466): CodeIgniter\CodeIgniter->runController(Object(App\Controllers\Kurikulum))
 8 SYSTEMPATH\CodeIgniter.php(349): CodeIgniter\CodeIgniter->handleRequest(null, Object(Config\Cache), false)
 9 FCPATH\index.php(55): CodeIgniter\CodeIgniter->run()
10 SYSTEMPATH\Commands\Server\rewrite.php(43): require_once('FCPATH\\index.php')
CRITICAL - 2022-10-07 02:33:03 --> Undefined variable $tanggal_mulai
in APPPATH\Views\panelAdmin\kurikulum.php on line 220.
 1 APPPATH\Views\panelAdmin\kurikulum.php(220): CodeIgniter\Debug\Exceptions->errorHandler(2, 'Undefined variable $tanggal_mulai', 'APPPATH\\Views\\panelAdmin\\kurikulum.php', 220)
 2 SYSTEMPATH\View\View.php(213): include('APPPATH\\Views\\panelAdmin\\kurikulum.php')
 3 SYSTEMPATH\View\View.php(216): CodeIgniter\View\View->CodeIgniter\View\{closure}()
 4 SYSTEMPATH\Common.php(1135): CodeIgniter\View\View->render('panelAdmin/kurikulum', [], true)
 5 APPPATH\Controllers\Kurikulum.php(23): view('panelAdmin/kurikulum', [...])
 6 SYSTEMPATH\CodeIgniter.php(896): App\Controllers\Kurikulum->kurikulum('1')
 7 SYSTEMPATH\CodeIgniter.php(466): CodeIgniter\CodeIgniter->runController(Object(App\Controllers\Kurikulum))
 8 SYSTEMPATH\CodeIgniter.php(349): CodeIgniter\CodeIgniter->handleRequest(null, Object(Config\Cache), false)
 9 FCPATH\index.php(55): CodeIgniter\CodeIgniter->run()
10 SYSTEMPATH\Commands\Server\rewrite.php(43): require_once('FCPATH\\index.php')
CRITICAL - 2022-10-07 02:33:03 --> Undefined variable $tanggal_mulai
in APPPATH\Views\panelAdmin\kurikulum.php on line 220.
 1 APPPATH\Views\panelAdmin\kurikulum.php(220): CodeIgniter\Debug\Exceptions->errorHandler(2, 'Undefined variable $tanggal_mulai', 'APPPATH\\Views\\panelAdmin\\kurikulum.php', 220)
 2 SYSTEMPATH\View\View.php(213): include('APPPATH\\Views\\panelAdmin\\kurikulum.php')
 3 SYSTEMPATH\View\View.php(216): CodeIgniter\View\View->CodeIgniter\View\{closure}()
 4 SYSTEMPATH\Common.php(1135): CodeIgniter\View\View->render('panelAdmin/kurikulum', [], true)
 5 APPPATH\Controllers\Kurikulum.php(23): view('panelAdmin/kurikulum', [...])
 6 SYSTEMPATH\CodeIgniter.php(896): App\Controllers\Kurikulum->kurikulum('1')
 7 SYSTEMPATH\CodeIgniter.php(466): CodeIgniter\CodeIgniter->runController(Object(App\Controllers\Kurikulum))
 8 SYSTEMPATH\CodeIgniter.php(349): CodeIgniter\CodeIgniter->handleRequest(null, Object(Config\Cache), false)
 9 FCPATH\index.php(55): CodeIgniter\CodeIgniter->run()
10 SYSTEMPATH\Commands\Server\rewrite.php(43): require_once('FCPATH\\index.php')
CRITICAL - 2022-10-07 02:33:10 --> Undefined variable $tanggal_mulai
in APPPATH\Views\panelAdmin\kurikulum.php on line 220.
 1 APPPATH\Views\panelAdmin\kurikulum.php(220): CodeIgniter\Debug\Exceptions->errorHandler(2, 'Undefined variable $tanggal_mulai', 'APPPATH\\Views\\panelAdmin\\kurikulum.php', 220)
 2 SYSTEMPATH\View\View.php(213): include('APPPATH\\Views\\panelAdmin\\kurikulum.php')
 3 SYSTEMPATH\View\View.php(216): CodeIgniter\View\View->CodeIgniter\View\{closure}()
 4 SYSTEMPATH\Common.php(1135): CodeIgniter\View\View->render('panelAdmin/kurikulum', [], true)
 5 APPPATH\Controllers\Kurikulum.php(23): view('panelAdmin/kurikulum', [...])
 6 SYSTEMPATH\CodeIgniter.php(896): App\Controllers\Kurikulum->kurikulum('1')
 7 SYSTEMPATH\CodeIgniter.php(466): CodeIgniter\CodeIgniter->runController(Object(App\Controllers\Kurikulum))
 8 SYSTEMPATH\CodeIgniter.php(349): CodeIgniter\CodeIgniter->handleRequest(null, Object(Config\Cache), false)
 9 FCPATH\index.php(55): CodeIgniter\CodeIgniter->run()
10 SYSTEMPATH\Commands\Server\rewrite.php(43): require_once('FCPATH\\index.php')
CRITICAL - 2022-10-07 02:34:23 --> Attempt to read property "tanggal_mulai" on array
in APPPATH\Controllers\Kurikulum.php on line 23.
 1 APPPATH\Controllers\Kurikulum.php(23): CodeIgniter\Debug\Exceptions->errorHandler(2, 'Attempt to read property "tanggal_mulai" on array', 'APPPATH\\Controllers\\Kurikulum.php', 23)
 2 SYSTEMPATH\CodeIgniter.php(896): App\Controllers\Kurikulum->kurikulum('1')
 3 SYSTEMPATH\CodeIgniter.php(466): CodeIgniter\CodeIgniter->runController(Object(App\Controllers\Kurikulum))
 4 SYSTEMPATH\CodeIgniter.php(349): CodeIgniter\CodeIgniter->handleRequest(null, Object(Config\Cache), false)
 5 FCPATH\index.php(55): CodeIgniter\CodeIgniter->run()
 6 SYSTEMPATH\Commands\Server\rewrite.php(43): require_once('FCPATH\\index.php')
CRITICAL - 2022-10-07 02:35:49 --> Undefined variable $tanggal_mulai
in APPPATH\Views\panelAdmin\kurikulum.php on line 220.
 1 APPPATH\Views\panelAdmin\kurikulum.php(220): CodeIgniter\Debug\Exceptions->errorHandler(2, 'Undefined variable $tanggal_mulai', 'APPPATH\\Views\\panelAdmin\\kurikulum.php', 220)
 2 SYSTEMPATH\View\View.php(213): include('APPPATH\\Views\\panelAdmin\\kurikulum.php')
 3 SYSTEMPATH\View\View.php(216): CodeIgniter\View\View->CodeIgniter\View\{closure}()
 4 SYSTEMPATH\Common.php(1135): CodeIgniter\View\View->render('panelAdmin/kurikulum', [], true)
 5 APPPATH\Controllers\Kurikulum.php(23): view('panelAdmin/kurikulum', [...])
 6 SYSTEMPATH\CodeIgniter.php(896): App\Controllers\Kurikulum->kurikulum('1')
 7 SYSTEMPATH\CodeIgniter.php(466): CodeIgniter\CodeIgniter->runController(Object(App\Controllers\Kurikulum))
 8 SYSTEMPATH\CodeIgniter.php(349): CodeIgniter\CodeIgniter->handleRequest(null, Object(Config\Cache), false)
 9 FCPATH\index.php(55): CodeIgniter\CodeIgniter->run()
10 SYSTEMPATH\Commands\Server\rewrite.php(43): require_once('FCPATH\\index.php')
CRITICAL - 2022-10-07 02:36:26 --> Attempt to read property "file_ta" on array
in APPPATH\Controllers\Kurikulum.php on line 115.
 1 APPPATH\Controllers\Kurikulum.php(115): CodeIgniter\Debug\Exceptions->errorHandler(2, 'Attempt to read property "file_ta" on array', 'APPPATH\\Controllers\\Kurikulum.php', 115)
 2 SYSTEMPATH\CodeIgniter.php(896): App\Controllers\Kurikulum->edit_ta('1')
 3 SYSTEMPATH\CodeIgniter.php(466): CodeIgniter\CodeIgniter->runController(Object(App\Controllers\Kurikulum))
 4 SYSTEMPATH\CodeIgniter.php(349): CodeIgniter\CodeIgniter->handleRequest(null, Object(Config\Cache), false)
 5 FCPATH\index.php(55): CodeIgniter\CodeIgniter->run()
 6 SYSTEMPATH\Commands\Server\rewrite.php(43): require_once('FCPATH\\index.php')
CRITICAL - 2022-10-07 02:49:14 --> Attempt to read property "tanggal_mulai" on array
in APPPATH\Controllers\Kurikulum.php on line 27.
 1 APPPATH\Controllers\Kurikulum.php(27): CodeIgniter\Debug\Exceptions->errorHandler(2, 'Attempt to read property "tanggal_mulai" on array', 'APPPATH\\Controllers\\Kurikulum.php', 27)
 2 SYSTEMPATH\CodeIgniter.php(896): App\Controllers\Kurikulum->kurikulum('1')
 3 SYSTEMPATH\CodeIgniter.php(466): CodeIgniter\CodeIgniter->runController(Object(App\Controllers\Kurikulum))
 4 SYSTEMPATH\CodeIgniter.php(349): CodeIgniter\CodeIgniter->handleRequest(null, Object(Config\Cache), false)
 5 FCPATH\index.php(55): CodeIgniter\CodeIgniter->run()
 6 SYSTEMPATH\Commands\Server\rewrite.php(43): require_once('FCPATH\\index.php')
CRITICAL - 2022-10-07 02:50:24 --> Attempt to read property "file_ta" on array
in APPPATH\Controllers\Kurikulum.php on line 125.
 1 APPPATH\Controllers\Kurikulum.php(125): CodeIgniter\Debug\Exceptions->errorHandler(2, 'Attempt to read property "file_ta" on array', 'APPPATH\\Controllers\\Kurikulum.php', 125)
 2 SYSTEMPATH\CodeIgniter.php(896): App\Controllers\Kurikulum->edit_ta('1')
 3 SYSTEMPATH\CodeIgniter.php(466): CodeIgniter\CodeIgniter->runController(Object(App\Controllers\Kurikulum))
 4 SYSTEMPATH\CodeIgniter.php(349): CodeIgniter\CodeIgniter->handleRequest(null, Object(Config\Cache), false)
 5 FCPATH\index.php(55): CodeIgniter\CodeIgniter->run()
 6 SYSTEMPATH\Commands\Server\rewrite.php(43): require_once('FCPATH\\index.php')
CRITICAL - 2022-10-07 02:55:23 --> Could not move file php8C21.tmp to ./assets/ ()
in SYSTEMPATH\HTTP\Files\UploadedFile.php on line 149.
 1 SYSTEMPATH\HTTP\Files\UploadedFile.php(149): CodeIgniter\HTTP\Exceptions\HTTPException::forMoveFailed('php8C21.tmp', 'FCPATH\\assets', 'ROOTPATH\\public')
 2 APPPATH\Controllers\Kurikulum.php(152): CodeIgniter\HTTP\Files\UploadedFile->move('FCPATH\\assets', '2021/2022')
 3 SYSTEMPATH\CodeIgniter.php(896): App\Controllers\Kurikulum->edit_ta('1')
 4 SYSTEMPATH\CodeIgniter.php(466): CodeIgniter\CodeIgniter->runController(Object(App\Controllers\Kurikulum))
 5 SYSTEMPATH\CodeIgniter.php(349): CodeIgniter\CodeIgniter->handleRequest(null, Object(Config\Cache), false)
 6 FCPATH\index.php(55): CodeIgniter\CodeIgniter->run()
 7 SYSTEMPATH\Commands\Server\rewrite.php(43): require_once('FCPATH\\index.php')
CRITICAL - 2022-10-07 02:57:20 --> Could not move file php576C.tmp to ./assets/ ()
in SYSTEMPATH\HTTP\Files\UploadedFile.php on line 149.
 1 SYSTEMPATH\HTTP\Files\UploadedFile.php(149): CodeIgniter\HTTP\Exceptions\HTTPException::forMoveFailed('php576C.tmp', 'FCPATH\\assets', 'ROOTPATH\\public')
 2 APPPATH\Controllers\Kurikulum.php(152): CodeIgniter\HTTP\Files\UploadedFile->move('FCPATH\\assets', '2021/2022')
 3 SYSTEMPATH\CodeIgniter.php(896): App\Controllers\Kurikulum->edit_ta('1')
 4 SYSTEMPATH\CodeIgniter.php(466): CodeIgniter\CodeIgniter->runController(Object(App\Controllers\Kurikulum))
 5 SYSTEMPATH\CodeIgniter.php(349): CodeIgniter\CodeIgniter->handleRequest(null, Object(Config\Cache), false)
 6 FCPATH\index.php(55): CodeIgniter\CodeIgniter->run()
 7 SYSTEMPATH\Commands\Server\rewrite.php(43): require_once('FCPATH\\index.php')
