CRITICAL - 2023-02-14 14:08:44 --> CodeIgniter\Validation\Rules::max_length(): Argument #1 ($str) must be of type ?string, array given, called in D:\xampp\htdocs\ppdb\system\Validation\Validation.php on line 306
in SYSTEMPATH\Validation\Rules.php on line 178.
 1 SYSTEMPATH\Validation\Validation.php(306): CodeIgniter\Validation\Rules->max_length([...], '50', [...], null)
 2 SYSTEMPATH\Validation\Validation.php(173): CodeIgniter\Validation\Validation->processRules('nama_tahap', 'nama_tahap', [...], [...], [...])
 3 SYSTEMPATH\Controller.php(140): CodeIgniter\Validation\Validation->run()
 4 APPPATH\Controllers\TahapSeleksi.php(84): CodeIgniter\Controller->validate([...])
 5 SYSTEMPATH\CodeIgniter.php(896): App\Controllers\TahapSeleksi->add_periode()
 6 SYSTEMPATH\CodeIgniter.php(466): CodeIgniter\CodeIgniter->runController(Object(App\Controllers\TahapSeleksi))
 7 SYSTEMPATH\CodeIgniter.php(349): CodeIgniter\CodeIgniter->handleRequest(null, Object(Config\Cache), false)
 8 FCPATH\index.php(55): CodeIgniter\CodeIgniter->run()
 9 SYSTEMPATH\Commands\Server\rewrite.php(43): require_once('FCPATH\\index.php')
CRITICAL - 2023-02-14 14:12:08 --> Undefined property: stdClass::$id_tahap
in APPPATH\Views\Admin\data_tahap.php on line 33.
 1 APPPATH\Views\Admin\data_tahap.php(33): CodeIgniter\Debug\Exceptions->errorHandler(2, 'Undefined property: stdClass::$id_tahap', 'APPPATH\\Views\\Admin\\data_tahap.php', 33)
 2 SYSTEMPATH\View\View.php(213): include('APPPATH\\Views\\Admin\\data_tahap.php')
 3 SYSTEMPATH\View\View.php(216): CodeIgniter\View\View->CodeIgniter\View\{closure}()
 4 SYSTEMPATH\Common.php(1135): CodeIgniter\View\View->render('Admin/data_tahap', [], true)
 5 APPPATH\Controllers\Admin.php(65): view('Admin/data_tahap', [...])
 6 SYSTEMPATH\CodeIgniter.php(896): App\Controllers\Admin->tahap()
 7 SYSTEMPATH\CodeIgniter.php(466): CodeIgniter\CodeIgniter->runController(Object(App\Controllers\Admin))
 8 SYSTEMPATH\CodeIgniter.php(349): CodeIgniter\CodeIgniter->handleRequest(null, Object(Config\Cache), false)
 9 FCPATH\index.php(55): CodeIgniter\CodeIgniter->run()
10 SYSTEMPATH\Commands\Server\rewrite.php(43): require_once('FCPATH\\index.php')
CRITICAL - 2023-02-14 14:12:35 --> Undefined property: stdClass::$nama_periode
in APPPATH\Views\Admin\data_tahap.php on line 100.
 1 APPPATH\Views\Admin\data_tahap.php(100): CodeIgniter\Debug\Exceptions->errorHandler(2, 'Undefined property: stdClass::$nama_periode', 'APPPATH\\Views\\Admin\\data_tahap.php', 100)
 2 SYSTEMPATH\View\View.php(213): include('APPPATH\\Views\\Admin\\data_tahap.php')
 3 SYSTEMPATH\View\View.php(216): CodeIgniter\View\View->CodeIgniter\View\{closure}()
 4 SYSTEMPATH\Common.php(1135): CodeIgniter\View\View->render('Admin/data_tahap', [], true)
 5 APPPATH\Controllers\Admin.php(65): view('Admin/data_tahap', [...])
 6 SYSTEMPATH\CodeIgniter.php(896): App\Controllers\Admin->tahap()
 7 SYSTEMPATH\CodeIgniter.php(466): CodeIgniter\CodeIgniter->runController(Object(App\Controllers\Admin))
 8 SYSTEMPATH\CodeIgniter.php(349): CodeIgniter\CodeIgniter->handleRequest(null, Object(Config\Cache), false)
 9 FCPATH\index.php(55): CodeIgniter\CodeIgniter->run()
10 SYSTEMPATH\Commands\Server\rewrite.php(43): require_once('FCPATH\\index.php')
CRITICAL - 2023-02-14 14:14:21 --> There is no data to update.
in SYSTEMPATH\BaseModel.php on line 846.
 1 SYSTEMPATH\BaseModel.php(846): CodeIgniter\Database\Exceptions\DataException::forEmptyDataset('update')
 2 SYSTEMPATH\Model.php(692): CodeIgniter\BaseModel->update([...], [])
 3 APPPATH\Controllers\TahapSeleksi.php(32): CodeIgniter\Model->update('1', [...])
 4 SYSTEMPATH\CodeIgniter.php(896): App\Controllers\TahapSeleksi->update_periode('1')
 5 SYSTEMPATH\CodeIgniter.php(466): CodeIgniter\CodeIgniter->runController(Object(App\Controllers\TahapSeleksi))
 6 SYSTEMPATH\CodeIgniter.php(349): CodeIgniter\CodeIgniter->handleRequest(null, Object(Config\Cache), false)
 7 FCPATH\index.php(55): CodeIgniter\CodeIgniter->run()
 8 SYSTEMPATH\Commands\Server\rewrite.php(43): require_once('FCPATH\\index.php')
CRITICAL - 2023-02-14 14:15:54 --> Undefined property: stdClass::$id_kategori
in APPPATH\Controllers\TahapSeleksi.php on line 186.
 1 APPPATH\Controllers\TahapSeleksi.php(186): CodeIgniter\Debug\Exceptions->errorHandler(2, 'Undefined property: stdClass::$id_kategori', 'APPPATH\\Controllers\\TahapSeleksi.php', 186)
 2 SYSTEMPATH\CodeIgniter.php(896): App\Controllers\TahapSeleksi->delete_periode('1')
 3 SYSTEMPATH\CodeIgniter.php(466): CodeIgniter\CodeIgniter->runController(Object(App\Controllers\TahapSeleksi))
 4 SYSTEMPATH\CodeIgniter.php(349): CodeIgniter\CodeIgniter->handleRequest(null, Object(Config\Cache), false)
 5 FCPATH\index.php(55): CodeIgniter\CodeIgniter->run()
 6 SYSTEMPATH\Commands\Server\rewrite.php(43): require_once('FCPATH\\index.php')
CRITICAL - 2023-02-14 14:17:28 --> There is no data to update.
in SYSTEMPATH\BaseModel.php on line 846.
 1 SYSTEMPATH\BaseModel.php(846): CodeIgniter\Database\Exceptions\DataException::forEmptyDataset('update')
 2 SYSTEMPATH\Model.php(692): CodeIgniter\BaseModel->update([...], [])
 3 APPPATH\Controllers\TahapSeleksi.php(32): CodeIgniter\Model->update('2', [...])
 4 SYSTEMPATH\CodeIgniter.php(896): App\Controllers\TahapSeleksi->update_periode('2')
 5 SYSTEMPATH\CodeIgniter.php(466): CodeIgniter\CodeIgniter->runController(Object(App\Controllers\TahapSeleksi))
 6 SYSTEMPATH\CodeIgniter.php(349): CodeIgniter\CodeIgniter->handleRequest(null, Object(Config\Cache), false)
 7 FCPATH\index.php(55): CodeIgniter\CodeIgniter->run()
 8 SYSTEMPATH\Commands\Server\rewrite.php(43): require_once('FCPATH\\index.php')
CRITICAL - 2023-02-14 14:17:59 --> Attempt to read property "id_kategori" on null
in APPPATH\Controllers\TahapSeleksi.php on line 186.
 1 APPPATH\Controllers\TahapSeleksi.php(186): CodeIgniter\Debug\Exceptions->errorHandler(2, 'Attempt to read property "id_kategori" on null', 'APPPATH\\Controllers\\TahapSeleksi.php', 186)
 2 SYSTEMPATH\CodeIgniter.php(896): App\Controllers\TahapSeleksi->delete_periode('4')
 3 SYSTEMPATH\CodeIgniter.php(466): CodeIgniter\CodeIgniter->runController(Object(App\Controllers\TahapSeleksi))
 4 SYSTEMPATH\CodeIgniter.php(349): CodeIgniter\CodeIgniter->handleRequest(null, Object(Config\Cache), false)
 5 FCPATH\index.php(55): CodeIgniter\CodeIgniter->run()
 6 SYSTEMPATH\Commands\Server\rewrite.php(43): require_once('FCPATH\\index.php')
CRITICAL - 2023-02-14 16:16:38 --> explode(): Passing null to parameter #2 ($string) of type string is deprecated
in APPPATH\Views\Admin\data_tahap.php on line 45.
 1 [internal function]: CodeIgniter\Debug\Exceptions->errorHandler(8192, 'explode(): Passing null to parameter #2 ($string) of type string is deprecated', 'APPPATH\\Views\\Admin\\data_tahap.php', 45)
 2 APPPATH\Views\Admin\data_tahap.php(45): explode('-', null)
 3 SYSTEMPATH\View\View.php(213): include('APPPATH\\Views\\Admin\\data_tahap.php')
 4 SYSTEMPATH\View\View.php(216): CodeIgniter\View\View->CodeIgniter\View\{closure}()
 5 SYSTEMPATH\Common.php(1135): CodeIgniter\View\View->render('Admin/data_tahap', [], true)
 6 APPPATH\Controllers\Admin.php(65): view('Admin/data_tahap', [...])
 7 SYSTEMPATH\CodeIgniter.php(896): App\Controllers\Admin->tahap()
 8 SYSTEMPATH\CodeIgniter.php(466): CodeIgniter\CodeIgniter->runController(Object(App\Controllers\Admin))
 9 SYSTEMPATH\CodeIgniter.php(349): CodeIgniter\CodeIgniter->handleRequest(null, Object(Config\Cache), false)
10 FCPATH\index.php(55): CodeIgniter\CodeIgniter->run()
11 SYSTEMPATH\Commands\Server\rewrite.php(43): require_once('FCPATH\\index.php')
CRITICAL - 2023-02-14 16:17:00 --> explode(): Passing null to parameter #2 ($string) of type string is deprecated
in APPPATH\Views\Admin\data_tahap.php on line 45.
 1 [internal function]: CodeIgniter\Debug\Exceptions->errorHandler(8192, 'explode(): Passing null to parameter #2 ($string) of type string is deprecated', 'APPPATH\\Views\\Admin\\data_tahap.php', 45)
 2 APPPATH\Views\Admin\data_tahap.php(45): explode('D:\\', null)
 3 SYSTEMPATH\View\View.php(213): include('APPPATH\\Views\\Admin\\data_tahap.php')
 4 SYSTEMPATH\View\View.php(216): CodeIgniter\View\View->CodeIgniter\View\{closure}()
 5 SYSTEMPATH\Common.php(1135): CodeIgniter\View\View->render('Admin/data_tahap', [], true)
 6 APPPATH\Controllers\Admin.php(65): view('Admin/data_tahap', [...])
 7 SYSTEMPATH\CodeIgniter.php(896): App\Controllers\Admin->tahap()
 8 SYSTEMPATH\CodeIgniter.php(466): CodeIgniter\CodeIgniter->runController(Object(App\Controllers\Admin))
 9 SYSTEMPATH\CodeIgniter.php(349): CodeIgniter\CodeIgniter->handleRequest(null, Object(Config\Cache), false)
10 FCPATH\index.php(55): CodeIgniter\CodeIgniter->run()
11 SYSTEMPATH\Commands\Server\rewrite.php(43): require_once('FCPATH\\index.php')
CRITICAL - 2023-02-14 20:02:40 --> Undefined property: stdClass::$nama_periode
in APPPATH\Views\Admin\data_jalur.php on line 148.
 1 APPPATH\Views\Admin\data_jalur.php(148): CodeIgniter\Debug\Exceptions->errorHandler(2, 'Undefined property: stdClass::$nama_periode', 'APPPATH\\Views\\Admin\\data_jalur.php', 148)
 2 SYSTEMPATH\View\View.php(213): include('APPPATH\\Views\\Admin\\data_jalur.php')
 3 SYSTEMPATH\View\View.php(216): CodeIgniter\View\View->CodeIgniter\View\{closure}()
 4 SYSTEMPATH\Common.php(1135): CodeIgniter\View\View->render('Admin/data_jalur', [], true)
 5 APPPATH\Controllers\Admin.php(84): view('Admin/data_jalur', [...])
 6 SYSTEMPATH\CodeIgniter.php(896): App\Controllers\Admin->jalur()
 7 SYSTEMPATH\CodeIgniter.php(466): CodeIgniter\CodeIgniter->runController(Object(App\Controllers\Admin))
 8 SYSTEMPATH\CodeIgniter.php(349): CodeIgniter\CodeIgniter->handleRequest(null, Object(Config\Cache), false)
 9 FCPATH\index.php(55): CodeIgniter\CodeIgniter->run()
10 SYSTEMPATH\Commands\Server\rewrite.php(43): require_once('FCPATH\\index.php')
CRITICAL - 2023-02-14 20:10:48 --> Undefined variable $k
in APPPATH\Views\Admin\data_jalur.php on line 160.
 1 APPPATH\Views\Admin\data_jalur.php(160): CodeIgniter\Debug\Exceptions->errorHandler(2, 'Undefined variable $k', 'APPPATH\\Views\\Admin\\data_jalur.php', 160)
 2 SYSTEMPATH\View\View.php(213): include('APPPATH\\Views\\Admin\\data_jalur.php')
 3 SYSTEMPATH\View\View.php(216): CodeIgniter\View\View->CodeIgniter\View\{closure}()
 4 SYSTEMPATH\Common.php(1135): CodeIgniter\View\View->render('Admin/data_jalur', [], true)
 5 APPPATH\Controllers\Admin.php(84): view('Admin/data_jalur', [...])
 6 SYSTEMPATH\CodeIgniter.php(896): App\Controllers\Admin->jalur()
 7 SYSTEMPATH\CodeIgniter.php(466): CodeIgniter\CodeIgniter->runController(Object(App\Controllers\Admin))
 8 SYSTEMPATH\CodeIgniter.php(349): CodeIgniter\CodeIgniter->handleRequest(null, Object(Config\Cache), false)
 9 FCPATH\index.php(55): CodeIgniter\CodeIgniter->run()
10 SYSTEMPATH\Commands\Server\rewrite.php(43): require_once('FCPATH\\index.php')
CRITICAL - 2023-02-14 20:17:40 --> str_replace(): Passing null to parameter #3 ($subject) of type array|string is deprecated
in APPPATH\Controllers\Base.php on line 16.
 1 [internal function]: CodeIgniter\Debug\Exceptions->errorHandler(8192, 'str_replace(): Passing null to parameter #3 ($subject) of type array|string is deprecated', 'APPPATH\\Controllers\\Base.php', 16)
 2 APPPATH\Controllers\Base.php(16): str_replace('D:\\', '-', null)
 3 APPPATH\Controllers\TahapSeleksi.php(49): App\Controllers\Base->formatTanggalReverse(null)
 4 SYSTEMPATH\CodeIgniter.php(896): App\Controllers\TahapSeleksi->add_tahap()
 5 SYSTEMPATH\CodeIgniter.php(466): CodeIgniter\CodeIgniter->runController(Object(App\Controllers\TahapSeleksi))
 6 SYSTEMPATH\CodeIgniter.php(349): CodeIgniter\CodeIgniter->handleRequest(null, Object(Config\Cache), false)
 7 FCPATH\index.php(55): CodeIgniter\CodeIgniter->run()
 8 SYSTEMPATH\Commands\Server\rewrite.php(43): require_once('FCPATH\\index.php')
CRITICAL - 2023-02-14 20:19:55 --> Undefined property: stdClass::$id_periode
in APPPATH\Views\Admin\data_jalur.php on line 35.
 1 APPPATH\Views\Admin\data_jalur.php(35): CodeIgniter\Debug\Exceptions->errorHandler(2, 'Undefined property: stdClass::$id_periode', 'APPPATH\\Views\\Admin\\data_jalur.php', 35)
 2 SYSTEMPATH\View\View.php(213): include('APPPATH\\Views\\Admin\\data_jalur.php')
 3 SYSTEMPATH\View\View.php(216): CodeIgniter\View\View->CodeIgniter\View\{closure}()
 4 SYSTEMPATH\Common.php(1135): CodeIgniter\View\View->render('Admin/data_jalur', [], true)
 5 APPPATH\Controllers\Admin.php(84): view('Admin/data_jalur', [...])
 6 SYSTEMPATH\CodeIgniter.php(896): App\Controllers\Admin->jalur()
 7 SYSTEMPATH\CodeIgniter.php(466): CodeIgniter\CodeIgniter->runController(Object(App\Controllers\Admin))
 8 SYSTEMPATH\CodeIgniter.php(349): CodeIgniter\CodeIgniter->handleRequest(null, Object(Config\Cache), false)
 9 FCPATH\index.php(55): CodeIgniter\CodeIgniter->run()
10 SYSTEMPATH\Commands\Server\rewrite.php(43): require_once('FCPATH\\index.php')
CRITICAL - 2023-02-14 20:22:27 --> Undefined property: stdClass::$id_periode
in APPPATH\Views\Admin\data_jalur.php on line 44.
 1 APPPATH\Views\Admin\data_jalur.php(44): CodeIgniter\Debug\Exceptions->errorHandler(2, 'Undefined property: stdClass::$id_periode', 'APPPATH\\Views\\Admin\\data_jalur.php', 44)
 2 SYSTEMPATH\View\View.php(213): include('APPPATH\\Views\\Admin\\data_jalur.php')
 3 SYSTEMPATH\View\View.php(216): CodeIgniter\View\View->CodeIgniter\View\{closure}()
 4 SYSTEMPATH\Common.php(1135): CodeIgniter\View\View->render('Admin/data_jalur', [], true)
 5 APPPATH\Controllers\Admin.php(84): view('Admin/data_jalur', [...])
 6 SYSTEMPATH\CodeIgniter.php(896): App\Controllers\Admin->jalur()
 7 SYSTEMPATH\CodeIgniter.php(466): CodeIgniter\CodeIgniter->runController(Object(App\Controllers\Admin))
 8 SYSTEMPATH\CodeIgniter.php(349): CodeIgniter\CodeIgniter->handleRequest(null, Object(Config\Cache), false)
 9 FCPATH\index.php(55): CodeIgniter\CodeIgniter->run()
10 SYSTEMPATH\Commands\Server\rewrite.php(43): require_once('FCPATH\\index.php')
CRITICAL - 2023-02-14 20:22:46 --> Undefined property: stdClass::$id_periode
in APPPATH\Views\Admin\data_jalur.php on line 73.
 1 APPPATH\Views\Admin\data_jalur.php(73): CodeIgniter\Debug\Exceptions->errorHandler(2, 'Undefined property: stdClass::$id_periode', 'APPPATH\\Views\\Admin\\data_jalur.php', 73)
 2 SYSTEMPATH\View\View.php(213): include('APPPATH\\Views\\Admin\\data_jalur.php')
 3 SYSTEMPATH\View\View.php(216): CodeIgniter\View\View->CodeIgniter\View\{closure}()
 4 SYSTEMPATH\Common.php(1135): CodeIgniter\View\View->render('Admin/data_jalur', [], true)
 5 APPPATH\Controllers\Admin.php(84): view('Admin/data_jalur', [...])
 6 SYSTEMPATH\CodeIgniter.php(896): App\Controllers\Admin->jalur()
 7 SYSTEMPATH\CodeIgniter.php(466): CodeIgniter\CodeIgniter->runController(Object(App\Controllers\Admin))
 8 SYSTEMPATH\CodeIgniter.php(349): CodeIgniter\CodeIgniter->handleRequest(null, Object(Config\Cache), false)
 9 FCPATH\index.php(55): CodeIgniter\CodeIgniter->run()
10 SYSTEMPATH\Commands\Server\rewrite.php(43): require_once('FCPATH\\index.php')
CRITICAL - 2023-02-14 20:23:15 --> Undefined property: stdClass::$nama_tahap
in APPPATH\Views\Admin\data_jalur.php on line 115.
 1 APPPATH\Views\Admin\data_jalur.php(115): CodeIgniter\Debug\Exceptions->errorHandler(2, 'Undefined property: stdClass::$nama_tahap', 'APPPATH\\Views\\Admin\\data_jalur.php', 115)
 2 SYSTEMPATH\View\View.php(213): include('APPPATH\\Views\\Admin\\data_jalur.php')
 3 SYSTEMPATH\View\View.php(216): CodeIgniter\View\View->CodeIgniter\View\{closure}()
 4 SYSTEMPATH\Common.php(1135): CodeIgniter\View\View->render('Admin/data_jalur', [], true)
 5 APPPATH\Controllers\Admin.php(84): view('Admin/data_jalur', [...])
 6 SYSTEMPATH\CodeIgniter.php(896): App\Controllers\Admin->jalur()
 7 SYSTEMPATH\CodeIgniter.php(466): CodeIgniter\CodeIgniter->runController(Object(App\Controllers\Admin))
 8 SYSTEMPATH\CodeIgniter.php(349): CodeIgniter\CodeIgniter->handleRequest(null, Object(Config\Cache), false)
 9 FCPATH\index.php(55): CodeIgniter\CodeIgniter->run()
10 SYSTEMPATH\Commands\Server\rewrite.php(43): require_once('FCPATH\\index.php')
ERROR - 2023-02-14 20:28:27 --> Operand should contain 1 column(s)
CRITICAL - 2023-02-14 20:28:27 --> Operand should contain 1 column(s)
in SYSTEMPATH\Database\MySQLi\Connection.php on line 292.
 1 SYSTEMPATH\Database\MySQLi\Connection.php(292): mysqli->query('INSERT INTO `jalur` (`id_tahap`, `nama_jalur`, `kuota`) VALUES (\'5\', (\'Zonasi\',\'Prestasi\'), (\'200\',\'400\'))', 0)
 2 SYSTEMPATH\Database\BaseConnection.php(695): CodeIgniter\Database\MySQLi\Connection->execute('INSERT INTO `jalur` (`id_tahap`, `nama_jalur`, `kuota`) VALUES (\'5\', (\'Zonasi\',\'Prestasi\'), (\'200\',\'400\'))')
 3 SYSTEMPATH\Database\BaseConnection.php(609): CodeIgniter\Database\BaseConnection->simpleQuery('INSERT INTO `jalur` (`id_tahap`, `nama_jalur`, `kuota`) VALUES (\'5\', (\'Zonasi\',\'Prestasi\'), (\'200\',\'400\'))')
 4 SYSTEMPATH\Database\BaseBuilder.php(1904): CodeIgniter\Database\BaseConnection->query('INSERT INTO `jalur` (`id_tahap`, `nama_jalur`, `kuota`) VALUES (:id_tahap:, :nama_jalur:, :kuota:)', [...], false)
 5 SYSTEMPATH\Model.php(278): CodeIgniter\Database\BaseBuilder->insert()
 6 SYSTEMPATH\BaseModel.php(738): CodeIgniter\Model->doInsert([...])
 7 SYSTEMPATH\Model.php(666): CodeIgniter\BaseModel->insert([...], true)
 8 APPPATH\Controllers\TahapSeleksi.php(86): CodeIgniter\Model->insert([...])
 9 SYSTEMPATH\CodeIgniter.php(896): App\Controllers\TahapSeleksi->add_jalur()
10 SYSTEMPATH\CodeIgniter.php(466): CodeIgniter\CodeIgniter->runController(Object(App\Controllers\TahapSeleksi))
11 SYSTEMPATH\CodeIgniter.php(349): CodeIgniter\CodeIgniter->handleRequest(null, Object(Config\Cache), false)
12 FCPATH\index.php(55): CodeIgniter\CodeIgniter->run()
13 SYSTEMPATH\Commands\Server\rewrite.php(43): require_once('FCPATH\\index.php')
CRITICAL - 2023-02-14 20:31:40 --> Undefined array key 2
in APPPATH\Controllers\TahapSeleksi.php on line 87.
 1 APPPATH\Controllers\TahapSeleksi.php(87): CodeIgniter\Debug\Exceptions->errorHandler(2, 'Undefined array key 2', 'APPPATH\\Controllers\\TahapSeleksi.php', 87)
 2 SYSTEMPATH\CodeIgniter.php(896): App\Controllers\TahapSeleksi->add_jalur()
 3 SYSTEMPATH\CodeIgniter.php(466): CodeIgniter\CodeIgniter->runController(Object(App\Controllers\TahapSeleksi))
 4 SYSTEMPATH\CodeIgniter.php(349): CodeIgniter\CodeIgniter->handleRequest(null, Object(Config\Cache), false)
 5 FCPATH\index.php(55): CodeIgniter\CodeIgniter->run()
 6 SYSTEMPATH\Commands\Server\rewrite.php(43): require_once('FCPATH\\index.php')
