CRITICAL - 2022-09-30 17:52:25 --> The framework needs the following extension(s) installed and loaded: intl.
in SYSTEMPATH\CodeIgniter.php on line 231.
 1 SYSTEMPATH\CodeIgniter.php(231): CodeIgniter\Exceptions\FrameworkException::forMissingExtension('intl')
 2 SYSTEMPATH\CodeIgniter.php(189): CodeIgniter\CodeIgniter->resolvePlatformExtensions()
 3 ROOTPATH\spark(71): CodeIgniter\CodeIgniter->initialize()
CRITICAL - 2022-09-30 11:53:38 --> Invalid file: vw_register.php
in SYSTEMPATH\Exceptions\FrameworkException.php on line 33.
 1 SYSTEMPATH\View\View.php(201): CodeIgniter\Exceptions\FrameworkException::forInvalidFile('vw_register.php')
 2 SYSTEMPATH\Common.php(1135): CodeIgniter\View\View->render('vw_register', [], true)
 3 APPPATH\Controllers\Registration.php(11): view('vw_register')
 4 SYSTEMPATH\CodeIgniter.php(896): App\Controllers\Registration->index()
 5 SYSTEMPATH\CodeIgniter.php(466): CodeIgniter\CodeIgniter->runController(Object(App\Controllers\Registration))
 6 SYSTEMPATH\CodeIgniter.php(349): CodeIgniter\CodeIgniter->handleRequest(null, Object(Config\Cache), false)
 7 FCPATH\index.php(55): CodeIgniter\CodeIgniter->run()
 8 SYSTEMPATH\Commands\Server\rewrite.php(43): require_once('FCPATH\\index.php')
CRITICAL - 2022-09-30 12:16:56 --> Class "App\Controllers\UsersModel" not found
in APPPATH\Controllers\Registration.php on line 44.
 1 SYSTEMPATH\CodeIgniter.php(896): App\Controllers\Registration->process()
 2 SYSTEMPATH\CodeIgniter.php(466): CodeIgniter\CodeIgniter->runController(Object(App\Controllers\Registration))
 3 SYSTEMPATH\CodeIgniter.php(349): CodeIgniter\CodeIgniter->handleRequest(null, Object(Config\Cache), false)
 4 FCPATH\index.php(55): CodeIgniter\CodeIgniter->run()
 5 SYSTEMPATH\Commands\Server\rewrite.php(43): require_once('FCPATH\\index.php')
CRITICAL - 2022-09-30 14:38:24 --> Invalid file: vw_login.php
in SYSTEMPATH\Exceptions\FrameworkException.php on line 33.
 1 SYSTEMPATH\View\View.php(201): CodeIgniter\Exceptions\FrameworkException::forInvalidFile('vw_login.php')
 2 SYSTEMPATH\Common.php(1135): CodeIgniter\View\View->render('vw_login', [], true)
 3 APPPATH\Controllers\Login.php(11): view('vw_login')
 4 SYSTEMPATH\CodeIgniter.php(896): App\Controllers\Login->index()
 5 SYSTEMPATH\CodeIgniter.php(466): CodeIgniter\CodeIgniter->runController(Object(App\Controllers\Login))
 6 SYSTEMPATH\CodeIgniter.php(349): CodeIgniter\CodeIgniter->handleRequest(null, Object(Config\Cache), false)
 7 FCPATH\index.php(55): CodeIgniter\CodeIgniter->run()
 8 SYSTEMPATH\Commands\Server\rewrite.php(43): require_once('FCPATH\\index.php')
CRITICAL - 2022-09-30 14:38:59 --> Invalid file: vw_home.php
in SYSTEMPATH\Exceptions\FrameworkException.php on line 33.
 1 SYSTEMPATH\View\View.php(201): CodeIgniter\Exceptions\FrameworkException::forInvalidFile('vw_home.php')
 2 SYSTEMPATH\Common.php(1135): CodeIgniter\View\View->render('vw_home', [], true)
 3 APPPATH\Controllers\Login.php(16): view('vw_home')
 4 SYSTEMPATH\CodeIgniter.php(896): App\Controllers\Login->home()
 5 SYSTEMPATH\CodeIgniter.php(466): CodeIgniter\CodeIgniter->runController(Object(App\Controllers\Login))
 6 SYSTEMPATH\CodeIgniter.php(349): CodeIgniter\CodeIgniter->handleRequest(null, Object(Config\Cache), false)
 7 FCPATH\index.php(55): CodeIgniter\CodeIgniter->run()
 8 SYSTEMPATH\Commands\Server\rewrite.php(43): require_once('FCPATH\\index.php')
CRITICAL - 2022-09-30 15:05:43 --> Undefined variable $profiles
in APPPATH\Views\panelAdmin\sidebar.php on line 6.
 1 APPPATH\Views\panelAdmin\sidebar.php(6): CodeIgniter\Debug\Exceptions->errorHandler(2, 'Undefined variable $profiles', 'APPPATH\\Views\\panelAdmin\\sidebar.php', 6)
 2 SYSTEMPATH\View\View.php(213): include('APPPATH\\Views\\panelAdmin\\sidebar.php')
 3 SYSTEMPATH\View\View.php(216): CodeIgniter\View\View->CodeIgniter\View\{closure}()
 4 SYSTEMPATH\View\View.php(429): CodeIgniter\View\View->render('panelAdmin/sidebar', null, true)
 5 APPPATH\Views\panelAdmin\index.php(20): CodeIgniter\View\View->include('panelAdmin/sidebar')
 6 SYSTEMPATH\View\View.php(213): include('APPPATH\\Views\\panelAdmin\\index.php')
 7 SYSTEMPATH\View\View.php(216): CodeIgniter\View\View->CodeIgniter\View\{closure}()
 8 SYSTEMPATH\View\View.php(229): CodeIgniter\View\View->render('panelAdmin/index.php', [], true)
 9 SYSTEMPATH\Common.php(1135): CodeIgniter\View\View->render('panelAdmin/dashboard', [], true)
10 APPPATH\Controllers\Admin.php(9): view('panelAdmin/dashboard')
11 SYSTEMPATH\CodeIgniter.php(896): App\Controllers\Admin->index()
12 SYSTEMPATH\CodeIgniter.php(466): CodeIgniter\CodeIgniter->runController(Object(App\Controllers\Admin))
13 SYSTEMPATH\CodeIgniter.php(349): CodeIgniter\CodeIgniter->handleRequest(null, Object(Config\Cache), false)
14 FCPATH\index.php(55): CodeIgniter\CodeIgniter->run()
15 SYSTEMPATH\Commands\Server\rewrite.php(43): require_once('FCPATH\\index.php')
CRITICAL - 2022-09-30 15:24:20 --> Undefined variable $profiles
in APPPATH\Views\panelAdmin\sidebar.php on line 6.
 1 APPPATH\Views\panelAdmin\sidebar.php(6): CodeIgniter\Debug\Exceptions->errorHandler(2, 'Undefined variable $profiles', 'APPPATH\\Views\\panelAdmin\\sidebar.php', 6)
 2 SYSTEMPATH\View\View.php(213): include('APPPATH\\Views\\panelAdmin\\sidebar.php')
 3 SYSTEMPATH\View\View.php(216): CodeIgniter\View\View->CodeIgniter\View\{closure}()
 4 SYSTEMPATH\View\View.php(429): CodeIgniter\View\View->render('panelAdmin/sidebar', null, true)
 5 APPPATH\Views\panelAdmin\index.php(20): CodeIgniter\View\View->include('panelAdmin/sidebar')
 6 SYSTEMPATH\View\View.php(213): include('APPPATH\\Views\\panelAdmin\\index.php')
 7 SYSTEMPATH\View\View.php(216): CodeIgniter\View\View->CodeIgniter\View\{closure}()
 8 SYSTEMPATH\View\View.php(229): CodeIgniter\View\View->render('panelAdmin/index.php', [], true)
 9 SYSTEMPATH\Common.php(1135): CodeIgniter\View\View->render('panelAdmin/dashboard', [], true)
10 APPPATH\Controllers\Admin.php(9): view('panelAdmin/dashboard')
11 SYSTEMPATH\CodeIgniter.php(896): App\Controllers\Admin->index()
12 SYSTEMPATH\CodeIgniter.php(466): CodeIgniter\CodeIgniter->runController(Object(App\Controllers\Admin))
13 SYSTEMPATH\CodeIgniter.php(349): CodeIgniter\CodeIgniter->handleRequest(null, Object(Config\Cache), false)
14 FCPATH\index.php(55): CodeIgniter\CodeIgniter->run()
15 SYSTEMPATH\Commands\Server\rewrite.php(43): require_once('FCPATH\\index.php')
CRITICAL - 2022-09-30 15:24:32 --> Class "App\Models\Profile" not found
in APPPATH\Controllers\Login.php on line 23.
 1 SYSTEMPATH\CodeIgniter.php(896): App\Controllers\Login->process()
 2 SYSTEMPATH\CodeIgniter.php(466): CodeIgniter\CodeIgniter->runController(Object(App\Controllers\Login))
 3 SYSTEMPATH\CodeIgniter.php(349): CodeIgniter\CodeIgniter->handleRequest(null, Object(Config\Cache), false)
 4 FCPATH\index.php(55): CodeIgniter\CodeIgniter->run()
 5 SYSTEMPATH\Commands\Server\rewrite.php(43): require_once('FCPATH\\index.php')
CRITICAL - 2022-09-30 15:26:45 --> Cannot access offset of type string on string
in APPPATH\Views\panelAdmin\sidebar.php on line 7.
 1 SYSTEMPATH\View\View.php(213): include()
 2 SYSTEMPATH\View\View.php(216): CodeIgniter\View\View->CodeIgniter\View\{closure}()
 3 SYSTEMPATH\View\View.php(429): CodeIgniter\View\View->render('panelAdmin/sidebar', null, true)
 4 APPPATH\Views\panelAdmin\index.php(20): CodeIgniter\View\View->include('panelAdmin/sidebar')
 5 SYSTEMPATH\View\View.php(213): include('APPPATH\\Views\\panelAdmin\\index.php')
 6 SYSTEMPATH\View\View.php(216): CodeIgniter\View\View->CodeIgniter\View\{closure}()
 7 SYSTEMPATH\View\View.php(229): CodeIgniter\View\View->render('panelAdmin/index.php', [], true)
 8 SYSTEMPATH\Common.php(1135): CodeIgniter\View\View->render('panelAdmin/dashboard', [], true)
 9 APPPATH\Controllers\Login.php(40): view('panelAdmin/dashboard', [...])
10 SYSTEMPATH\CodeIgniter.php(896): App\Controllers\Login->process()
11 SYSTEMPATH\CodeIgniter.php(466): CodeIgniter\CodeIgniter->runController(Object(App\Controllers\Login))
12 SYSTEMPATH\CodeIgniter.php(349): CodeIgniter\CodeIgniter->handleRequest(null, Object(Config\Cache), false)
13 FCPATH\index.php(55): CodeIgniter\CodeIgniter->run()
14 SYSTEMPATH\Commands\Server\rewrite.php(43): require_once('FCPATH\\index.php')
CRITICAL - 2022-09-30 15:42:22 --> Undefined variable $profiles
in APPPATH\Views\panelAdmin\sidebar.php on line 6.
 1 APPPATH\Views\panelAdmin\sidebar.php(6): CodeIgniter\Debug\Exceptions->errorHandler(2, 'Undefined variable $profiles', 'APPPATH\\Views\\panelAdmin\\sidebar.php', 6)
 2 SYSTEMPATH\View\View.php(213): include('APPPATH\\Views\\panelAdmin\\sidebar.php')
 3 SYSTEMPATH\View\View.php(216): CodeIgniter\View\View->CodeIgniter\View\{closure}()
 4 SYSTEMPATH\View\View.php(429): CodeIgniter\View\View->render('panelAdmin/sidebar', null, true)
 5 APPPATH\Views\panelAdmin\index.php(20): CodeIgniter\View\View->include('panelAdmin/sidebar')
 6 SYSTEMPATH\View\View.php(213): include('APPPATH\\Views\\panelAdmin\\index.php')
 7 SYSTEMPATH\View\View.php(216): CodeIgniter\View\View->CodeIgniter\View\{closure}()
 8 SYSTEMPATH\View\View.php(229): CodeIgniter\View\View->render('panelAdmin/index.php', [], true)
 9 SYSTEMPATH\Common.php(1135): CodeIgniter\View\View->render('panelAdmin/dataguru', [], true)
10 APPPATH\Controllers\Admin.php(21): view('panelAdmin/dataguru')
11 SYSTEMPATH\CodeIgniter.php(896): App\Controllers\Admin->dataGuru()
12 SYSTEMPATH\CodeIgniter.php(466): CodeIgniter\CodeIgniter->runController(Object(App\Controllers\Admin))
13 SYSTEMPATH\CodeIgniter.php(349): CodeIgniter\CodeIgniter->handleRequest(null, Object(Config\Cache), false)
14 FCPATH\index.php(55): CodeIgniter\CodeIgniter->run()
15 SYSTEMPATH\Commands\Server\rewrite.php(43): require_once('FCPATH\\index.php')
