CRITICAL - 2022-11-08 08:44:35 --> Too few arguments to function App\Controllers\Home::index(), 0 passed in C:\Salsabila Fauzia S\xampp\htdocs\sekolah\system\CodeIgniter.php on line 896 and exactly 1 expected
in APPPATH\Controllers\Home.php on line 8.
 1 SYSTEMPATH\CodeIgniter.php(896): App\Controllers\Home->index()
 2 SYSTEMPATH\CodeIgniter.php(466): CodeIgniter\CodeIgniter->runController(Object(App\Controllers\Home))
 3 SYSTEMPATH\CodeIgniter.php(349): CodeIgniter\CodeIgniter->handleRequest(null, Object(Config\Cache), false)
 4 FCPATH\index.php(55): CodeIgniter\CodeIgniter->run()
 5 SYSTEMPATH\Commands\Server\rewrite.php(43): require_once('FCPATH\\index.php')
CRITICAL - 2022-11-08 09:34:22 --> Undefined variable $post
in APPPATH\Views\panelAdmin\dataInformasi.php on line 30.
 1 APPPATH\Views\panelAdmin\dataInformasi.php(30): CodeIgniter\Debug\Exceptions->errorHandler(2, 'Undefined variable $post', 'APPPATH\\Views\\panelAdmin\\dataInformasi.php', 30)
 2 SYSTEMPATH\View\View.php(213): include('APPPATH\\Views\\panelAdmin\\dataInformasi.php')
 3 SYSTEMPATH\View\View.php(216): CodeIgniter\View\View->CodeIgniter\View\{closure}()
 4 SYSTEMPATH\Common.php(1135): CodeIgniter\View\View->render('panelAdmin/dataInformasi', [], true)
 5 APPPATH\Controllers\Informasi.php(40): view('panelAdmin/dataInformasi')
 6 SYSTEMPATH\CodeIgniter.php(896): App\Controllers\Informasi->addInformasi('1')
 7 SYSTEMPATH\CodeIgniter.php(466): CodeIgniter\CodeIgniter->runController(Object(App\Controllers\Informasi))
 8 SYSTEMPATH\CodeIgniter.php(349): CodeIgniter\CodeIgniter->handleRequest(null, Object(Config\Cache), false)
 9 FCPATH\index.php(55): CodeIgniter\CodeIgniter->run()
10 SYSTEMPATH\Commands\Server\rewrite.php(43): require_once('FCPATH\\index.php')
CRITICAL - 2022-11-08 10:55:52 --> Attempt to read property "file_gambar" on null
in APPPATH\Controllers\Informasi.php on line 116.
 1 APPPATH\Controllers\Informasi.php(116): CodeIgniter\Debug\Exceptions->errorHandler(2, 'Attempt to read property "file_gambar" on null', 'APPPATH\\Controllers\\Informasi.php', 116)
 2 SYSTEMPATH\CodeIgniter.php(896): App\Controllers\Informasi->updateInformasi('1')
 3 SYSTEMPATH\CodeIgniter.php(466): CodeIgniter\CodeIgniter->runController(Object(App\Controllers\Informasi))
 4 SYSTEMPATH\CodeIgniter.php(349): CodeIgniter\CodeIgniter->handleRequest(null, Object(Config\Cache), false)
 5 FCPATH\index.php(55): CodeIgniter\CodeIgniter->run()
 6 SYSTEMPATH\Commands\Server\rewrite.php(43): require_once('FCPATH\\index.php')
CRITICAL - 2022-11-08 11:00:09 --> Undefined variable $j
in APPPATH\Views\panelAdmin\dataInformasi.php on line 61.
 1 APPPATH\Views\panelAdmin\dataInformasi.php(61): CodeIgniter\Debug\Exceptions->errorHandler(2, 'Undefined variable $j', 'APPPATH\\Views\\panelAdmin\\dataInformasi.php', 61)
 2 SYSTEMPATH\View\View.php(213): include('APPPATH\\Views\\panelAdmin\\dataInformasi.php')
 3 SYSTEMPATH\View\View.php(216): CodeIgniter\View\View->CodeIgniter\View\{closure}()
 4 SYSTEMPATH\Common.php(1135): CodeIgniter\View\View->render('panelAdmin/dataInformasi', [], true)
 5 APPPATH\Controllers\Informasi.php(36): view('panelAdmin/dataInformasi', [...])
 6 SYSTEMPATH\CodeIgniter.php(896): App\Controllers\Informasi->informasi('1')
 7 SYSTEMPATH\CodeIgniter.php(466): CodeIgniter\CodeIgniter->runController(Object(App\Controllers\Informasi))
 8 SYSTEMPATH\CodeIgniter.php(349): CodeIgniter\CodeIgniter->handleRequest(null, Object(Config\Cache), false)
 9 FCPATH\index.php(55): CodeIgniter\CodeIgniter->run()
10 SYSTEMPATH\Commands\Server\rewrite.php(43): require_once('FCPATH\\index.php')
CRITICAL - 2022-11-08 11:00:10 --> Undefined variable $j
in APPPATH\Views\panelAdmin\dataInformasi.php on line 61.
 1 APPPATH\Views\panelAdmin\dataInformasi.php(61): CodeIgniter\Debug\Exceptions->errorHandler(2, 'Undefined variable $j', 'APPPATH\\Views\\panelAdmin\\dataInformasi.php', 61)
 2 SYSTEMPATH\View\View.php(213): include('APPPATH\\Views\\panelAdmin\\dataInformasi.php')
 3 SYSTEMPATH\View\View.php(216): CodeIgniter\View\View->CodeIgniter\View\{closure}()
 4 SYSTEMPATH\Common.php(1135): CodeIgniter\View\View->render('panelAdmin/dataInformasi', [], true)
 5 APPPATH\Controllers\Informasi.php(36): view('panelAdmin/dataInformasi', [...])
 6 SYSTEMPATH\CodeIgniter.php(896): App\Controllers\Informasi->informasi('1')
 7 SYSTEMPATH\CodeIgniter.php(466): CodeIgniter\CodeIgniter->runController(Object(App\Controllers\Informasi))
 8 SYSTEMPATH\CodeIgniter.php(349): CodeIgniter\CodeIgniter->handleRequest(null, Object(Config\Cache), false)
 9 FCPATH\index.php(55): CodeIgniter\CodeIgniter->run()
10 SYSTEMPATH\Commands\Server\rewrite.php(43): require_once('FCPATH\\index.php')
CRITICAL - 2022-11-08 11:00:30 --> Undefined variable $j
in APPPATH\Views\panelAdmin\dataInformasi.php on line 61.
 1 APPPATH\Views\panelAdmin\dataInformasi.php(61): CodeIgniter\Debug\Exceptions->errorHandler(2, 'Undefined variable $j', 'APPPATH\\Views\\panelAdmin\\dataInformasi.php', 61)
 2 SYSTEMPATH\View\View.php(213): include('APPPATH\\Views\\panelAdmin\\dataInformasi.php')
 3 SYSTEMPATH\View\View.php(216): CodeIgniter\View\View->CodeIgniter\View\{closure}()
 4 SYSTEMPATH\Common.php(1135): CodeIgniter\View\View->render('panelAdmin/dataInformasi', [], true)
 5 APPPATH\Controllers\Informasi.php(36): view('panelAdmin/dataInformasi', [...])
 6 SYSTEMPATH\CodeIgniter.php(896): App\Controllers\Informasi->informasi('1')
 7 SYSTEMPATH\CodeIgniter.php(466): CodeIgniter\CodeIgniter->runController(Object(App\Controllers\Informasi))
 8 SYSTEMPATH\CodeIgniter.php(349): CodeIgniter\CodeIgniter->handleRequest(null, Object(Config\Cache), false)
 9 FCPATH\index.php(55): CodeIgniter\CodeIgniter->run()
10 SYSTEMPATH\Commands\Server\rewrite.php(43): require_once('FCPATH\\index.php')
CRITICAL - 2022-11-08 11:00:32 --> Undefined variable $j
in APPPATH\Views\panelAdmin\dataInformasi.php on line 61.
 1 APPPATH\Views\panelAdmin\dataInformasi.php(61): CodeIgniter\Debug\Exceptions->errorHandler(2, 'Undefined variable $j', 'APPPATH\\Views\\panelAdmin\\dataInformasi.php', 61)
 2 SYSTEMPATH\View\View.php(213): include('APPPATH\\Views\\panelAdmin\\dataInformasi.php')
 3 SYSTEMPATH\View\View.php(216): CodeIgniter\View\View->CodeIgniter\View\{closure}()
 4 SYSTEMPATH\Common.php(1135): CodeIgniter\View\View->render('panelAdmin/dataInformasi', [], true)
 5 APPPATH\Controllers\Informasi.php(36): view('panelAdmin/dataInformasi', [...])
 6 SYSTEMPATH\CodeIgniter.php(896): App\Controllers\Informasi->informasi('1')
 7 SYSTEMPATH\CodeIgniter.php(466): CodeIgniter\CodeIgniter->runController(Object(App\Controllers\Informasi))
 8 SYSTEMPATH\CodeIgniter.php(349): CodeIgniter\CodeIgniter->handleRequest(null, Object(Config\Cache), false)
 9 FCPATH\index.php(55): CodeIgniter\CodeIgniter->run()
10 SYSTEMPATH\Commands\Server\rewrite.php(43): require_once('FCPATH\\index.php')
