CRITICAL - 2024-01-30 10:51:30 --> Undefined variable $title
in APPPATH\Views\User\footer.php on line 72.
 1 APPPATH\Views\User\footer.php(72): CodeIgniter\Debug\Exceptions->errorHandler(2, 'Undefined variable $title', 'APPPATH\\Views\\User\\footer.php', 72)
 2 SYSTEMPATH\View\View.php(213): include('APPPATH\\Views\\User\\footer.php')
 3 SYSTEMPATH\View\View.php(216): CodeIgniter\View\View->CodeIgniter\View\{closure}()
 4 SYSTEMPATH\View\View.php(429): CodeIgniter\View\View->render('User/footer', null, true)
 5 APPPATH\Views\User\index.php(20): CodeIgniter\View\View->include('User/footer')
 6 SYSTEMPATH\View\View.php(213): include('APPPATH\\Views\\User\\index.php')
 7 SYSTEMPATH\View\View.php(216): CodeIgniter\View\View->CodeIgniter\View\{closure}()
 8 SYSTEMPATH\View\View.php(229): CodeIgniter\View\View->render('User/index.php', [], true)
 9 SYSTEMPATH\Common.php(1135): CodeIgniter\View\View->render('User/home', [], true)
10 APPPATH\Controllers\Home.php(51): view('User/home', [...])
11 SYSTEMPATH\CodeIgniter.php(896): App\Controllers\Home->index()
12 SYSTEMPATH\CodeIgniter.php(466): CodeIgniter\CodeIgniter->runController(Object(App\Controllers\Home))
13 SYSTEMPATH\CodeIgniter.php(349): CodeIgniter\CodeIgniter->handleRequest(null, Object(Config\Cache), false)
14 FCPATH\index.php(55): CodeIgniter\CodeIgniter->run()
15 SYSTEMPATH\Commands\Server\rewrite.php(43): require_once('FCPATH\\index.php')
CRITICAL - 2024-01-30 12:00:56 --> Undefined variable $layout
in APPPATH\Views\Admin\kode_aplikasi.php on line 1.
 1 APPPATH\Views\Admin\kode_aplikasi.php(1): CodeIgniter\Debug\Exceptions->errorHandler(2, 'Undefined variable $layout', 'APPPATH\\Views\\Admin\\kode_aplikasi.php', 1)
 2 SYSTEMPATH\View\View.php(213): include('APPPATH\\Views\\Admin\\kode_aplikasi.php')
 3 SYSTEMPATH\View\View.php(216): CodeIgniter\View\View->CodeIgniter\View\{closure}()
 4 SYSTEMPATH\Common.php(1135): CodeIgniter\View\View->render('Admin/kode_aplikasi', [], true)
 5 APPPATH\Controllers\Opsi.php(28): view('Admin/kode_aplikasi', [...])
 6 SYSTEMPATH\CodeIgniter.php(896): App\Controllers\Opsi->edit_kategori('1')
 7 SYSTEMPATH\CodeIgniter.php(466): CodeIgniter\CodeIgniter->runController(Object(App\Controllers\Opsi))
 8 SYSTEMPATH\CodeIgniter.php(349): CodeIgniter\CodeIgniter->handleRequest(null, Object(Config\Cache), false)
 9 FCPATH\index.php(55): CodeIgniter\CodeIgniter->run()
10 SYSTEMPATH\Commands\Server\rewrite.php(43): require_once('FCPATH\\index.php')
CRITICAL - 2024-01-30 12:02:51 --> Undefined variable $activePage
in APPPATH\Views\components\partials\_body_sidebar.php on line 34.
 1 APPPATH\Views\components\partials\_body_sidebar.php(34): CodeIgniter\Debug\Exceptions->errorHandler(2, 'Undefined variable $activePage', 'APPPATH\\Views\\components\\partials\\_body_sidebar.php', 34)
 2 SYSTEMPATH\View\View.php(213): include('APPPATH\\Views\\components\\partials\\_body_sidebar.php')
 3 SYSTEMPATH\View\View.php(216): CodeIgniter\View\View->CodeIgniter\View\{closure}()
 4 SYSTEMPATH\View\View.php(429): CodeIgniter\View\View->render('components/partials/_body_sidebar', null, true)
 5 APPPATH\Views\layouts\default.php(23): CodeIgniter\View\View->include('components/partials/_body_sidebar')
 6 SYSTEMPATH\View\View.php(213): include('APPPATH\\Views\\layouts\\default.php')
 7 SYSTEMPATH\View\View.php(216): CodeIgniter\View\View->CodeIgniter\View\{closure}()
 8 SYSTEMPATH\View\View.php(229): CodeIgniter\View\View->render('layouts/default', [], true)
 9 SYSTEMPATH\Common.php(1135): CodeIgniter\View\View->render('Admin/kode_aplikasi', [], true)
10 APPPATH\Controllers\Opsi.php(28): view('Admin/kode_aplikasi', [...])
11 SYSTEMPATH\CodeIgniter.php(896): App\Controllers\Opsi->edit_kategori('1')
12 SYSTEMPATH\CodeIgniter.php(466): CodeIgniter\CodeIgniter->runController(Object(App\Controllers\Opsi))
13 SYSTEMPATH\CodeIgniter.php(349): CodeIgniter\CodeIgniter->handleRequest(null, Object(Config\Cache), false)
14 FCPATH\index.php(55): CodeIgniter\CodeIgniter->run()
15 SYSTEMPATH\Commands\Server\rewrite.php(43): require_once('FCPATH\\index.php')
CRITICAL - 2024-01-30 14:11:25 --> Undefined variable $data
in APPPATH\Controllers\Pendaftar.php on line 106.
 1 APPPATH\Controllers\Pendaftar.php(106): CodeIgniter\Debug\Exceptions->errorHandler(2, 'Undefined variable $data', 'APPPATH\\Controllers\\Pendaftar.php', 106)
 2 SYSTEMPATH\CodeIgniter.php(896): App\Controllers\Pendaftar->edit_profil('26')
 3 SYSTEMPATH\CodeIgniter.php(466): CodeIgniter\CodeIgniter->runController(Object(App\Controllers\Pendaftar))
 4 SYSTEMPATH\CodeIgniter.php(349): CodeIgniter\CodeIgniter->handleRequest(null, Object(Config\Cache), false)
 5 FCPATH\index.php(55): CodeIgniter\CodeIgniter->run()
 6 SYSTEMPATH\Commands\Server\rewrite.php(43): require_once('FCPATH\\index.php')
CRITICAL - 2024-01-30 14:12:16 --> Undefined variable $activePage
in APPPATH\Views\components\partials\_body_sidebar.php on line 34.
 1 APPPATH\Views\components\partials\_body_sidebar.php(34): CodeIgniter\Debug\Exceptions->errorHandler(2, 'Undefined variable $activePage', 'APPPATH\\Views\\components\\partials\\_body_sidebar.php', 34)
 2 SYSTEMPATH\View\View.php(213): include('APPPATH\\Views\\components\\partials\\_body_sidebar.php')
 3 SYSTEMPATH\View\View.php(216): CodeIgniter\View\View->CodeIgniter\View\{closure}()
 4 SYSTEMPATH\View\View.php(429): CodeIgniter\View\View->render('components/partials/_body_sidebar', null, true)
 5 APPPATH\Views\layouts\default.php(23): CodeIgniter\View\View->include('components/partials/_body_sidebar')
 6 SYSTEMPATH\View\View.php(213): include('APPPATH\\Views\\layouts\\default.php')
 7 SYSTEMPATH\View\View.php(216): CodeIgniter\View\View->CodeIgniter\View\{closure}()
 8 SYSTEMPATH\View\View.php(229): CodeIgniter\View\View->render('layouts/default', [], true)
 9 SYSTEMPATH\Common.php(1135): CodeIgniter\View\View->render('Admin/profil_siswa', [], true)
10 APPPATH\Controllers\Pendaftar.php(106): view('Admin/profil_siswa', [...])
11 SYSTEMPATH\CodeIgniter.php(896): App\Controllers\Pendaftar->edit_profil('26')
12 SYSTEMPATH\CodeIgniter.php(466): CodeIgniter\CodeIgniter->runController(Object(App\Controllers\Pendaftar))
13 SYSTEMPATH\CodeIgniter.php(349): CodeIgniter\CodeIgniter->handleRequest(null, Object(Config\Cache), false)
14 FCPATH\index.php(55): CodeIgniter\CodeIgniter->run()
15 SYSTEMPATH\Commands\Server\rewrite.php(43): require_once('FCPATH\\index.php')
CRITICAL - 2024-01-30 14:13:01 --> Undefined variable $tahapan
in APPPATH\Views\components\partials\_body_sidebar.php on line 116.
 1 APPPATH\Views\components\partials\_body_sidebar.php(116): CodeIgniter\Debug\Exceptions->errorHandler(2, 'Undefined variable $tahapan', 'APPPATH\\Views\\components\\partials\\_body_sidebar.php', 116)
 2 SYSTEMPATH\View\View.php(213): include('APPPATH\\Views\\components\\partials\\_body_sidebar.php')
 3 SYSTEMPATH\View\View.php(216): CodeIgniter\View\View->CodeIgniter\View\{closure}()
 4 SYSTEMPATH\View\View.php(429): CodeIgniter\View\View->render('components/partials/_body_sidebar', null, true)
 5 APPPATH\Views\layouts\default.php(23): CodeIgniter\View\View->include('components/partials/_body_sidebar')
 6 SYSTEMPATH\View\View.php(213): include('APPPATH\\Views\\layouts\\default.php')
 7 SYSTEMPATH\View\View.php(216): CodeIgniter\View\View->CodeIgniter\View\{closure}()
 8 SYSTEMPATH\View\View.php(229): CodeIgniter\View\View->render('layouts/default', [], true)
 9 SYSTEMPATH\Common.php(1135): CodeIgniter\View\View->render('Admin/profil_siswa', [], true)
10 APPPATH\Controllers\Pendaftar.php(109): view('Admin/profil_siswa', [...])
11 SYSTEMPATH\CodeIgniter.php(896): App\Controllers\Pendaftar->edit_profil('26')
12 SYSTEMPATH\CodeIgniter.php(466): CodeIgniter\CodeIgniter->runController(Object(App\Controllers\Pendaftar))
13 SYSTEMPATH\CodeIgniter.php(349): CodeIgniter\CodeIgniter->handleRequest(null, Object(Config\Cache), false)
14 FCPATH\index.php(55): CodeIgniter\CodeIgniter->run()
15 SYSTEMPATH\Commands\Server\rewrite.php(43): require_once('FCPATH\\index.php')
CRITICAL - 2024-01-30 14:13:30 --> Undefined variable $tahap
in APPPATH\Controllers\Pendaftar.php on line 102.
 1 APPPATH\Controllers\Pendaftar.php(102): CodeIgniter\Debug\Exceptions->errorHandler(2, 'Undefined variable $tahap', 'APPPATH\\Controllers\\Pendaftar.php', 102)
 2 SYSTEMPATH\CodeIgniter.php(896): App\Controllers\Pendaftar->edit_profil('26')
 3 SYSTEMPATH\CodeIgniter.php(466): CodeIgniter\CodeIgniter->runController(Object(App\Controllers\Pendaftar))
 4 SYSTEMPATH\CodeIgniter.php(349): CodeIgniter\CodeIgniter->handleRequest(null, Object(Config\Cache), false)
 5 FCPATH\index.php(55): CodeIgniter\CodeIgniter->run()
 6 SYSTEMPATH\Commands\Server\rewrite.php(43): require_once('FCPATH\\index.php')
CRITICAL - 2024-01-30 14:14:22 --> Class "App\Controllers\DataTahap" not found
in APPPATH\Controllers\Pendaftar.php on line 103.
 1 SYSTEMPATH\CodeIgniter.php(896): App\Controllers\Pendaftar->edit_profil('26')
 2 SYSTEMPATH\CodeIgniter.php(466): CodeIgniter\CodeIgniter->runController(Object(App\Controllers\Pendaftar))
 3 SYSTEMPATH\CodeIgniter.php(349): CodeIgniter\CodeIgniter->handleRequest(null, Object(Config\Cache), false)
 4 FCPATH\index.php(55): CodeIgniter\CodeIgniter->run()
 5 SYSTEMPATH\Commands\Server\rewrite.php(43): require_once('FCPATH\\index.php')
