CRITICAL - 2023-03-06 11:02:23 --> The original file is not a valid file.
in SYSTEMPATH\HTTP\Files\UploadedFile.php on line 137.
 1 SYSTEMPATH\HTTP\Files\UploadedFile.php(137): CodeIgniter\HTTP\Exceptions\HTTPException::forInvalidFile()
 2 APPPATH\Controllers\Jurusan.php(71): CodeIgniter\HTTP\Files\UploadedFile->move('FCPATH\\assets', 'file_foto_')
 3 SYSTEMPATH\CodeIgniter.php(896): App\Controllers\Jurusan->update_Jurusan('2')
 4 SYSTEMPATH\CodeIgniter.php(466): CodeIgniter\CodeIgniter->runController(Object(App\Controllers\Jurusan))
 5 SYSTEMPATH\CodeIgniter.php(349): CodeIgniter\CodeIgniter->handleRequest(null, Object(Config\Cache), false)
 6 FCPATH\index.php(55): CodeIgniter\CodeIgniter->run()
 7 SYSTEMPATH\Commands\Server\rewrite.php(43): require_once('FCPATH\\index.php')
CRITICAL - 2023-03-06 11:03:33 --> The original file is not a valid file.
in SYSTEMPATH\HTTP\Files\UploadedFile.php on line 137.
 1 SYSTEMPATH\HTTP\Files\UploadedFile.php(137): CodeIgniter\HTTP\Exceptions\HTTPException::forInvalidFile()
 2 APPPATH\Controllers\Jurusan.php(72): CodeIgniter\HTTP\Files\UploadedFile->move('FCPATH\\assets', 'file_foto_')
 3 SYSTEMPATH\CodeIgniter.php(896): App\Controllers\Jurusan->update_Jurusan('2')
 4 SYSTEMPATH\CodeIgniter.php(466): CodeIgniter\CodeIgniter->runController(Object(App\Controllers\Jurusan))
 5 SYSTEMPATH\CodeIgniter.php(349): CodeIgniter\CodeIgniter->handleRequest(null, Object(Config\Cache), false)
 6 FCPATH\index.php(55): CodeIgniter\CodeIgniter->run()
 7 SYSTEMPATH\Commands\Server\rewrite.php(43): require_once('FCPATH\\index.php')
CRITICAL - 2023-03-06 11:14:42 --> The original file is not a valid file.
in SYSTEMPATH\HTTP\Files\UploadedFile.php on line 137.
 1 SYSTEMPATH\HTTP\Files\UploadedFile.php(137): CodeIgniter\HTTP\Exceptions\HTTPException::forInvalidFile()
 2 APPPATH\Controllers\Jurusan.php(71): CodeIgniter\HTTP\Files\UploadedFile->move('FCPATH\\assets', 'file_foto_')
 3 SYSTEMPATH\CodeIgniter.php(896): App\Controllers\Jurusan->update_Jurusan('2')
 4 SYSTEMPATH\CodeIgniter.php(466): CodeIgniter\CodeIgniter->runController(Object(App\Controllers\Jurusan))
 5 SYSTEMPATH\CodeIgniter.php(349): CodeIgniter\CodeIgniter->handleRequest(null, Object(Config\Cache), false)
 6 FCPATH\index.php(55): CodeIgniter\CodeIgniter->run()
 7 SYSTEMPATH\Commands\Server\rewrite.php(43): require_once('FCPATH\\index.php')
CRITICAL - 2023-03-06 11:48:21 --> Undefined variable $jurusan
in APPPATH\Views\User\home.php on line 126.
 1 APPPATH\Views\User\home.php(126): CodeIgniter\Debug\Exceptions->errorHandler(2, 'Undefined variable $jurusan', 'APPPATH\\Views\\User\\home.php', 126)
 2 SYSTEMPATH\View\View.php(213): include('APPPATH\\Views\\User\\home.php')
 3 SYSTEMPATH\View\View.php(216): CodeIgniter\View\View->CodeIgniter\View\{closure}()
 4 SYSTEMPATH\Common.php(1135): CodeIgniter\View\View->render('User/home', [], true)
 5 APPPATH\Controllers\User.php(31): view('User/home', [...])
 6 SYSTEMPATH\CodeIgniter.php(896): App\Controllers\User->index()
 7 SYSTEMPATH\CodeIgniter.php(466): CodeIgniter\CodeIgniter->runController(Object(App\Controllers\User))
 8 SYSTEMPATH\CodeIgniter.php(349): CodeIgniter\CodeIgniter->handleRequest(null, Object(Config\Cache), false)
 9 FCPATH\index.php(55): CodeIgniter\CodeIgniter->run()
10 SYSTEMPATH\Commands\Server\rewrite.php(43): require_once('FCPATH\\index.php')
CRITICAL - 2023-03-06 14:27:21 --> Undefined property: stdClass::$deskripsi
in APPPATH\Views\Admin\data_agenda.php on line 93.
 1 APPPATH\Views\Admin\data_agenda.php(93): CodeIgniter\Debug\Exceptions->errorHandler(2, 'Undefined property: stdClass::$deskripsi', 'APPPATH\\Views\\Admin\\data_agenda.php', 93)
 2 SYSTEMPATH\View\View.php(213): include('APPPATH\\Views\\Admin\\data_agenda.php')
 3 SYSTEMPATH\View\View.php(216): CodeIgniter\View\View->CodeIgniter\View\{closure}()
 4 SYSTEMPATH\Common.php(1135): CodeIgniter\View\View->render('Admin/data_agenda', [], true)
 5 APPPATH\Controllers\Admin.php(224): view('Admin/data_agenda', [...])
 6 SYSTEMPATH\CodeIgniter.php(896): App\Controllers\Admin->data_agenda()
 7 SYSTEMPATH\CodeIgniter.php(466): CodeIgniter\CodeIgniter->runController(Object(App\Controllers\Admin))
 8 SYSTEMPATH\CodeIgniter.php(349): CodeIgniter\CodeIgniter->handleRequest(null, Object(Config\Cache), false)
 9 FCPATH\index.php(55): CodeIgniter\CodeIgniter->run()
10 SYSTEMPATH\Commands\Server\rewrite.php(43): require_once('FCPATH\\index.php')
CRITICAL - 2023-03-06 15:26:53 --> Undefined variable $tanggal_selesai
in APPPATH\Views\User\list_agenda.php on line 38.
 1 APPPATH\Views\User\list_agenda.php(38): CodeIgniter\Debug\Exceptions->errorHandler(2, 'Undefined variable $tanggal_selesai', 'APPPATH\\Views\\User\\list_agenda.php', 38)
 2 SYSTEMPATH\View\View.php(213): include('APPPATH\\Views\\User\\list_agenda.php')
 3 SYSTEMPATH\View\View.php(216): CodeIgniter\View\View->CodeIgniter\View\{closure}()
 4 SYSTEMPATH\Common.php(1135): CodeIgniter\View\View->render('User/list_agenda', [], true)
 5 APPPATH\Controllers\User.php(255): view('User/list_agenda', [...])
 6 SYSTEMPATH\CodeIgniter.php(896): App\Controllers\User->list_agenda('2')
 7 SYSTEMPATH\CodeIgniter.php(466): CodeIgniter\CodeIgniter->runController(Object(App\Controllers\User))
 8 SYSTEMPATH\CodeIgniter.php(349): CodeIgniter\CodeIgniter->handleRequest(null, Object(Config\Cache), false)
 9 FCPATH\index.php(55): CodeIgniter\CodeIgniter->run()
10 SYSTEMPATH\Commands\Server\rewrite.php(43): require_once('FCPATH\\index.php')
CRITICAL - 2023-03-06 15:27:22 --> Undefined variable $keterangan
in APPPATH\Views\User\list_agenda.php on line 41.
 1 APPPATH\Views\User\list_agenda.php(41): CodeIgniter\Debug\Exceptions->errorHandler(2, 'Undefined variable $keterangan', 'APPPATH\\Views\\User\\list_agenda.php', 41)
 2 SYSTEMPATH\View\View.php(213): include('APPPATH\\Views\\User\\list_agenda.php')
 3 SYSTEMPATH\View\View.php(216): CodeIgniter\View\View->CodeIgniter\View\{closure}()
 4 SYSTEMPATH\Common.php(1135): CodeIgniter\View\View->render('User/list_agenda', [], true)
 5 APPPATH\Controllers\User.php(255): view('User/list_agenda', [...])
 6 SYSTEMPATH\CodeIgniter.php(896): App\Controllers\User->list_agenda('2')
 7 SYSTEMPATH\CodeIgniter.php(466): CodeIgniter\CodeIgniter->runController(Object(App\Controllers\User))
 8 SYSTEMPATH\CodeIgniter.php(349): CodeIgniter\CodeIgniter->handleRequest(null, Object(Config\Cache), false)
 9 FCPATH\index.php(55): CodeIgniter\CodeIgniter->run()
10 SYSTEMPATH\Commands\Server\rewrite.php(43): require_once('FCPATH\\index.php')
