CRITICAL - 2022-10-24 10:25:42 --> Undefined variable $j
in APPPATH\Views\panelAdmin\slider.php on line 113.
 1 APPPATH\Views\panelAdmin\slider.php(113): CodeIgniter\Debug\Exceptions->errorHandler(2, 'Undefined variable $j', 'APPPATH\\Views\\panelAdmin\\slider.php', 113)
 2 SYSTEMPATH\View\View.php(213): include('APPPATH\\Views\\panelAdmin\\slider.php')
 3 SYSTEMPATH\View\View.php(216): CodeIgniter\View\View->CodeIgniter\View\{closure}()
 4 SYSTEMPATH\Common.php(1135): CodeIgniter\View\View->render('panelAdmin/slider', [], true)
 5 APPPATH\Controllers\GambarSlider.php(30): view('panelAdmin/slider', [...])
 6 SYSTEMPATH\CodeIgniter.php(896): App\Controllers\GambarSlider->slider('1')
 7 SYSTEMPATH\CodeIgniter.php(466): CodeIgniter\CodeIgniter->runController(Object(App\Controllers\GambarSlider))
 8 SYSTEMPATH\CodeIgniter.php(349): CodeIgniter\CodeIgniter->handleRequest(null, Object(Config\Cache), false)
 9 FCPATH\index.php(55): CodeIgniter\CodeIgniter->run()
10 SYSTEMPATH\Commands\Server\rewrite.php(43): require_once('FCPATH\\index.php')
CRITICAL - 2022-10-24 10:56:40 --> Array to string conversion
in APPPATH\Views\panelAdmin\slider.php on line 38.
 1 APPPATH\Views\panelAdmin\slider.php(38): CodeIgniter\Debug\Exceptions->errorHandler(2, 'Array to string conversion', 'APPPATH\\Views\\panelAdmin\\slider.php', 38)
 2 SYSTEMPATH\View\View.php(213): include('APPPATH\\Views\\panelAdmin\\slider.php')
 3 SYSTEMPATH\View\View.php(216): CodeIgniter\View\View->CodeIgniter\View\{closure}()
 4 SYSTEMPATH\Common.php(1135): CodeIgniter\View\View->render('panelAdmin/slider', [], true)
 5 APPPATH\Controllers\GambarSlider.php(30): view('panelAdmin/slider', [...])
 6 SYSTEMPATH\CodeIgniter.php(896): App\Controllers\GambarSlider->slider('1')
 7 SYSTEMPATH\CodeIgniter.php(466): CodeIgniter\CodeIgniter->runController(Object(App\Controllers\GambarSlider))
 8 SYSTEMPATH\CodeIgniter.php(349): CodeIgniter\CodeIgniter->handleRequest(null, Object(Config\Cache), false)
 9 FCPATH\index.php(55): CodeIgniter\CodeIgniter->run()
10 SYSTEMPATH\Commands\Server\rewrite.php(43): require_once('FCPATH\\index.php')
CRITICAL - 2022-10-24 10:57:14 --> Illegal offset type
in APPPATH\Views\panelAdmin\slider.php on line 38.
 1 SYSTEMPATH\View\View.php(213): include()
 2 SYSTEMPATH\View\View.php(216): CodeIgniter\View\View->CodeIgniter\View\{closure}()
 3 SYSTEMPATH\Common.php(1135): CodeIgniter\View\View->render('panelAdmin/slider', [], true)
 4 APPPATH\Controllers\GambarSlider.php(30): view('panelAdmin/slider', [...])
 5 SYSTEMPATH\CodeIgniter.php(896): App\Controllers\GambarSlider->slider('1')
 6 SYSTEMPATH\CodeIgniter.php(466): CodeIgniter\CodeIgniter->runController(Object(App\Controllers\GambarSlider))
 7 SYSTEMPATH\CodeIgniter.php(349): CodeIgniter\CodeIgniter->handleRequest(null, Object(Config\Cache), false)
 8 FCPATH\index.php(55): CodeIgniter\CodeIgniter->run()
 9 SYSTEMPATH\Commands\Server\rewrite.php(43): require_once('FCPATH\\index.php')
CRITICAL - 2022-10-24 10:57:16 --> Illegal offset type
in APPPATH\Views\panelAdmin\slider.php on line 38.
 1 SYSTEMPATH\View\View.php(213): include()
 2 SYSTEMPATH\View\View.php(216): CodeIgniter\View\View->CodeIgniter\View\{closure}()
 3 SYSTEMPATH\Common.php(1135): CodeIgniter\View\View->render('panelAdmin/slider', [], true)
 4 APPPATH\Controllers\GambarSlider.php(30): view('panelAdmin/slider', [...])
 5 SYSTEMPATH\CodeIgniter.php(896): App\Controllers\GambarSlider->slider('1')
 6 SYSTEMPATH\CodeIgniter.php(466): CodeIgniter\CodeIgniter->runController(Object(App\Controllers\GambarSlider))
 7 SYSTEMPATH\CodeIgniter.php(349): CodeIgniter\CodeIgniter->handleRequest(null, Object(Config\Cache), false)
 8 FCPATH\index.php(55): CodeIgniter\CodeIgniter->run()
 9 SYSTEMPATH\Commands\Server\rewrite.php(43): require_once('FCPATH\\index.php')
CRITICAL - 2022-10-24 10:57:17 --> Illegal offset type
in APPPATH\Views\panelAdmin\slider.php on line 38.
 1 SYSTEMPATH\View\View.php(213): include()
 2 SYSTEMPATH\View\View.php(216): CodeIgniter\View\View->CodeIgniter\View\{closure}()
 3 SYSTEMPATH\Common.php(1135): CodeIgniter\View\View->render('panelAdmin/slider', [], true)
 4 APPPATH\Controllers\GambarSlider.php(30): view('panelAdmin/slider', [...])
 5 SYSTEMPATH\CodeIgniter.php(896): App\Controllers\GambarSlider->slider('1')
 6 SYSTEMPATH\CodeIgniter.php(466): CodeIgniter\CodeIgniter->runController(Object(App\Controllers\GambarSlider))
 7 SYSTEMPATH\CodeIgniter.php(349): CodeIgniter\CodeIgniter->handleRequest(null, Object(Config\Cache), false)
 8 FCPATH\index.php(55): CodeIgniter\CodeIgniter->run()
 9 SYSTEMPATH\Commands\Server\rewrite.php(43): require_once('FCPATH\\index.php')
