CRITICAL - 2022-09-21 03:34:01 --> Class "App\Controllers\ProfilSekolah" not found
in APPPATH\Controllers\Profile.php on line 12.
 1 SYSTEMPATH\CodeIgniter.php(896): App\Controllers\Profile->profilSekolah()
 2 SYSTEMPATH\CodeIgniter.php(466): CodeIgniter\CodeIgniter->runController(Object(App\Controllers\Profile))
 3 SYSTEMPATH\CodeIgniter.php(349): CodeIgniter\CodeIgniter->handleRequest(null, Object(Config\Cache), false)
 4 FCPATH\index.php(55): CodeIgniter\CodeIgniter->run()
 5 SYSTEMPATH\Commands\Server\rewrite.php(43): require_once('FCPATH\\index.php')
CRITICAL - 2022-09-21 03:34:23 --> Undefined array key "nama"
in APPPATH\Views\panelAdmin\profilSekolah.php on line 16.
 1 APPPATH\Views\panelAdmin\profilSekolah.php(16): CodeIgniter\Debug\Exceptions->errorHandler(2, 'Undefined array key "nama"', 'APPPATH\\Views\\panelAdmin\\profilSekolah.php', 16)
 2 SYSTEMPATH\View\View.php(213): include('APPPATH\\Views\\panelAdmin\\profilSekolah.php')
 3 SYSTEMPATH\View\View.php(216): CodeIgniter\View\View->CodeIgniter\View\{closure}()
 4 SYSTEMPATH\Common.php(1135): CodeIgniter\View\View->render('panelAdmin/profilSekolah', [], true)
 5 APPPATH\Controllers\Profile.php(16): view('panelAdmin/profilSekolah', [...])
 6 SYSTEMPATH\CodeIgniter.php(896): App\Controllers\Profile->profilSekolah()
 7 SYSTEMPATH\CodeIgniter.php(466): CodeIgniter\CodeIgniter->runController(Object(App\Controllers\Profile))
 8 SYSTEMPATH\CodeIgniter.php(349): CodeIgniter\CodeIgniter->handleRequest(null, Object(Config\Cache), false)
 9 FCPATH\index.php(55): CodeIgniter\CodeIgniter->run()
10 SYSTEMPATH\Commands\Server\rewrite.php(43): require_once('FCPATH\\index.php')
CRITICAL - 2022-09-21 03:35:10 --> Array to string conversion
in APPPATH\Views\panelAdmin\profilSekolah.php on line 16.
 1 APPPATH\Views\panelAdmin\profilSekolah.php(16): CodeIgniter\Debug\Exceptions->errorHandler(2, 'Array to string conversion', 'APPPATH\\Views\\panelAdmin\\profilSekolah.php', 16)
 2 SYSTEMPATH\View\View.php(213): include('APPPATH\\Views\\panelAdmin\\profilSekolah.php')
 3 SYSTEMPATH\View\View.php(216): CodeIgniter\View\View->CodeIgniter\View\{closure}()
 4 SYSTEMPATH\Common.php(1135): CodeIgniter\View\View->render('panelAdmin/profilSekolah', [], true)
 5 APPPATH\Controllers\Profile.php(16): view('panelAdmin/profilSekolah', [...])
 6 SYSTEMPATH\CodeIgniter.php(896): App\Controllers\Profile->profilSekolah()
 7 SYSTEMPATH\CodeIgniter.php(466): CodeIgniter\CodeIgniter->runController(Object(App\Controllers\Profile))
 8 SYSTEMPATH\CodeIgniter.php(349): CodeIgniter\CodeIgniter->handleRequest(null, Object(Config\Cache), false)
 9 FCPATH\index.php(55): CodeIgniter\CodeIgniter->run()
10 SYSTEMPATH\Commands\Server\rewrite.php(43): require_once('FCPATH\\index.php')
