CRITICAL - 2023-05-20 10:26:28 --> Trying to get property 'nama_tahap' of non-object
in APPPATH\Controllers\Dynamic_dependent.php on line 122.
 1 APPPATH\Controllers\Dynamic_dependent.php(122): CodeIgniter\Debug\Exceptions->errorHandler(8, 'Trying to get property \'nama_tahap\' of non-object', 'APPPATH\\Controllers\\Dynamic_dependent.php', 122, [...])
 2 SYSTEMPATH\CodeIgniter.php(896): App\Controllers\Dynamic_dependent->get()
 3 SYSTEMPATH\CodeIgniter.php(466): CodeIgniter\CodeIgniter->runController(Object(App\Controllers\Dynamic_dependent))
 4 SYSTEMPATH\CodeIgniter.php(349): CodeIgniter\CodeIgniter->handleRequest(null, Object(Config\Cache), false)
 5 FCPATH\index.php(55): CodeIgniter\CodeIgniter->run()
CRITICAL - 2023-05-20 10:26:33 --> Trying to get property 'nama_tahap' of non-object
in APPPATH\Controllers\Dynamic_dependent.php on line 122.
 1 APPPATH\Controllers\Dynamic_dependent.php(122): CodeIgniter\Debug\Exceptions->errorHandler(8, 'Trying to get property \'nama_tahap\' of non-object', 'APPPATH\\Controllers\\Dynamic_dependent.php', 122, [...])
 2 SYSTEMPATH\CodeIgniter.php(896): App\Controllers\Dynamic_dependent->get()
 3 SYSTEMPATH\CodeIgniter.php(466): CodeIgniter\CodeIgniter->runController(Object(App\Controllers\Dynamic_dependent))
 4 SYSTEMPATH\CodeIgniter.php(349): CodeIgniter\CodeIgniter->handleRequest(null, Object(Config\Cache), false)
 5 FCPATH\index.php(55): CodeIgniter\CodeIgniter->run()
CRITICAL - 2023-05-20 10:26:58 --> Trying to get property 'nama_tahap' of non-object
in APPPATH\Controllers\Dynamic_dependent.php on line 122.
 1 APPPATH\Controllers\Dynamic_dependent.php(122): CodeIgniter\Debug\Exceptions->errorHandler(8, 'Trying to get property \'nama_tahap\' of non-object', 'APPPATH\\Controllers\\Dynamic_dependent.php', 122, [...])
 2 SYSTEMPATH\CodeIgniter.php(896): App\Controllers\Dynamic_dependent->get()
 3 SYSTEMPATH\CodeIgniter.php(466): CodeIgniter\CodeIgniter->runController(Object(App\Controllers\Dynamic_dependent))
 4 SYSTEMPATH\CodeIgniter.php(349): CodeIgniter\CodeIgniter->handleRequest(null, Object(Config\Cache), false)
 5 FCPATH\index.php(55): CodeIgniter\CodeIgniter->run()
CRITICAL - 2023-05-20 10:27:02 --> Trying to get property 'nama_tahap' of non-object
in APPPATH\Controllers\Dynamic_dependent.php on line 122.
 1 APPPATH\Controllers\Dynamic_dependent.php(122): CodeIgniter\Debug\Exceptions->errorHandler(8, 'Trying to get property \'nama_tahap\' of non-object', 'APPPATH\\Controllers\\Dynamic_dependent.php', 122, [...])
 2 SYSTEMPATH\CodeIgniter.php(896): App\Controllers\Dynamic_dependent->get()
 3 SYSTEMPATH\CodeIgniter.php(466): CodeIgniter\CodeIgniter->runController(Object(App\Controllers\Dynamic_dependent))
 4 SYSTEMPATH\CodeIgniter.php(349): CodeIgniter\CodeIgniter->handleRequest(null, Object(Config\Cache), false)
 5 FCPATH\index.php(55): CodeIgniter\CodeIgniter->run()
CRITICAL - 2023-05-20 10:27:07 --> Trying to get property 'nama_tahap' of non-object
in APPPATH\Controllers\Dynamic_dependent.php on line 122.
 1 APPPATH\Controllers\Dynamic_dependent.php(122): CodeIgniter\Debug\Exceptions->errorHandler(8, 'Trying to get property \'nama_tahap\' of non-object', 'APPPATH\\Controllers\\Dynamic_dependent.php', 122, [...])
 2 SYSTEMPATH\CodeIgniter.php(896): App\Controllers\Dynamic_dependent->get()
 3 SYSTEMPATH\CodeIgniter.php(466): CodeIgniter\CodeIgniter->runController(Object(App\Controllers\Dynamic_dependent))
 4 SYSTEMPATH\CodeIgniter.php(349): CodeIgniter\CodeIgniter->handleRequest(null, Object(Config\Cache), false)
 5 FCPATH\index.php(55): CodeIgniter\CodeIgniter->run()
CRITICAL - 2023-05-20 10:27:11 --> Trying to get property 'nama_tahap' of non-object
in APPPATH\Controllers\Dynamic_dependent.php on line 122.
 1 APPPATH\Controllers\Dynamic_dependent.php(122): CodeIgniter\Debug\Exceptions->errorHandler(8, 'Trying to get property \'nama_tahap\' of non-object', 'APPPATH\\Controllers\\Dynamic_dependent.php', 122, [...])
 2 SYSTEMPATH\CodeIgniter.php(896): App\Controllers\Dynamic_dependent->get()
 3 SYSTEMPATH\CodeIgniter.php(466): CodeIgniter\CodeIgniter->runController(Object(App\Controllers\Dynamic_dependent))
 4 SYSTEMPATH\CodeIgniter.php(349): CodeIgniter\CodeIgniter->handleRequest(null, Object(Config\Cache), false)
 5 FCPATH\index.php(55): CodeIgniter\CodeIgniter->run()
CRITICAL - 2023-05-20 10:27:17 --> Trying to get property 'nama_tahap' of non-object
in APPPATH\Controllers\Dynamic_dependent.php on line 122.
 1 APPPATH\Controllers\Dynamic_dependent.php(122): CodeIgniter\Debug\Exceptions->errorHandler(8, 'Trying to get property \'nama_tahap\' of non-object', 'APPPATH\\Controllers\\Dynamic_dependent.php', 122, [...])
 2 SYSTEMPATH\CodeIgniter.php(896): App\Controllers\Dynamic_dependent->get()
 3 SYSTEMPATH\CodeIgniter.php(466): CodeIgniter\CodeIgniter->runController(Object(App\Controllers\Dynamic_dependent))
 4 SYSTEMPATH\CodeIgniter.php(349): CodeIgniter\CodeIgniter->handleRequest(null, Object(Config\Cache), false)
 5 FCPATH\index.php(55): CodeIgniter\CodeIgniter->run()
CRITICAL - 2023-05-20 10:27:28 --> Trying to get property 'nama_tahap' of non-object
in APPPATH\Controllers\Dynamic_dependent.php on line 122.
 1 APPPATH\Controllers\Dynamic_dependent.php(122): CodeIgniter\Debug\Exceptions->errorHandler(8, 'Trying to get property \'nama_tahap\' of non-object', 'APPPATH\\Controllers\\Dynamic_dependent.php', 122, [...])
 2 SYSTEMPATH\CodeIgniter.php(896): App\Controllers\Dynamic_dependent->get()
 3 SYSTEMPATH\CodeIgniter.php(466): CodeIgniter\CodeIgniter->runController(Object(App\Controllers\Dynamic_dependent))
 4 SYSTEMPATH\CodeIgniter.php(349): CodeIgniter\CodeIgniter->handleRequest(null, Object(Config\Cache), false)
 5 FCPATH\index.php(55): CodeIgniter\CodeIgniter->run()
CRITICAL - 2023-05-20 10:27:38 --> Trying to get property 'nama_tahap' of non-object
in APPPATH\Controllers\Dynamic_dependent.php on line 122.
 1 APPPATH\Controllers\Dynamic_dependent.php(122): CodeIgniter\Debug\Exceptions->errorHandler(8, 'Trying to get property \'nama_tahap\' of non-object', 'APPPATH\\Controllers\\Dynamic_dependent.php', 122, [...])
 2 SYSTEMPATH\CodeIgniter.php(896): App\Controllers\Dynamic_dependent->get()
 3 SYSTEMPATH\CodeIgniter.php(466): CodeIgniter\CodeIgniter->runController(Object(App\Controllers\Dynamic_dependent))
 4 SYSTEMPATH\CodeIgniter.php(349): CodeIgniter\CodeIgniter->handleRequest(null, Object(Config\Cache), false)
 5 FCPATH\index.php(55): CodeIgniter\CodeIgniter->run()
CRITICAL - 2023-05-20 10:27:42 --> Trying to get property 'nama_tahap' of non-object
in APPPATH\Controllers\Dynamic_dependent.php on line 122.
 1 APPPATH\Controllers\Dynamic_dependent.php(122): CodeIgniter\Debug\Exceptions->errorHandler(8, 'Trying to get property \'nama_tahap\' of non-object', 'APPPATH\\Controllers\\Dynamic_dependent.php', 122, [...])
 2 SYSTEMPATH\CodeIgniter.php(896): App\Controllers\Dynamic_dependent->get()
 3 SYSTEMPATH\CodeIgniter.php(466): CodeIgniter\CodeIgniter->runController(Object(App\Controllers\Dynamic_dependent))
 4 SYSTEMPATH\CodeIgniter.php(349): CodeIgniter\CodeIgniter->handleRequest(null, Object(Config\Cache), false)
 5 FCPATH\index.php(55): CodeIgniter\CodeIgniter->run()
CRITICAL - 2023-05-20 10:27:48 --> Trying to get property 'nama_tahap' of non-object
in APPPATH\Controllers\Dynamic_dependent.php on line 122.
 1 APPPATH\Controllers\Dynamic_dependent.php(122): CodeIgniter\Debug\Exceptions->errorHandler(8, 'Trying to get property \'nama_tahap\' of non-object', 'APPPATH\\Controllers\\Dynamic_dependent.php', 122, [...])
 2 SYSTEMPATH\CodeIgniter.php(896): App\Controllers\Dynamic_dependent->get()
 3 SYSTEMPATH\CodeIgniter.php(466): CodeIgniter\CodeIgniter->runController(Object(App\Controllers\Dynamic_dependent))
 4 SYSTEMPATH\CodeIgniter.php(349): CodeIgniter\CodeIgniter->handleRequest(null, Object(Config\Cache), false)
 5 FCPATH\index.php(55): CodeIgniter\CodeIgniter->run()
CRITICAL - 2023-05-20 10:27:50 --> Trying to get property 'nama_tahap' of non-object
in APPPATH\Controllers\Dynamic_dependent.php on line 122.
 1 APPPATH\Controllers\Dynamic_dependent.php(122): CodeIgniter\Debug\Exceptions->errorHandler(8, 'Trying to get property \'nama_tahap\' of non-object', 'APPPATH\\Controllers\\Dynamic_dependent.php', 122, [...])
 2 SYSTEMPATH\CodeIgniter.php(896): App\Controllers\Dynamic_dependent->get()
 3 SYSTEMPATH\CodeIgniter.php(466): CodeIgniter\CodeIgniter->runController(Object(App\Controllers\Dynamic_dependent))
 4 SYSTEMPATH\CodeIgniter.php(349): CodeIgniter\CodeIgniter->handleRequest(null, Object(Config\Cache), false)
 5 FCPATH\index.php(55): CodeIgniter\CodeIgniter->run()
CRITICAL - 2023-05-20 10:28:44 --> Trying to get property 'nama_tahap' of non-object
in APPPATH\Controllers\Dynamic_dependent.php on line 122.
 1 APPPATH\Controllers\Dynamic_dependent.php(122): CodeIgniter\Debug\Exceptions->errorHandler(8, 'Trying to get property \'nama_tahap\' of non-object', 'APPPATH\\Controllers\\Dynamic_dependent.php', 122, [...])
 2 SYSTEMPATH\CodeIgniter.php(896): App\Controllers\Dynamic_dependent->get()
 3 SYSTEMPATH\CodeIgniter.php(466): CodeIgniter\CodeIgniter->runController(Object(App\Controllers\Dynamic_dependent))
 4 SYSTEMPATH\CodeIgniter.php(349): CodeIgniter\CodeIgniter->handleRequest(null, Object(Config\Cache), false)
 5 FCPATH\index.php(55): CodeIgniter\CodeIgniter->run()
CRITICAL - 2023-05-20 10:28:47 --> Trying to get property 'nama_tahap' of non-object
in APPPATH\Controllers\Dynamic_dependent.php on line 122.
 1 APPPATH\Controllers\Dynamic_dependent.php(122): CodeIgniter\Debug\Exceptions->errorHandler(8, 'Trying to get property \'nama_tahap\' of non-object', 'APPPATH\\Controllers\\Dynamic_dependent.php', 122, [...])
 2 SYSTEMPATH\CodeIgniter.php(896): App\Controllers\Dynamic_dependent->get()
 3 SYSTEMPATH\CodeIgniter.php(466): CodeIgniter\CodeIgniter->runController(Object(App\Controllers\Dynamic_dependent))
 4 SYSTEMPATH\CodeIgniter.php(349): CodeIgniter\CodeIgniter->handleRequest(null, Object(Config\Cache), false)
 5 FCPATH\index.php(55): CodeIgniter\CodeIgniter->run()
CRITICAL - 2023-05-20 10:29:32 --> Trying to get property 'nama_tahap' of non-object
in APPPATH\Controllers\Dynamic_dependent.php on line 122.
 1 APPPATH\Controllers\Dynamic_dependent.php(122): CodeIgniter\Debug\Exceptions->errorHandler(8, 'Trying to get property \'nama_tahap\' of non-object', 'APPPATH\\Controllers\\Dynamic_dependent.php', 122, [...])
 2 SYSTEMPATH\CodeIgniter.php(896): App\Controllers\Dynamic_dependent->get()
 3 SYSTEMPATH\CodeIgniter.php(466): CodeIgniter\CodeIgniter->runController(Object(App\Controllers\Dynamic_dependent))
 4 SYSTEMPATH\CodeIgniter.php(349): CodeIgniter\CodeIgniter->handleRequest(null, Object(Config\Cache), false)
 5 FCPATH\index.php(55): CodeIgniter\CodeIgniter->run()
CRITICAL - 2023-05-20 10:30:11 --> Trying to get property 'nama_tahap' of non-object
in APPPATH\Controllers\Dynamic_dependent.php on line 122.
 1 APPPATH\Controllers\Dynamic_dependent.php(122): CodeIgniter\Debug\Exceptions->errorHandler(8, 'Trying to get property \'nama_tahap\' of non-object', 'APPPATH\\Controllers\\Dynamic_dependent.php', 122, [...])
 2 SYSTEMPATH\CodeIgniter.php(896): App\Controllers\Dynamic_dependent->get()
 3 SYSTEMPATH\CodeIgniter.php(466): CodeIgniter\CodeIgniter->runController(Object(App\Controllers\Dynamic_dependent))
 4 SYSTEMPATH\CodeIgniter.php(349): CodeIgniter\CodeIgniter->handleRequest(null, Object(Config\Cache), false)
 5 FCPATH\index.php(55): CodeIgniter\CodeIgniter->run()
CRITICAL - 2023-05-20 10:30:14 --> Trying to get property 'nama_tahap' of non-object
in APPPATH\Controllers\Dynamic_dependent.php on line 122.
 1 APPPATH\Controllers\Dynamic_dependent.php(122): CodeIgniter\Debug\Exceptions->errorHandler(8, 'Trying to get property \'nama_tahap\' of non-object', 'APPPATH\\Controllers\\Dynamic_dependent.php', 122, [...])
 2 SYSTEMPATH\CodeIgniter.php(896): App\Controllers\Dynamic_dependent->get()
 3 SYSTEMPATH\CodeIgniter.php(466): CodeIgniter\CodeIgniter->runController(Object(App\Controllers\Dynamic_dependent))
 4 SYSTEMPATH\CodeIgniter.php(349): CodeIgniter\CodeIgniter->handleRequest(null, Object(Config\Cache), false)
 5 FCPATH\index.php(55): CodeIgniter\CodeIgniter->run()
CRITICAL - 2023-05-20 10:30:34 --> Trying to get property 'nama_tahap' of non-object
in APPPATH\Controllers\Dynamic_dependent.php on line 122.
 1 APPPATH\Controllers\Dynamic_dependent.php(122): CodeIgniter\Debug\Exceptions->errorHandler(8, 'Trying to get property \'nama_tahap\' of non-object', 'APPPATH\\Controllers\\Dynamic_dependent.php', 122, [...])
 2 SYSTEMPATH\CodeIgniter.php(896): App\Controllers\Dynamic_dependent->get()
 3 SYSTEMPATH\CodeIgniter.php(466): CodeIgniter\CodeIgniter->runController(Object(App\Controllers\Dynamic_dependent))
 4 SYSTEMPATH\CodeIgniter.php(349): CodeIgniter\CodeIgniter->handleRequest(null, Object(Config\Cache), false)
 5 FCPATH\index.php(55): CodeIgniter\CodeIgniter->run()
CRITICAL - 2023-05-20 10:30:59 --> Trying to get property 'nama_tahap' of non-object
in APPPATH\Controllers\Dynamic_dependent.php on line 122.
 1 APPPATH\Controllers\Dynamic_dependent.php(122): CodeIgniter\Debug\Exceptions->errorHandler(8, 'Trying to get property \'nama_tahap\' of non-object', 'APPPATH\\Controllers\\Dynamic_dependent.php', 122, [...])
 2 SYSTEMPATH\CodeIgniter.php(896): App\Controllers\Dynamic_dependent->get()
 3 SYSTEMPATH\CodeIgniter.php(466): CodeIgniter\CodeIgniter->runController(Object(App\Controllers\Dynamic_dependent))
 4 SYSTEMPATH\CodeIgniter.php(349): CodeIgniter\CodeIgniter->handleRequest(null, Object(Config\Cache), false)
 5 FCPATH\index.php(55): CodeIgniter\CodeIgniter->run()
CRITICAL - 2023-05-20 10:31:15 --> Trying to get property 'nama_tahap' of non-object
in APPPATH\Controllers\Dynamic_dependent.php on line 122.
 1 APPPATH\Controllers\Dynamic_dependent.php(122): CodeIgniter\Debug\Exceptions->errorHandler(8, 'Trying to get property \'nama_tahap\' of non-object', 'APPPATH\\Controllers\\Dynamic_dependent.php', 122, [...])
 2 SYSTEMPATH\CodeIgniter.php(896): App\Controllers\Dynamic_dependent->get()
 3 SYSTEMPATH\CodeIgniter.php(466): CodeIgniter\CodeIgniter->runController(Object(App\Controllers\Dynamic_dependent))
 4 SYSTEMPATH\CodeIgniter.php(349): CodeIgniter\CodeIgniter->handleRequest(null, Object(Config\Cache), false)
 5 FCPATH\index.php(55): CodeIgniter\CodeIgniter->run()
CRITICAL - 2023-05-20 11:30:05 --> Class 'App\Controllers\DataPeriode' not found
in APPPATH\Controllers\Dynamic_dependent.php on line 117.
 1 SYSTEMPATH\CodeIgniter.php(896): App\Controllers\Dynamic_dependent->get()
 2 SYSTEMPATH\CodeIgniter.php(466): CodeIgniter\CodeIgniter->runController(Object(App\Controllers\Dynamic_dependent))
 3 SYSTEMPATH\CodeIgniter.php(349): CodeIgniter\CodeIgniter->handleRequest(null, Object(Config\Cache), false)
 4 FCPATH\index.php(55): CodeIgniter\CodeIgniter->run()
CRITICAL - 2023-05-20 11:30:27 --> Class 'App\Controllers\DataPeriode' not found
in APPPATH\Controllers\Dynamic_dependent.php on line 117.
 1 SYSTEMPATH\CodeIgniter.php(896): App\Controllers\Dynamic_dependent->get()
 2 SYSTEMPATH\CodeIgniter.php(466): CodeIgniter\CodeIgniter->runController(Object(App\Controllers\Dynamic_dependent))
 3 SYSTEMPATH\CodeIgniter.php(349): CodeIgniter\CodeIgniter->handleRequest(null, Object(Config\Cache), false)
 4 FCPATH\index.php(55): CodeIgniter\CodeIgniter->run()
CRITICAL - 2023-05-20 11:32:34 --> Class 'App\Controllers\DataPeriode' not found
in APPPATH\Controllers\Dynamic_dependent.php on line 117.
 1 SYSTEMPATH\CodeIgniter.php(896): App\Controllers\Dynamic_dependent->get()
 2 SYSTEMPATH\CodeIgniter.php(466): CodeIgniter\CodeIgniter->runController(Object(App\Controllers\Dynamic_dependent))
 3 SYSTEMPATH\CodeIgniter.php(349): CodeIgniter\CodeIgniter->handleRequest(null, Object(Config\Cache), false)
 4 FCPATH\index.php(55): CodeIgniter\CodeIgniter->run()
CRITICAL - 2023-05-20 11:32:38 --> Class 'App\Controllers\DataPeriode' not found
in APPPATH\Controllers\Dynamic_dependent.php on line 117.
 1 SYSTEMPATH\CodeIgniter.php(896): App\Controllers\Dynamic_dependent->get()
 2 SYSTEMPATH\CodeIgniter.php(466): CodeIgniter\CodeIgniter->runController(Object(App\Controllers\Dynamic_dependent))
 3 SYSTEMPATH\CodeIgniter.php(349): CodeIgniter\CodeIgniter->handleRequest(null, Object(Config\Cache), false)
 4 FCPATH\index.php(55): CodeIgniter\CodeIgniter->run()
CRITICAL - 2023-05-20 11:32:40 --> Class 'App\Controllers\DataPeriode' not found
in APPPATH\Controllers\Dynamic_dependent.php on line 117.
 1 SYSTEMPATH\CodeIgniter.php(896): App\Controllers\Dynamic_dependent->get()
 2 SYSTEMPATH\CodeIgniter.php(466): CodeIgniter\CodeIgniter->runController(Object(App\Controllers\Dynamic_dependent))
 3 SYSTEMPATH\CodeIgniter.php(349): CodeIgniter\CodeIgniter->handleRequest(null, Object(Config\Cache), false)
 4 FCPATH\index.php(55): CodeIgniter\CodeIgniter->run()
CRITICAL - 2023-05-20 11:43:50 --> Trying to get property 'nama_periode' of non-object
in APPPATH\Views\Admin\dashboard.php on line 8.
 1 APPPATH\Views\Admin\dashboard.php(8): CodeIgniter\Debug\Exceptions->errorHandler(8, 'Trying to get property \'nama_periode\' of non-object', 'APPPATH\\Views\\Admin\\dashboard.php', 8, [...])
 2 SYSTEMPATH\View\View.php(213): include('APPPATH\\Views\\Admin\\dashboard.php')
 3 SYSTEMPATH\View\View.php(216): CodeIgniter\View\View->CodeIgniter\View\{closure}()
 4 SYSTEMPATH\Common.php(1135): CodeIgniter\View\View->render('Admin/dashboard', [], true)
 5 APPPATH\Controllers\Admin.php(42): view('Admin/dashboard', [...])
 6 SYSTEMPATH\CodeIgniter.php(896): App\Controllers\Admin->dashboard()
 7 SYSTEMPATH\CodeIgniter.php(466): CodeIgniter\CodeIgniter->runController(Object(App\Controllers\Admin))
 8 SYSTEMPATH\CodeIgniter.php(349): CodeIgniter\CodeIgniter->handleRequest(null, Object(Config\Cache), false)
 9 FCPATH\index.php(55): CodeIgniter\CodeIgniter->run()
CRITICAL - 2023-05-20 11:44:44 --> Trying to get property 'nama_periode' of non-object
in APPPATH\Views\Admin\dashboard.php on line 8.
 1 APPPATH\Views\Admin\dashboard.php(8): CodeIgniter\Debug\Exceptions->errorHandler(8, 'Trying to get property \'nama_periode\' of non-object', 'APPPATH\\Views\\Admin\\dashboard.php', 8, [...])
 2 SYSTEMPATH\View\View.php(213): include('APPPATH\\Views\\Admin\\dashboard.php')
 3 SYSTEMPATH\View\View.php(216): CodeIgniter\View\View->CodeIgniter\View\{closure}()
 4 SYSTEMPATH\Common.php(1135): CodeIgniter\View\View->render('Admin/dashboard', [], true)
 5 APPPATH\Controllers\Admin.php(42): view('Admin/dashboard', [...])
 6 SYSTEMPATH\CodeIgniter.php(896): App\Controllers\Admin->dashboard()
 7 SYSTEMPATH\CodeIgniter.php(466): CodeIgniter\CodeIgniter->runController(Object(App\Controllers\Admin))
 8 SYSTEMPATH\CodeIgniter.php(349): CodeIgniter\CodeIgniter->handleRequest(null, Object(Config\Cache), false)
 9 FCPATH\index.php(55): CodeIgniter\CodeIgniter->run()
CRITICAL - 2023-05-20 11:45:10 --> Cannot use object of type stdClass as array
in APPPATH\Views\Admin\dashboard.php on line 119.
 1 SYSTEMPATH\View\View.php(213): include()
 2 SYSTEMPATH\View\View.php(216): CodeIgniter\View\View->CodeIgniter\View\{closure}()
 3 SYSTEMPATH\Common.php(1135): CodeIgniter\View\View->render('Admin/dashboard', [], true)
 4 APPPATH\Controllers\Admin.php(42): view('Admin/dashboard', [...])
 5 SYSTEMPATH\CodeIgniter.php(896): App\Controllers\Admin->dashboard()
 6 SYSTEMPATH\CodeIgniter.php(466): CodeIgniter\CodeIgniter->runController(Object(App\Controllers\Admin))
 7 SYSTEMPATH\CodeIgniter.php(349): CodeIgniter\CodeIgniter->handleRequest(null, Object(Config\Cache), false)
 8 FCPATH\index.php(55): CodeIgniter\CodeIgniter->run()
CRITICAL - 2023-05-20 11:46:22 --> Cannot use object of type stdClass as array
in APPPATH\Views\Admin\dashboard.php on line 119.
 1 SYSTEMPATH\View\View.php(213): include()
 2 SYSTEMPATH\View\View.php(216): CodeIgniter\View\View->CodeIgniter\View\{closure}()
 3 SYSTEMPATH\Common.php(1135): CodeIgniter\View\View->render('Admin/dashboard', [], true)
 4 APPPATH\Controllers\Admin.php(42): view('Admin/dashboard', [...])
 5 SYSTEMPATH\CodeIgniter.php(896): App\Controllers\Admin->dashboard()
 6 SYSTEMPATH\CodeIgniter.php(466): CodeIgniter\CodeIgniter->runController(Object(App\Controllers\Admin))
 7 SYSTEMPATH\CodeIgniter.php(349): CodeIgniter\CodeIgniter->handleRequest(null, Object(Config\Cache), false)
 8 FCPATH\index.php(55): CodeIgniter\CodeIgniter->run()
CRITICAL - 2023-05-20 11:51:37 --> Cannot use object of type stdClass as array
in APPPATH\Views\Admin\dashboard.php on line 119.
 1 SYSTEMPATH\View\View.php(213): include()
 2 SYSTEMPATH\View\View.php(216): CodeIgniter\View\View->CodeIgniter\View\{closure}()
 3 SYSTEMPATH\Common.php(1135): CodeIgniter\View\View->render('Admin/dashboard', [], true)
 4 APPPATH\Controllers\Admin.php(42): view('Admin/dashboard', [...])
 5 SYSTEMPATH\CodeIgniter.php(896): App\Controllers\Admin->dashboard()
 6 SYSTEMPATH\CodeIgniter.php(466): CodeIgniter\CodeIgniter->runController(Object(App\Controllers\Admin))
 7 SYSTEMPATH\CodeIgniter.php(349): CodeIgniter\CodeIgniter->handleRequest(null, Object(Config\Cache), false)
 8 FCPATH\index.php(55): CodeIgniter\CodeIgniter->run()
CRITICAL - 2023-05-20 11:51:42 --> Cannot use object of type stdClass as array
in APPPATH\Views\Admin\dashboard.php on line 119.
 1 SYSTEMPATH\View\View.php(213): include()
 2 SYSTEMPATH\View\View.php(216): CodeIgniter\View\View->CodeIgniter\View\{closure}()
 3 SYSTEMPATH\Common.php(1135): CodeIgniter\View\View->render('Admin/dashboard', [], true)
 4 APPPATH\Controllers\Admin.php(42): view('Admin/dashboard', [...])
 5 SYSTEMPATH\CodeIgniter.php(896): App\Controllers\Admin->dashboard()
 6 SYSTEMPATH\CodeIgniter.php(466): CodeIgniter\CodeIgniter->runController(Object(App\Controllers\Admin))
 7 SYSTEMPATH\CodeIgniter.php(349): CodeIgniter\CodeIgniter->handleRequest(null, Object(Config\Cache), false)
 8 FCPATH\index.php(55): CodeIgniter\CodeIgniter->run()
CRITICAL - 2023-05-20 12:01:19 --> Cannot use object of type stdClass as array
in APPPATH\Views\Admin\dashboard.php on line 118.
 1 SYSTEMPATH\View\View.php(213): include()
 2 SYSTEMPATH\View\View.php(216): CodeIgniter\View\View->CodeIgniter\View\{closure}()
 3 SYSTEMPATH\Common.php(1135): CodeIgniter\View\View->render('Admin/dashboard', [], true)
 4 APPPATH\Controllers\Admin.php(45): view('Admin/dashboard', [...])
 5 SYSTEMPATH\CodeIgniter.php(896): App\Controllers\Admin->dashboard()
 6 SYSTEMPATH\CodeIgniter.php(466): CodeIgniter\CodeIgniter->runController(Object(App\Controllers\Admin))
 7 SYSTEMPATH\CodeIgniter.php(349): CodeIgniter\CodeIgniter->handleRequest(null, Object(Config\Cache), false)
 8 FCPATH\index.php(55): CodeIgniter\CodeIgniter->run()
CRITICAL - 2023-05-20 12:07:12 --> Class 'App\Controllers\DataPeriode' not found
in APPPATH\Controllers\Dynamic_dependent.php on line 117.
 1 SYSTEMPATH\CodeIgniter.php(896): App\Controllers\Dynamic_dependent->get()
 2 SYSTEMPATH\CodeIgniter.php(466): CodeIgniter\CodeIgniter->runController(Object(App\Controllers\Dynamic_dependent))
 3 SYSTEMPATH\CodeIgniter.php(349): CodeIgniter\CodeIgniter->handleRequest(null, Object(Config\Cache), false)
 4 FCPATH\index.php(55): CodeIgniter\CodeIgniter->run()
CRITICAL - 2023-05-20 12:07:12 --> Class 'App\Controllers\DataPeriode' not found
in APPPATH\Controllers\Dynamic_dependent.php on line 117.
 1 SYSTEMPATH\CodeIgniter.php(896): App\Controllers\Dynamic_dependent->get()
 2 SYSTEMPATH\CodeIgniter.php(466): CodeIgniter\CodeIgniter->runController(Object(App\Controllers\Dynamic_dependent))
 3 SYSTEMPATH\CodeIgniter.php(349): CodeIgniter\CodeIgniter->handleRequest(null, Object(Config\Cache), false)
 4 FCPATH\index.php(55): CodeIgniter\CodeIgniter->run()
CRITICAL - 2023-05-20 12:07:13 --> Class 'App\Controllers\DataPeriode' not found
in APPPATH\Controllers\Dynamic_dependent.php on line 117.
 1 SYSTEMPATH\CodeIgniter.php(896): App\Controllers\Dynamic_dependent->get()
 2 SYSTEMPATH\CodeIgniter.php(466): CodeIgniter\CodeIgniter->runController(Object(App\Controllers\Dynamic_dependent))
 3 SYSTEMPATH\CodeIgniter.php(349): CodeIgniter\CodeIgniter->handleRequest(null, Object(Config\Cache), false)
 4 FCPATH\index.php(55): CodeIgniter\CodeIgniter->run()
CRITICAL - 2023-05-20 12:07:13 --> Class 'App\Controllers\DataPeriode' not found
in APPPATH\Controllers\Dynamic_dependent.php on line 117.
 1 SYSTEMPATH\CodeIgniter.php(896): App\Controllers\Dynamic_dependent->get()
 2 SYSTEMPATH\CodeIgniter.php(466): CodeIgniter\CodeIgniter->runController(Object(App\Controllers\Dynamic_dependent))
 3 SYSTEMPATH\CodeIgniter.php(349): CodeIgniter\CodeIgniter->handleRequest(null, Object(Config\Cache), false)
 4 FCPATH\index.php(55): CodeIgniter\CodeIgniter->run()
CRITICAL - 2023-05-20 12:07:15 --> Class 'App\Controllers\DataPeriode' not found
in APPPATH\Controllers\Dynamic_dependent.php on line 117.
 1 SYSTEMPATH\CodeIgniter.php(896): App\Controllers\Dynamic_dependent->get()
 2 SYSTEMPATH\CodeIgniter.php(466): CodeIgniter\CodeIgniter->runController(Object(App\Controllers\Dynamic_dependent))
 3 SYSTEMPATH\CodeIgniter.php(349): CodeIgniter\CodeIgniter->handleRequest(null, Object(Config\Cache), false)
 4 FCPATH\index.php(55): CodeIgniter\CodeIgniter->run()
CRITICAL - 2023-05-20 12:12:44 --> Class 'App\Controllers\DataPeriode' not found
in APPPATH\Controllers\Dynamic_dependent.php on line 117.
 1 SYSTEMPATH\CodeIgniter.php(896): App\Controllers\Dynamic_dependent->get()
 2 SYSTEMPATH\CodeIgniter.php(466): CodeIgniter\CodeIgniter->runController(Object(App\Controllers\Dynamic_dependent))
 3 SYSTEMPATH\CodeIgniter.php(349): CodeIgniter\CodeIgniter->handleRequest(null, Object(Config\Cache), false)
 4 FCPATH\index.php(55): CodeIgniter\CodeIgniter->run()
CRITICAL - 2023-05-20 12:12:44 --> Class 'App\Controllers\DataPeriode' not found
in APPPATH\Controllers\Dynamic_dependent.php on line 117.
 1 SYSTEMPATH\CodeIgniter.php(896): App\Controllers\Dynamic_dependent->get()
 2 SYSTEMPATH\CodeIgniter.php(466): CodeIgniter\CodeIgniter->runController(Object(App\Controllers\Dynamic_dependent))
 3 SYSTEMPATH\CodeIgniter.php(349): CodeIgniter\CodeIgniter->handleRequest(null, Object(Config\Cache), false)
 4 FCPATH\index.php(55): CodeIgniter\CodeIgniter->run()
CRITICAL - 2023-05-20 12:12:46 --> Class 'App\Controllers\DataPeriode' not found
in APPPATH\Controllers\Dynamic_dependent.php on line 117.
 1 SYSTEMPATH\CodeIgniter.php(896): App\Controllers\Dynamic_dependent->get()
 2 SYSTEMPATH\CodeIgniter.php(466): CodeIgniter\CodeIgniter->runController(Object(App\Controllers\Dynamic_dependent))
 3 SYSTEMPATH\CodeIgniter.php(349): CodeIgniter\CodeIgniter->handleRequest(null, Object(Config\Cache), false)
 4 FCPATH\index.php(55): CodeIgniter\CodeIgniter->run()
CRITICAL - 2023-05-20 12:12:46 --> Class 'App\Controllers\DataPeriode' not found
in APPPATH\Controllers\Dynamic_dependent.php on line 117.
 1 SYSTEMPATH\CodeIgniter.php(896): App\Controllers\Dynamic_dependent->get()
 2 SYSTEMPATH\CodeIgniter.php(466): CodeIgniter\CodeIgniter->runController(Object(App\Controllers\Dynamic_dependent))
 3 SYSTEMPATH\CodeIgniter.php(349): CodeIgniter\CodeIgniter->handleRequest(null, Object(Config\Cache), false)
 4 FCPATH\index.php(55): CodeIgniter\CodeIgniter->run()
CRITICAL - 2023-05-20 12:14:36 --> Class 'App\Controllers\DataPeriode' not found
in APPPATH\Controllers\Dynamic_dependent.php on line 117.
 1 SYSTEMPATH\CodeIgniter.php(896): App\Controllers\Dynamic_dependent->get()
 2 SYSTEMPATH\CodeIgniter.php(466): CodeIgniter\CodeIgniter->runController(Object(App\Controllers\Dynamic_dependent))
 3 SYSTEMPATH\CodeIgniter.php(349): CodeIgniter\CodeIgniter->handleRequest(null, Object(Config\Cache), false)
 4 FCPATH\index.php(55): CodeIgniter\CodeIgniter->run()
CRITICAL - 2023-05-20 12:14:38 --> Class 'App\Controllers\DataPeriode' not found
in APPPATH\Controllers\Dynamic_dependent.php on line 117.
 1 SYSTEMPATH\CodeIgniter.php(896): App\Controllers\Dynamic_dependent->get()
 2 SYSTEMPATH\CodeIgniter.php(466): CodeIgniter\CodeIgniter->runController(Object(App\Controllers\Dynamic_dependent))
 3 SYSTEMPATH\CodeIgniter.php(349): CodeIgniter\CodeIgniter->handleRequest(null, Object(Config\Cache), false)
 4 FCPATH\index.php(55): CodeIgniter\CodeIgniter->run()
CRITICAL - 2023-05-20 12:14:39 --> Class 'App\Controllers\DataPeriode' not found
in APPPATH\Controllers\Dynamic_dependent.php on line 117.
 1 SYSTEMPATH\CodeIgniter.php(896): App\Controllers\Dynamic_dependent->get()
 2 SYSTEMPATH\CodeIgniter.php(466): CodeIgniter\CodeIgniter->runController(Object(App\Controllers\Dynamic_dependent))
 3 SYSTEMPATH\CodeIgniter.php(349): CodeIgniter\CodeIgniter->handleRequest(null, Object(Config\Cache), false)
 4 FCPATH\index.php(55): CodeIgniter\CodeIgniter->run()
CRITICAL - 2023-05-20 12:14:40 --> Class 'App\Controllers\DataPeriode' not found
in APPPATH\Controllers\Dynamic_dependent.php on line 117.
 1 SYSTEMPATH\CodeIgniter.php(896): App\Controllers\Dynamic_dependent->get()
 2 SYSTEMPATH\CodeIgniter.php(466): CodeIgniter\CodeIgniter->runController(Object(App\Controllers\Dynamic_dependent))
 3 SYSTEMPATH\CodeIgniter.php(349): CodeIgniter\CodeIgniter->handleRequest(null, Object(Config\Cache), false)
 4 FCPATH\index.php(55): CodeIgniter\CodeIgniter->run()
CRITICAL - 2023-05-20 12:19:33 --> Class 'App\Controllers\DataPeriode' not found
in APPPATH\Controllers\Dynamic_dependent.php on line 117.
 1 SYSTEMPATH\CodeIgniter.php(896): App\Controllers\Dynamic_dependent->get()
 2 SYSTEMPATH\CodeIgniter.php(466): CodeIgniter\CodeIgniter->runController(Object(App\Controllers\Dynamic_dependent))
 3 SYSTEMPATH\CodeIgniter.php(349): CodeIgniter\CodeIgniter->handleRequest(null, Object(Config\Cache), false)
 4 FCPATH\index.php(55): CodeIgniter\CodeIgniter->run()
CRITICAL - 2023-05-20 12:19:35 --> Class 'App\Controllers\DataPeriode' not found
in APPPATH\Controllers\Dynamic_dependent.php on line 117.
 1 SYSTEMPATH\CodeIgniter.php(896): App\Controllers\Dynamic_dependent->get()
 2 SYSTEMPATH\CodeIgniter.php(466): CodeIgniter\CodeIgniter->runController(Object(App\Controllers\Dynamic_dependent))
 3 SYSTEMPATH\CodeIgniter.php(349): CodeIgniter\CodeIgniter->handleRequest(null, Object(Config\Cache), false)
 4 FCPATH\index.php(55): CodeIgniter\CodeIgniter->run()
CRITICAL - 2023-05-20 12:19:36 --> Class 'App\Controllers\DataPeriode' not found
in APPPATH\Controllers\Dynamic_dependent.php on line 117.
 1 SYSTEMPATH\CodeIgniter.php(896): App\Controllers\Dynamic_dependent->get()
 2 SYSTEMPATH\CodeIgniter.php(466): CodeIgniter\CodeIgniter->runController(Object(App\Controllers\Dynamic_dependent))
 3 SYSTEMPATH\CodeIgniter.php(349): CodeIgniter\CodeIgniter->handleRequest(null, Object(Config\Cache), false)
 4 FCPATH\index.php(55): CodeIgniter\CodeIgniter->run()
CRITICAL - 2023-05-20 12:19:37 --> Class 'App\Controllers\DataPeriode' not found
in APPPATH\Controllers\Dynamic_dependent.php on line 117.
 1 SYSTEMPATH\CodeIgniter.php(896): App\Controllers\Dynamic_dependent->get()
 2 SYSTEMPATH\CodeIgniter.php(466): CodeIgniter\CodeIgniter->runController(Object(App\Controllers\Dynamic_dependent))
 3 SYSTEMPATH\CodeIgniter.php(349): CodeIgniter\CodeIgniter->handleRequest(null, Object(Config\Cache), false)
 4 FCPATH\index.php(55): CodeIgniter\CodeIgniter->run()
ERROR - 2023-05-20 14:19:31 --> Column 'id' in where clause is ambiguous
CRITICAL - 2023-05-20 14:19:31 --> Column 'id' in where clause is ambiguous
in SYSTEMPATH\Database\MySQLi\Connection.php on line 292.
 1 SYSTEMPATH\Database\MySQLi\Connection.php(292): mysqli->query('SELECT *
FROM `periode`
JOIN `tahap` ON `tahap`.`id_periode` = `periode`.`id`
WHERE `id` = \'2\'
 LIMIT 1', 0)
 2 SYSTEMPATH\Database\BaseConnection.php(695): CodeIgniter\Database\MySQLi\Connection->execute('SELECT *
FROM `periode`
JOIN `tahap` ON `tahap`.`id_periode` = `periode`.`id`
WHERE `id` = \'2\'
 LIMIT 1')
 3 SYSTEMPATH\Database\BaseConnection.php(609): CodeIgniter\Database\BaseConnection->simpleQuery('SELECT *
FROM `periode`
JOIN `tahap` ON `tahap`.`id_periode` = `periode`.`id`
WHERE `id` = \'2\'
 LIMIT 1')
 4 SYSTEMPATH\Database\BaseBuilder.php(1585): CodeIgniter\Database\BaseConnection->query('SELECT *
FROM `periode`
JOIN `tahap` ON `tahap`.`id_periode` = `periode`.`id`
WHERE `id` = :id:
 LIMIT 1', [...], false)
 5 SYSTEMPATH\Model.php(249): CodeIgniter\Database\BaseBuilder->get()
 6 SYSTEMPATH\BaseModel.php(622): CodeIgniter\Model->doFirst()
 7 APPPATH\Controllers\Dynamic_dependent.php(119): CodeIgniter\BaseModel->first()
 8 SYSTEMPATH\CodeIgniter.php(896): App\Controllers\Dynamic_dependent->get()
 9 SYSTEMPATH\CodeIgniter.php(466): CodeIgniter\CodeIgniter->runController(Object(App\Controllers\Dynamic_dependent))
10 SYSTEMPATH\CodeIgniter.php(349): CodeIgniter\CodeIgniter->handleRequest(null, Object(Config\Cache), false)
11 FCPATH\index.php(55): CodeIgniter\CodeIgniter->run()
ERROR - 2023-05-20 14:19:34 --> Column 'id' in where clause is ambiguous
CRITICAL - 2023-05-20 14:19:34 --> Column 'id' in where clause is ambiguous
in SYSTEMPATH\Database\MySQLi\Connection.php on line 292.
 1 SYSTEMPATH\Database\MySQLi\Connection.php(292): mysqli->query('SELECT *
FROM `periode`
JOIN `tahap` ON `tahap`.`id_periode` = `periode`.`id`
WHERE `id` = \'3\'
 LIMIT 1', 0)
 2 SYSTEMPATH\Database\BaseConnection.php(695): CodeIgniter\Database\MySQLi\Connection->execute('SELECT *
FROM `periode`
JOIN `tahap` ON `tahap`.`id_periode` = `periode`.`id`
WHERE `id` = \'3\'
 LIMIT 1')
 3 SYSTEMPATH\Database\BaseConnection.php(609): CodeIgniter\Database\BaseConnection->simpleQuery('SELECT *
FROM `periode`
JOIN `tahap` ON `tahap`.`id_periode` = `periode`.`id`
WHERE `id` = \'3\'
 LIMIT 1')
 4 SYSTEMPATH\Database\BaseBuilder.php(1585): CodeIgniter\Database\BaseConnection->query('SELECT *
FROM `periode`
JOIN `tahap` ON `tahap`.`id_periode` = `periode`.`id`
WHERE `id` = :id:
 LIMIT 1', [...], false)
 5 SYSTEMPATH\Model.php(249): CodeIgniter\Database\BaseBuilder->get()
 6 SYSTEMPATH\BaseModel.php(622): CodeIgniter\Model->doFirst()
 7 APPPATH\Controllers\Dynamic_dependent.php(119): CodeIgniter\BaseModel->first()
 8 SYSTEMPATH\CodeIgniter.php(896): App\Controllers\Dynamic_dependent->get()
 9 SYSTEMPATH\CodeIgniter.php(466): CodeIgniter\CodeIgniter->runController(Object(App\Controllers\Dynamic_dependent))
10 SYSTEMPATH\CodeIgniter.php(349): CodeIgniter\CodeIgniter->handleRequest(null, Object(Config\Cache), false)
11 FCPATH\index.php(55): CodeIgniter\CodeIgniter->run()
ERROR - 2023-05-20 14:19:35 --> Column 'id' in where clause is ambiguous
CRITICAL - 2023-05-20 14:19:35 --> Column 'id' in where clause is ambiguous
in SYSTEMPATH\Database\MySQLi\Connection.php on line 292.
 1 SYSTEMPATH\Database\MySQLi\Connection.php(292): mysqli->query('SELECT *
FROM `periode`
JOIN `tahap` ON `tahap`.`id_periode` = `periode`.`id`
WHERE `id` = \'2\'
 LIMIT 1', 0)
 2 SYSTEMPATH\Database\BaseConnection.php(695): CodeIgniter\Database\MySQLi\Connection->execute('SELECT *
FROM `periode`
JOIN `tahap` ON `tahap`.`id_periode` = `periode`.`id`
WHERE `id` = \'2\'
 LIMIT 1')
 3 SYSTEMPATH\Database\BaseConnection.php(609): CodeIgniter\Database\BaseConnection->simpleQuery('SELECT *
FROM `periode`
JOIN `tahap` ON `tahap`.`id_periode` = `periode`.`id`
WHERE `id` = \'2\'
 LIMIT 1')
 4 SYSTEMPATH\Database\BaseBuilder.php(1585): CodeIgniter\Database\BaseConnection->query('SELECT *
FROM `periode`
JOIN `tahap` ON `tahap`.`id_periode` = `periode`.`id`
WHERE `id` = :id:
 LIMIT 1', [...], false)
 5 SYSTEMPATH\Model.php(249): CodeIgniter\Database\BaseBuilder->get()
 6 SYSTEMPATH\BaseModel.php(622): CodeIgniter\Model->doFirst()
 7 APPPATH\Controllers\Dynamic_dependent.php(119): CodeIgniter\BaseModel->first()
 8 SYSTEMPATH\CodeIgniter.php(896): App\Controllers\Dynamic_dependent->get()
 9 SYSTEMPATH\CodeIgniter.php(466): CodeIgniter\CodeIgniter->runController(Object(App\Controllers\Dynamic_dependent))
10 SYSTEMPATH\CodeIgniter.php(349): CodeIgniter\CodeIgniter->handleRequest(null, Object(Config\Cache), false)
11 FCPATH\index.php(55): CodeIgniter\CodeIgniter->run()
ERROR - 2023-05-20 14:20:09 --> Column 'id' in where clause is ambiguous
CRITICAL - 2023-05-20 14:20:09 --> Column 'id' in where clause is ambiguous
in SYSTEMPATH\Database\MySQLi\Connection.php on line 292.
 1 SYSTEMPATH\Database\MySQLi\Connection.php(292): mysqli->query('SELECT *
FROM `periode`
JOIN `tahap` ON `tahap`.`id_periode` = `periode`.`id`
WHERE `id` = \'2\'', 0)
 2 SYSTEMPATH\Database\BaseConnection.php(695): CodeIgniter\Database\MySQLi\Connection->execute('SELECT *
FROM `periode`
JOIN `tahap` ON `tahap`.`id_periode` = `periode`.`id`
WHERE `id` = \'2\'')
 3 SYSTEMPATH\Database\BaseConnection.php(609): CodeIgniter\Database\BaseConnection->simpleQuery('SELECT *
FROM `periode`
JOIN `tahap` ON `tahap`.`id_periode` = `periode`.`id`
WHERE `id` = \'2\'')
 4 SYSTEMPATH\Database\BaseBuilder.php(1585): CodeIgniter\Database\BaseConnection->query('SELECT *
FROM `periode`
JOIN `tahap` ON `tahap`.`id_periode` = `periode`.`id`
WHERE `id` = :id:', [...], false)
 5 SYSTEMPATH\Model.php(222): CodeIgniter\Database\BaseBuilder->get()
 6 SYSTEMPATH\BaseModel.php(584): CodeIgniter\Model->doFindAll(0, 0)
 7 APPPATH\Controllers\Dynamic_dependent.php(119): CodeIgniter\BaseModel->findAll()
 8 SYSTEMPATH\CodeIgniter.php(896): App\Controllers\Dynamic_dependent->get()
 9 SYSTEMPATH\CodeIgniter.php(466): CodeIgniter\CodeIgniter->runController(Object(App\Controllers\Dynamic_dependent))
10 SYSTEMPATH\CodeIgniter.php(349): CodeIgniter\CodeIgniter->handleRequest(null, Object(Config\Cache), false)
11 FCPATH\index.php(55): CodeIgniter\CodeIgniter->run()
ERROR - 2023-05-20 14:20:12 --> Column 'id' in where clause is ambiguous
CRITICAL - 2023-05-20 14:20:12 --> Column 'id' in where clause is ambiguous
in SYSTEMPATH\Database\MySQLi\Connection.php on line 292.
 1 SYSTEMPATH\Database\MySQLi\Connection.php(292): mysqli->query('SELECT *
FROM `periode`
JOIN `tahap` ON `tahap`.`id_periode` = `periode`.`id`
WHERE `id` = \'3\'', 0)
 2 SYSTEMPATH\Database\BaseConnection.php(695): CodeIgniter\Database\MySQLi\Connection->execute('SELECT *
FROM `periode`
JOIN `tahap` ON `tahap`.`id_periode` = `periode`.`id`
WHERE `id` = \'3\'')
 3 SYSTEMPATH\Database\BaseConnection.php(609): CodeIgniter\Database\BaseConnection->simpleQuery('SELECT *
FROM `periode`
JOIN `tahap` ON `tahap`.`id_periode` = `periode`.`id`
WHERE `id` = \'3\'')
 4 SYSTEMPATH\Database\BaseBuilder.php(1585): CodeIgniter\Database\BaseConnection->query('SELECT *
FROM `periode`
JOIN `tahap` ON `tahap`.`id_periode` = `periode`.`id`
WHERE `id` = :id:', [...], false)
 5 SYSTEMPATH\Model.php(222): CodeIgniter\Database\BaseBuilder->get()
 6 SYSTEMPATH\BaseModel.php(584): CodeIgniter\Model->doFindAll(0, 0)
 7 APPPATH\Controllers\Dynamic_dependent.php(119): CodeIgniter\BaseModel->findAll()
 8 SYSTEMPATH\CodeIgniter.php(896): App\Controllers\Dynamic_dependent->get()
 9 SYSTEMPATH\CodeIgniter.php(466): CodeIgniter\CodeIgniter->runController(Object(App\Controllers\Dynamic_dependent))
10 SYSTEMPATH\CodeIgniter.php(349): CodeIgniter\CodeIgniter->handleRequest(null, Object(Config\Cache), false)
11 FCPATH\index.php(55): CodeIgniter\CodeIgniter->run()
ERROR - 2023-05-20 14:20:13 --> Column 'id' in where clause is ambiguous
CRITICAL - 2023-05-20 14:20:13 --> Column 'id' in where clause is ambiguous
in SYSTEMPATH\Database\MySQLi\Connection.php on line 292.
 1 SYSTEMPATH\Database\MySQLi\Connection.php(292): mysqli->query('SELECT *
FROM `periode`
JOIN `tahap` ON `tahap`.`id_periode` = `periode`.`id`
WHERE `id` = \'2\'', 0)
 2 SYSTEMPATH\Database\BaseConnection.php(695): CodeIgniter\Database\MySQLi\Connection->execute('SELECT *
FROM `periode`
JOIN `tahap` ON `tahap`.`id_periode` = `periode`.`id`
WHERE `id` = \'2\'')
 3 SYSTEMPATH\Database\BaseConnection.php(609): CodeIgniter\Database\BaseConnection->simpleQuery('SELECT *
FROM `periode`
JOIN `tahap` ON `tahap`.`id_periode` = `periode`.`id`
WHERE `id` = \'2\'')
 4 SYSTEMPATH\Database\BaseBuilder.php(1585): CodeIgniter\Database\BaseConnection->query('SELECT *
FROM `periode`
JOIN `tahap` ON `tahap`.`id_periode` = `periode`.`id`
WHERE `id` = :id:', [...], false)
 5 SYSTEMPATH\Model.php(222): CodeIgniter\Database\BaseBuilder->get()
 6 SYSTEMPATH\BaseModel.php(584): CodeIgniter\Model->doFindAll(0, 0)
 7 APPPATH\Controllers\Dynamic_dependent.php(119): CodeIgniter\BaseModel->findAll()
 8 SYSTEMPATH\CodeIgniter.php(896): App\Controllers\Dynamic_dependent->get()
 9 SYSTEMPATH\CodeIgniter.php(466): CodeIgniter\CodeIgniter->runController(Object(App\Controllers\Dynamic_dependent))
10 SYSTEMPATH\CodeIgniter.php(349): CodeIgniter\CodeIgniter->handleRequest(null, Object(Config\Cache), false)
11 FCPATH\index.php(55): CodeIgniter\CodeIgniter->run()
CRITICAL - 2023-05-20 14:47:05 --> json_encode() expects parameter 2 to be int, array given
in APPPATH\Controllers\Dynamic_dependent.php on line 129.
 1 [internal function]: CodeIgniter\Debug\Exceptions->errorHandler(2, 'json_encode() expects parameter 2 to be int, array given', 'APPPATH\\Controllers\\Dynamic_dependent.php', 129, [...])
 2 APPPATH\Controllers\Dynamic_dependent.php(129): json_encode([...], [...])
 3 SYSTEMPATH\CodeIgniter.php(896): App\Controllers\Dynamic_dependent->get()
 4 SYSTEMPATH\CodeIgniter.php(466): CodeIgniter\CodeIgniter->runController(Object(App\Controllers\Dynamic_dependent))
 5 SYSTEMPATH\CodeIgniter.php(349): CodeIgniter\CodeIgniter->handleRequest(null, Object(Config\Cache), false)
 6 FCPATH\index.php(55): CodeIgniter\CodeIgniter->run()
CRITICAL - 2023-05-20 14:47:07 --> json_encode() expects parameter 2 to be int, array given
in APPPATH\Controllers\Dynamic_dependent.php on line 129.
 1 [internal function]: CodeIgniter\Debug\Exceptions->errorHandler(2, 'json_encode() expects parameter 2 to be int, array given', 'APPPATH\\Controllers\\Dynamic_dependent.php', 129, [...])
 2 APPPATH\Controllers\Dynamic_dependent.php(129): json_encode([], [...])
 3 SYSTEMPATH\CodeIgniter.php(896): App\Controllers\Dynamic_dependent->get()
 4 SYSTEMPATH\CodeIgniter.php(466): CodeIgniter\CodeIgniter->runController(Object(App\Controllers\Dynamic_dependent))
 5 SYSTEMPATH\CodeIgniter.php(349): CodeIgniter\CodeIgniter->handleRequest(null, Object(Config\Cache), false)
 6 FCPATH\index.php(55): CodeIgniter\CodeIgniter->run()
CRITICAL - 2023-05-20 14:47:08 --> json_encode() expects parameter 2 to be int, array given
in APPPATH\Controllers\Dynamic_dependent.php on line 129.
 1 [internal function]: CodeIgniter\Debug\Exceptions->errorHandler(2, 'json_encode() expects parameter 2 to be int, array given', 'APPPATH\\Controllers\\Dynamic_dependent.php', 129, [...])
 2 APPPATH\Controllers\Dynamic_dependent.php(129): json_encode([...], [...])
 3 SYSTEMPATH\CodeIgniter.php(896): App\Controllers\Dynamic_dependent->get()
 4 SYSTEMPATH\CodeIgniter.php(466): CodeIgniter\CodeIgniter->runController(Object(App\Controllers\Dynamic_dependent))
 5 SYSTEMPATH\CodeIgniter.php(349): CodeIgniter\CodeIgniter->handleRequest(null, Object(Config\Cache), false)
 6 FCPATH\index.php(55): CodeIgniter\CodeIgniter->run()
CRITICAL - 2023-05-20 14:47:56 --> json_encode() expects parameter 2 to be int, array given
in APPPATH\Controllers\Dynamic_dependent.php on line 129.
 1 [internal function]: CodeIgniter\Debug\Exceptions->errorHandler(2, 'json_encode() expects parameter 2 to be int, array given', 'APPPATH\\Controllers\\Dynamic_dependent.php', 129, [...])
 2 APPPATH\Controllers\Dynamic_dependent.php(129): json_encode([...], [...])
 3 SYSTEMPATH\CodeIgniter.php(896): App\Controllers\Dynamic_dependent->get()
 4 SYSTEMPATH\CodeIgniter.php(466): CodeIgniter\CodeIgniter->runController(Object(App\Controllers\Dynamic_dependent))
 5 SYSTEMPATH\CodeIgniter.php(349): CodeIgniter\CodeIgniter->handleRequest(null, Object(Config\Cache), false)
 6 FCPATH\index.php(55): CodeIgniter\CodeIgniter->run()
CRITICAL - 2023-05-20 14:47:58 --> json_encode() expects parameter 2 to be int, array given
in APPPATH\Controllers\Dynamic_dependent.php on line 129.
 1 [internal function]: CodeIgniter\Debug\Exceptions->errorHandler(2, 'json_encode() expects parameter 2 to be int, array given', 'APPPATH\\Controllers\\Dynamic_dependent.php', 129, [...])
 2 APPPATH\Controllers\Dynamic_dependent.php(129): json_encode([], [...])
 3 SYSTEMPATH\CodeIgniter.php(896): App\Controllers\Dynamic_dependent->get()
 4 SYSTEMPATH\CodeIgniter.php(466): CodeIgniter\CodeIgniter->runController(Object(App\Controllers\Dynamic_dependent))
 5 SYSTEMPATH\CodeIgniter.php(349): CodeIgniter\CodeIgniter->handleRequest(null, Object(Config\Cache), false)
 6 FCPATH\index.php(55): CodeIgniter\CodeIgniter->run()
CRITICAL - 2023-05-20 14:47:59 --> json_encode() expects parameter 2 to be int, array given
in APPPATH\Controllers\Dynamic_dependent.php on line 129.
 1 [internal function]: CodeIgniter\Debug\Exceptions->errorHandler(2, 'json_encode() expects parameter 2 to be int, array given', 'APPPATH\\Controllers\\Dynamic_dependent.php', 129, [...])
 2 APPPATH\Controllers\Dynamic_dependent.php(129): json_encode([...], [...])
 3 SYSTEMPATH\CodeIgniter.php(896): App\Controllers\Dynamic_dependent->get()
 4 SYSTEMPATH\CodeIgniter.php(466): CodeIgniter\CodeIgniter->runController(Object(App\Controllers\Dynamic_dependent))
 5 SYSTEMPATH\CodeIgniter.php(349): CodeIgniter\CodeIgniter->handleRequest(null, Object(Config\Cache), false)
 6 FCPATH\index.php(55): CodeIgniter\CodeIgniter->run()
CRITICAL - 2023-05-20 15:04:57 --> Trying to get property 'nama_tahap' of non-object
in APPPATH\Controllers\Dynamic_dependent.php on line 120.
 1 APPPATH\Controllers\Dynamic_dependent.php(120): CodeIgniter\Debug\Exceptions->errorHandler(8, 'Trying to get property \'nama_tahap\' of non-object', 'APPPATH\\Controllers\\Dynamic_dependent.php', 120, [...])
 2 SYSTEMPATH\CodeIgniter.php(896): App\Controllers\Dynamic_dependent->get()
 3 SYSTEMPATH\CodeIgniter.php(466): CodeIgniter\CodeIgniter->runController(Object(App\Controllers\Dynamic_dependent))
 4 SYSTEMPATH\CodeIgniter.php(349): CodeIgniter\CodeIgniter->handleRequest(null, Object(Config\Cache), false)
 5 FCPATH\index.php(55): CodeIgniter\CodeIgniter->run()
CRITICAL - 2023-05-20 15:05:00 --> Trying to get property 'nama_tahap' of non-object
in APPPATH\Controllers\Dynamic_dependent.php on line 120.
 1 APPPATH\Controllers\Dynamic_dependent.php(120): CodeIgniter\Debug\Exceptions->errorHandler(8, 'Trying to get property \'nama_tahap\' of non-object', 'APPPATH\\Controllers\\Dynamic_dependent.php', 120, [...])
 2 SYSTEMPATH\CodeIgniter.php(896): App\Controllers\Dynamic_dependent->get()
 3 SYSTEMPATH\CodeIgniter.php(466): CodeIgniter\CodeIgniter->runController(Object(App\Controllers\Dynamic_dependent))
 4 SYSTEMPATH\CodeIgniter.php(349): CodeIgniter\CodeIgniter->handleRequest(null, Object(Config\Cache), false)
 5 FCPATH\index.php(55): CodeIgniter\CodeIgniter->run()
CRITICAL - 2023-05-20 15:05:02 --> Trying to get property 'nama_tahap' of non-object
in APPPATH\Controllers\Dynamic_dependent.php on line 120.
 1 APPPATH\Controllers\Dynamic_dependent.php(120): CodeIgniter\Debug\Exceptions->errorHandler(8, 'Trying to get property \'nama_tahap\' of non-object', 'APPPATH\\Controllers\\Dynamic_dependent.php', 120, [...])
 2 SYSTEMPATH\CodeIgniter.php(896): App\Controllers\Dynamic_dependent->get()
 3 SYSTEMPATH\CodeIgniter.php(466): CodeIgniter\CodeIgniter->runController(Object(App\Controllers\Dynamic_dependent))
 4 SYSTEMPATH\CodeIgniter.php(349): CodeIgniter\CodeIgniter->handleRequest(null, Object(Config\Cache), false)
 5 FCPATH\index.php(55): CodeIgniter\CodeIgniter->run()
CRITICAL - 2023-05-20 15:05:56 --> Undefined index: nama_tahap
in APPPATH\Controllers\Dynamic_dependent.php on line 120.
 1 APPPATH\Controllers\Dynamic_dependent.php(120): CodeIgniter\Debug\Exceptions->errorHandler(8, 'Undefined index: nama_tahap', 'APPPATH\\Controllers\\Dynamic_dependent.php', 120, [...])
 2 SYSTEMPATH\CodeIgniter.php(896): App\Controllers\Dynamic_dependent->get()
 3 SYSTEMPATH\CodeIgniter.php(466): CodeIgniter\CodeIgniter->runController(Object(App\Controllers\Dynamic_dependent))
 4 SYSTEMPATH\CodeIgniter.php(349): CodeIgniter\CodeIgniter->handleRequest(null, Object(Config\Cache), false)
 5 FCPATH\index.php(55): CodeIgniter\CodeIgniter->run()
CRITICAL - 2023-05-20 15:05:58 --> Undefined index: nama_tahap
in APPPATH\Controllers\Dynamic_dependent.php on line 120.
 1 APPPATH\Controllers\Dynamic_dependent.php(120): CodeIgniter\Debug\Exceptions->errorHandler(8, 'Undefined index: nama_tahap', 'APPPATH\\Controllers\\Dynamic_dependent.php', 120, [...])
 2 SYSTEMPATH\CodeIgniter.php(896): App\Controllers\Dynamic_dependent->get()
 3 SYSTEMPATH\CodeIgniter.php(466): CodeIgniter\CodeIgniter->runController(Object(App\Controllers\Dynamic_dependent))
 4 SYSTEMPATH\CodeIgniter.php(349): CodeIgniter\CodeIgniter->handleRequest(null, Object(Config\Cache), false)
 5 FCPATH\index.php(55): CodeIgniter\CodeIgniter->run()
CRITICAL - 2023-05-20 15:05:59 --> Undefined index: nama_tahap
in APPPATH\Controllers\Dynamic_dependent.php on line 120.
 1 APPPATH\Controllers\Dynamic_dependent.php(120): CodeIgniter\Debug\Exceptions->errorHandler(8, 'Undefined index: nama_tahap', 'APPPATH\\Controllers\\Dynamic_dependent.php', 120, [...])
 2 SYSTEMPATH\CodeIgniter.php(896): App\Controllers\Dynamic_dependent->get()
 3 SYSTEMPATH\CodeIgniter.php(466): CodeIgniter\CodeIgniter->runController(Object(App\Controllers\Dynamic_dependent))
 4 SYSTEMPATH\CodeIgniter.php(349): CodeIgniter\CodeIgniter->handleRequest(null, Object(Config\Cache), false)
 5 FCPATH\index.php(55): CodeIgniter\CodeIgniter->run()
CRITICAL - 2023-05-20 15:06:00 --> Undefined index: nama_tahap
in APPPATH\Controllers\Dynamic_dependent.php on line 120.
 1 APPPATH\Controllers\Dynamic_dependent.php(120): CodeIgniter\Debug\Exceptions->errorHandler(8, 'Undefined index: nama_tahap', 'APPPATH\\Controllers\\Dynamic_dependent.php', 120, [...])
 2 SYSTEMPATH\CodeIgniter.php(896): App\Controllers\Dynamic_dependent->get()
 3 SYSTEMPATH\CodeIgniter.php(466): CodeIgniter\CodeIgniter->runController(Object(App\Controllers\Dynamic_dependent))
 4 SYSTEMPATH\CodeIgniter.php(349): CodeIgniter\CodeIgniter->handleRequest(null, Object(Config\Cache), false)
 5 FCPATH\index.php(55): CodeIgniter\CodeIgniter->run()
CRITICAL - 2023-05-20 15:06:01 --> Undefined index: nama_tahap
in APPPATH\Controllers\Dynamic_dependent.php on line 120.
 1 APPPATH\Controllers\Dynamic_dependent.php(120): CodeIgniter\Debug\Exceptions->errorHandler(8, 'Undefined index: nama_tahap', 'APPPATH\\Controllers\\Dynamic_dependent.php', 120, [...])
 2 SYSTEMPATH\CodeIgniter.php(896): App\Controllers\Dynamic_dependent->get()
 3 SYSTEMPATH\CodeIgniter.php(466): CodeIgniter\CodeIgniter->runController(Object(App\Controllers\Dynamic_dependent))
 4 SYSTEMPATH\CodeIgniter.php(349): CodeIgniter\CodeIgniter->handleRequest(null, Object(Config\Cache), false)
 5 FCPATH\index.php(55): CodeIgniter\CodeIgniter->run()
CRITICAL - 2023-05-20 15:06:52 --> Undefined index: nama_tahap
in APPPATH\Controllers\Dynamic_dependent.php on line 120.
 1 APPPATH\Controllers\Dynamic_dependent.php(120): CodeIgniter\Debug\Exceptions->errorHandler(8, 'Undefined index: nama_tahap', 'APPPATH\\Controllers\\Dynamic_dependent.php', 120, [...])
 2 SYSTEMPATH\CodeIgniter.php(896): App\Controllers\Dynamic_dependent->get()
 3 SYSTEMPATH\CodeIgniter.php(466): CodeIgniter\CodeIgniter->runController(Object(App\Controllers\Dynamic_dependent))
 4 SYSTEMPATH\CodeIgniter.php(349): CodeIgniter\CodeIgniter->handleRequest(null, Object(Config\Cache), false)
 5 FCPATH\index.php(55): CodeIgniter\CodeIgniter->run()
CRITICAL - 2023-05-20 15:06:57 --> Undefined index: nama_tahap
in APPPATH\Controllers\Dynamic_dependent.php on line 120.
 1 APPPATH\Controllers\Dynamic_dependent.php(120): CodeIgniter\Debug\Exceptions->errorHandler(8, 'Undefined index: nama_tahap', 'APPPATH\\Controllers\\Dynamic_dependent.php', 120, [...])
 2 SYSTEMPATH\CodeIgniter.php(896): App\Controllers\Dynamic_dependent->get()
 3 SYSTEMPATH\CodeIgniter.php(466): CodeIgniter\CodeIgniter->runController(Object(App\Controllers\Dynamic_dependent))
 4 SYSTEMPATH\CodeIgniter.php(349): CodeIgniter\CodeIgniter->handleRequest(null, Object(Config\Cache), false)
 5 FCPATH\index.php(55): CodeIgniter\CodeIgniter->run()
CRITICAL - 2023-05-20 15:06:58 --> Undefined index: nama_tahap
in APPPATH\Controllers\Dynamic_dependent.php on line 120.
 1 APPPATH\Controllers\Dynamic_dependent.php(120): CodeIgniter\Debug\Exceptions->errorHandler(8, 'Undefined index: nama_tahap', 'APPPATH\\Controllers\\Dynamic_dependent.php', 120, [...])
 2 SYSTEMPATH\CodeIgniter.php(896): App\Controllers\Dynamic_dependent->get()
 3 SYSTEMPATH\CodeIgniter.php(466): CodeIgniter\CodeIgniter->runController(Object(App\Controllers\Dynamic_dependent))
 4 SYSTEMPATH\CodeIgniter.php(349): CodeIgniter\CodeIgniter->handleRequest(null, Object(Config\Cache), false)
 5 FCPATH\index.php(55): CodeIgniter\CodeIgniter->run()
CRITICAL - 2023-05-20 15:06:59 --> Undefined index: nama_tahap
in APPPATH\Controllers\Dynamic_dependent.php on line 120.
 1 APPPATH\Controllers\Dynamic_dependent.php(120): CodeIgniter\Debug\Exceptions->errorHandler(8, 'Undefined index: nama_tahap', 'APPPATH\\Controllers\\Dynamic_dependent.php', 120, [...])
 2 SYSTEMPATH\CodeIgniter.php(896): App\Controllers\Dynamic_dependent->get()
 3 SYSTEMPATH\CodeIgniter.php(466): CodeIgniter\CodeIgniter->runController(Object(App\Controllers\Dynamic_dependent))
 4 SYSTEMPATH\CodeIgniter.php(349): CodeIgniter\CodeIgniter->handleRequest(null, Object(Config\Cache), false)
 5 FCPATH\index.php(55): CodeIgniter\CodeIgniter->run()
CRITICAL - 2023-05-20 15:07:00 --> Undefined index: nama_tahap
in APPPATH\Controllers\Dynamic_dependent.php on line 120.
 1 APPPATH\Controllers\Dynamic_dependent.php(120): CodeIgniter\Debug\Exceptions->errorHandler(8, 'Undefined index: nama_tahap', 'APPPATH\\Controllers\\Dynamic_dependent.php', 120, [...])
 2 SYSTEMPATH\CodeIgniter.php(896): App\Controllers\Dynamic_dependent->get()
 3 SYSTEMPATH\CodeIgniter.php(466): CodeIgniter\CodeIgniter->runController(Object(App\Controllers\Dynamic_dependent))
 4 SYSTEMPATH\CodeIgniter.php(349): CodeIgniter\CodeIgniter->handleRequest(null, Object(Config\Cache), false)
 5 FCPATH\index.php(55): CodeIgniter\CodeIgniter->run()
CRITICAL - 2023-05-20 15:09:28 --> count(): Parameter must be an array or an object that implements Countable
in APPPATH\Controllers\Dynamic_dependent.php on line 120.
 1 [internal function]: CodeIgniter\Debug\Exceptions->errorHandler(2, 'count(): Parameter must be an array or an object that implements Countable', 'APPPATH\\Controllers\\Dynamic_dependent.php', 120, [...])
 2 APPPATH\Controllers\Dynamic_dependent.php(120): count(null)
 3 SYSTEMPATH\CodeIgniter.php(896): App\Controllers\Dynamic_dependent->get()
 4 SYSTEMPATH\CodeIgniter.php(466): CodeIgniter\CodeIgniter->runController(Object(App\Controllers\Dynamic_dependent))
 5 SYSTEMPATH\CodeIgniter.php(349): CodeIgniter\CodeIgniter->handleRequest(null, Object(Config\Cache), false)
 6 FCPATH\index.php(55): CodeIgniter\CodeIgniter->run()
CRITICAL - 2023-05-20 15:09:48 --> Trying to get property 'nama_tahap' of non-object
in APPPATH\Controllers\Dynamic_dependent.php on line 120.
 1 APPPATH\Controllers\Dynamic_dependent.php(120): CodeIgniter\Debug\Exceptions->errorHandler(8, 'Trying to get property \'nama_tahap\' of non-object', 'APPPATH\\Controllers\\Dynamic_dependent.php', 120, [...])
 2 SYSTEMPATH\CodeIgniter.php(896): App\Controllers\Dynamic_dependent->get()
 3 SYSTEMPATH\CodeIgniter.php(466): CodeIgniter\CodeIgniter->runController(Object(App\Controllers\Dynamic_dependent))
 4 SYSTEMPATH\CodeIgniter.php(349): CodeIgniter\CodeIgniter->handleRequest(null, Object(Config\Cache), false)
 5 FCPATH\index.php(55): CodeIgniter\CodeIgniter->run()
CRITICAL - 2023-05-20 15:09:51 --> Trying to get property 'nama_tahap' of non-object
in APPPATH\Controllers\Dynamic_dependent.php on line 120.
 1 APPPATH\Controllers\Dynamic_dependent.php(120): CodeIgniter\Debug\Exceptions->errorHandler(8, 'Trying to get property \'nama_tahap\' of non-object', 'APPPATH\\Controllers\\Dynamic_dependent.php', 120, [...])
 2 SYSTEMPATH\CodeIgniter.php(896): App\Controllers\Dynamic_dependent->get()
 3 SYSTEMPATH\CodeIgniter.php(466): CodeIgniter\CodeIgniter->runController(Object(App\Controllers\Dynamic_dependent))
 4 SYSTEMPATH\CodeIgniter.php(349): CodeIgniter\CodeIgniter->handleRequest(null, Object(Config\Cache), false)
 5 FCPATH\index.php(55): CodeIgniter\CodeIgniter->run()
CRITICAL - 2023-05-20 15:09:52 --> Trying to get property 'nama_tahap' of non-object
in APPPATH\Controllers\Dynamic_dependent.php on line 120.
 1 APPPATH\Controllers\Dynamic_dependent.php(120): CodeIgniter\Debug\Exceptions->errorHandler(8, 'Trying to get property \'nama_tahap\' of non-object', 'APPPATH\\Controllers\\Dynamic_dependent.php', 120, [...])
 2 SYSTEMPATH\CodeIgniter.php(896): App\Controllers\Dynamic_dependent->get()
 3 SYSTEMPATH\CodeIgniter.php(466): CodeIgniter\CodeIgniter->runController(Object(App\Controllers\Dynamic_dependent))
 4 SYSTEMPATH\CodeIgniter.php(349): CodeIgniter\CodeIgniter->handleRequest(null, Object(Config\Cache), false)
 5 FCPATH\index.php(55): CodeIgniter\CodeIgniter->run()
CRITICAL - 2023-05-20 15:09:53 --> Trying to get property 'nama_tahap' of non-object
in APPPATH\Controllers\Dynamic_dependent.php on line 120.
 1 APPPATH\Controllers\Dynamic_dependent.php(120): CodeIgniter\Debug\Exceptions->errorHandler(8, 'Trying to get property \'nama_tahap\' of non-object', 'APPPATH\\Controllers\\Dynamic_dependent.php', 120, [...])
 2 SYSTEMPATH\CodeIgniter.php(896): App\Controllers\Dynamic_dependent->get()
 3 SYSTEMPATH\CodeIgniter.php(466): CodeIgniter\CodeIgniter->runController(Object(App\Controllers\Dynamic_dependent))
 4 SYSTEMPATH\CodeIgniter.php(349): CodeIgniter\CodeIgniter->handleRequest(null, Object(Config\Cache), false)
 5 FCPATH\index.php(55): CodeIgniter\CodeIgniter->run()
CRITICAL - 2023-05-20 15:09:54 --> Trying to get property 'nama_tahap' of non-object
in APPPATH\Controllers\Dynamic_dependent.php on line 120.
 1 APPPATH\Controllers\Dynamic_dependent.php(120): CodeIgniter\Debug\Exceptions->errorHandler(8, 'Trying to get property \'nama_tahap\' of non-object', 'APPPATH\\Controllers\\Dynamic_dependent.php', 120, [...])
 2 SYSTEMPATH\CodeIgniter.php(896): App\Controllers\Dynamic_dependent->get()
 3 SYSTEMPATH\CodeIgniter.php(466): CodeIgniter\CodeIgniter->runController(Object(App\Controllers\Dynamic_dependent))
 4 SYSTEMPATH\CodeIgniter.php(349): CodeIgniter\CodeIgniter->handleRequest(null, Object(Config\Cache), false)
 5 FCPATH\index.php(55): CodeIgniter\CodeIgniter->run()
CRITICAL - 2023-05-20 15:12:31 --> Trying to access array offset on value of type null
in APPPATH\Controllers\Dynamic_dependent.php on line 120.
 1 APPPATH\Controllers\Dynamic_dependent.php(120): CodeIgniter\Debug\Exceptions->errorHandler(8, 'Trying to access array offset on value of type null', 'APPPATH\\Controllers\\Dynamic_dependent.php', 120, [...])
 2 SYSTEMPATH\CodeIgniter.php(896): App\Controllers\Dynamic_dependent->get()
 3 SYSTEMPATH\CodeIgniter.php(466): CodeIgniter\CodeIgniter->runController(Object(App\Controllers\Dynamic_dependent))
 4 SYSTEMPATH\CodeIgniter.php(349): CodeIgniter\CodeIgniter->handleRequest(null, Object(Config\Cache), false)
 5 FCPATH\index.php(55): CodeIgniter\CodeIgniter->run()
CRITICAL - 2023-05-20 15:13:38 --> Trying to access array offset on value of type null
in APPPATH\Controllers\Dynamic_dependent.php on line 120.
 1 APPPATH\Controllers\Dynamic_dependent.php(120): CodeIgniter\Debug\Exceptions->errorHandler(8, 'Trying to access array offset on value of type null', 'APPPATH\\Controllers\\Dynamic_dependent.php', 120, [...])
 2 SYSTEMPATH\CodeIgniter.php(896): App\Controllers\Dynamic_dependent->get()
 3 SYSTEMPATH\CodeIgniter.php(466): CodeIgniter\CodeIgniter->runController(Object(App\Controllers\Dynamic_dependent))
 4 SYSTEMPATH\CodeIgniter.php(349): CodeIgniter\CodeIgniter->handleRequest(null, Object(Config\Cache), false)
 5 FCPATH\index.php(55): CodeIgniter\CodeIgniter->run()
CRITICAL - 2023-05-20 15:13:41 --> Trying to access array offset on value of type null
in APPPATH\Controllers\Dynamic_dependent.php on line 120.
 1 APPPATH\Controllers\Dynamic_dependent.php(120): CodeIgniter\Debug\Exceptions->errorHandler(8, 'Trying to access array offset on value of type null', 'APPPATH\\Controllers\\Dynamic_dependent.php', 120, [...])
 2 SYSTEMPATH\CodeIgniter.php(896): App\Controllers\Dynamic_dependent->get()
 3 SYSTEMPATH\CodeIgniter.php(466): CodeIgniter\CodeIgniter->runController(Object(App\Controllers\Dynamic_dependent))
 4 SYSTEMPATH\CodeIgniter.php(349): CodeIgniter\CodeIgniter->handleRequest(null, Object(Config\Cache), false)
 5 FCPATH\index.php(55): CodeIgniter\CodeIgniter->run()
CRITICAL - 2023-05-20 15:13:44 --> Trying to access array offset on value of type null
in APPPATH\Controllers\Dynamic_dependent.php on line 120.
 1 APPPATH\Controllers\Dynamic_dependent.php(120): CodeIgniter\Debug\Exceptions->errorHandler(8, 'Trying to access array offset on value of type null', 'APPPATH\\Controllers\\Dynamic_dependent.php', 120, [...])
 2 SYSTEMPATH\CodeIgniter.php(896): App\Controllers\Dynamic_dependent->get()
 3 SYSTEMPATH\CodeIgniter.php(466): CodeIgniter\CodeIgniter->runController(Object(App\Controllers\Dynamic_dependent))
 4 SYSTEMPATH\CodeIgniter.php(349): CodeIgniter\CodeIgniter->handleRequest(null, Object(Config\Cache), false)
 5 FCPATH\index.php(55): CodeIgniter\CodeIgniter->run()
CRITICAL - 2023-05-20 15:13:46 --> Trying to access array offset on value of type null
in APPPATH\Controllers\Dynamic_dependent.php on line 120.
 1 APPPATH\Controllers\Dynamic_dependent.php(120): CodeIgniter\Debug\Exceptions->errorHandler(8, 'Trying to access array offset on value of type null', 'APPPATH\\Controllers\\Dynamic_dependent.php', 120, [...])
 2 SYSTEMPATH\CodeIgniter.php(896): App\Controllers\Dynamic_dependent->get()
 3 SYSTEMPATH\CodeIgniter.php(466): CodeIgniter\CodeIgniter->runController(Object(App\Controllers\Dynamic_dependent))
 4 SYSTEMPATH\CodeIgniter.php(349): CodeIgniter\CodeIgniter->handleRequest(null, Object(Config\Cache), false)
 5 FCPATH\index.php(55): CodeIgniter\CodeIgniter->run()
CRITICAL - 2023-05-20 15:14:15 --> Undefined index: nama_tahap
in APPPATH\Controllers\Dynamic_dependent.php on line 120.
 1 APPPATH\Controllers\Dynamic_dependent.php(120): CodeIgniter\Debug\Exceptions->errorHandler(8, 'Undefined index: nama_tahap', 'APPPATH\\Controllers\\Dynamic_dependent.php', 120, [...])
 2 SYSTEMPATH\CodeIgniter.php(896): App\Controllers\Dynamic_dependent->get()
 3 SYSTEMPATH\CodeIgniter.php(466): CodeIgniter\CodeIgniter->runController(Object(App\Controllers\Dynamic_dependent))
 4 SYSTEMPATH\CodeIgniter.php(349): CodeIgniter\CodeIgniter->handleRequest(null, Object(Config\Cache), false)
 5 FCPATH\index.php(55): CodeIgniter\CodeIgniter->run()
CRITICAL - 2023-05-20 15:14:19 --> Undefined index: nama_tahap
in APPPATH\Controllers\Dynamic_dependent.php on line 120.
 1 APPPATH\Controllers\Dynamic_dependent.php(120): CodeIgniter\Debug\Exceptions->errorHandler(8, 'Undefined index: nama_tahap', 'APPPATH\\Controllers\\Dynamic_dependent.php', 120, [...])
 2 SYSTEMPATH\CodeIgniter.php(896): App\Controllers\Dynamic_dependent->get()
 3 SYSTEMPATH\CodeIgniter.php(466): CodeIgniter\CodeIgniter->runController(Object(App\Controllers\Dynamic_dependent))
 4 SYSTEMPATH\CodeIgniter.php(349): CodeIgniter\CodeIgniter->handleRequest(null, Object(Config\Cache), false)
 5 FCPATH\index.php(55): CodeIgniter\CodeIgniter->run()
CRITICAL - 2023-05-20 15:14:20 --> Undefined index: nama_tahap
in APPPATH\Controllers\Dynamic_dependent.php on line 120.
 1 APPPATH\Controllers\Dynamic_dependent.php(120): CodeIgniter\Debug\Exceptions->errorHandler(8, 'Undefined index: nama_tahap', 'APPPATH\\Controllers\\Dynamic_dependent.php', 120, [...])
 2 SYSTEMPATH\CodeIgniter.php(896): App\Controllers\Dynamic_dependent->get()
 3 SYSTEMPATH\CodeIgniter.php(466): CodeIgniter\CodeIgniter->runController(Object(App\Controllers\Dynamic_dependent))
 4 SYSTEMPATH\CodeIgniter.php(349): CodeIgniter\CodeIgniter->handleRequest(null, Object(Config\Cache), false)
 5 FCPATH\index.php(55): CodeIgniter\CodeIgniter->run()
CRITICAL - 2023-05-20 15:14:45 --> Trying to get property 'nama_tahap' of non-object
in APPPATH\Controllers\Dynamic_dependent.php on line 120.
 1 APPPATH\Controllers\Dynamic_dependent.php(120): CodeIgniter\Debug\Exceptions->errorHandler(8, 'Trying to get property \'nama_tahap\' of non-object', 'APPPATH\\Controllers\\Dynamic_dependent.php', 120, [...])
 2 SYSTEMPATH\CodeIgniter.php(896): App\Controllers\Dynamic_dependent->get()
 3 SYSTEMPATH\CodeIgniter.php(466): CodeIgniter\CodeIgniter->runController(Object(App\Controllers\Dynamic_dependent))
 4 SYSTEMPATH\CodeIgniter.php(349): CodeIgniter\CodeIgniter->handleRequest(null, Object(Config\Cache), false)
 5 FCPATH\index.php(55): CodeIgniter\CodeIgniter->run()
CRITICAL - 2023-05-20 15:14:47 --> Trying to get property 'nama_tahap' of non-object
in APPPATH\Controllers\Dynamic_dependent.php on line 120.
 1 APPPATH\Controllers\Dynamic_dependent.php(120): CodeIgniter\Debug\Exceptions->errorHandler(8, 'Trying to get property \'nama_tahap\' of non-object', 'APPPATH\\Controllers\\Dynamic_dependent.php', 120, [...])
 2 SYSTEMPATH\CodeIgniter.php(896): App\Controllers\Dynamic_dependent->get()
 3 SYSTEMPATH\CodeIgniter.php(466): CodeIgniter\CodeIgniter->runController(Object(App\Controllers\Dynamic_dependent))
 4 SYSTEMPATH\CodeIgniter.php(349): CodeIgniter\CodeIgniter->handleRequest(null, Object(Config\Cache), false)
 5 FCPATH\index.php(55): CodeIgniter\CodeIgniter->run()
CRITICAL - 2023-05-20 15:14:49 --> Trying to get property 'nama_tahap' of non-object
in APPPATH\Controllers\Dynamic_dependent.php on line 120.
 1 APPPATH\Controllers\Dynamic_dependent.php(120): CodeIgniter\Debug\Exceptions->errorHandler(8, 'Trying to get property \'nama_tahap\' of non-object', 'APPPATH\\Controllers\\Dynamic_dependent.php', 120, [...])
 2 SYSTEMPATH\CodeIgniter.php(896): App\Controllers\Dynamic_dependent->get()
 3 SYSTEMPATH\CodeIgniter.php(466): CodeIgniter\CodeIgniter->runController(Object(App\Controllers\Dynamic_dependent))
 4 SYSTEMPATH\CodeIgniter.php(349): CodeIgniter\CodeIgniter->handleRequest(null, Object(Config\Cache), false)
 5 FCPATH\index.php(55): CodeIgniter\CodeIgniter->run()
CRITICAL - 2023-05-20 15:15:48 --> Cannot use object of type stdClass as array
in APPPATH\Views\Admin\dashboard.php on line 118.
 1 SYSTEMPATH\View\View.php(213): include()
 2 SYSTEMPATH\View\View.php(216): CodeIgniter\View\View->CodeIgniter\View\{closure}()
 3 SYSTEMPATH\Common.php(1135): CodeIgniter\View\View->render('Admin/dashboard', [], true)
 4 APPPATH\Controllers\Admin.php(46): view('Admin/dashboard', [...])
 5 SYSTEMPATH\CodeIgniter.php(896): App\Controllers\Admin->dashboard()
 6 SYSTEMPATH\CodeIgniter.php(466): CodeIgniter\CodeIgniter->runController(Object(App\Controllers\Admin))
 7 SYSTEMPATH\CodeIgniter.php(349): CodeIgniter\CodeIgniter->handleRequest(null, Object(Config\Cache), false)
 8 FCPATH\index.php(55): CodeIgniter\CodeIgniter->run()
CRITICAL - 2023-05-20 15:17:01 --> Trying to get property 'nama_tahap' of non-object
in APPPATH\Controllers\Dynamic_dependent.php on line 120.
 1 APPPATH\Controllers\Dynamic_dependent.php(120): CodeIgniter\Debug\Exceptions->errorHandler(8, 'Trying to get property \'nama_tahap\' of non-object', 'APPPATH\\Controllers\\Dynamic_dependent.php', 120, [...])
 2 SYSTEMPATH\CodeIgniter.php(896): App\Controllers\Dynamic_dependent->get()
 3 SYSTEMPATH\CodeIgniter.php(466): CodeIgniter\CodeIgniter->runController(Object(App\Controllers\Dynamic_dependent))
 4 SYSTEMPATH\CodeIgniter.php(349): CodeIgniter\CodeIgniter->handleRequest(null, Object(Config\Cache), false)
 5 FCPATH\index.php(55): CodeIgniter\CodeIgniter->run()
CRITICAL - 2023-05-20 15:17:07 --> Trying to get property 'nama_tahap' of non-object
in APPPATH\Controllers\Dynamic_dependent.php on line 120.
 1 APPPATH\Controllers\Dynamic_dependent.php(120): CodeIgniter\Debug\Exceptions->errorHandler(8, 'Trying to get property \'nama_tahap\' of non-object', 'APPPATH\\Controllers\\Dynamic_dependent.php', 120, [...])
 2 SYSTEMPATH\CodeIgniter.php(896): App\Controllers\Dynamic_dependent->get()
 3 SYSTEMPATH\CodeIgniter.php(466): CodeIgniter\CodeIgniter->runController(Object(App\Controllers\Dynamic_dependent))
 4 SYSTEMPATH\CodeIgniter.php(349): CodeIgniter\CodeIgniter->handleRequest(null, Object(Config\Cache), false)
 5 FCPATH\index.php(55): CodeIgniter\CodeIgniter->run()
CRITICAL - 2023-05-20 15:17:08 --> Trying to get property 'nama_tahap' of non-object
in APPPATH\Controllers\Dynamic_dependent.php on line 120.
 1 APPPATH\Controllers\Dynamic_dependent.php(120): CodeIgniter\Debug\Exceptions->errorHandler(8, 'Trying to get property \'nama_tahap\' of non-object', 'APPPATH\\Controllers\\Dynamic_dependent.php', 120, [...])
 2 SYSTEMPATH\CodeIgniter.php(896): App\Controllers\Dynamic_dependent->get()
 3 SYSTEMPATH\CodeIgniter.php(466): CodeIgniter\CodeIgniter->runController(Object(App\Controllers\Dynamic_dependent))
 4 SYSTEMPATH\CodeIgniter.php(349): CodeIgniter\CodeIgniter->handleRequest(null, Object(Config\Cache), false)
 5 FCPATH\index.php(55): CodeIgniter\CodeIgniter->run()
CRITICAL - 2023-05-20 15:17:27 --> count(): Parameter must be an array or an object that implements Countable
in APPPATH\Controllers\Dynamic_dependent.php on line 120.
 1 [internal function]: CodeIgniter\Debug\Exceptions->errorHandler(2, 'count(): Parameter must be an array or an object that implements Countable', 'APPPATH\\Controllers\\Dynamic_dependent.php', 120, [...])
 2 APPPATH\Controllers\Dynamic_dependent.php(120): count(Object(stdClass))
 3 SYSTEMPATH\CodeIgniter.php(896): App\Controllers\Dynamic_dependent->get()
 4 SYSTEMPATH\CodeIgniter.php(466): CodeIgniter\CodeIgniter->runController(Object(App\Controllers\Dynamic_dependent))
 5 SYSTEMPATH\CodeIgniter.php(349): CodeIgniter\CodeIgniter->handleRequest(null, Object(Config\Cache), false)
 6 FCPATH\index.php(55): CodeIgniter\CodeIgniter->run()
CRITICAL - 2023-05-20 15:17:30 --> Trying to get property 'nama_tahap' of non-object
in APPPATH\Controllers\Dynamic_dependent.php on line 120.
 1 APPPATH\Controllers\Dynamic_dependent.php(120): CodeIgniter\Debug\Exceptions->errorHandler(8, 'Trying to get property \'nama_tahap\' of non-object', 'APPPATH\\Controllers\\Dynamic_dependent.php', 120, [...])
 2 SYSTEMPATH\CodeIgniter.php(896): App\Controllers\Dynamic_dependent->get()
 3 SYSTEMPATH\CodeIgniter.php(466): CodeIgniter\CodeIgniter->runController(Object(App\Controllers\Dynamic_dependent))
 4 SYSTEMPATH\CodeIgniter.php(349): CodeIgniter\CodeIgniter->handleRequest(null, Object(Config\Cache), false)
 5 FCPATH\index.php(55): CodeIgniter\CodeIgniter->run()
CRITICAL - 2023-05-20 15:17:31 --> count(): Parameter must be an array or an object that implements Countable
in APPPATH\Controllers\Dynamic_dependent.php on line 120.
 1 [internal function]: CodeIgniter\Debug\Exceptions->errorHandler(2, 'count(): Parameter must be an array or an object that implements Countable', 'APPPATH\\Controllers\\Dynamic_dependent.php', 120, [...])
 2 APPPATH\Controllers\Dynamic_dependent.php(120): count(Object(stdClass))
 3 SYSTEMPATH\CodeIgniter.php(896): App\Controllers\Dynamic_dependent->get()
 4 SYSTEMPATH\CodeIgniter.php(466): CodeIgniter\CodeIgniter->runController(Object(App\Controllers\Dynamic_dependent))
 5 SYSTEMPATH\CodeIgniter.php(349): CodeIgniter\CodeIgniter->handleRequest(null, Object(Config\Cache), false)
 6 FCPATH\index.php(55): CodeIgniter\CodeIgniter->run()
CRITICAL - 2023-05-20 15:17:32 --> Trying to get property 'nama_tahap' of non-object
in APPPATH\Controllers\Dynamic_dependent.php on line 120.
 1 APPPATH\Controllers\Dynamic_dependent.php(120): CodeIgniter\Debug\Exceptions->errorHandler(8, 'Trying to get property \'nama_tahap\' of non-object', 'APPPATH\\Controllers\\Dynamic_dependent.php', 120, [...])
 2 SYSTEMPATH\CodeIgniter.php(896): App\Controllers\Dynamic_dependent->get()
 3 SYSTEMPATH\CodeIgniter.php(466): CodeIgniter\CodeIgniter->runController(Object(App\Controllers\Dynamic_dependent))
 4 SYSTEMPATH\CodeIgniter.php(349): CodeIgniter\CodeIgniter->handleRequest(null, Object(Config\Cache), false)
 5 FCPATH\index.php(55): CodeIgniter\CodeIgniter->run()
CRITICAL - 2023-05-20 15:17:34 --> count(): Parameter must be an array or an object that implements Countable
in APPPATH\Controllers\Dynamic_dependent.php on line 120.
 1 [internal function]: CodeIgniter\Debug\Exceptions->errorHandler(2, 'count(): Parameter must be an array or an object that implements Countable', 'APPPATH\\Controllers\\Dynamic_dependent.php', 120, [...])
 2 APPPATH\Controllers\Dynamic_dependent.php(120): count(Object(stdClass))
 3 SYSTEMPATH\CodeIgniter.php(896): App\Controllers\Dynamic_dependent->get()
 4 SYSTEMPATH\CodeIgniter.php(466): CodeIgniter\CodeIgniter->runController(Object(App\Controllers\Dynamic_dependent))
 5 SYSTEMPATH\CodeIgniter.php(349): CodeIgniter\CodeIgniter->handleRequest(null, Object(Config\Cache), false)
 6 FCPATH\index.php(55): CodeIgniter\CodeIgniter->run()
